/home/basile/Documents/3a/guerledan/Guerledan-projet-gonio/ros2_ws/install/gonio_python_simu_ros/lib/python3.10/site-packages/gonio_python_simu_ros/__init__.py
/home/basile/Documents/3a/guerledan/Guerledan-projet-gonio/ros2_ws/install/gonio_python_simu_ros/lib/python3.10/site-packages/gonio_python_simu_ros/simu.py
/home/basile/Documents/3a/guerledan/Guerledan-projet-gonio/ros2_ws/install/gonio_python_simu_ros/lib/python3.10/site-packages/gonio_python_simu_ros/boat.py
/home/basile/Documents/3a/guerledan/Guerledan-projet-gonio/ros2_ws/install/gonio_python_simu_ros/lib/python3.10/site-packages/gonio_python_simu_ros/buoy.py
/home/basile/Documents/3a/guerledan/Guerledan-projet-gonio/ros2_ws/install/gonio_python_simu_ros/lib/python3.10/site-packages/gonio_python_simu_ros/calcul_tools.py
/home/basile/Documents/3a/guerledan/Guerledan-projet-gonio/ros2_ws/install/gonio_python_simu_ros/lib/python3.10/site-packages/gonio_python_simu_ros/draw.py
/home/basile/Documents/3a/guerledan/Guerledan-projet-gonio/ros2_ws/install/gonio_python_simu_ros/lib/python3.10/site-packages/gonio_python_simu_ros/potential_fields.py
/home/basile/Documents/3a/guerledan/Guerledan-projet-gonio/ros2_ws/install/gonio_python_simu_ros/lib/python3.10/site-packages/gonio_python_simu_ros/sea_object.py
/home/basile/Documents/3a/guerledan/Guerledan-projet-gonio/ros2_ws/install/gonio_python_simu_ros/lib/python3.10/site-packages/gonio_python_simu_ros/gonio_python_simu_ros_node.py
/home/basile/Documents/3a/guerledan/Guerledan-projet-gonio/ros2_ws/install/gonio_python_simu_ros/lib/python3.10/site-packages/gonio_python_simu_ros/gonio_python_visualizer_ros_node.py
/home/basile/Documents/3a/guerledan/Guerledan-projet-gonio/ros2_ws/install/gonio_python_simu_ros/lib/python3.10/site-packages/gonio_python_simu_ros/__pycache__/__init__.cpython-310.pyc
/home/basile/Documents/3a/guerledan/Guerledan-projet-gonio/ros2_ws/install/gonio_python_simu_ros/lib/python3.10/site-packages/gonio_python_simu_ros/__pycache__/simu.cpython-310.pyc
/home/basile/Documents/3a/guerledan/Guerledan-projet-gonio/ros2_ws/install/gonio_python_simu_ros/lib/python3.10/site-packages/gonio_python_simu_ros/__pycache__/boat.cpython-310.pyc
/home/basile/Documents/3a/guerledan/Guerledan-projet-gonio/ros2_ws/install/gonio_python_simu_ros/lib/python3.10/site-packages/gonio_python_simu_ros/__pycache__/buoy.cpython-310.pyc
/home/basile/Documents/3a/guerledan/Guerledan-projet-gonio/ros2_ws/install/gonio_python_simu_ros/lib/python3.10/site-packages/gonio_python_simu_ros/__pycache__/calcul_tools.cpython-310.pyc
/home/basile/Documents/3a/guerledan/Guerledan-projet-gonio/ros2_ws/install/gonio_python_simu_ros/lib/python3.10/site-packages/gonio_python_simu_ros/__pycache__/draw.cpython-310.pyc
/home/basile/Documents/3a/guerledan/Guerledan-projet-gonio/ros2_ws/install/gonio_python_simu_ros/lib/python3.10/site-packages/gonio_python_simu_ros/__pycache__/potential_fields.cpython-310.pyc
/home/basile/Documents/3a/guerledan/Guerledan-projet-gonio/ros2_ws/install/gonio_python_simu_ros/lib/python3.10/site-packages/gonio_python_simu_ros/__pycache__/sea_object.cpython-310.pyc
/home/basile/Documents/3a/guerledan/Guerledan-projet-gonio/ros2_ws/install/gonio_python_simu_ros/lib/python3.10/site-packages/gonio_python_simu_ros/__pycache__/gonio_python_simu_ros_node.cpython-310.pyc
/home/basile/Documents/3a/guerledan/Guerledan-projet-gonio/ros2_ws/install/gonio_python_simu_ros/lib/python3.10/site-packages/gonio_python_simu_ros/__pycache__/gonio_python_visualizer_ros_node.cpython-310.pyc
/home/basile/Documents/3a/guerledan/Guerledan-projet-gonio/ros2_ws/install/gonio_python_simu_ros/share/ament_index/resource_index/packages/gonio_python_simu_ros
/home/basile/Documents/3a/guerledan/Guerledan-projet-gonio/ros2_ws/install/gonio_python_simu_ros/share/gonio_python_simu_ros/package.xml
/home/basile/Documents/3a/guerledan/Guerledan-projet-gonio/ros2_ws/install/gonio_python_simu_ros/lib/python3.10/site-packages/gonio_python_simu_ros-0.0.0-py3.10.egg-info/top_level.txt
/home/basile/Documents/3a/guerledan/Guerledan-projet-gonio/ros2_ws/install/gonio_python_simu_ros/lib/python3.10/site-packages/gonio_python_simu_ros-0.0.0-py3.10.egg-info/dependency_links.txt
/home/basile/Documents/3a/guerledan/Guerledan-projet-gonio/ros2_ws/install/gonio_python_simu_ros/lib/python3.10/site-packages/gonio_python_simu_ros-0.0.0-py3.10.egg-info/PKG-INFO
/home/basile/Documents/3a/guerledan/Guerledan-projet-gonio/ros2_ws/install/gonio_python_simu_ros/lib/python3.10/site-packages/gonio_python_simu_ros-0.0.0-py3.10.egg-info/zip-safe
/home/basile/Documents/3a/guerledan/Guerledan-projet-gonio/ros2_ws/install/gonio_python_simu_ros/lib/python3.10/site-packages/gonio_python_simu_ros-0.0.0-py3.10.egg-info/requires.txt
/home/basile/Documents/3a/guerledan/Guerledan-projet-gonio/ros2_ws/install/gonio_python_simu_ros/lib/python3.10/site-packages/gonio_python_simu_ros-0.0.0-py3.10.egg-info/entry_points.txt
/home/basile/Documents/3a/guerledan/Guerledan-projet-gonio/ros2_ws/install/gonio_python_simu_ros/lib/python3.10/site-packages/gonio_python_simu_ros-0.0.0-py3.10.egg-info/SOURCES.txt
/home/basile/Documents/3a/guerledan/Guerledan-projet-gonio/ros2_ws/install/gonio_python_simu_ros/lib/gonio_python_simu_ros/gonio_python_simu_ros_node
/home/basile/Documents/3a/guerledan/Guerledan-projet-gonio/ros2_ws/install/gonio_python_simu_ros/lib/gonio_python_simu_ros/gonio_python_visualizer_ros_node
