[1.522s] Invoking command in '/home/basile/Documents/3a/guerledan/Guerledan-projet-gonio/ros2_ws/src/get_intervals': PYTHONPATH=/home/basile/Documents/3a/guerledan/Guerledan-projet-gonio/ros2_ws/build/get_intervals/prefix_override:/usr/lib/python3/dist-packages/colcon_core/task/python/colcon_distutils_commands:/home/basile/Documents/3a/guerledan/Guerledan-projet-gonio/ros2_ws/install/get_intervals/lib/python3.10/site-packages:${PYTHONPATH} /usr/bin/python3 -W ignore:setup.py install is deprecated setup.py egg_info --egg-base ../../build/get_intervals build --build-base /home/basile/Documents/3a/guerledan/Guerledan-projet-gonio/ros2_ws/build/get_intervals/build install --record /home/basile/Documents/3a/guerledan/Guerledan-projet-gonio/ros2_ws/build/get_intervals/install.log --single-version-externally-managed install_data
[2.222s] running egg_info
[2.223s] writing ../../build/get_intervals/get_intervals.egg-info/PKG-INFO
[2.223s] writing dependency_links to ../../build/get_intervals/get_intervals.egg-info/dependency_links.txt
[2.223s] writing entry points to ../../build/get_intervals/get_intervals.egg-info/entry_points.txt
[2.223s] writing requirements to ../../build/get_intervals/get_intervals.egg-info/requires.txt
[2.223s] writing top-level names to ../../build/get_intervals/get_intervals.egg-info/top_level.txt
[2.225s] reading manifest file '../../build/get_intervals/get_intervals.egg-info/SOURCES.txt'
[2.226s] writing manifest file '../../build/get_intervals/get_intervals.egg-info/SOURCES.txt'
[2.226s] running build
[2.226s] running build_py
[2.227s] running install
[2.227s] running install_lib
[2.228s] running install_data
[2.228s] running install_egg_info
[2.230s] removing '/home/basile/Documents/3a/guerledan/Guerledan-projet-gonio/ros2_ws/install/get_intervals/lib/python3.10/site-packages/get_intervals-0.0.0-py3.10.egg-info' (and everything under it)
[2.231s] Copying ../../build/get_intervals/get_intervals.egg-info to /home/basile/Documents/3a/guerledan/Guerledan-projet-gonio/ros2_ws/install/get_intervals/lib/python3.10/site-packages/get_intervals-0.0.0-py3.10.egg-info
[2.232s] running install_scripts
[2.251s] Installing converter_node script to /home/basile/Documents/3a/guerledan/Guerledan-projet-gonio/ros2_ws/install/get_intervals/lib/get_intervals
[2.251s] writing list of installed files to '/home/basile/Documents/3a/guerledan/Guerledan-projet-gonio/ros2_ws/build/get_intervals/install.log'
[2.273s] Invoked command in '/home/basile/Documents/3a/guerledan/Guerledan-projet-gonio/ros2_ws/src/get_intervals' returned '0': PYTHONPATH=/home/basile/Documents/3a/guerledan/Guerledan-projet-gonio/ros2_ws/build/get_intervals/prefix_override:/usr/lib/python3/dist-packages/colcon_core/task/python/colcon_distutils_commands:/home/basile/Documents/3a/guerledan/Guerledan-projet-gonio/ros2_ws/install/get_intervals/lib/python3.10/site-packages:${PYTHONPATH} /usr/bin/python3 -W ignore:setup.py install is deprecated setup.py egg_info --egg-base ../../build/get_intervals build --build-base /home/basile/Documents/3a/guerledan/Guerledan-projet-gonio/ros2_ws/build/get_intervals/build install --record /home/basile/Documents/3a/guerledan/Guerledan-projet-gonio/ros2_ws/build/get_intervals/install.log --single-version-externally-managed install_data
