[1.620s] Invoking command in '/home/basile/Documents/3a/guerledan/Guerledan-projet-gonio/ros2_ws/src/interval_contractor': PYTHONPATH=/home/basile/Documents/3a/guerledan/Guerledan-projet-gonio/ros2_ws/build/interval_contractor/prefix_override:/usr/lib/python3/dist-packages/colcon_core/task/python/colcon_distutils_commands:/home/basile/Documents/3a/guerledan/Guerledan-projet-gonio/ros2_ws/install/interval_contractor/lib/python3.10/site-packages:${PYTHONPATH} /usr/bin/python3 -W ignore:setup.py install is deprecated setup.py egg_info --egg-base ../../build/interval_contractor build --build-base /home/basile/Documents/3a/guerledan/Guerledan-projet-gonio/ros2_ws/build/interval_contractor/build install --record /home/basile/Documents/3a/guerledan/Guerledan-projet-gonio/ros2_ws/build/interval_contractor/install.log --single-version-externally-managed install_data
[1.941s] running egg_info
[1.941s] writing ../../build/interval_contractor/interval_contractor.egg-info/PKG-INFO
[1.941s] writing dependency_links to ../../build/interval_contractor/interval_contractor.egg-info/dependency_links.txt
[1.941s] writing entry points to ../../build/interval_contractor/interval_contractor.egg-info/entry_points.txt
[1.941s] writing requirements to ../../build/interval_contractor/interval_contractor.egg-info/requires.txt
[1.942s] writing top-level names to ../../build/interval_contractor/interval_contractor.egg-info/top_level.txt
[1.943s] reading manifest file '../../build/interval_contractor/interval_contractor.egg-info/SOURCES.txt'
[1.943s] writing manifest file '../../build/interval_contractor/interval_contractor.egg-info/SOURCES.txt'
[1.944s] running build
[1.944s] running build_py
[1.944s] copying interval_contractor/interval_contractor.py -> /home/basile/Documents/3a/guerledan/Guerledan-projet-gonio/ros2_ws/build/interval_contractor/build/lib/interval_contractor
[1.944s] running install
[1.944s] running install_lib
[1.945s] copying /home/basile/Documents/3a/guerledan/Guerledan-projet-gonio/ros2_ws/build/interval_contractor/build/lib/interval_contractor/interval_contractor.py -> /home/basile/Documents/3a/guerledan/Guerledan-projet-gonio/ros2_ws/install/interval_contractor/lib/python3.10/site-packages/interval_contractor
[1.945s] byte-compiling /home/basile/Documents/3a/guerledan/Guerledan-projet-gonio/ros2_ws/install/interval_contractor/lib/python3.10/site-packages/interval_contractor/interval_contractor.py to interval_contractor.cpython-310.pyc
[1.946s] running install_data
[1.946s] running install_egg_info
[1.948s] removing '/home/basile/Documents/3a/guerledan/Guerledan-projet-gonio/ros2_ws/install/interval_contractor/lib/python3.10/site-packages/interval_contractor-0.0.0-py3.10.egg-info' (and everything under it)
[1.948s] Copying ../../build/interval_contractor/interval_contractor.egg-info to /home/basile/Documents/3a/guerledan/Guerledan-projet-gonio/ros2_ws/install/interval_contractor/lib/python3.10/site-packages/interval_contractor-0.0.0-py3.10.egg-info
[1.949s] running install_scripts
[1.964s] Installing interval_contractor_node script to /home/basile/Documents/3a/guerledan/Guerledan-projet-gonio/ros2_ws/install/interval_contractor/lib/interval_contractor
[1.965s] writing list of installed files to '/home/basile/Documents/3a/guerledan/Guerledan-projet-gonio/ros2_ws/build/interval_contractor/install.log'
[1.994s] Invoked command in '/home/basile/Documents/3a/guerledan/Guerledan-projet-gonio/ros2_ws/src/interval_contractor' returned '0': PYTHONPATH=/home/basile/Documents/3a/guerledan/Guerledan-projet-gonio/ros2_ws/build/interval_contractor/prefix_override:/usr/lib/python3/dist-packages/colcon_core/task/python/colcon_distutils_commands:/home/basile/Documents/3a/guerledan/Guerledan-projet-gonio/ros2_ws/install/interval_contractor/lib/python3.10/site-packages:${PYTHONPATH} /usr/bin/python3 -W ignore:setup.py install is deprecated setup.py egg_info --egg-base ../../build/interval_contractor build --build-base /home/basile/Documents/3a/guerledan/Guerledan-projet-gonio/ros2_ws/build/interval_contractor/build install --record /home/basile/Documents/3a/guerledan/Guerledan-projet-gonio/ros2_ws/build/interval_contractor/install.log --single-version-externally-managed install_data
