[1.102s] Invoking command in '/home/basile/Documents/3a/guerledan/Guerledan-projet-gonio/ros2_ws/src/interval_contractor': PYTHONPATH=/home/basile/Documents/3a/guerledan/Guerledan-projet-gonio/ros2_ws/build/interval_contractor/prefix_override:/usr/lib/python3/dist-packages/colcon_core/task/python/colcon_distutils_commands:/home/basile/Documents/3a/guerledan/Guerledan-projet-gonio/ros2_ws/install/interval_contractor/lib/python3.10/site-packages:${PYTHONPATH} /usr/bin/python3 -W ignore:setup.py install is deprecated setup.py egg_info --egg-base ../../build/interval_contractor build --build-base /home/basile/Documents/3a/guerledan/Guerledan-projet-gonio/ros2_ws/build/interval_contractor/build install --record /home/basile/Documents/3a/guerledan/Guerledan-projet-gonio/ros2_ws/build/interval_contractor/install.log --single-version-externally-managed install_data
[1.372s] running egg_info
[1.373s] writing ../../build/interval_contractor/interval_contractor.egg-info/PKG-INFO
[1.373s] writing dependency_links to ../../build/interval_contractor/interval_contractor.egg-info/dependency_links.txt
[1.373s] writing entry points to ../../build/interval_contractor/interval_contractor.egg-info/entry_points.txt
[1.374s] writing requirements to ../../build/interval_contractor/interval_contractor.egg-info/requires.txt
[1.374s] writing top-level names to ../../build/interval_contractor/interval_contractor.egg-info/top_level.txt
[1.375s] reading manifest file '../../build/interval_contractor/interval_contractor.egg-info/SOURCES.txt'
[1.376s] writing manifest file '../../build/interval_contractor/interval_contractor.egg-info/SOURCES.txt'
[1.376s] running build
[1.376s] running build_py
[1.376s] running install
[1.377s] running install_lib
[1.378s] running install_data
[1.378s] running install_egg_info
[1.379s] removing '/home/basile/Documents/3a/guerledan/Guerledan-projet-gonio/ros2_ws/install/interval_contractor/lib/python3.10/site-packages/interval_contractor-0.0.0-py3.10.egg-info' (and everything under it)
[1.380s] Copying ../../build/interval_contractor/interval_contractor.egg-info to /home/basile/Documents/3a/guerledan/Guerledan-projet-gonio/ros2_ws/install/interval_contractor/lib/python3.10/site-packages/interval_contractor-0.0.0-py3.10.egg-info
[1.380s] running install_scripts
[1.397s] Installing interval_contractor_node script to /home/basile/Documents/3a/guerledan/Guerledan-projet-gonio/ros2_ws/install/interval_contractor/lib/interval_contractor
[1.397s] writing list of installed files to '/home/basile/Documents/3a/guerledan/Guerledan-projet-gonio/ros2_ws/build/interval_contractor/install.log'
[1.440s] Invoked command in '/home/basile/Documents/3a/guerledan/Guerledan-projet-gonio/ros2_ws/src/interval_contractor' returned '0': PYTHONPATH=/home/basile/Documents/3a/guerledan/Guerledan-projet-gonio/ros2_ws/build/interval_contractor/prefix_override:/usr/lib/python3/dist-packages/colcon_core/task/python/colcon_distutils_commands:/home/basile/Documents/3a/guerledan/Guerledan-projet-gonio/ros2_ws/install/interval_contractor/lib/python3.10/site-packages:${PYTHONPATH} /usr/bin/python3 -W ignore:setup.py install is deprecated setup.py egg_info --egg-base ../../build/interval_contractor build --build-base /home/basile/Documents/3a/guerledan/Guerledan-projet-gonio/ros2_ws/build/interval_contractor/build install --record /home/basile/Documents/3a/guerledan/Guerledan-projet-gonio/ros2_ws/build/interval_contractor/install.log --single-version-externally-managed install_data
