[1.539s] Invoking command in '/home/basile/Documents/3a/guerledan/Guerledan-projet-gonio/ros2_ws/src/interval_contractor': PYTHONPATH=/home/basile/Documents/3a/guerledan/Guerledan-projet-gonio/ros2_ws/build/interval_contractor/prefix_override:/usr/lib/python3/dist-packages/colcon_core/task/python/colcon_distutils_commands:/home/basile/Documents/3a/guerledan/Guerledan-projet-gonio/ros2_ws/install/interval_contractor/lib/python3.10/site-packages:${PYTHONPATH} /usr/bin/python3 -W ignore:setup.py install is deprecated setup.py egg_info --egg-base ../../build/interval_contractor build --build-base /home/basile/Documents/3a/guerledan/Guerledan-projet-gonio/ros2_ws/build/interval_contractor/build install --record /home/basile/Documents/3a/guerledan/Guerledan-projet-gonio/ros2_ws/build/interval_contractor/install.log --single-version-externally-managed install_data
[2.087s] running egg_info
[2.087s] writing ../../build/interval_contractor/interval_contractor.egg-info/PKG-INFO
[2.087s] writing dependency_links to ../../build/interval_contractor/interval_contractor.egg-info/dependency_links.txt
[2.088s] writing entry points to ../../build/interval_contractor/interval_contractor.egg-info/entry_points.txt
[2.093s] writing requirements to ../../build/interval_contractor/interval_contractor.egg-info/requires.txt
[2.094s] writing top-level names to ../../build/interval_contractor/interval_contractor.egg-info/top_level.txt
[2.102s] reading manifest file '../../build/interval_contractor/interval_contractor.egg-info/SOURCES.txt'
[2.103s] writing manifest file '../../build/interval_contractor/interval_contractor.egg-info/SOURCES.txt'
[2.103s] running build
[2.103s] running build_py
[2.103s] copying interval_contractor/__init__.py -> /home/basile/Documents/3a/guerledan/Guerledan-projet-gonio/ros2_ws/build/interval_contractor/build/lib/interval_contractor
[2.103s] running install
[2.103s] running install_lib
[2.104s] copying /home/basile/Documents/3a/guerledan/Guerledan-projet-gonio/ros2_ws/build/interval_contractor/build/lib/interval_contractor/__init__.py -> /home/basile/Documents/3a/guerledan/Guerledan-projet-gonio/ros2_ws/install/interval_contractor/lib/python3.10/site-packages/interval_contractor
[2.105s] byte-compiling /home/basile/Documents/3a/guerledan/Guerledan-projet-gonio/ros2_ws/install/interval_contractor/lib/python3.10/site-packages/interval_contractor/__init__.py to __init__.cpython-310.pyc
[2.105s] running install_data
[2.105s] copying resource/interval_contractor -> /home/basile/Documents/3a/guerledan/Guerledan-projet-gonio/ros2_ws/install/interval_contractor/share/ament_index/resource_index/packages
[2.105s] copying package.xml -> /home/basile/Documents/3a/guerledan/Guerledan-projet-gonio/ros2_ws/install/interval_contractor/share/interval_contractor
[2.105s] running install_egg_info
[2.107s] removing '/home/basile/Documents/3a/guerledan/Guerledan-projet-gonio/ros2_ws/install/interval_contractor/lib/python3.10/site-packages/interval_contractor-0.0.0-py3.10.egg-info' (and everything under it)
[2.107s] Copying ../../build/interval_contractor/interval_contractor.egg-info to /home/basile/Documents/3a/guerledan/Guerledan-projet-gonio/ros2_ws/install/interval_contractor/lib/python3.10/site-packages/interval_contractor-0.0.0-py3.10.egg-info
[2.107s] running install_scripts
[2.137s] Installing interval_contractor_node script to /home/basile/Documents/3a/guerledan/Guerledan-projet-gonio/ros2_ws/install/interval_contractor/lib/interval_contractor
[2.141s] writing list of installed files to '/home/basile/Documents/3a/guerledan/Guerledan-projet-gonio/ros2_ws/build/interval_contractor/install.log'
[2.185s] Invoked command in '/home/basile/Documents/3a/guerledan/Guerledan-projet-gonio/ros2_ws/src/interval_contractor' returned '0': PYTHONPATH=/home/basile/Documents/3a/guerledan/Guerledan-projet-gonio/ros2_ws/build/interval_contractor/prefix_override:/usr/lib/python3/dist-packages/colcon_core/task/python/colcon_distutils_commands:/home/basile/Documents/3a/guerledan/Guerledan-projet-gonio/ros2_ws/install/interval_contractor/lib/python3.10/site-packages:${PYTHONPATH} /usr/bin/python3 -W ignore:setup.py install is deprecated setup.py egg_info --egg-base ../../build/interval_contractor build --build-base /home/basile/Documents/3a/guerledan/Guerledan-projet-gonio/ros2_ws/build/interval_contractor/build install --record /home/basile/Documents/3a/guerledan/Guerledan-projet-gonio/ros2_ws/build/interval_contractor/install.log --single-version-externally-managed install_data
