[3.148s] Invoking command in '/home/basile/Documents/3a/guerledan/Guerledan-projet-gonio/ros2_ws/src/get_intervals': PYTHONPATH=/home/basile/Documents/3a/guerledan/Guerledan-projet-gonio/ros2_ws/build/get_intervals/prefix_override:/usr/lib/python3/dist-packages/colcon_core/task/python/colcon_distutils_commands:/home/basile/Documents/3a/guerledan/Guerledan-projet-gonio/ros2_ws/install/get_intervals/lib/python3.10/site-packages:${PYTHONPATH} /usr/bin/python3 -W ignore:setup.py install is deprecated setup.py egg_info --egg-base ../../build/get_intervals build --build-base /home/basile/Documents/3a/guerledan/Guerledan-projet-gonio/ros2_ws/build/get_intervals/build install --record /home/basile/Documents/3a/guerledan/Guerledan-projet-gonio/ros2_ws/build/get_intervals/install.log --single-version-externally-managed install_data
[3.718s] running egg_info
[3.720s] writing ../../build/get_intervals/get_intervals.egg-info/PKG-INFO
[3.720s] writing dependency_links to ../../build/get_intervals/get_intervals.egg-info/dependency_links.txt
[3.721s] writing entry points to ../../build/get_intervals/get_intervals.egg-info/entry_points.txt
[3.721s] writing requirements to ../../build/get_intervals/get_intervals.egg-info/requires.txt
[3.721s] writing top-level names to ../../build/get_intervals/get_intervals.egg-info/top_level.txt
[3.726s] reading manifest file '../../build/get_intervals/get_intervals.egg-info/SOURCES.txt'
[3.728s] writing manifest file '../../build/get_intervals/get_intervals.egg-info/SOURCES.txt'
[3.728s] running build
[3.728s] running build_py
[3.729s] running install
[3.730s] running install_lib
[3.733s] running install_data
[3.733s] running install_egg_info
[3.738s] removing '/home/basile/Documents/3a/guerledan/Guerledan-projet-gonio/ros2_ws/install/get_intervals/lib/python3.10/site-packages/get_intervals-0.0.0-py3.10.egg-info' (and everything under it)
[3.738s] Copying ../../build/get_intervals/get_intervals.egg-info to /home/basile/Documents/3a/guerledan/Guerledan-projet-gonio/ros2_ws/install/get_intervals/lib/python3.10/site-packages/get_intervals-0.0.0-py3.10.egg-info
[3.740s] running install_scripts
[3.788s] Installing converter_node script to /home/basile/Documents/3a/guerledan/Guerledan-projet-gonio/ros2_ws/install/get_intervals/lib/get_intervals
[3.789s] writing list of installed files to '/home/basile/Documents/3a/guerledan/Guerledan-projet-gonio/ros2_ws/build/get_intervals/install.log'
[3.880s] Invoked command in '/home/basile/Documents/3a/guerledan/Guerledan-projet-gonio/ros2_ws/src/get_intervals' returned '0': PYTHONPATH=/home/basile/Documents/3a/guerledan/Guerledan-projet-gonio/ros2_ws/build/get_intervals/prefix_override:/usr/lib/python3/dist-packages/colcon_core/task/python/colcon_distutils_commands:/home/basile/Documents/3a/guerledan/Guerledan-projet-gonio/ros2_ws/install/get_intervals/lib/python3.10/site-packages:${PYTHONPATH} /usr/bin/python3 -W ignore:setup.py install is deprecated setup.py egg_info --egg-base ../../build/get_intervals build --build-base /home/basile/Documents/3a/guerledan/Guerledan-projet-gonio/ros2_ws/build/get_intervals/build install --record /home/basile/Documents/3a/guerledan/Guerledan-projet-gonio/ros2_ws/build/get_intervals/install.log --single-version-externally-managed install_data
