-- The C compiler identification is GNU 11.4.0
-- The CXX compiler identification is GNU 11.4.0
-- Detecting C compiler ABI info
-- Detecting C compiler ABI info - done
-- Check for working C compiler: /usr/bin/cc - skipped
-- Detecting C compile features
-- Detecting C compile features - done
-- Detecting CXX compiler ABI info
-- Detecting CXX compiler ABI info - done
-- Check for working CXX compiler: /usr/bin/c++ - skipped
-- Detecting CXX compile features
-- Detecting CXX compile features - done
-- Found ament_cmake: 1.3.10 (/opt/ros/humble/share/ament_cmake/cmake)
-- Found Python3: /usr/bin/python3 (found version "3.10.12") found components: Interpreter 
-- Found rclcpp: 16.0.10 (/opt/ros/humble/share/rclcpp/cmake)
-- Found rosidl_generator_c: 3.1.5 (/opt/ros/humble/share/rosidl_generator_c/cmake)
-- Found rosidl_adapter: 3.1.5 (/opt/ros/humble/share/rosidl_adapter/cmake)
-- Found rosidl_generator_cpp: 3.1.5 (/opt/ros/humble/share/rosidl_generator_cpp/cmake)
-- Using all available rosidl_typesupport_c: rosidl_typesupport_fastrtps_c;rosidl_typesupport_introspection_c
-- Using all available rosidl_typesupport_cpp: rosidl_typesupport_fastrtps_cpp;rosidl_typesupport_introspection_cpp
-- Found rmw_implementation_cmake: 6.1.2 (/opt/ros/humble/share/rmw_implementation_cmake/cmake)
-- Found rmw_fastrtps_cpp: 6.2.7 (/opt/ros/humble/share/rmw_fastrtps_cpp/cmake)
-- Found OpenSSL: /usr/lib/x86_64-linux-gnu/libcrypto.so (found version "3.0.2")  
-- Found FastRTPS: /opt/ros/humble/include  
-- Using RMW implementation 'rmw_fastrtps_cpp' as default
-- Looking for pthread.h
-- Looking for pthread.h - found
-- Performing Test CMAKE_HAVE_LIBC_PTHREAD
-- Performing Test CMAKE_HAVE_LIBC_PTHREAD - Success
-- Found Threads: TRUE  
-- Found rosidl_default_generators: 1.2.0 (/opt/ros/humble/share/rosidl_default_generators/cmake)
-- Found ament_cmake_ros: 0.10.0 (/opt/ros/humble/share/ament_cmake_ros/cmake)
-- Using all available rosidl_typesupport_c: rosidl_typesupport_fastrtps_c;rosidl_typesupport_introspection_c
-- Using all available rosidl_typesupport_cpp: rosidl_typesupport_fastrtps_cpp;rosidl_typesupport_introspection_cpp
-- Found PythonInterp: /usr/bin/python3 (found suitable version "3.10.12", minimum required is "3.6") 
-- Found python_cmake_module: 0.10.0 (/opt/ros/humble/share/python_cmake_module/cmake)
-- Found PythonLibs: /usr/lib/x86_64-linux-gnu/libpython3.10.so (found suitable version "3.10.12", minimum required is "3.5") 
-- Using PYTHON_EXECUTABLE: /usr/bin/python3
-- Using PYTHON_INCLUDE_DIRS: /usr/include/python3.10
-- Using PYTHON_LIBRARIES: /usr/lib/x86_64-linux-gnu/libpython3.10.so
-- Found PythonExtra: .so  
-- Found ament_lint_auto: 0.12.11 (/opt/ros/humble/share/ament_lint_auto/cmake)
-- Added test 'lint_cmake' to check CMake code style
-- Added test 'xmllint' to check XML markup files
-- Configuring done
-- Generating done
-- Build files have been written to: /home/basile/Documents/3a/guerledan/Guerledan-projet-gonio/ros2_ws/build/interval_analysis_interfaces
[  1%] [34m[1mGenerating C code for ROS interfaces[0m
[  2%] [34m[1mGenerating C++ code for ROS interfaces[0m
[  2%] Built target ament_cmake_python_copy_interval_analysis_interfaces
running egg_info
creating interval_analysis_interfaces.egg-info
writing interval_analysis_interfaces.egg-info/PKG-INFO
writing dependency_links to interval_analysis_interfaces.egg-info/dependency_links.txt
writing top-level names to interval_analysis_interfaces.egg-info/top_level.txt
writing manifest file 'interval_analysis_interfaces.egg-info/SOURCES.txt'
reading manifest file 'interval_analysis_interfaces.egg-info/SOURCES.txt'
writing manifest file 'interval_analysis_interfaces.egg-info/SOURCES.txt'
[  2%] Built target ament_cmake_python_build_interval_analysis_interfaces_egg
[  2%] Built target interval_analysis_interfaces__cpp
[  6%] [34m[1mGenerating C++ type support dispatch for ROS interfaces[0m
[  6%] [34m[1mGenerating C++ introspection for ROS interfaces[0m
[  6%] [34m[1mGenerating C++ type support for eProsima Fast-RTPS[0m
[ 12%] [32mBuilding C object CMakeFiles/interval_analysis_interfaces__rosidl_generator_c.dir/rosidl_generator_c/interval_analysis_interfaces/msg/detail/interval_stamped__functions.c.o[0m
[ 12%] [32mBuilding C object CMakeFiles/interval_analysis_interfaces__rosidl_generator_c.dir/rosidl_generator_c/interval_analysis_interfaces/msg/detail/tube__functions.c.o[0m
[ 12%] [32mBuilding C object CMakeFiles/interval_analysis_interfaces__rosidl_generator_c.dir/rosidl_generator_c/interval_analysis_interfaces/msg/detail/box_stamped__functions.c.o[0m
[ 12%] [32mBuilding C object CMakeFiles/interval_analysis_interfaces__rosidl_generator_c.dir/rosidl_generator_c/interval_analysis_interfaces/msg/detail/interval__functions.c.o[0m
[ 12%] [32mBuilding C object CMakeFiles/interval_analysis_interfaces__rosidl_generator_c.dir/rosidl_generator_c/interval_analysis_interfaces/msg/detail/box__functions.c.o[0m
[ 13%] [32mBuilding C object CMakeFiles/interval_analysis_interfaces__rosidl_generator_c.dir/rosidl_generator_c/interval_analysis_interfaces/msg/detail/tube_stamped__functions.c.o[0m
[ 15%] [32mBuilding C object CMakeFiles/interval_analysis_interfaces__rosidl_generator_c.dir/rosidl_generator_c/interval_analysis_interfaces/msg/detail/box_list_stamped__functions.c.o[0m
[ 16%] [32m[1mLinking C shared library libinterval_analysis_interfaces__rosidl_generator_c.so[0m
[ 16%] Built target interval_analysis_interfaces__rosidl_generator_c
[ 17%] [34m[1mGenerating C type support for eProsima Fast-RTPS[0m
[ 18%] [34m[1mGenerating C type support dispatch for ROS interfaces[0m
[ 20%] [34m[1mGenerating C introspection for ROS interfaces[0m
[ 21%] [32mBuilding CXX object CMakeFiles/interval_analysis_interfaces__rosidl_typesupport_c.dir/rosidl_typesupport_c/interval_analysis_interfaces/msg/interval__type_support.cpp.o[0m
[ 22%] [32mBuilding CXX object CMakeFiles/interval_analysis_interfaces__rosidl_typesupport_c.dir/rosidl_typesupport_c/interval_analysis_interfaces/msg/interval_stamped__type_support.cpp.o[0m
[ 24%] [32mBuilding CXX object CMakeFiles/interval_analysis_interfaces__rosidl_typesupport_c.dir/rosidl_typesupport_c/interval_analysis_interfaces/msg/box__type_support.cpp.o[0m
[ 25%] [32mBuilding CXX object CMakeFiles/interval_analysis_interfaces__rosidl_typesupport_c.dir/rosidl_typesupport_c/interval_analysis_interfaces/msg/box_stamped__type_support.cpp.o[0m
[ 26%] [32mBuilding CXX object CMakeFiles/interval_analysis_interfaces__rosidl_typesupport_c.dir/rosidl_typesupport_c/interval_analysis_interfaces/msg/tube__type_support.cpp.o[0m
[ 27%] [32mBuilding CXX object CMakeFiles/interval_analysis_interfaces__rosidl_typesupport_c.dir/rosidl_typesupport_c/interval_analysis_interfaces/msg/tube_stamped__type_support.cpp.o[0m
[ 29%] [32mBuilding CXX object CMakeFiles/interval_analysis_interfaces__rosidl_typesupport_cpp.dir/rosidl_typesupport_cpp/interval_analysis_interfaces/msg/interval__type_support.cpp.o[0m
[ 30%] [32mBuilding CXX object CMakeFiles/interval_analysis_interfaces__rosidl_typesupport_c.dir/rosidl_typesupport_c/interval_analysis_interfaces/msg/box_list_stamped__type_support.cpp.o[0m
[ 31%] [32mBuilding CXX object CMakeFiles/interval_analysis_interfaces__rosidl_typesupport_cpp.dir/rosidl_typesupport_cpp/interval_analysis_interfaces/msg/interval_stamped__type_support.cpp.o[0m
[ 32%] [32mBuilding CXX object CMakeFiles/interval_analysis_interfaces__rosidl_typesupport_cpp.dir/rosidl_typesupport_cpp/interval_analysis_interfaces/msg/box__type_support.cpp.o[0m
[ 34%] [32mBuilding CXX object CMakeFiles/interval_analysis_interfaces__rosidl_typesupport_fastrtps_cpp.dir/rosidl_typesupport_fastrtps_cpp/interval_analysis_interfaces/msg/detail/dds_fastrtps/interval__type_support.cpp.o[0m
[ 35%] [32m[1mLinking CXX shared library libinterval_analysis_interfaces__rosidl_typesupport_c.so[0m
[ 35%] Built target interval_analysis_interfaces__rosidl_typesupport_c
[ 36%] [32mBuilding CXX object CMakeFiles/interval_analysis_interfaces__rosidl_typesupport_fastrtps_cpp.dir/rosidl_typesupport_fastrtps_cpp/interval_analysis_interfaces/msg/detail/dds_fastrtps/interval_stamped__type_support.cpp.o[0m
[ 37%] [32mBuilding CXX object CMakeFiles/interval_analysis_interfaces__rosidl_typesupport_introspection_cpp.dir/rosidl_typesupport_introspection_cpp/interval_analysis_interfaces/msg/detail/interval__type_support.cpp.o[0m
[ 39%] [32mBuilding C object CMakeFiles/interval_analysis_interfaces__rosidl_typesupport_introspection_c.dir/rosidl_typesupport_introspection_c/interval_analysis_interfaces/msg/detail/interval__type_support.c.o[0m
[ 40%] [32mBuilding C object CMakeFiles/interval_analysis_interfaces__rosidl_typesupport_introspection_c.dir/rosidl_typesupport_introspection_c/interval_analysis_interfaces/msg/detail/interval_stamped__type_support.c.o[0m
[ 41%] [32mBuilding C object CMakeFiles/interval_analysis_interfaces__rosidl_typesupport_introspection_c.dir/rosidl_typesupport_introspection_c/interval_analysis_interfaces/msg/detail/box__type_support.c.o[0m
[ 43%] [32mBuilding C object CMakeFiles/interval_analysis_interfaces__rosidl_typesupport_introspection_c.dir/rosidl_typesupport_introspection_c/interval_analysis_interfaces/msg/detail/box_stamped__type_support.c.o[0m
[ 44%] [32mBuilding CXX object CMakeFiles/interval_analysis_interfaces__rosidl_typesupport_fastrtps_cpp.dir/rosidl_typesupport_fastrtps_cpp/interval_analysis_interfaces/msg/detail/dds_fastrtps/box__type_support.cpp.o[0m
[ 46%] [32mBuilding CXX object CMakeFiles/interval_analysis_interfaces__rosidl_typesupport_introspection_cpp.dir/rosidl_typesupport_introspection_cpp/interval_analysis_interfaces/msg/detail/interval_stamped__type_support.cpp.o[0m
[ 46%] [32mBuilding CXX object CMakeFiles/interval_analysis_interfaces__rosidl_typesupport_cpp.dir/rosidl_typesupport_cpp/interval_analysis_interfaces/msg/box_stamped__type_support.cpp.o[0m
[ 48%] [32mBuilding C object CMakeFiles/interval_analysis_interfaces__rosidl_typesupport_introspection_c.dir/rosidl_typesupport_introspection_c/interval_analysis_interfaces/msg/detail/tube__type_support.c.o[0m
[ 49%] [32mBuilding C object CMakeFiles/interval_analysis_interfaces__rosidl_typesupport_introspection_c.dir/rosidl_typesupport_introspection_c/interval_analysis_interfaces/msg/detail/tube_stamped__type_support.c.o[0m
[ 50%] [32mBuilding C object CMakeFiles/interval_analysis_interfaces__rosidl_typesupport_introspection_c.dir/rosidl_typesupport_introspection_c/interval_analysis_interfaces/msg/detail/box_list_stamped__type_support.c.o[0m
[ 51%] [32m[1mLinking C shared library libinterval_analysis_interfaces__rosidl_typesupport_introspection_c.so[0m
[ 53%] [32mBuilding CXX object CMakeFiles/interval_analysis_interfaces__rosidl_typesupport_fastrtps_c.dir/rosidl_typesupport_fastrtps_c/interval_analysis_interfaces/msg/detail/interval__type_support_c.cpp.o[0m
[ 53%] Built target interval_analysis_interfaces__rosidl_typesupport_introspection_c
[ 54%] [32mBuilding CXX object CMakeFiles/interval_analysis_interfaces__rosidl_typesupport_introspection_cpp.dir/rosidl_typesupport_introspection_cpp/interval_analysis_interfaces/msg/detail/box__type_support.cpp.o[0m
[ 55%] [32mBuilding CXX object CMakeFiles/interval_analysis_interfaces__rosidl_typesupport_introspection_cpp.dir/rosidl_typesupport_introspection_cpp/interval_analysis_interfaces/msg/detail/box_stamped__type_support.cpp.o[0m
[ 56%] [32mBuilding CXX object CMakeFiles/interval_analysis_interfaces__rosidl_typesupport_fastrtps_cpp.dir/rosidl_typesupport_fastrtps_cpp/interval_analysis_interfaces/msg/detail/dds_fastrtps/box_stamped__type_support.cpp.o[0m
[ 58%] [32mBuilding CXX object CMakeFiles/interval_analysis_interfaces__rosidl_typesupport_fastrtps_c.dir/rosidl_typesupport_fastrtps_c/interval_analysis_interfaces/msg/detail/interval_stamped__type_support_c.cpp.o[0m
[ 59%] [32mBuilding CXX object CMakeFiles/interval_analysis_interfaces__rosidl_typesupport_cpp.dir/rosidl_typesupport_cpp/interval_analysis_interfaces/msg/tube__type_support.cpp.o[0m
[ 60%] [32mBuilding CXX object CMakeFiles/interval_analysis_interfaces__rosidl_typesupport_cpp.dir/rosidl_typesupport_cpp/interval_analysis_interfaces/msg/tube_stamped__type_support.cpp.o[0m
[ 62%] [32mBuilding CXX object CMakeFiles/interval_analysis_interfaces__rosidl_typesupport_fastrtps_c.dir/rosidl_typesupport_fastrtps_c/interval_analysis_interfaces/msg/detail/box__type_support_c.cpp.o[0m
[ 63%] [32mBuilding CXX object CMakeFiles/interval_analysis_interfaces__rosidl_typesupport_fastrtps_c.dir/rosidl_typesupport_fastrtps_c/interval_analysis_interfaces/msg/detail/box_stamped__type_support_c.cpp.o[0m
[ 64%] [32mBuilding CXX object CMakeFiles/interval_analysis_interfaces__rosidl_typesupport_introspection_cpp.dir/rosidl_typesupport_introspection_cpp/interval_analysis_interfaces/msg/detail/tube__type_support.cpp.o[0m
[ 65%] [32mBuilding CXX object CMakeFiles/interval_analysis_interfaces__rosidl_typesupport_fastrtps_cpp.dir/rosidl_typesupport_fastrtps_cpp/interval_analysis_interfaces/msg/detail/dds_fastrtps/tube__type_support.cpp.o[0m
[ 67%] [32mBuilding CXX object CMakeFiles/interval_analysis_interfaces__rosidl_typesupport_cpp.dir/rosidl_typesupport_cpp/interval_analysis_interfaces/msg/box_list_stamped__type_support.cpp.o[0m
[ 68%] [32mBuilding CXX object CMakeFiles/interval_analysis_interfaces__rosidl_typesupport_fastrtps_c.dir/rosidl_typesupport_fastrtps_c/interval_analysis_interfaces/msg/detail/tube__type_support_c.cpp.o[0m
[ 69%] [32mBuilding CXX object CMakeFiles/interval_analysis_interfaces__rosidl_typesupport_fastrtps_c.dir/rosidl_typesupport_fastrtps_c/interval_analysis_interfaces/msg/detail/tube_stamped__type_support_c.cpp.o[0m
[ 70%] [32mBuilding CXX object CMakeFiles/interval_analysis_interfaces__rosidl_typesupport_fastrtps_c.dir/rosidl_typesupport_fastrtps_c/interval_analysis_interfaces/msg/detail/box_list_stamped__type_support_c.cpp.o[0m
[ 72%] [32mBuilding CXX object CMakeFiles/interval_analysis_interfaces__rosidl_typesupport_fastrtps_cpp.dir/rosidl_typesupport_fastrtps_cpp/interval_analysis_interfaces/msg/detail/dds_fastrtps/tube_stamped__type_support.cpp.o[0m
[ 73%] [32m[1mLinking CXX shared library libinterval_analysis_interfaces__rosidl_typesupport_cpp.so[0m
[ 74%] [32mBuilding CXX object CMakeFiles/interval_analysis_interfaces__rosidl_typesupport_introspection_cpp.dir/rosidl_typesupport_introspection_cpp/interval_analysis_interfaces/msg/detail/tube_stamped__type_support.cpp.o[0m
[ 74%] Built target interval_analysis_interfaces__rosidl_typesupport_cpp
[ 75%] [32mBuilding CXX object CMakeFiles/interval_analysis_interfaces__rosidl_typesupport_fastrtps_cpp.dir/rosidl_typesupport_fastrtps_cpp/interval_analysis_interfaces/msg/detail/dds_fastrtps/box_list_stamped__type_support.cpp.o[0m
[ 77%] [32mBuilding CXX object CMakeFiles/interval_analysis_interfaces__rosidl_typesupport_introspection_cpp.dir/rosidl_typesupport_introspection_cpp/interval_analysis_interfaces/msg/detail/box_list_stamped__type_support.cpp.o[0m
[ 78%] [32m[1mLinking CXX shared library libinterval_analysis_interfaces__rosidl_typesupport_fastrtps_c.so[0m
[ 78%] Built target interval_analysis_interfaces__rosidl_typesupport_fastrtps_c
[ 79%] [32m[1mLinking CXX shared library libinterval_analysis_interfaces__rosidl_typesupport_fastrtps_cpp.so[0m
[ 81%] [32m[1mLinking CXX shared library libinterval_analysis_interfaces__rosidl_typesupport_introspection_cpp.so[0m
[ 81%] Built target interval_analysis_interfaces__rosidl_typesupport_fastrtps_cpp
[ 81%] Built target interval_analysis_interfaces__rosidl_typesupport_introspection_cpp
[ 81%] Built target interval_analysis_interfaces
[ 82%] [34m[1mGenerating Python code for ROS interfaces[0m
[ 82%] Built target interval_analysis_interfaces__py
[ 83%] [32mBuilding C object CMakeFiles/interval_analysis_interfaces__rosidl_generator_py.dir/rosidl_generator_py/interval_analysis_interfaces/msg/_tube_s.c.o[0m
[ 87%] [32mBuilding C object CMakeFiles/interval_analysis_interfaces__rosidl_generator_py.dir/rosidl_generator_py/interval_analysis_interfaces/msg/_box_s.c.o[0m
[ 87%] [32mBuilding C object CMakeFiles/interval_analysis_interfaces__rosidl_generator_py.dir/rosidl_generator_py/interval_analysis_interfaces/msg/_interval_s.c.o[0m
[ 87%] [32mBuilding C object CMakeFiles/interval_analysis_interfaces__rosidl_generator_py.dir/rosidl_generator_py/interval_analysis_interfaces/msg/_interval_stamped_s.c.o[0m
[ 88%] [32mBuilding C object CMakeFiles/interval_analysis_interfaces__rosidl_generator_py.dir/rosidl_generator_py/interval_analysis_interfaces/msg/_box_stamped_s.c.o[0m
[ 89%] [32mBuilding C object CMakeFiles/interval_analysis_interfaces__rosidl_generator_py.dir/rosidl_generator_py/interval_analysis_interfaces/msg/_tube_stamped_s.c.o[0m
[ 91%] [32mBuilding C object CMakeFiles/interval_analysis_interfaces__rosidl_generator_py.dir/rosidl_generator_py/interval_analysis_interfaces/msg/_box_list_stamped_s.c.o[0m
[ 92%] [32m[1mLinking C shared library rosidl_generator_py/interval_analysis_interfaces/libinterval_analysis_interfaces__rosidl_generator_py.so[0m
[ 92%] Built target interval_analysis_interfaces__rosidl_generator_py
[ 96%] [32mBuilding C object CMakeFiles/interval_analysis_interfaces__rosidl_typesupport_c__pyext.dir/rosidl_generator_py/interval_analysis_interfaces/_interval_analysis_interfaces_s.ep.rosidl_typesupport_c.c.o[0m
[ 96%] [32mBuilding C object CMakeFiles/interval_analysis_interfaces__rosidl_typesupport_fastrtps_c__pyext.dir/rosidl_generator_py/interval_analysis_interfaces/_interval_analysis_interfaces_s.ep.rosidl_typesupport_fastrtps_c.c.o[0m
[ 96%] [32mBuilding C object CMakeFiles/interval_analysis_interfaces__rosidl_typesupport_introspection_c__pyext.dir/rosidl_generator_py/interval_analysis_interfaces/_interval_analysis_interfaces_s.ep.rosidl_typesupport_introspection_c.c.o[0m
[100%] [32m[1mLinking C shared library rosidl_generator_py/interval_analysis_interfaces/interval_analysis_interfaces_s__rosidl_typesupport_fastrtps_c.cpython-310-x86_64-linux-gnu.so[0m
[100%] [32m[1mLinking C shared library rosidl_generator_py/interval_analysis_interfaces/interval_analysis_interfaces_s__rosidl_typesupport_introspection_c.cpython-310-x86_64-linux-gnu.so[0m
[100%] [32m[1mLinking C shared library rosidl_generator_py/interval_analysis_interfaces/interval_analysis_interfaces_s__rosidl_typesupport_c.cpython-310-x86_64-linux-gnu.so[0m
[100%] Built target interval_analysis_interfaces__rosidl_typesupport_c__pyext
[100%] Built target interval_analysis_interfaces__rosidl_typesupport_introspection_c__pyext
[100%] Built target interval_analysis_interfaces__rosidl_typesupport_fastrtps_c__pyext
-- Install configuration: ""
-- Installing: /home/basile/Documents/3a/guerledan/Guerledan-projet-gonio/ros2_ws/install/interval_analysis_interfaces/share/ament_index/resource_index/rosidl_interfaces/interval_analysis_interfaces
-- Up-to-date: /home/basile/Documents/3a/guerledan/Guerledan-projet-gonio/ros2_ws/install/interval_analysis_interfaces/include/interval_analysis_interfaces/interval_analysis_interfaces
-- Up-to-date: /home/basile/Documents/3a/guerledan/Guerledan-projet-gonio/ros2_ws/install/interval_analysis_interfaces/include/interval_analysis_interfaces/interval_analysis_interfaces/msg
-- Installing: /home/basile/Documents/3a/guerledan/Guerledan-projet-gonio/ros2_ws/install/interval_analysis_interfaces/include/interval_analysis_interfaces/interval_analysis_interfaces/msg/rosidl_generator_c__visibility_control.h
-- Installing: /home/basile/Documents/3a/guerledan/Guerledan-projet-gonio/ros2_ws/install/interval_analysis_interfaces/include/interval_analysis_interfaces/interval_analysis_interfaces/msg/box_list_stamped.h
-- Installing: /home/basile/Documents/3a/guerledan/Guerledan-projet-gonio/ros2_ws/install/interval_analysis_interfaces/include/interval_analysis_interfaces/interval_analysis_interfaces/msg/tube.h
-- Installing: /home/basile/Documents/3a/guerledan/Guerledan-projet-gonio/ros2_ws/install/interval_analysis_interfaces/include/interval_analysis_interfaces/interval_analysis_interfaces/msg/box.h
-- Installing: /home/basile/Documents/3a/guerledan/Guerledan-projet-gonio/ros2_ws/install/interval_analysis_interfaces/include/interval_analysis_interfaces/interval_analysis_interfaces/msg/interval.h
-- Installing: /home/basile/Documents/3a/guerledan/Guerledan-projet-gonio/ros2_ws/install/interval_analysis_interfaces/include/interval_analysis_interfaces/interval_analysis_interfaces/msg/tube_stamped.h
-- Up-to-date: /home/basile/Documents/3a/guerledan/Guerledan-projet-gonio/ros2_ws/install/interval_analysis_interfaces/include/interval_analysis_interfaces/interval_analysis_interfaces/msg/detail
-- Installing: /home/basile/Documents/3a/guerledan/Guerledan-projet-gonio/ros2_ws/install/interval_analysis_interfaces/include/interval_analysis_interfaces/interval_analysis_interfaces/msg/detail/interval__functions.c
-- Installing: /home/basile/Documents/3a/guerledan/Guerledan-projet-gonio/ros2_ws/install/interval_analysis_interfaces/include/interval_analysis_interfaces/interval_analysis_interfaces/msg/detail/interval_stamped__functions.h
-- Installing: /home/basile/Documents/3a/guerledan/Guerledan-projet-gonio/ros2_ws/install/interval_analysis_interfaces/include/interval_analysis_interfaces/interval_analysis_interfaces/msg/detail/interval__struct.h
-- Installing: /home/basile/Documents/3a/guerledan/Guerledan-projet-gonio/ros2_ws/install/interval_analysis_interfaces/include/interval_analysis_interfaces/interval_analysis_interfaces/msg/detail/tube_stamped__struct.h
-- Installing: /home/basile/Documents/3a/guerledan/Guerledan-projet-gonio/ros2_ws/install/interval_analysis_interfaces/include/interval_analysis_interfaces/interval_analysis_interfaces/msg/detail/tube_stamped__functions.h
-- Installing: /home/basile/Documents/3a/guerledan/Guerledan-projet-gonio/ros2_ws/install/interval_analysis_interfaces/include/interval_analysis_interfaces/interval_analysis_interfaces/msg/detail/box_list_stamped__type_support.h
-- Installing: /home/basile/Documents/3a/guerledan/Guerledan-projet-gonio/ros2_ws/install/interval_analysis_interfaces/include/interval_analysis_interfaces/interval_analysis_interfaces/msg/detail/tube_stamped__type_support.h
-- Installing: /home/basile/Documents/3a/guerledan/Guerledan-projet-gonio/ros2_ws/install/interval_analysis_interfaces/include/interval_analysis_interfaces/interval_analysis_interfaces/msg/detail/box_list_stamped__struct.h
-- Installing: /home/basile/Documents/3a/guerledan/Guerledan-projet-gonio/ros2_ws/install/interval_analysis_interfaces/include/interval_analysis_interfaces/interval_analysis_interfaces/msg/detail/box_stamped__type_support.h
-- Installing: /home/basile/Documents/3a/guerledan/Guerledan-projet-gonio/ros2_ws/install/interval_analysis_interfaces/include/interval_analysis_interfaces/interval_analysis_interfaces/msg/detail/box__type_support.h
-- Installing: /home/basile/Documents/3a/guerledan/Guerledan-projet-gonio/ros2_ws/install/interval_analysis_interfaces/include/interval_analysis_interfaces/interval_analysis_interfaces/msg/detail/box__functions.h
-- Installing: /home/basile/Documents/3a/guerledan/Guerledan-projet-gonio/ros2_ws/install/interval_analysis_interfaces/include/interval_analysis_interfaces/interval_analysis_interfaces/msg/detail/interval_stamped__type_support.h
-- Installing: /home/basile/Documents/3a/guerledan/Guerledan-projet-gonio/ros2_ws/install/interval_analysis_interfaces/include/interval_analysis_interfaces/interval_analysis_interfaces/msg/detail/box_list_stamped__functions.c
-- Installing: /home/basile/Documents/3a/guerledan/Guerledan-projet-gonio/ros2_ws/install/interval_analysis_interfaces/include/interval_analysis_interfaces/interval_analysis_interfaces/msg/detail/box__functions.c
-- Installing: /home/basile/Documents/3a/guerledan/Guerledan-projet-gonio/ros2_ws/install/interval_analysis_interfaces/include/interval_analysis_interfaces/interval_analysis_interfaces/msg/detail/tube__struct.h
-- Installing: /home/basile/Documents/3a/guerledan/Guerledan-projet-gonio/ros2_ws/install/interval_analysis_interfaces/include/interval_analysis_interfaces/interval_analysis_interfaces/msg/detail/interval_stamped__functions.c
-- Installing: /home/basile/Documents/3a/guerledan/Guerledan-projet-gonio/ros2_ws/install/interval_analysis_interfaces/include/interval_analysis_interfaces/interval_analysis_interfaces/msg/detail/box_stamped__functions.c
-- Installing: /home/basile/Documents/3a/guerledan/Guerledan-projet-gonio/ros2_ws/install/interval_analysis_interfaces/include/interval_analysis_interfaces/interval_analysis_interfaces/msg/detail/tube__functions.h
-- Installing: /home/basile/Documents/3a/guerledan/Guerledan-projet-gonio/ros2_ws/install/interval_analysis_interfaces/include/interval_analysis_interfaces/interval_analysis_interfaces/msg/detail/tube__type_support.h
-- Installing: /home/basile/Documents/3a/guerledan/Guerledan-projet-gonio/ros2_ws/install/interval_analysis_interfaces/include/interval_analysis_interfaces/interval_analysis_interfaces/msg/detail/tube_stamped__functions.c
-- Installing: /home/basile/Documents/3a/guerledan/Guerledan-projet-gonio/ros2_ws/install/interval_analysis_interfaces/include/interval_analysis_interfaces/interval_analysis_interfaces/msg/detail/interval__functions.h
-- Installing: /home/basile/Documents/3a/guerledan/Guerledan-projet-gonio/ros2_ws/install/interval_analysis_interfaces/include/interval_analysis_interfaces/interval_analysis_interfaces/msg/detail/interval_stamped__struct.h
-- Installing: /home/basile/Documents/3a/guerledan/Guerledan-projet-gonio/ros2_ws/install/interval_analysis_interfaces/include/interval_analysis_interfaces/interval_analysis_interfaces/msg/detail/box_list_stamped__functions.h
-- Installing: /home/basile/Documents/3a/guerledan/Guerledan-projet-gonio/ros2_ws/install/interval_analysis_interfaces/include/interval_analysis_interfaces/interval_analysis_interfaces/msg/detail/interval__type_support.h
-- Installing: /home/basile/Documents/3a/guerledan/Guerledan-projet-gonio/ros2_ws/install/interval_analysis_interfaces/include/interval_analysis_interfaces/interval_analysis_interfaces/msg/detail/tube__functions.c
-- Installing: /home/basile/Documents/3a/guerledan/Guerledan-projet-gonio/ros2_ws/install/interval_analysis_interfaces/include/interval_analysis_interfaces/interval_analysis_interfaces/msg/detail/box_stamped__struct.h
-- Installing: /home/basile/Documents/3a/guerledan/Guerledan-projet-gonio/ros2_ws/install/interval_analysis_interfaces/include/interval_analysis_interfaces/interval_analysis_interfaces/msg/detail/box__struct.h
-- Installing: /home/basile/Documents/3a/guerledan/Guerledan-projet-gonio/ros2_ws/install/interval_analysis_interfaces/include/interval_analysis_interfaces/interval_analysis_interfaces/msg/detail/box_stamped__functions.h
-- Installing: /home/basile/Documents/3a/guerledan/Guerledan-projet-gonio/ros2_ws/install/interval_analysis_interfaces/include/interval_analysis_interfaces/interval_analysis_interfaces/msg/box_stamped.h
-- Installing: /home/basile/Documents/3a/guerledan/Guerledan-projet-gonio/ros2_ws/install/interval_analysis_interfaces/include/interval_analysis_interfaces/interval_analysis_interfaces/msg/interval_stamped.h
-- Up-to-date: /home/basile/Documents/3a/guerledan/Guerledan-projet-gonio/ros2_ws/install/interval_analysis_interfaces/share/interval_analysis_interfaces/environment/library_path.sh
-- Installing: /home/basile/Documents/3a/guerledan/Guerledan-projet-gonio/ros2_ws/install/interval_analysis_interfaces/share/interval_analysis_interfaces/environment/library_path.dsv
-- Installing: /home/basile/Documents/3a/guerledan/Guerledan-projet-gonio/ros2_ws/install/interval_analysis_interfaces/lib/libinterval_analysis_interfaces__rosidl_generator_c.so
-- Set runtime path of "/home/basile/Documents/3a/guerledan/Guerledan-projet-gonio/ros2_ws/install/interval_analysis_interfaces/lib/libinterval_analysis_interfaces__rosidl_generator_c.so" to ""
-- Up-to-date: /home/basile/Documents/3a/guerledan/Guerledan-projet-gonio/ros2_ws/install/interval_analysis_interfaces/include/interval_analysis_interfaces/interval_analysis_interfaces
-- Up-to-date: /home/basile/Documents/3a/guerledan/Guerledan-projet-gonio/ros2_ws/install/interval_analysis_interfaces/include/interval_analysis_interfaces/interval_analysis_interfaces/msg
-- Up-to-date: /home/basile/Documents/3a/guerledan/Guerledan-projet-gonio/ros2_ws/install/interval_analysis_interfaces/include/interval_analysis_interfaces/interval_analysis_interfaces/msg/detail
-- Installing: /home/basile/Documents/3a/guerledan/Guerledan-projet-gonio/ros2_ws/install/interval_analysis_interfaces/include/interval_analysis_interfaces/interval_analysis_interfaces/msg/detail/interval_stamped__rosidl_typesupport_fastrtps_c.h
-- Installing: /home/basile/Documents/3a/guerledan/Guerledan-projet-gonio/ros2_ws/install/interval_analysis_interfaces/include/interval_analysis_interfaces/interval_analysis_interfaces/msg/detail/tube__rosidl_typesupport_fastrtps_c.h
-- Installing: /home/basile/Documents/3a/guerledan/Guerledan-projet-gonio/ros2_ws/install/interval_analysis_interfaces/include/interval_analysis_interfaces/interval_analysis_interfaces/msg/detail/interval__rosidl_typesupport_fastrtps_c.h
-- Installing: /home/basile/Documents/3a/guerledan/Guerledan-projet-gonio/ros2_ws/install/interval_analysis_interfaces/include/interval_analysis_interfaces/interval_analysis_interfaces/msg/detail/box__rosidl_typesupport_fastrtps_c.h
-- Installing: /home/basile/Documents/3a/guerledan/Guerledan-projet-gonio/ros2_ws/install/interval_analysis_interfaces/include/interval_analysis_interfaces/interval_analysis_interfaces/msg/detail/box_stamped__rosidl_typesupport_fastrtps_c.h
-- Installing: /home/basile/Documents/3a/guerledan/Guerledan-projet-gonio/ros2_ws/install/interval_analysis_interfaces/include/interval_analysis_interfaces/interval_analysis_interfaces/msg/detail/tube_stamped__rosidl_typesupport_fastrtps_c.h
-- Installing: /home/basile/Documents/3a/guerledan/Guerledan-projet-gonio/ros2_ws/install/interval_analysis_interfaces/include/interval_analysis_interfaces/interval_analysis_interfaces/msg/detail/box_list_stamped__rosidl_typesupport_fastrtps_c.h
-- Installing: /home/basile/Documents/3a/guerledan/Guerledan-projet-gonio/ros2_ws/install/interval_analysis_interfaces/include/interval_analysis_interfaces/interval_analysis_interfaces/msg/rosidl_typesupport_fastrtps_c__visibility_control.h
-- Installing: /home/basile/Documents/3a/guerledan/Guerledan-projet-gonio/ros2_ws/install/interval_analysis_interfaces/lib/libinterval_analysis_interfaces__rosidl_typesupport_fastrtps_c.so
-- Set runtime path of "/home/basile/Documents/3a/guerledan/Guerledan-projet-gonio/ros2_ws/install/interval_analysis_interfaces/lib/libinterval_analysis_interfaces__rosidl_typesupport_fastrtps_c.so" to ""
-- Up-to-date: /home/basile/Documents/3a/guerledan/Guerledan-projet-gonio/ros2_ws/install/interval_analysis_interfaces/include/interval_analysis_interfaces/interval_analysis_interfaces
-- Up-to-date: /home/basile/Documents/3a/guerledan/Guerledan-projet-gonio/ros2_ws/install/interval_analysis_interfaces/include/interval_analysis_interfaces/interval_analysis_interfaces/msg
-- Installing: /home/basile/Documents/3a/guerledan/Guerledan-projet-gonio/ros2_ws/install/interval_analysis_interfaces/include/interval_analysis_interfaces/interval_analysis_interfaces/msg/box_stamped.hpp
-- Installing: /home/basile/Documents/3a/guerledan/Guerledan-projet-gonio/ros2_ws/install/interval_analysis_interfaces/include/interval_analysis_interfaces/interval_analysis_interfaces/msg/tube.hpp
-- Installing: /home/basile/Documents/3a/guerledan/Guerledan-projet-gonio/ros2_ws/install/interval_analysis_interfaces/include/interval_analysis_interfaces/interval_analysis_interfaces/msg/box_list_stamped.hpp
-- Installing: /home/basile/Documents/3a/guerledan/Guerledan-projet-gonio/ros2_ws/install/interval_analysis_interfaces/include/interval_analysis_interfaces/interval_analysis_interfaces/msg/interval_stamped.hpp
-- Installing: /home/basile/Documents/3a/guerledan/Guerledan-projet-gonio/ros2_ws/install/interval_analysis_interfaces/include/interval_analysis_interfaces/interval_analysis_interfaces/msg/interval.hpp
-- Up-to-date: /home/basile/Documents/3a/guerledan/Guerledan-projet-gonio/ros2_ws/install/interval_analysis_interfaces/include/interval_analysis_interfaces/interval_analysis_interfaces/msg/detail
-- Installing: /home/basile/Documents/3a/guerledan/Guerledan-projet-gonio/ros2_ws/install/interval_analysis_interfaces/include/interval_analysis_interfaces/interval_analysis_interfaces/msg/detail/box_stamped__struct.hpp
-- Installing: /home/basile/Documents/3a/guerledan/Guerledan-projet-gonio/ros2_ws/install/interval_analysis_interfaces/include/interval_analysis_interfaces/interval_analysis_interfaces/msg/detail/interval__traits.hpp
-- Installing: /home/basile/Documents/3a/guerledan/Guerledan-projet-gonio/ros2_ws/install/interval_analysis_interfaces/include/interval_analysis_interfaces/interval_analysis_interfaces/msg/detail/box_stamped__builder.hpp
-- Installing: /home/basile/Documents/3a/guerledan/Guerledan-projet-gonio/ros2_ws/install/interval_analysis_interfaces/include/interval_analysis_interfaces/interval_analysis_interfaces/msg/detail/tube_stamped__builder.hpp
-- Installing: /home/basile/Documents/3a/guerledan/Guerledan-projet-gonio/ros2_ws/install/interval_analysis_interfaces/include/interval_analysis_interfaces/interval_analysis_interfaces/msg/detail/tube_stamped__traits.hpp
-- Installing: /home/basile/Documents/3a/guerledan/Guerledan-projet-gonio/ros2_ws/install/interval_analysis_interfaces/include/interval_analysis_interfaces/interval_analysis_interfaces/msg/detail/box_list_stamped__struct.hpp
-- Installing: /home/basile/Documents/3a/guerledan/Guerledan-projet-gonio/ros2_ws/install/interval_analysis_interfaces/include/interval_analysis_interfaces/interval_analysis_interfaces/msg/detail/tube__traits.hpp
-- Installing: /home/basile/Documents/3a/guerledan/Guerledan-projet-gonio/ros2_ws/install/interval_analysis_interfaces/include/interval_analysis_interfaces/interval_analysis_interfaces/msg/detail/box__builder.hpp
-- Installing: /home/basile/Documents/3a/guerledan/Guerledan-projet-gonio/ros2_ws/install/interval_analysis_interfaces/include/interval_analysis_interfaces/interval_analysis_interfaces/msg/detail/interval__builder.hpp
-- Installing: /home/basile/Documents/3a/guerledan/Guerledan-projet-gonio/ros2_ws/install/interval_analysis_interfaces/include/interval_analysis_interfaces/interval_analysis_interfaces/msg/detail/interval_stamped__builder.hpp
-- Installing: /home/basile/Documents/3a/guerledan/Guerledan-projet-gonio/ros2_ws/install/interval_analysis_interfaces/include/interval_analysis_interfaces/interval_analysis_interfaces/msg/detail/tube_stamped__struct.hpp
-- Installing: /home/basile/Documents/3a/guerledan/Guerledan-projet-gonio/ros2_ws/install/interval_analysis_interfaces/include/interval_analysis_interfaces/interval_analysis_interfaces/msg/detail/interval__struct.hpp
-- Installing: /home/basile/Documents/3a/guerledan/Guerledan-projet-gonio/ros2_ws/install/interval_analysis_interfaces/include/interval_analysis_interfaces/interval_analysis_interfaces/msg/detail/box_list_stamped__builder.hpp
-- Installing: /home/basile/Documents/3a/guerledan/Guerledan-projet-gonio/ros2_ws/install/interval_analysis_interfaces/include/interval_analysis_interfaces/interval_analysis_interfaces/msg/detail/box__traits.hpp
-- Installing: /home/basile/Documents/3a/guerledan/Guerledan-projet-gonio/ros2_ws/install/interval_analysis_interfaces/include/interval_analysis_interfaces/interval_analysis_interfaces/msg/detail/box_stamped__traits.hpp
-- Installing: /home/basile/Documents/3a/guerledan/Guerledan-projet-gonio/ros2_ws/install/interval_analysis_interfaces/include/interval_analysis_interfaces/interval_analysis_interfaces/msg/detail/box__struct.hpp
-- Installing: /home/basile/Documents/3a/guerledan/Guerledan-projet-gonio/ros2_ws/install/interval_analysis_interfaces/include/interval_analysis_interfaces/interval_analysis_interfaces/msg/detail/box_list_stamped__traits.hpp
-- Installing: /home/basile/Documents/3a/guerledan/Guerledan-projet-gonio/ros2_ws/install/interval_analysis_interfaces/include/interval_analysis_interfaces/interval_analysis_interfaces/msg/detail/interval_stamped__struct.hpp
-- Installing: /home/basile/Documents/3a/guerledan/Guerledan-projet-gonio/ros2_ws/install/interval_analysis_interfaces/include/interval_analysis_interfaces/interval_analysis_interfaces/msg/detail/interval_stamped__traits.hpp
-- Installing: /home/basile/Documents/3a/guerledan/Guerledan-projet-gonio/ros2_ws/install/interval_analysis_interfaces/include/interval_analysis_interfaces/interval_analysis_interfaces/msg/detail/tube__struct.hpp
-- Installing: /home/basile/Documents/3a/guerledan/Guerledan-projet-gonio/ros2_ws/install/interval_analysis_interfaces/include/interval_analysis_interfaces/interval_analysis_interfaces/msg/detail/tube__builder.hpp
-- Installing: /home/basile/Documents/3a/guerledan/Guerledan-projet-gonio/ros2_ws/install/interval_analysis_interfaces/include/interval_analysis_interfaces/interval_analysis_interfaces/msg/tube_stamped.hpp
-- Installing: /home/basile/Documents/3a/guerledan/Guerledan-projet-gonio/ros2_ws/install/interval_analysis_interfaces/include/interval_analysis_interfaces/interval_analysis_interfaces/msg/box.hpp
-- Up-to-date: /home/basile/Documents/3a/guerledan/Guerledan-projet-gonio/ros2_ws/install/interval_analysis_interfaces/include/interval_analysis_interfaces/interval_analysis_interfaces
-- Up-to-date: /home/basile/Documents/3a/guerledan/Guerledan-projet-gonio/ros2_ws/install/interval_analysis_interfaces/include/interval_analysis_interfaces/interval_analysis_interfaces/msg
-- Installing: /home/basile/Documents/3a/guerledan/Guerledan-projet-gonio/ros2_ws/install/interval_analysis_interfaces/include/interval_analysis_interfaces/interval_analysis_interfaces/msg/rosidl_typesupport_fastrtps_cpp__visibility_control.h
-- Up-to-date: /home/basile/Documents/3a/guerledan/Guerledan-projet-gonio/ros2_ws/install/interval_analysis_interfaces/include/interval_analysis_interfaces/interval_analysis_interfaces/msg/detail
-- Installing: /home/basile/Documents/3a/guerledan/Guerledan-projet-gonio/ros2_ws/install/interval_analysis_interfaces/include/interval_analysis_interfaces/interval_analysis_interfaces/msg/detail/interval_stamped__rosidl_typesupport_fastrtps_cpp.hpp
-- Installing: /home/basile/Documents/3a/guerledan/Guerledan-projet-gonio/ros2_ws/install/interval_analysis_interfaces/include/interval_analysis_interfaces/interval_analysis_interfaces/msg/detail/tube_stamped__rosidl_typesupport_fastrtps_cpp.hpp
-- Installing: /home/basile/Documents/3a/guerledan/Guerledan-projet-gonio/ros2_ws/install/interval_analysis_interfaces/include/interval_analysis_interfaces/interval_analysis_interfaces/msg/detail/tube__rosidl_typesupport_fastrtps_cpp.hpp
-- Installing: /home/basile/Documents/3a/guerledan/Guerledan-projet-gonio/ros2_ws/install/interval_analysis_interfaces/include/interval_analysis_interfaces/interval_analysis_interfaces/msg/detail/interval__rosidl_typesupport_fastrtps_cpp.hpp
-- Up-to-date: /home/basile/Documents/3a/guerledan/Guerledan-projet-gonio/ros2_ws/install/interval_analysis_interfaces/include/interval_analysis_interfaces/interval_analysis_interfaces/msg/detail/dds_fastrtps
-- Installing: /home/basile/Documents/3a/guerledan/Guerledan-projet-gonio/ros2_ws/install/interval_analysis_interfaces/include/interval_analysis_interfaces/interval_analysis_interfaces/msg/detail/box_list_stamped__rosidl_typesupport_fastrtps_cpp.hpp
-- Installing: /home/basile/Documents/3a/guerledan/Guerledan-projet-gonio/ros2_ws/install/interval_analysis_interfaces/include/interval_analysis_interfaces/interval_analysis_interfaces/msg/detail/box__rosidl_typesupport_fastrtps_cpp.hpp
-- Installing: /home/basile/Documents/3a/guerledan/Guerledan-projet-gonio/ros2_ws/install/interval_analysis_interfaces/include/interval_analysis_interfaces/interval_analysis_interfaces/msg/detail/box_stamped__rosidl_typesupport_fastrtps_cpp.hpp
-- Installing: /home/basile/Documents/3a/guerledan/Guerledan-projet-gonio/ros2_ws/install/interval_analysis_interfaces/lib/libinterval_analysis_interfaces__rosidl_typesupport_fastrtps_cpp.so
-- Set runtime path of "/home/basile/Documents/3a/guerledan/Guerledan-projet-gonio/ros2_ws/install/interval_analysis_interfaces/lib/libinterval_analysis_interfaces__rosidl_typesupport_fastrtps_cpp.so" to ""
-- Up-to-date: /home/basile/Documents/3a/guerledan/Guerledan-projet-gonio/ros2_ws/install/interval_analysis_interfaces/include/interval_analysis_interfaces/interval_analysis_interfaces
-- Up-to-date: /home/basile/Documents/3a/guerledan/Guerledan-projet-gonio/ros2_ws/install/interval_analysis_interfaces/include/interval_analysis_interfaces/interval_analysis_interfaces/msg
-- Installing: /home/basile/Documents/3a/guerledan/Guerledan-projet-gonio/ros2_ws/install/interval_analysis_interfaces/include/interval_analysis_interfaces/interval_analysis_interfaces/msg/rosidl_typesupport_introspection_c__visibility_control.h
-- Up-to-date: /home/basile/Documents/3a/guerledan/Guerledan-projet-gonio/ros2_ws/install/interval_analysis_interfaces/include/interval_analysis_interfaces/interval_analysis_interfaces/msg/detail
-- Installing: /home/basile/Documents/3a/guerledan/Guerledan-projet-gonio/ros2_ws/install/interval_analysis_interfaces/include/interval_analysis_interfaces/interval_analysis_interfaces/msg/detail/box__rosidl_typesupport_introspection_c.h
-- Installing: /home/basile/Documents/3a/guerledan/Guerledan-projet-gonio/ros2_ws/install/interval_analysis_interfaces/include/interval_analysis_interfaces/interval_analysis_interfaces/msg/detail/interval_stamped__rosidl_typesupport_introspection_c.h
-- Installing: /home/basile/Documents/3a/guerledan/Guerledan-projet-gonio/ros2_ws/install/interval_analysis_interfaces/include/interval_analysis_interfaces/interval_analysis_interfaces/msg/detail/interval__type_support.c
-- Installing: /home/basile/Documents/3a/guerledan/Guerledan-projet-gonio/ros2_ws/install/interval_analysis_interfaces/include/interval_analysis_interfaces/interval_analysis_interfaces/msg/detail/box_list_stamped__type_support.c
-- Installing: /home/basile/Documents/3a/guerledan/Guerledan-projet-gonio/ros2_ws/install/interval_analysis_interfaces/include/interval_analysis_interfaces/interval_analysis_interfaces/msg/detail/box__type_support.c
-- Installing: /home/basile/Documents/3a/guerledan/Guerledan-projet-gonio/ros2_ws/install/interval_analysis_interfaces/include/interval_analysis_interfaces/interval_analysis_interfaces/msg/detail/box_stamped__rosidl_typesupport_introspection_c.h
-- Installing: /home/basile/Documents/3a/guerledan/Guerledan-projet-gonio/ros2_ws/install/interval_analysis_interfaces/include/interval_analysis_interfaces/interval_analysis_interfaces/msg/detail/interval__rosidl_typesupport_introspection_c.h
-- Installing: /home/basile/Documents/3a/guerledan/Guerledan-projet-gonio/ros2_ws/install/interval_analysis_interfaces/include/interval_analysis_interfaces/interval_analysis_interfaces/msg/detail/tube__type_support.c
-- Installing: /home/basile/Documents/3a/guerledan/Guerledan-projet-gonio/ros2_ws/install/interval_analysis_interfaces/include/interval_analysis_interfaces/interval_analysis_interfaces/msg/detail/tube__rosidl_typesupport_introspection_c.h
-- Installing: /home/basile/Documents/3a/guerledan/Guerledan-projet-gonio/ros2_ws/install/interval_analysis_interfaces/include/interval_analysis_interfaces/interval_analysis_interfaces/msg/detail/tube_stamped__type_support.c
-- Installing: /home/basile/Documents/3a/guerledan/Guerledan-projet-gonio/ros2_ws/install/interval_analysis_interfaces/include/interval_analysis_interfaces/interval_analysis_interfaces/msg/detail/box_list_stamped__rosidl_typesupport_introspection_c.h
-- Installing: /home/basile/Documents/3a/guerledan/Guerledan-projet-gonio/ros2_ws/install/interval_analysis_interfaces/include/interval_analysis_interfaces/interval_analysis_interfaces/msg/detail/tube_stamped__rosidl_typesupport_introspection_c.h
-- Installing: /home/basile/Documents/3a/guerledan/Guerledan-projet-gonio/ros2_ws/install/interval_analysis_interfaces/include/interval_analysis_interfaces/interval_analysis_interfaces/msg/detail/box_stamped__type_support.c
-- Installing: /home/basile/Documents/3a/guerledan/Guerledan-projet-gonio/ros2_ws/install/interval_analysis_interfaces/include/interval_analysis_interfaces/interval_analysis_interfaces/msg/detail/interval_stamped__type_support.c
-- Installing: /home/basile/Documents/3a/guerledan/Guerledan-projet-gonio/ros2_ws/install/interval_analysis_interfaces/lib/libinterval_analysis_interfaces__rosidl_typesupport_introspection_c.so
-- Set runtime path of "/home/basile/Documents/3a/guerledan/Guerledan-projet-gonio/ros2_ws/install/interval_analysis_interfaces/lib/libinterval_analysis_interfaces__rosidl_typesupport_introspection_c.so" to ""
-- Installing: /home/basile/Documents/3a/guerledan/Guerledan-projet-gonio/ros2_ws/install/interval_analysis_interfaces/lib/libinterval_analysis_interfaces__rosidl_typesupport_c.so
-- Set runtime path of "/home/basile/Documents/3a/guerledan/Guerledan-projet-gonio/ros2_ws/install/interval_analysis_interfaces/lib/libinterval_analysis_interfaces__rosidl_typesupport_c.so" to ""
-- Up-to-date: /home/basile/Documents/3a/guerledan/Guerledan-projet-gonio/ros2_ws/install/interval_analysis_interfaces/include/interval_analysis_interfaces/interval_analysis_interfaces
-- Up-to-date: /home/basile/Documents/3a/guerledan/Guerledan-projet-gonio/ros2_ws/install/interval_analysis_interfaces/include/interval_analysis_interfaces/interval_analysis_interfaces/msg
-- Up-to-date: /home/basile/Documents/3a/guerledan/Guerledan-projet-gonio/ros2_ws/install/interval_analysis_interfaces/include/interval_analysis_interfaces/interval_analysis_interfaces/msg/detail
-- Installing: /home/basile/Documents/3a/guerledan/Guerledan-projet-gonio/ros2_ws/install/interval_analysis_interfaces/include/interval_analysis_interfaces/interval_analysis_interfaces/msg/detail/interval_stamped__rosidl_typesupport_introspection_cpp.hpp
-- Installing: /home/basile/Documents/3a/guerledan/Guerledan-projet-gonio/ros2_ws/install/interval_analysis_interfaces/include/interval_analysis_interfaces/interval_analysis_interfaces/msg/detail/tube_stamped__type_support.cpp
-- Installing: /home/basile/Documents/3a/guerledan/Guerledan-projet-gonio/ros2_ws/install/interval_analysis_interfaces/include/interval_analysis_interfaces/interval_analysis_interfaces/msg/detail/interval__type_support.cpp
-- Installing: /home/basile/Documents/3a/guerledan/Guerledan-projet-gonio/ros2_ws/install/interval_analysis_interfaces/include/interval_analysis_interfaces/interval_analysis_interfaces/msg/detail/interval__rosidl_typesupport_introspection_cpp.hpp
-- Installing: /home/basile/Documents/3a/guerledan/Guerledan-projet-gonio/ros2_ws/install/interval_analysis_interfaces/include/interval_analysis_interfaces/interval_analysis_interfaces/msg/detail/box__type_support.cpp
-- Installing: /home/basile/Documents/3a/guerledan/Guerledan-projet-gonio/ros2_ws/install/interval_analysis_interfaces/include/interval_analysis_interfaces/interval_analysis_interfaces/msg/detail/tube_stamped__rosidl_typesupport_introspection_cpp.hpp
-- Installing: /home/basile/Documents/3a/guerledan/Guerledan-projet-gonio/ros2_ws/install/interval_analysis_interfaces/include/interval_analysis_interfaces/interval_analysis_interfaces/msg/detail/interval_stamped__type_support.cpp
-- Installing: /home/basile/Documents/3a/guerledan/Guerledan-projet-gonio/ros2_ws/install/interval_analysis_interfaces/include/interval_analysis_interfaces/interval_analysis_interfaces/msg/detail/box_stamped__type_support.cpp
-- Installing: /home/basile/Documents/3a/guerledan/Guerledan-projet-gonio/ros2_ws/install/interval_analysis_interfaces/include/interval_analysis_interfaces/interval_analysis_interfaces/msg/detail/tube__type_support.cpp
-- Installing: /home/basile/Documents/3a/guerledan/Guerledan-projet-gonio/ros2_ws/install/interval_analysis_interfaces/include/interval_analysis_interfaces/interval_analysis_interfaces/msg/detail/box_list_stamped__type_support.cpp
-- Installing: /home/basile/Documents/3a/guerledan/Guerledan-projet-gonio/ros2_ws/install/interval_analysis_interfaces/include/interval_analysis_interfaces/interval_analysis_interfaces/msg/detail/tube__rosidl_typesupport_introspection_cpp.hpp
-- Installing: /home/basile/Documents/3a/guerledan/Guerledan-projet-gonio/ros2_ws/install/interval_analysis_interfaces/include/interval_analysis_interfaces/interval_analysis_interfaces/msg/detail/box_list_stamped__rosidl_typesupport_introspection_cpp.hpp
-- Installing: /home/basile/Documents/3a/guerledan/Guerledan-projet-gonio/ros2_ws/install/interval_analysis_interfaces/include/interval_analysis_interfaces/interval_analysis_interfaces/msg/detail/box_stamped__rosidl_typesupport_introspection_cpp.hpp
-- Installing: /home/basile/Documents/3a/guerledan/Guerledan-projet-gonio/ros2_ws/install/interval_analysis_interfaces/include/interval_analysis_interfaces/interval_analysis_interfaces/msg/detail/box__rosidl_typesupport_introspection_cpp.hpp
-- Installing: /home/basile/Documents/3a/guerledan/Guerledan-projet-gonio/ros2_ws/install/interval_analysis_interfaces/lib/libinterval_analysis_interfaces__rosidl_typesupport_introspection_cpp.so
-- Set runtime path of "/home/basile/Documents/3a/guerledan/Guerledan-projet-gonio/ros2_ws/install/interval_analysis_interfaces/lib/libinterval_analysis_interfaces__rosidl_typesupport_introspection_cpp.so" to ""
-- Installing: /home/basile/Documents/3a/guerledan/Guerledan-projet-gonio/ros2_ws/install/interval_analysis_interfaces/lib/libinterval_analysis_interfaces__rosidl_typesupport_cpp.so
-- Set runtime path of "/home/basile/Documents/3a/guerledan/Guerledan-projet-gonio/ros2_ws/install/interval_analysis_interfaces/lib/libinterval_analysis_interfaces__rosidl_typesupport_cpp.so" to ""
-- Installing: /home/basile/Documents/3a/guerledan/Guerledan-projet-gonio/ros2_ws/install/interval_analysis_interfaces/share/interval_analysis_interfaces/environment/pythonpath.sh
-- Installing: /home/basile/Documents/3a/guerledan/Guerledan-projet-gonio/ros2_ws/install/interval_analysis_interfaces/share/interval_analysis_interfaces/environment/pythonpath.dsv
-- Up-to-date: /home/basile/Documents/3a/guerledan/Guerledan-projet-gonio/ros2_ws/install/interval_analysis_interfaces/local/lib/python3.10/dist-packages/interval_analysis_interfaces-0.0.0-py3.10.egg-info
-- Installing: /home/basile/Documents/3a/guerledan/Guerledan-projet-gonio/ros2_ws/install/interval_analysis_interfaces/local/lib/python3.10/dist-packages/interval_analysis_interfaces-0.0.0-py3.10.egg-info/top_level.txt
-- Installing: /home/basile/Documents/3a/guerledan/Guerledan-projet-gonio/ros2_ws/install/interval_analysis_interfaces/local/lib/python3.10/dist-packages/interval_analysis_interfaces-0.0.0-py3.10.egg-info/dependency_links.txt
-- Installing: /home/basile/Documents/3a/guerledan/Guerledan-projet-gonio/ros2_ws/install/interval_analysis_interfaces/local/lib/python3.10/dist-packages/interval_analysis_interfaces-0.0.0-py3.10.egg-info/PKG-INFO
-- Installing: /home/basile/Documents/3a/guerledan/Guerledan-projet-gonio/ros2_ws/install/interval_analysis_interfaces/local/lib/python3.10/dist-packages/interval_analysis_interfaces-0.0.0-py3.10.egg-info/SOURCES.txt
-- Up-to-date: /home/basile/Documents/3a/guerledan/Guerledan-projet-gonio/ros2_ws/install/interval_analysis_interfaces/local/lib/python3.10/dist-packages/interval_analysis_interfaces
-- Installing: /home/basile/Documents/3a/guerledan/Guerledan-projet-gonio/ros2_ws/install/interval_analysis_interfaces/local/lib/python3.10/dist-packages/interval_analysis_interfaces/_interval_analysis_interfaces_s.ep.rosidl_typesupport_fastrtps_c.c
-- Up-to-date: /home/basile/Documents/3a/guerledan/Guerledan-projet-gonio/ros2_ws/install/interval_analysis_interfaces/local/lib/python3.10/dist-packages/interval_analysis_interfaces/msg
-- Installing: /home/basile/Documents/3a/guerledan/Guerledan-projet-gonio/ros2_ws/install/interval_analysis_interfaces/local/lib/python3.10/dist-packages/interval_analysis_interfaces/msg/_tube_stamped_s.c
-- Installing: /home/basile/Documents/3a/guerledan/Guerledan-projet-gonio/ros2_ws/install/interval_analysis_interfaces/local/lib/python3.10/dist-packages/interval_analysis_interfaces/msg/_box.py
-- Installing: /home/basile/Documents/3a/guerledan/Guerledan-projet-gonio/ros2_ws/install/interval_analysis_interfaces/local/lib/python3.10/dist-packages/interval_analysis_interfaces/msg/_interval_s.c
-- Installing: /home/basile/Documents/3a/guerledan/Guerledan-projet-gonio/ros2_ws/install/interval_analysis_interfaces/local/lib/python3.10/dist-packages/interval_analysis_interfaces/msg/_interval.py
-- Installing: /home/basile/Documents/3a/guerledan/Guerledan-projet-gonio/ros2_ws/install/interval_analysis_interfaces/local/lib/python3.10/dist-packages/interval_analysis_interfaces/msg/_tube.py
-- Installing: /home/basile/Documents/3a/guerledan/Guerledan-projet-gonio/ros2_ws/install/interval_analysis_interfaces/local/lib/python3.10/dist-packages/interval_analysis_interfaces/msg/_box_stamped_s.c
-- Installing: /home/basile/Documents/3a/guerledan/Guerledan-projet-gonio/ros2_ws/install/interval_analysis_interfaces/local/lib/python3.10/dist-packages/interval_analysis_interfaces/msg/_box_stamped.py
-- Installing: /home/basile/Documents/3a/guerledan/Guerledan-projet-gonio/ros2_ws/install/interval_analysis_interfaces/local/lib/python3.10/dist-packages/interval_analysis_interfaces/msg/_box_list_stamped_s.c
-- Installing: /home/basile/Documents/3a/guerledan/Guerledan-projet-gonio/ros2_ws/install/interval_analysis_interfaces/local/lib/python3.10/dist-packages/interval_analysis_interfaces/msg/_interval_stamped.py
-- Installing: /home/basile/Documents/3a/guerledan/Guerledan-projet-gonio/ros2_ws/install/interval_analysis_interfaces/local/lib/python3.10/dist-packages/interval_analysis_interfaces/msg/_box_list_stamped.py
-- Installing: /home/basile/Documents/3a/guerledan/Guerledan-projet-gonio/ros2_ws/install/interval_analysis_interfaces/local/lib/python3.10/dist-packages/interval_analysis_interfaces/msg/_tube_stamped.py
-- Installing: /home/basile/Documents/3a/guerledan/Guerledan-projet-gonio/ros2_ws/install/interval_analysis_interfaces/local/lib/python3.10/dist-packages/interval_analysis_interfaces/msg/__init__.py
-- Installing: /home/basile/Documents/3a/guerledan/Guerledan-projet-gonio/ros2_ws/install/interval_analysis_interfaces/local/lib/python3.10/dist-packages/interval_analysis_interfaces/msg/_box_s.c
-- Installing: /home/basile/Documents/3a/guerledan/Guerledan-projet-gonio/ros2_ws/install/interval_analysis_interfaces/local/lib/python3.10/dist-packages/interval_analysis_interfaces/msg/_interval_stamped_s.c
-- Installing: /home/basile/Documents/3a/guerledan/Guerledan-projet-gonio/ros2_ws/install/interval_analysis_interfaces/local/lib/python3.10/dist-packages/interval_analysis_interfaces/msg/_tube_s.c
-- Installing: /home/basile/Documents/3a/guerledan/Guerledan-projet-gonio/ros2_ws/install/interval_analysis_interfaces/local/lib/python3.10/dist-packages/interval_analysis_interfaces/interval_analysis_interfaces_s__rosidl_typesupport_introspection_c.cpython-310-x86_64-linux-gnu.so
-- Installing: /home/basile/Documents/3a/guerledan/Guerledan-projet-gonio/ros2_ws/install/interval_analysis_interfaces/local/lib/python3.10/dist-packages/interval_analysis_interfaces/interval_analysis_interfaces_s__rosidl_typesupport_fastrtps_c.cpython-310-x86_64-linux-gnu.so
-- Installing: /home/basile/Documents/3a/guerledan/Guerledan-projet-gonio/ros2_ws/install/interval_analysis_interfaces/local/lib/python3.10/dist-packages/interval_analysis_interfaces/libinterval_analysis_interfaces__rosidl_generator_py.so
-- Installing: /home/basile/Documents/3a/guerledan/Guerledan-projet-gonio/ros2_ws/install/interval_analysis_interfaces/local/lib/python3.10/dist-packages/interval_analysis_interfaces/_interval_analysis_interfaces_s.ep.rosidl_typesupport_introspection_c.c
-- Installing: /home/basile/Documents/3a/guerledan/Guerledan-projet-gonio/ros2_ws/install/interval_analysis_interfaces/local/lib/python3.10/dist-packages/interval_analysis_interfaces/_interval_analysis_interfaces_s.ep.rosidl_typesupport_c.c
-- Installing: /home/basile/Documents/3a/guerledan/Guerledan-projet-gonio/ros2_ws/install/interval_analysis_interfaces/local/lib/python3.10/dist-packages/interval_analysis_interfaces/__init__.py
-- Installing: /home/basile/Documents/3a/guerledan/Guerledan-projet-gonio/ros2_ws/install/interval_analysis_interfaces/local/lib/python3.10/dist-packages/interval_analysis_interfaces/interval_analysis_interfaces_s__rosidl_typesupport_c.cpython-310-x86_64-linux-gnu.so
Listing '/home/basile/Documents/3a/guerledan/Guerledan-projet-gonio/ros2_ws/install/interval_analysis_interfaces/local/lib/python3.10/dist-packages/interval_analysis_interfaces'...
Compiling '/home/basile/Documents/3a/guerledan/Guerledan-projet-gonio/ros2_ws/install/interval_analysis_interfaces/local/lib/python3.10/dist-packages/interval_analysis_interfaces/__init__.py'...
Listing '/home/basile/Documents/3a/guerledan/Guerledan-projet-gonio/ros2_ws/install/interval_analysis_interfaces/local/lib/python3.10/dist-packages/interval_analysis_interfaces/msg'...
Compiling '/home/basile/Documents/3a/guerledan/Guerledan-projet-gonio/ros2_ws/install/interval_analysis_interfaces/local/lib/python3.10/dist-packages/interval_analysis_interfaces/msg/__init__.py'...
Compiling '/home/basile/Documents/3a/guerledan/Guerledan-projet-gonio/ros2_ws/install/interval_analysis_interfaces/local/lib/python3.10/dist-packages/interval_analysis_interfaces/msg/_box.py'...
Compiling '/home/basile/Documents/3a/guerledan/Guerledan-projet-gonio/ros2_ws/install/interval_analysis_interfaces/local/lib/python3.10/dist-packages/interval_analysis_interfaces/msg/_box_list_stamped.py'...
Compiling '/home/basile/Documents/3a/guerledan/Guerledan-projet-gonio/ros2_ws/install/interval_analysis_interfaces/local/lib/python3.10/dist-packages/interval_analysis_interfaces/msg/_box_stamped.py'...
Compiling '/home/basile/Documents/3a/guerledan/Guerledan-projet-gonio/ros2_ws/install/interval_analysis_interfaces/local/lib/python3.10/dist-packages/interval_analysis_interfaces/msg/_interval.py'...
Compiling '/home/basile/Documents/3a/guerledan/Guerledan-projet-gonio/ros2_ws/install/interval_analysis_interfaces/local/lib/python3.10/dist-packages/interval_analysis_interfaces/msg/_interval_stamped.py'...
Compiling '/home/basile/Documents/3a/guerledan/Guerledan-projet-gonio/ros2_ws/install/interval_analysis_interfaces/local/lib/python3.10/dist-packages/interval_analysis_interfaces/msg/_tube.py'...
Compiling '/home/basile/Documents/3a/guerledan/Guerledan-projet-gonio/ros2_ws/install/interval_analysis_interfaces/local/lib/python3.10/dist-packages/interval_analysis_interfaces/msg/_tube_stamped.py'...
-- Installing: /home/basile/Documents/3a/guerledan/Guerledan-projet-gonio/ros2_ws/install/interval_analysis_interfaces/local/lib/python3.10/dist-packages/interval_analysis_interfaces/interval_analysis_interfaces_s__rosidl_typesupport_fastrtps_c.cpython-310-x86_64-linux-gnu.so
-- Set runtime path of "/home/basile/Documents/3a/guerledan/Guerledan-projet-gonio/ros2_ws/install/interval_analysis_interfaces/local/lib/python3.10/dist-packages/interval_analysis_interfaces/interval_analysis_interfaces_s__rosidl_typesupport_fastrtps_c.cpython-310-x86_64-linux-gnu.so" to ""
-- Installing: /home/basile/Documents/3a/guerledan/Guerledan-projet-gonio/ros2_ws/install/interval_analysis_interfaces/local/lib/python3.10/dist-packages/interval_analysis_interfaces/interval_analysis_interfaces_s__rosidl_typesupport_introspection_c.cpython-310-x86_64-linux-gnu.so
-- Set runtime path of "/home/basile/Documents/3a/guerledan/Guerledan-projet-gonio/ros2_ws/install/interval_analysis_interfaces/local/lib/python3.10/dist-packages/interval_analysis_interfaces/interval_analysis_interfaces_s__rosidl_typesupport_introspection_c.cpython-310-x86_64-linux-gnu.so" to ""
-- Installing: /home/basile/Documents/3a/guerledan/Guerledan-projet-gonio/ros2_ws/install/interval_analysis_interfaces/local/lib/python3.10/dist-packages/interval_analysis_interfaces/interval_analysis_interfaces_s__rosidl_typesupport_c.cpython-310-x86_64-linux-gnu.so
-- Set runtime path of "/home/basile/Documents/3a/guerledan/Guerledan-projet-gonio/ros2_ws/install/interval_analysis_interfaces/local/lib/python3.10/dist-packages/interval_analysis_interfaces/interval_analysis_interfaces_s__rosidl_typesupport_c.cpython-310-x86_64-linux-gnu.so" to ""
-- Installing: /home/basile/Documents/3a/guerledan/Guerledan-projet-gonio/ros2_ws/install/interval_analysis_interfaces/lib/libinterval_analysis_interfaces__rosidl_generator_py.so
-- Set runtime path of "/home/basile/Documents/3a/guerledan/Guerledan-projet-gonio/ros2_ws/install/interval_analysis_interfaces/lib/libinterval_analysis_interfaces__rosidl_generator_py.so" to ""
-- Installing: /home/basile/Documents/3a/guerledan/Guerledan-projet-gonio/ros2_ws/install/interval_analysis_interfaces/share/interval_analysis_interfaces/msg/Interval.idl
-- Installing: /home/basile/Documents/3a/guerledan/Guerledan-projet-gonio/ros2_ws/install/interval_analysis_interfaces/share/interval_analysis_interfaces/msg/IntervalStamped.idl
-- Installing: /home/basile/Documents/3a/guerledan/Guerledan-projet-gonio/ros2_ws/install/interval_analysis_interfaces/share/interval_analysis_interfaces/msg/Box.idl
-- Installing: /home/basile/Documents/3a/guerledan/Guerledan-projet-gonio/ros2_ws/install/interval_analysis_interfaces/share/interval_analysis_interfaces/msg/BoxStamped.idl
-- Installing: /home/basile/Documents/3a/guerledan/Guerledan-projet-gonio/ros2_ws/install/interval_analysis_interfaces/share/interval_analysis_interfaces/msg/Tube.idl
-- Installing: /home/basile/Documents/3a/guerledan/Guerledan-projet-gonio/ros2_ws/install/interval_analysis_interfaces/share/interval_analysis_interfaces/msg/TubeStamped.idl
-- Installing: /home/basile/Documents/3a/guerledan/Guerledan-projet-gonio/ros2_ws/install/interval_analysis_interfaces/share/interval_analysis_interfaces/msg/BoxListStamped.idl
-- Up-to-date: /home/basile/Documents/3a/guerledan/Guerledan-projet-gonio/ros2_ws/install/interval_analysis_interfaces/share/interval_analysis_interfaces/msg/Interval.msg
-- Up-to-date: /home/basile/Documents/3a/guerledan/Guerledan-projet-gonio/ros2_ws/install/interval_analysis_interfaces/share/interval_analysis_interfaces/msg/IntervalStamped.msg
-- Up-to-date: /home/basile/Documents/3a/guerledan/Guerledan-projet-gonio/ros2_ws/install/interval_analysis_interfaces/share/interval_analysis_interfaces/msg/Box.msg
-- Up-to-date: /home/basile/Documents/3a/guerledan/Guerledan-projet-gonio/ros2_ws/install/interval_analysis_interfaces/share/interval_analysis_interfaces/msg/BoxStamped.msg
-- Up-to-date: /home/basile/Documents/3a/guerledan/Guerledan-projet-gonio/ros2_ws/install/interval_analysis_interfaces/share/interval_analysis_interfaces/msg/Tube.msg
-- Up-to-date: /home/basile/Documents/3a/guerledan/Guerledan-projet-gonio/ros2_ws/install/interval_analysis_interfaces/share/interval_analysis_interfaces/msg/TubeStamped.msg
-- Up-to-date: /home/basile/Documents/3a/guerledan/Guerledan-projet-gonio/ros2_ws/install/interval_analysis_interfaces/share/interval_analysis_interfaces/msg/BoxListStamped.msg
-- Installing: /home/basile/Documents/3a/guerledan/Guerledan-projet-gonio/ros2_ws/install/interval_analysis_interfaces/share/ament_index/resource_index/package_run_dependencies/interval_analysis_interfaces
-- Installing: /home/basile/Documents/3a/guerledan/Guerledan-projet-gonio/ros2_ws/install/interval_analysis_interfaces/share/ament_index/resource_index/parent_prefix_path/interval_analysis_interfaces
-- Up-to-date: /home/basile/Documents/3a/guerledan/Guerledan-projet-gonio/ros2_ws/install/interval_analysis_interfaces/share/interval_analysis_interfaces/environment/ament_prefix_path.sh
-- Installing: /home/basile/Documents/3a/guerledan/Guerledan-projet-gonio/ros2_ws/install/interval_analysis_interfaces/share/interval_analysis_interfaces/environment/ament_prefix_path.dsv
-- Up-to-date: /home/basile/Documents/3a/guerledan/Guerledan-projet-gonio/ros2_ws/install/interval_analysis_interfaces/share/interval_analysis_interfaces/environment/path.sh
-- Installing: /home/basile/Documents/3a/guerledan/Guerledan-projet-gonio/ros2_ws/install/interval_analysis_interfaces/share/interval_analysis_interfaces/environment/path.dsv
-- Installing: /home/basile/Documents/3a/guerledan/Guerledan-projet-gonio/ros2_ws/install/interval_analysis_interfaces/share/interval_analysis_interfaces/local_setup.bash
-- Installing: /home/basile/Documents/3a/guerledan/Guerledan-projet-gonio/ros2_ws/install/interval_analysis_interfaces/share/interval_analysis_interfaces/local_setup.sh
-- Installing: /home/basile/Documents/3a/guerledan/Guerledan-projet-gonio/ros2_ws/install/interval_analysis_interfaces/share/interval_analysis_interfaces/local_setup.zsh
-- Installing: /home/basile/Documents/3a/guerledan/Guerledan-projet-gonio/ros2_ws/install/interval_analysis_interfaces/share/interval_analysis_interfaces/local_setup.dsv
-- Installing: /home/basile/Documents/3a/guerledan/Guerledan-projet-gonio/ros2_ws/install/interval_analysis_interfaces/share/interval_analysis_interfaces/package.dsv
-- Installing: /home/basile/Documents/3a/guerledan/Guerledan-projet-gonio/ros2_ws/install/interval_analysis_interfaces/share/ament_index/resource_index/packages/interval_analysis_interfaces
-- Installing: /home/basile/Documents/3a/guerledan/Guerledan-projet-gonio/ros2_ws/install/interval_analysis_interfaces/share/interval_analysis_interfaces/cmake/export_interval_analysis_interfaces__rosidl_generator_cExport.cmake
-- Installing: /home/basile/Documents/3a/guerledan/Guerledan-projet-gonio/ros2_ws/install/interval_analysis_interfaces/share/interval_analysis_interfaces/cmake/export_interval_analysis_interfaces__rosidl_generator_cExport-noconfig.cmake
-- Installing: /home/basile/Documents/3a/guerledan/Guerledan-projet-gonio/ros2_ws/install/interval_analysis_interfaces/share/interval_analysis_interfaces/cmake/export_interval_analysis_interfaces__rosidl_typesupport_fastrtps_cExport.cmake
-- Installing: /home/basile/Documents/3a/guerledan/Guerledan-projet-gonio/ros2_ws/install/interval_analysis_interfaces/share/interval_analysis_interfaces/cmake/export_interval_analysis_interfaces__rosidl_typesupport_fastrtps_cExport-noconfig.cmake
-- Installing: /home/basile/Documents/3a/guerledan/Guerledan-projet-gonio/ros2_ws/install/interval_analysis_interfaces/share/interval_analysis_interfaces/cmake/export_interval_analysis_interfaces__rosidl_generator_cppExport.cmake
-- Installing: /home/basile/Documents/3a/guerledan/Guerledan-projet-gonio/ros2_ws/install/interval_analysis_interfaces/share/interval_analysis_interfaces/cmake/export_interval_analysis_interfaces__rosidl_typesupport_fastrtps_cppExport.cmake
-- Installing: /home/basile/Documents/3a/guerledan/Guerledan-projet-gonio/ros2_ws/install/interval_analysis_interfaces/share/interval_analysis_interfaces/cmake/export_interval_analysis_interfaces__rosidl_typesupport_fastrtps_cppExport-noconfig.cmake
-- Installing: /home/basile/Documents/3a/guerledan/Guerledan-projet-gonio/ros2_ws/install/interval_analysis_interfaces/share/interval_analysis_interfaces/cmake/interval_analysis_interfaces__rosidl_typesupport_introspection_cExport.cmake
-- Installing: /home/basile/Documents/3a/guerledan/Guerledan-projet-gonio/ros2_ws/install/interval_analysis_interfaces/share/interval_analysis_interfaces/cmake/interval_analysis_interfaces__rosidl_typesupport_introspection_cExport-noconfig.cmake
-- Installing: /home/basile/Documents/3a/guerledan/Guerledan-projet-gonio/ros2_ws/install/interval_analysis_interfaces/share/interval_analysis_interfaces/cmake/interval_analysis_interfaces__rosidl_typesupport_cExport.cmake
-- Installing: /home/basile/Documents/3a/guerledan/Guerledan-projet-gonio/ros2_ws/install/interval_analysis_interfaces/share/interval_analysis_interfaces/cmake/interval_analysis_interfaces__rosidl_typesupport_cExport-noconfig.cmake
-- Installing: /home/basile/Documents/3a/guerledan/Guerledan-projet-gonio/ros2_ws/install/interval_analysis_interfaces/share/interval_analysis_interfaces/cmake/interval_analysis_interfaces__rosidl_typesupport_introspection_cppExport.cmake
-- Installing: /home/basile/Documents/3a/guerledan/Guerledan-projet-gonio/ros2_ws/install/interval_analysis_interfaces/share/interval_analysis_interfaces/cmake/interval_analysis_interfaces__rosidl_typesupport_introspection_cppExport-noconfig.cmake
-- Installing: /home/basile/Documents/3a/guerledan/Guerledan-projet-gonio/ros2_ws/install/interval_analysis_interfaces/share/interval_analysis_interfaces/cmake/interval_analysis_interfaces__rosidl_typesupport_cppExport.cmake
-- Installing: /home/basile/Documents/3a/guerledan/Guerledan-projet-gonio/ros2_ws/install/interval_analysis_interfaces/share/interval_analysis_interfaces/cmake/interval_analysis_interfaces__rosidl_typesupport_cppExport-noconfig.cmake
-- Installing: /home/basile/Documents/3a/guerledan/Guerledan-projet-gonio/ros2_ws/install/interval_analysis_interfaces/share/interval_analysis_interfaces/cmake/export_interval_analysis_interfaces__rosidl_generator_pyExport.cmake
-- Installing: /home/basile/Documents/3a/guerledan/Guerledan-projet-gonio/ros2_ws/install/interval_analysis_interfaces/share/interval_analysis_interfaces/cmake/export_interval_analysis_interfaces__rosidl_generator_pyExport-noconfig.cmake
-- Installing: /home/basile/Documents/3a/guerledan/Guerledan-projet-gonio/ros2_ws/install/interval_analysis_interfaces/share/interval_analysis_interfaces/cmake/rosidl_cmake-extras.cmake
-- Installing: /home/basile/Documents/3a/guerledan/Guerledan-projet-gonio/ros2_ws/install/interval_analysis_interfaces/share/interval_analysis_interfaces/cmake/ament_cmake_export_dependencies-extras.cmake
-- Installing: /home/basile/Documents/3a/guerledan/Guerledan-projet-gonio/ros2_ws/install/interval_analysis_interfaces/share/interval_analysis_interfaces/cmake/ament_cmake_export_include_directories-extras.cmake
-- Installing: /home/basile/Documents/3a/guerledan/Guerledan-projet-gonio/ros2_ws/install/interval_analysis_interfaces/share/interval_analysis_interfaces/cmake/ament_cmake_export_libraries-extras.cmake
-- Installing: /home/basile/Documents/3a/guerledan/Guerledan-projet-gonio/ros2_ws/install/interval_analysis_interfaces/share/interval_analysis_interfaces/cmake/ament_cmake_export_targets-extras.cmake
-- Installing: /home/basile/Documents/3a/guerledan/Guerledan-projet-gonio/ros2_ws/install/interval_analysis_interfaces/share/interval_analysis_interfaces/cmake/rosidl_cmake_export_typesupport_targets-extras.cmake
-- Installing: /home/basile/Documents/3a/guerledan/Guerledan-projet-gonio/ros2_ws/install/interval_analysis_interfaces/share/interval_analysis_interfaces/cmake/rosidl_cmake_export_typesupport_libraries-extras.cmake
-- Installing: /home/basile/Documents/3a/guerledan/Guerledan-projet-gonio/ros2_ws/install/interval_analysis_interfaces/share/interval_analysis_interfaces/cmake/interval_analysis_interfacesConfig.cmake
-- Installing: /home/basile/Documents/3a/guerledan/Guerledan-projet-gonio/ros2_ws/install/interval_analysis_interfaces/share/interval_analysis_interfaces/cmake/interval_analysis_interfacesConfig-version.cmake
-- Up-to-date: /home/basile/Documents/3a/guerledan/Guerledan-projet-gonio/ros2_ws/install/interval_analysis_interfaces/share/interval_analysis_interfaces/package.xml
