[0.008s] Invoking command in '/home/basile/Documents/3a/guerledan/Guerledan-projet-gonio/ros2_ws/build/interval_analysis_interfaces': CMAKE_PREFIX_PATH=${CMAKE_PREFIX_PATH}:/home/basile/Documents/3a/guerledan/Guerledan-projet-gonio/ros2_ws/install/interval_contractor:/home/basile/Documents/3a/guerledan/Guerledan-projet-gonio/ros2_ws/install/interval_analysis_examples:/home/basile/Documents/3a/guerledan/Guerledan-projet-gonio/ros2_ws/install/gonio_python_simu_ros:/home/basile/Documents/3a/guerledan/Guerledan-projet-gonio/ros2_ws/install/get_intervals:/home/basile/Documents/ros2_ws/install/interval_analysis_examples:/home/basile/Documents/s4/workspaceros/install/my_package:/opt/ros/humble /usr/bin/cmake /home/basile/Documents/3a/guerledan/Guerledan-projet-gonio/ros2_ws/src/interval_analysis_interfaces -DCMAKE_INSTALL_PREFIX=/home/basile/Documents/3a/guerledan/Guerledan-projet-gonio/ros2_ws/install/interval_analysis_interfaces
[0.148s] -- The C compiler identification is GNU 11.4.0
[0.222s] -- The CXX compiler identification is GNU 11.4.0
[0.231s] -- Detecting C compiler ABI info
[0.342s] -- Detecting C compiler ABI info - done
[0.347s] -- Check for working C compiler: /usr/bin/cc - skipped
[0.347s] -- Detecting C compile features
[0.348s] -- Detecting C compile features - done
[0.352s] -- Detecting CXX compiler ABI info
[0.408s] -- Detecting CXX compiler ABI info - done
[0.413s] -- Check for working CXX compiler: /usr/bin/c++ - skipped
[0.413s] -- Detecting CXX compile features
[0.413s] -- Detecting CXX compile features - done
[0.417s] -- Found ament_cmake: 1.3.10 (/opt/ros/humble/share/ament_cmake/cmake)
[0.540s] -- Found Python3: /usr/bin/python3 (found version "3.10.12") found components: Interpreter 
[0.628s] -- Found rclcpp: 16.0.10 (/opt/ros/humble/share/rclcpp/cmake)
[0.675s] -- Found rosidl_generator_c: 3.1.5 (/opt/ros/humble/share/rosidl_generator_c/cmake)
[0.680s] -- Found rosidl_adapter: 3.1.5 (/opt/ros/humble/share/rosidl_adapter/cmake)
[0.691s] -- Found rosidl_generator_cpp: 3.1.5 (/opt/ros/humble/share/rosidl_generator_cpp/cmake)
[0.702s] -- Using all available rosidl_typesupport_c: rosidl_typesupport_fastrtps_c;rosidl_typesupport_introspection_c
[0.717s] -- Using all available rosidl_typesupport_cpp: rosidl_typesupport_fastrtps_cpp;rosidl_typesupport_introspection_cpp
[0.761s] -- Found rmw_implementation_cmake: 6.1.2 (/opt/ros/humble/share/rmw_implementation_cmake/cmake)
[0.765s] -- Found rmw_fastrtps_cpp: 6.2.7 (/opt/ros/humble/share/rmw_fastrtps_cpp/cmake)
[0.842s] -- Found OpenSSL: /usr/lib/x86_64-linux-gnu/libcrypto.so (found version "3.0.2")  
[0.863s] -- Found FastRTPS: /opt/ros/humble/include  
[0.892s] -- Using RMW implementation 'rmw_fastrtps_cpp' as default
[0.902s] -- Looking for pthread.h
[0.965s] -- Looking for pthread.h - found
[0.965s] -- Performing Test CMAKE_HAVE_LIBC_PTHREAD
[1.023s] -- Performing Test CMAKE_HAVE_LIBC_PTHREAD - Success
[1.023s] -- Found Threads: TRUE  
[1.069s] -- Found rosidl_default_generators: 1.2.0 (/opt/ros/humble/share/rosidl_default_generators/cmake)
[1.296s] -- Found ament_cmake_ros: 0.10.0 (/opt/ros/humble/share/ament_cmake_ros/cmake)
[1.570s] -- Using all available rosidl_typesupport_c: rosidl_typesupport_fastrtps_c;rosidl_typesupport_introspection_c
[1.678s] -- Using all available rosidl_typesupport_cpp: rosidl_typesupport_fastrtps_cpp;rosidl_typesupport_introspection_cpp
[1.698s] -- Found PythonInterp: /usr/bin/python3 (found suitable version "3.10.12", minimum required is "3.6") 
[1.700s] -- Found python_cmake_module: 0.10.0 (/opt/ros/humble/share/python_cmake_module/cmake)
[1.723s] -- Found PythonLibs: /usr/lib/x86_64-linux-gnu/libpython3.10.so (found suitable version "3.10.12", minimum required is "3.5") 
[1.723s] -- Using PYTHON_EXECUTABLE: /usr/bin/python3
[1.723s] -- Using PYTHON_INCLUDE_DIRS: /usr/include/python3.10
[1.723s] -- Using PYTHON_LIBRARIES: /usr/lib/x86_64-linux-gnu/libpython3.10.so
[1.741s] -- Found PythonExtra: .so  
[1.781s] -- Found ament_lint_auto: 0.12.11 (/opt/ros/humble/share/ament_lint_auto/cmake)
[1.805s] -- Added test 'lint_cmake' to check CMake code style
[1.806s] -- Added test 'xmllint' to check XML markup files
[1.808s] -- Configuring done
[1.835s] -- Generating done
[1.837s] -- Build files have been written to: /home/basile/Documents/3a/guerledan/Guerledan-projet-gonio/ros2_ws/build/interval_analysis_interfaces
[1.846s] Invoked command in '/home/basile/Documents/3a/guerledan/Guerledan-projet-gonio/ros2_ws/build/interval_analysis_interfaces' returned '0': CMAKE_PREFIX_PATH=${CMAKE_PREFIX_PATH}:/home/basile/Documents/3a/guerledan/Guerledan-projet-gonio/ros2_ws/install/interval_contractor:/home/basile/Documents/3a/guerledan/Guerledan-projet-gonio/ros2_ws/install/interval_analysis_examples:/home/basile/Documents/3a/guerledan/Guerledan-projet-gonio/ros2_ws/install/gonio_python_simu_ros:/home/basile/Documents/3a/guerledan/Guerledan-projet-gonio/ros2_ws/install/get_intervals:/home/basile/Documents/ros2_ws/install/interval_analysis_examples:/home/basile/Documents/s4/workspaceros/install/my_package:/opt/ros/humble /usr/bin/cmake /home/basile/Documents/3a/guerledan/Guerledan-projet-gonio/ros2_ws/src/interval_analysis_interfaces -DCMAKE_INSTALL_PREFIX=/home/basile/Documents/3a/guerledan/Guerledan-projet-gonio/ros2_ws/install/interval_analysis_interfaces
[1.847s] Invoking command in '/home/basile/Documents/3a/guerledan/Guerledan-projet-gonio/ros2_ws/build/interval_analysis_interfaces': CMAKE_PREFIX_PATH=${CMAKE_PREFIX_PATH}:/home/basile/Documents/3a/guerledan/Guerledan-projet-gonio/ros2_ws/install/interval_contractor:/home/basile/Documents/3a/guerledan/Guerledan-projet-gonio/ros2_ws/install/interval_analysis_examples:/home/basile/Documents/3a/guerledan/Guerledan-projet-gonio/ros2_ws/install/gonio_python_simu_ros:/home/basile/Documents/3a/guerledan/Guerledan-projet-gonio/ros2_ws/install/get_intervals:/home/basile/Documents/ros2_ws/install/interval_analysis_examples:/home/basile/Documents/s4/workspaceros/install/my_package:/opt/ros/humble /usr/bin/cmake --build /home/basile/Documents/3a/guerledan/Guerledan-projet-gonio/ros2_ws/build/interval_analysis_interfaces -- -j8 -l8
[1.876s] [  1%] [34m[1mGenerating C code for ROS interfaces[0m
[1.883s] [  2%] [34m[1mGenerating C++ code for ROS interfaces[0m
[1.889s] [  2%] Built target ament_cmake_python_copy_interval_analysis_interfaces
[2.067s] running egg_info
[2.067s] creating interval_analysis_interfaces.egg-info
[2.068s] writing interval_analysis_interfaces.egg-info/PKG-INFO
[2.068s] writing dependency_links to interval_analysis_interfaces.egg-info/dependency_links.txt
[2.068s] writing top-level names to interval_analysis_interfaces.egg-info/top_level.txt
[2.068s] writing manifest file 'interval_analysis_interfaces.egg-info/SOURCES.txt'
[2.069s] reading manifest file 'interval_analysis_interfaces.egg-info/SOURCES.txt'
[2.070s] writing manifest file 'interval_analysis_interfaces.egg-info/SOURCES.txt'
[2.090s] [  2%] Built target ament_cmake_python_build_interval_analysis_interfaces_egg
[2.446s] [  2%] Built target interval_analysis_interfaces__cpp
[2.455s] [  6%] [34m[1mGenerating C++ type support dispatch for ROS interfaces[0m
[2.456s] [  6%] [34m[1mGenerating C++ introspection for ROS interfaces[0m
[2.456s] [  6%] [34m[1mGenerating C++ type support for eProsima Fast-RTPS[0m
[2.633s] [ 12%] [32mBuilding C object CMakeFiles/interval_analysis_interfaces__rosidl_generator_c.dir/rosidl_generator_c/interval_analysis_interfaces/msg/detail/interval_stamped__functions.c.o[0m
[2.633s] [ 12%] [32mBuilding C object CMakeFiles/interval_analysis_interfaces__rosidl_generator_c.dir/rosidl_generator_c/interval_analysis_interfaces/msg/detail/tube__functions.c.o[0m
[2.633s] [ 12%] [32mBuilding C object CMakeFiles/interval_analysis_interfaces__rosidl_generator_c.dir/rosidl_generator_c/interval_analysis_interfaces/msg/detail/box_stamped__functions.c.o[0m
[2.633s] [ 12%] [32mBuilding C object CMakeFiles/interval_analysis_interfaces__rosidl_generator_c.dir/rosidl_generator_c/interval_analysis_interfaces/msg/detail/interval__functions.c.o[0m
[2.634s] [ 12%] [32mBuilding C object CMakeFiles/interval_analysis_interfaces__rosidl_generator_c.dir/rosidl_generator_c/interval_analysis_interfaces/msg/detail/box__functions.c.o[0m
[2.803s] [ 13%] [32mBuilding C object CMakeFiles/interval_analysis_interfaces__rosidl_generator_c.dir/rosidl_generator_c/interval_analysis_interfaces/msg/detail/tube_stamped__functions.c.o[0m
[2.803s] [ 15%] [32mBuilding C object CMakeFiles/interval_analysis_interfaces__rosidl_generator_c.dir/rosidl_generator_c/interval_analysis_interfaces/msg/detail/box_list_stamped__functions.c.o[0m
[2.957s] [ 16%] [32m[1mLinking C shared library libinterval_analysis_interfaces__rosidl_generator_c.so[0m
[2.987s] [ 16%] Built target interval_analysis_interfaces__rosidl_generator_c
[2.996s] [ 17%] [34m[1mGenerating C type support for eProsima Fast-RTPS[0m
[2.997s] [ 18%] [34m[1mGenerating C type support dispatch for ROS interfaces[0m
[2.997s] [ 20%] [34m[1mGenerating C introspection for ROS interfaces[0m
[4.058s] [ 21%] [32mBuilding CXX object CMakeFiles/interval_analysis_interfaces__rosidl_typesupport_c.dir/rosidl_typesupport_c/interval_analysis_interfaces/msg/interval__type_support.cpp.o[0m
[4.062s] [ 22%] [32mBuilding CXX object CMakeFiles/interval_analysis_interfaces__rosidl_typesupport_c.dir/rosidl_typesupport_c/interval_analysis_interfaces/msg/interval_stamped__type_support.cpp.o[0m
[4.064s] [ 24%] [32mBuilding CXX object CMakeFiles/interval_analysis_interfaces__rosidl_typesupport_c.dir/rosidl_typesupport_c/interval_analysis_interfaces/msg/box__type_support.cpp.o[0m
[4.098s] [ 25%] [32mBuilding CXX object CMakeFiles/interval_analysis_interfaces__rosidl_typesupport_c.dir/rosidl_typesupport_c/interval_analysis_interfaces/msg/box_stamped__type_support.cpp.o[0m
[4.184s] [ 26%] [32mBuilding CXX object CMakeFiles/interval_analysis_interfaces__rosidl_typesupport_c.dir/rosidl_typesupport_c/interval_analysis_interfaces/msg/tube__type_support.cpp.o[0m
[4.213s] [ 27%] [32mBuilding CXX object CMakeFiles/interval_analysis_interfaces__rosidl_typesupport_c.dir/rosidl_typesupport_c/interval_analysis_interfaces/msg/tube_stamped__type_support.cpp.o[0m
[4.220s] [ 29%] [32mBuilding CXX object CMakeFiles/interval_analysis_interfaces__rosidl_typesupport_cpp.dir/rosidl_typesupport_cpp/interval_analysis_interfaces/msg/interval__type_support.cpp.o[0m
[4.230s] [ 30%] [32mBuilding CXX object CMakeFiles/interval_analysis_interfaces__rosidl_typesupport_c.dir/rosidl_typesupport_c/interval_analysis_interfaces/msg/box_list_stamped__type_support.cpp.o[0m
[4.239s] [ 31%] [32mBuilding CXX object CMakeFiles/interval_analysis_interfaces__rosidl_typesupport_cpp.dir/rosidl_typesupport_cpp/interval_analysis_interfaces/msg/interval_stamped__type_support.cpp.o[0m
[4.246s] [ 32%] [32mBuilding CXX object CMakeFiles/interval_analysis_interfaces__rosidl_typesupport_cpp.dir/rosidl_typesupport_cpp/interval_analysis_interfaces/msg/box__type_support.cpp.o[0m
[4.365s] [ 34%] [32mBuilding CXX object CMakeFiles/interval_analysis_interfaces__rosidl_typesupport_fastrtps_cpp.dir/rosidl_typesupport_fastrtps_cpp/interval_analysis_interfaces/msg/detail/dds_fastrtps/interval__type_support.cpp.o[0m
[4.376s] [ 35%] [32m[1mLinking CXX shared library libinterval_analysis_interfaces__rosidl_typesupport_c.so[0m
[4.415s] [ 35%] Built target interval_analysis_interfaces__rosidl_typesupport_c
[4.424s] [ 36%] [32mBuilding CXX object CMakeFiles/interval_analysis_interfaces__rosidl_typesupport_fastrtps_cpp.dir/rosidl_typesupport_fastrtps_cpp/interval_analysis_interfaces/msg/detail/dds_fastrtps/interval_stamped__type_support.cpp.o[0m
[4.426s] [ 37%] [32mBuilding CXX object CMakeFiles/interval_analysis_interfaces__rosidl_typesupport_introspection_cpp.dir/rosidl_typesupport_introspection_cpp/interval_analysis_interfaces/msg/detail/interval__type_support.cpp.o[0m
[4.596s] [ 39%] [32mBuilding C object CMakeFiles/interval_analysis_interfaces__rosidl_typesupport_introspection_c.dir/rosidl_typesupport_introspection_c/interval_analysis_interfaces/msg/detail/interval__type_support.c.o[0m
[4.635s] [ 40%] [32mBuilding C object CMakeFiles/interval_analysis_interfaces__rosidl_typesupport_introspection_c.dir/rosidl_typesupport_introspection_c/interval_analysis_interfaces/msg/detail/interval_stamped__type_support.c.o[0m
[4.788s] [ 41%] [32mBuilding C object CMakeFiles/interval_analysis_interfaces__rosidl_typesupport_introspection_c.dir/rosidl_typesupport_introspection_c/interval_analysis_interfaces/msg/detail/box__type_support.c.o[0m
[4.831s] [ 43%] [32mBuilding C object CMakeFiles/interval_analysis_interfaces__rosidl_typesupport_introspection_c.dir/rosidl_typesupport_introspection_c/interval_analysis_interfaces/msg/detail/box_stamped__type_support.c.o[0m
[4.964s] [ 44%] [32mBuilding CXX object CMakeFiles/interval_analysis_interfaces__rosidl_typesupport_fastrtps_cpp.dir/rosidl_typesupport_fastrtps_cpp/interval_analysis_interfaces/msg/detail/dds_fastrtps/box__type_support.cpp.o[0m
[4.966s] [ 46%] [32mBuilding CXX object CMakeFiles/interval_analysis_interfaces__rosidl_typesupport_introspection_cpp.dir/rosidl_typesupport_introspection_cpp/interval_analysis_interfaces/msg/detail/interval_stamped__type_support.cpp.o[0m
[4.966s] [ 46%] [32mBuilding CXX object CMakeFiles/interval_analysis_interfaces__rosidl_typesupport_cpp.dir/rosidl_typesupport_cpp/interval_analysis_interfaces/msg/box_stamped__type_support.cpp.o[0m
[4.972s] [ 48%] [32mBuilding C object CMakeFiles/interval_analysis_interfaces__rosidl_typesupport_introspection_c.dir/rosidl_typesupport_introspection_c/interval_analysis_interfaces/msg/detail/tube__type_support.c.o[0m
[5.118s] [ 49%] [32mBuilding C object CMakeFiles/interval_analysis_interfaces__rosidl_typesupport_introspection_c.dir/rosidl_typesupport_introspection_c/interval_analysis_interfaces/msg/detail/tube_stamped__type_support.c.o[0m
[5.266s] [ 50%] [32mBuilding C object CMakeFiles/interval_analysis_interfaces__rosidl_typesupport_introspection_c.dir/rosidl_typesupport_introspection_c/interval_analysis_interfaces/msg/detail/box_list_stamped__type_support.c.o[0m
[5.306s] [ 51%] [32m[1mLinking C shared library libinterval_analysis_interfaces__rosidl_typesupport_introspection_c.so[0m
[5.443s] [ 53%] [32mBuilding CXX object CMakeFiles/interval_analysis_interfaces__rosidl_typesupport_fastrtps_c.dir/rosidl_typesupport_fastrtps_c/interval_analysis_interfaces/msg/detail/interval__type_support_c.cpp.o[0m
[5.447s] [ 53%] Built target interval_analysis_interfaces__rosidl_typesupport_introspection_c
[5.458s] [ 54%] [32mBuilding CXX object CMakeFiles/interval_analysis_interfaces__rosidl_typesupport_introspection_cpp.dir/rosidl_typesupport_introspection_cpp/interval_analysis_interfaces/msg/detail/box__type_support.cpp.o[0m
[5.479s] [ 55%] [32mBuilding CXX object CMakeFiles/interval_analysis_interfaces__rosidl_typesupport_introspection_cpp.dir/rosidl_typesupport_introspection_cpp/interval_analysis_interfaces/msg/detail/box_stamped__type_support.cpp.o[0m
[5.605s] [ 56%] [32mBuilding CXX object CMakeFiles/interval_analysis_interfaces__rosidl_typesupport_fastrtps_cpp.dir/rosidl_typesupport_fastrtps_cpp/interval_analysis_interfaces/msg/detail/dds_fastrtps/box_stamped__type_support.cpp.o[0m
[5.608s] [ 58%] [32mBuilding CXX object CMakeFiles/interval_analysis_interfaces__rosidl_typesupport_fastrtps_c.dir/rosidl_typesupport_fastrtps_c/interval_analysis_interfaces/msg/detail/interval_stamped__type_support_c.cpp.o[0m
[5.802s] [ 59%] [32mBuilding CXX object CMakeFiles/interval_analysis_interfaces__rosidl_typesupport_cpp.dir/rosidl_typesupport_cpp/interval_analysis_interfaces/msg/tube__type_support.cpp.o[0m
[6.030s] [ 60%] [32mBuilding CXX object CMakeFiles/interval_analysis_interfaces__rosidl_typesupport_cpp.dir/rosidl_typesupport_cpp/interval_analysis_interfaces/msg/tube_stamped__type_support.cpp.o[0m
[6.209s] [ 62%] [32mBuilding CXX object CMakeFiles/interval_analysis_interfaces__rosidl_typesupport_fastrtps_c.dir/rosidl_typesupport_fastrtps_c/interval_analysis_interfaces/msg/detail/box__type_support_c.cpp.o[0m
[6.463s] [ 63%] [32mBuilding CXX object CMakeFiles/interval_analysis_interfaces__rosidl_typesupport_fastrtps_c.dir/rosidl_typesupport_fastrtps_c/interval_analysis_interfaces/msg/detail/box_stamped__type_support_c.cpp.o[0m
[6.514s] [ 64%] [32mBuilding CXX object CMakeFiles/interval_analysis_interfaces__rosidl_typesupport_introspection_cpp.dir/rosidl_typesupport_introspection_cpp/interval_analysis_interfaces/msg/detail/tube__type_support.cpp.o[0m
[6.529s] [ 65%] [32mBuilding CXX object CMakeFiles/interval_analysis_interfaces__rosidl_typesupport_fastrtps_cpp.dir/rosidl_typesupport_fastrtps_cpp/interval_analysis_interfaces/msg/detail/dds_fastrtps/tube__type_support.cpp.o[0m
[6.673s] [ 67%] [32mBuilding CXX object CMakeFiles/interval_analysis_interfaces__rosidl_typesupport_cpp.dir/rosidl_typesupport_cpp/interval_analysis_interfaces/msg/box_list_stamped__type_support.cpp.o[0m
[6.808s] [ 68%] [32mBuilding CXX object CMakeFiles/interval_analysis_interfaces__rosidl_typesupport_fastrtps_c.dir/rosidl_typesupport_fastrtps_c/interval_analysis_interfaces/msg/detail/tube__type_support_c.cpp.o[0m
[6.832s] [ 69%] [32mBuilding CXX object CMakeFiles/interval_analysis_interfaces__rosidl_typesupport_fastrtps_c.dir/rosidl_typesupport_fastrtps_c/interval_analysis_interfaces/msg/detail/tube_stamped__type_support_c.cpp.o[0m
[6.859s] [ 70%] [32mBuilding CXX object CMakeFiles/interval_analysis_interfaces__rosidl_typesupport_fastrtps_c.dir/rosidl_typesupport_fastrtps_c/interval_analysis_interfaces/msg/detail/box_list_stamped__type_support_c.cpp.o[0m
[7.220s] [ 72%] [32mBuilding CXX object CMakeFiles/interval_analysis_interfaces__rosidl_typesupport_fastrtps_cpp.dir/rosidl_typesupport_fastrtps_cpp/interval_analysis_interfaces/msg/detail/dds_fastrtps/tube_stamped__type_support.cpp.o[0m
[7.380s] [ 73%] [32m[1mLinking CXX shared library libinterval_analysis_interfaces__rosidl_typesupport_cpp.so[0m
[7.538s] [ 74%] [32mBuilding CXX object CMakeFiles/interval_analysis_interfaces__rosidl_typesupport_introspection_cpp.dir/rosidl_typesupport_introspection_cpp/interval_analysis_interfaces/msg/detail/tube_stamped__type_support.cpp.o[0m
[7.554s] [ 74%] Built target interval_analysis_interfaces__rosidl_typesupport_cpp
[7.565s] [ 75%] [32mBuilding CXX object CMakeFiles/interval_analysis_interfaces__rosidl_typesupport_fastrtps_cpp.dir/rosidl_typesupport_fastrtps_cpp/interval_analysis_interfaces/msg/detail/dds_fastrtps/box_list_stamped__type_support.cpp.o[0m
[7.733s] [ 77%] [32mBuilding CXX object CMakeFiles/interval_analysis_interfaces__rosidl_typesupport_introspection_cpp.dir/rosidl_typesupport_introspection_cpp/interval_analysis_interfaces/msg/detail/box_list_stamped__type_support.cpp.o[0m
[7.825s] [ 78%] [32m[1mLinking CXX shared library libinterval_analysis_interfaces__rosidl_typesupport_fastrtps_c.so[0m
[7.955s] [ 78%] Built target interval_analysis_interfaces__rosidl_typesupport_fastrtps_c
[8.162s] [ 79%] [32m[1mLinking CXX shared library libinterval_analysis_interfaces__rosidl_typesupport_fastrtps_cpp.so[0m
[8.219s] [ 81%] [32m[1mLinking CXX shared library libinterval_analysis_interfaces__rosidl_typesupport_introspection_cpp.so[0m
[8.225s] [ 81%] Built target interval_analysis_interfaces__rosidl_typesupport_fastrtps_cpp
[8.275s] [ 81%] Built target interval_analysis_interfaces__rosidl_typesupport_introspection_cpp
[8.290s] [ 81%] Built target interval_analysis_interfaces
[8.310s] [ 82%] [34m[1mGenerating Python code for ROS interfaces[0m
[9.174s] [ 82%] Built target interval_analysis_interfaces__py
[9.192s] [ 83%] [32mBuilding C object CMakeFiles/interval_analysis_interfaces__rosidl_generator_py.dir/rosidl_generator_py/interval_analysis_interfaces/msg/_tube_s.c.o[0m
[9.192s] [ 87%] [32mBuilding C object CMakeFiles/interval_analysis_interfaces__rosidl_generator_py.dir/rosidl_generator_py/interval_analysis_interfaces/msg/_box_s.c.o[0m
[9.192s] [ 87%] [32mBuilding C object CMakeFiles/interval_analysis_interfaces__rosidl_generator_py.dir/rosidl_generator_py/interval_analysis_interfaces/msg/_interval_s.c.o[0m
[9.192s] [ 87%] [32mBuilding C object CMakeFiles/interval_analysis_interfaces__rosidl_generator_py.dir/rosidl_generator_py/interval_analysis_interfaces/msg/_interval_stamped_s.c.o[0m
[9.192s] [ 88%] [32mBuilding C object CMakeFiles/interval_analysis_interfaces__rosidl_generator_py.dir/rosidl_generator_py/interval_analysis_interfaces/msg/_box_stamped_s.c.o[0m
[9.192s] [ 89%] [32mBuilding C object CMakeFiles/interval_analysis_interfaces__rosidl_generator_py.dir/rosidl_generator_py/interval_analysis_interfaces/msg/_tube_stamped_s.c.o[0m
[9.192s] [ 91%] [32mBuilding C object CMakeFiles/interval_analysis_interfaces__rosidl_generator_py.dir/rosidl_generator_py/interval_analysis_interfaces/msg/_box_list_stamped_s.c.o[0m
[9.413s] [ 92%] [32m[1mLinking C shared library rosidl_generator_py/interval_analysis_interfaces/libinterval_analysis_interfaces__rosidl_generator_py.so[0m
[9.442s] [ 92%] Built target interval_analysis_interfaces__rosidl_generator_py
[9.465s] [ 96%] [32mBuilding C object CMakeFiles/interval_analysis_interfaces__rosidl_typesupport_c__pyext.dir/rosidl_generator_py/interval_analysis_interfaces/_interval_analysis_interfaces_s.ep.rosidl_typesupport_c.c.o[0m
[9.465s] [ 96%] [32mBuilding C object CMakeFiles/interval_analysis_interfaces__rosidl_typesupport_fastrtps_c__pyext.dir/rosidl_generator_py/interval_analysis_interfaces/_interval_analysis_interfaces_s.ep.rosidl_typesupport_fastrtps_c.c.o[0m
[9.465s] [ 96%] [32mBuilding C object CMakeFiles/interval_analysis_interfaces__rosidl_typesupport_introspection_c__pyext.dir/rosidl_generator_py/interval_analysis_interfaces/_interval_analysis_interfaces_s.ep.rosidl_typesupport_introspection_c.c.o[0m
[9.547s] [100%] [32m[1mLinking C shared library rosidl_generator_py/interval_analysis_interfaces/interval_analysis_interfaces_s__rosidl_typesupport_fastrtps_c.cpython-310-x86_64-linux-gnu.so[0m
[9.547s] [100%] [32m[1mLinking C shared library rosidl_generator_py/interval_analysis_interfaces/interval_analysis_interfaces_s__rosidl_typesupport_introspection_c.cpython-310-x86_64-linux-gnu.so[0m
[9.547s] [100%] [32m[1mLinking C shared library rosidl_generator_py/interval_analysis_interfaces/interval_analysis_interfaces_s__rosidl_typesupport_c.cpython-310-x86_64-linux-gnu.so[0m
[9.575s] [100%] Built target interval_analysis_interfaces__rosidl_typesupport_c__pyext
[9.575s] [100%] Built target interval_analysis_interfaces__rosidl_typesupport_introspection_c__pyext
[9.575s] [100%] Built target interval_analysis_interfaces__rosidl_typesupport_fastrtps_c__pyext
[9.583s] Invoked command in '/home/basile/Documents/3a/guerledan/Guerledan-projet-gonio/ros2_ws/build/interval_analysis_interfaces' returned '0': CMAKE_PREFIX_PATH=${CMAKE_PREFIX_PATH}:/home/basile/Documents/3a/guerledan/Guerledan-projet-gonio/ros2_ws/install/interval_contractor:/home/basile/Documents/3a/guerledan/Guerledan-projet-gonio/ros2_ws/install/interval_analysis_examples:/home/basile/Documents/3a/guerledan/Guerledan-projet-gonio/ros2_ws/install/gonio_python_simu_ros:/home/basile/Documents/3a/guerledan/Guerledan-projet-gonio/ros2_ws/install/get_intervals:/home/basile/Documents/ros2_ws/install/interval_analysis_examples:/home/basile/Documents/s4/workspaceros/install/my_package:/opt/ros/humble /usr/bin/cmake --build /home/basile/Documents/3a/guerledan/Guerledan-projet-gonio/ros2_ws/build/interval_analysis_interfaces -- -j8 -l8
[9.721s] Invoking command in '/home/basile/Documents/3a/guerledan/Guerledan-projet-gonio/ros2_ws/build/interval_analysis_interfaces': CMAKE_PREFIX_PATH=${CMAKE_PREFIX_PATH}:/home/basile/Documents/3a/guerledan/Guerledan-projet-gonio/ros2_ws/install/interval_contractor:/home/basile/Documents/3a/guerledan/Guerledan-projet-gonio/ros2_ws/install/interval_analysis_examples:/home/basile/Documents/3a/guerledan/Guerledan-projet-gonio/ros2_ws/install/gonio_python_simu_ros:/home/basile/Documents/3a/guerledan/Guerledan-projet-gonio/ros2_ws/install/get_intervals:/home/basile/Documents/ros2_ws/install/interval_analysis_examples:/home/basile/Documents/s4/workspaceros/install/my_package:/opt/ros/humble /usr/bin/cmake --install /home/basile/Documents/3a/guerledan/Guerledan-projet-gonio/ros2_ws/build/interval_analysis_interfaces
[9.727s] -- Install configuration: ""
[9.727s] -- Installing: /home/basile/Documents/3a/guerledan/Guerledan-projet-gonio/ros2_ws/install/interval_analysis_interfaces/share/ament_index/resource_index/rosidl_interfaces/interval_analysis_interfaces
[9.727s] -- Up-to-date: /home/basile/Documents/3a/guerledan/Guerledan-projet-gonio/ros2_ws/install/interval_analysis_interfaces/include/interval_analysis_interfaces/interval_analysis_interfaces
[9.727s] -- Up-to-date: /home/basile/Documents/3a/guerledan/Guerledan-projet-gonio/ros2_ws/install/interval_analysis_interfaces/include/interval_analysis_interfaces/interval_analysis_interfaces/msg
[9.728s] -- Installing: /home/basile/Documents/3a/guerledan/Guerledan-projet-gonio/ros2_ws/install/interval_analysis_interfaces/include/interval_analysis_interfaces/interval_analysis_interfaces/msg/rosidl_generator_c__visibility_control.h
[9.728s] -- Installing: /home/basile/Documents/3a/guerledan/Guerledan-projet-gonio/ros2_ws/install/interval_analysis_interfaces/include/interval_analysis_interfaces/interval_analysis_interfaces/msg/box_list_stamped.h
[9.728s] -- Installing: /home/basile/Documents/3a/guerledan/Guerledan-projet-gonio/ros2_ws/install/interval_analysis_interfaces/include/interval_analysis_interfaces/interval_analysis_interfaces/msg/tube.h
[9.728s] -- Installing: /home/basile/Documents/3a/guerledan/Guerledan-projet-gonio/ros2_ws/install/interval_analysis_interfaces/include/interval_analysis_interfaces/interval_analysis_interfaces/msg/box.h
[9.728s] -- Installing: /home/basile/Documents/3a/guerledan/Guerledan-projet-gonio/ros2_ws/install/interval_analysis_interfaces/include/interval_analysis_interfaces/interval_analysis_interfaces/msg/interval.h
[9.728s] -- Installing: /home/basile/Documents/3a/guerledan/Guerledan-projet-gonio/ros2_ws/install/interval_analysis_interfaces/include/interval_analysis_interfaces/interval_analysis_interfaces/msg/tube_stamped.h
[9.728s] -- Up-to-date: /home/basile/Documents/3a/guerledan/Guerledan-projet-gonio/ros2_ws/install/interval_analysis_interfaces/include/interval_analysis_interfaces/interval_analysis_interfaces/msg/detail
[9.728s] -- Installing: /home/basile/Documents/3a/guerledan/Guerledan-projet-gonio/ros2_ws/install/interval_analysis_interfaces/include/interval_analysis_interfaces/interval_analysis_interfaces/msg/detail/interval__functions.c
[9.728s] -- Installing: /home/basile/Documents/3a/guerledan/Guerledan-projet-gonio/ros2_ws/install/interval_analysis_interfaces/include/interval_analysis_interfaces/interval_analysis_interfaces/msg/detail/interval_stamped__functions.h
[9.728s] -- Installing: /home/basile/Documents/3a/guerledan/Guerledan-projet-gonio/ros2_ws/install/interval_analysis_interfaces/include/interval_analysis_interfaces/interval_analysis_interfaces/msg/detail/interval__struct.h
[9.728s] -- Installing: /home/basile/Documents/3a/guerledan/Guerledan-projet-gonio/ros2_ws/install/interval_analysis_interfaces/include/interval_analysis_interfaces/interval_analysis_interfaces/msg/detail/tube_stamped__struct.h
[9.728s] -- Installing: /home/basile/Documents/3a/guerledan/Guerledan-projet-gonio/ros2_ws/install/interval_analysis_interfaces/include/interval_analysis_interfaces/interval_analysis_interfaces/msg/detail/tube_stamped__functions.h
[9.728s] -- Installing: /home/basile/Documents/3a/guerledan/Guerledan-projet-gonio/ros2_ws/install/interval_analysis_interfaces/include/interval_analysis_interfaces/interval_analysis_interfaces/msg/detail/box_list_stamped__type_support.h
[9.728s] -- Installing: /home/basile/Documents/3a/guerledan/Guerledan-projet-gonio/ros2_ws/install/interval_analysis_interfaces/include/interval_analysis_interfaces/interval_analysis_interfaces/msg/detail/tube_stamped__type_support.h
[9.728s] -- Installing: /home/basile/Documents/3a/guerledan/Guerledan-projet-gonio/ros2_ws/install/interval_analysis_interfaces/include/interval_analysis_interfaces/interval_analysis_interfaces/msg/detail/box_list_stamped__struct.h
[9.728s] -- Installing: /home/basile/Documents/3a/guerledan/Guerledan-projet-gonio/ros2_ws/install/interval_analysis_interfaces/include/interval_analysis_interfaces/interval_analysis_interfaces/msg/detail/box_stamped__type_support.h
[9.728s] -- Installing: /home/basile/Documents/3a/guerledan/Guerledan-projet-gonio/ros2_ws/install/interval_analysis_interfaces/include/interval_analysis_interfaces/interval_analysis_interfaces/msg/detail/box__type_support.h
[9.729s] -- Installing: /home/basile/Documents/3a/guerledan/Guerledan-projet-gonio/ros2_ws/install/interval_analysis_interfaces/include/interval_analysis_interfaces/interval_analysis_interfaces/msg/detail/box__functions.h
[9.729s] -- Installing: /home/basile/Documents/3a/guerledan/Guerledan-projet-gonio/ros2_ws/install/interval_analysis_interfaces/include/interval_analysis_interfaces/interval_analysis_interfaces/msg/detail/interval_stamped__type_support.h
[9.729s] -- Installing: /home/basile/Documents/3a/guerledan/Guerledan-projet-gonio/ros2_ws/install/interval_analysis_interfaces/include/interval_analysis_interfaces/interval_analysis_interfaces/msg/detail/box_list_stamped__functions.c
[9.729s] -- Installing: /home/basile/Documents/3a/guerledan/Guerledan-projet-gonio/ros2_ws/install/interval_analysis_interfaces/include/interval_analysis_interfaces/interval_analysis_interfaces/msg/detail/box__functions.c
[9.729s] -- Installing: /home/basile/Documents/3a/guerledan/Guerledan-projet-gonio/ros2_ws/install/interval_analysis_interfaces/include/interval_analysis_interfaces/interval_analysis_interfaces/msg/detail/tube__struct.h
[9.729s] -- Installing: /home/basile/Documents/3a/guerledan/Guerledan-projet-gonio/ros2_ws/install/interval_analysis_interfaces/include/interval_analysis_interfaces/interval_analysis_interfaces/msg/detail/interval_stamped__functions.c
[9.729s] -- Installing: /home/basile/Documents/3a/guerledan/Guerledan-projet-gonio/ros2_ws/install/interval_analysis_interfaces/include/interval_analysis_interfaces/interval_analysis_interfaces/msg/detail/box_stamped__functions.c
[9.729s] -- Installing: /home/basile/Documents/3a/guerledan/Guerledan-projet-gonio/ros2_ws/install/interval_analysis_interfaces/include/interval_analysis_interfaces/interval_analysis_interfaces/msg/detail/tube__functions.h
[9.729s] -- Installing: /home/basile/Documents/3a/guerledan/Guerledan-projet-gonio/ros2_ws/install/interval_analysis_interfaces/include/interval_analysis_interfaces/interval_analysis_interfaces/msg/detail/tube__type_support.h
[9.729s] -- Installing: /home/basile/Documents/3a/guerledan/Guerledan-projet-gonio/ros2_ws/install/interval_analysis_interfaces/include/interval_analysis_interfaces/interval_analysis_interfaces/msg/detail/tube_stamped__functions.c
[9.729s] -- Installing: /home/basile/Documents/3a/guerledan/Guerledan-projet-gonio/ros2_ws/install/interval_analysis_interfaces/include/interval_analysis_interfaces/interval_analysis_interfaces/msg/detail/interval__functions.h
[9.729s] -- Installing: /home/basile/Documents/3a/guerledan/Guerledan-projet-gonio/ros2_ws/install/interval_analysis_interfaces/include/interval_analysis_interfaces/interval_analysis_interfaces/msg/detail/interval_stamped__struct.h
[9.729s] -- Installing: /home/basile/Documents/3a/guerledan/Guerledan-projet-gonio/ros2_ws/install/interval_analysis_interfaces/include/interval_analysis_interfaces/interval_analysis_interfaces/msg/detail/box_list_stamped__functions.h
[9.729s] -- Installing: /home/basile/Documents/3a/guerledan/Guerledan-projet-gonio/ros2_ws/install/interval_analysis_interfaces/include/interval_analysis_interfaces/interval_analysis_interfaces/msg/detail/interval__type_support.h
[9.729s] -- Installing: /home/basile/Documents/3a/guerledan/Guerledan-projet-gonio/ros2_ws/install/interval_analysis_interfaces/include/interval_analysis_interfaces/interval_analysis_interfaces/msg/detail/tube__functions.c
[9.730s] -- Installing: /home/basile/Documents/3a/guerledan/Guerledan-projet-gonio/ros2_ws/install/interval_analysis_interfaces/include/interval_analysis_interfaces/interval_analysis_interfaces/msg/detail/box_stamped__struct.h
[9.730s] -- Installing: /home/basile/Documents/3a/guerledan/Guerledan-projet-gonio/ros2_ws/install/interval_analysis_interfaces/include/interval_analysis_interfaces/interval_analysis_interfaces/msg/detail/box__struct.h
[9.730s] -- Installing: /home/basile/Documents/3a/guerledan/Guerledan-projet-gonio/ros2_ws/install/interval_analysis_interfaces/include/interval_analysis_interfaces/interval_analysis_interfaces/msg/detail/box_stamped__functions.h
[9.730s] -- Installing: /home/basile/Documents/3a/guerledan/Guerledan-projet-gonio/ros2_ws/install/interval_analysis_interfaces/include/interval_analysis_interfaces/interval_analysis_interfaces/msg/box_stamped.h
[9.730s] -- Installing: /home/basile/Documents/3a/guerledan/Guerledan-projet-gonio/ros2_ws/install/interval_analysis_interfaces/include/interval_analysis_interfaces/interval_analysis_interfaces/msg/interval_stamped.h
[9.730s] -- Up-to-date: /home/basile/Documents/3a/guerledan/Guerledan-projet-gonio/ros2_ws/install/interval_analysis_interfaces/share/interval_analysis_interfaces/environment/library_path.sh
[9.730s] -- Installing: /home/basile/Documents/3a/guerledan/Guerledan-projet-gonio/ros2_ws/install/interval_analysis_interfaces/share/interval_analysis_interfaces/environment/library_path.dsv
[9.730s] -- Installing: /home/basile/Documents/3a/guerledan/Guerledan-projet-gonio/ros2_ws/install/interval_analysis_interfaces/lib/libinterval_analysis_interfaces__rosidl_generator_c.so
[9.730s] -- Set runtime path of "/home/basile/Documents/3a/guerledan/Guerledan-projet-gonio/ros2_ws/install/interval_analysis_interfaces/lib/libinterval_analysis_interfaces__rosidl_generator_c.so" to ""
[9.730s] -- Up-to-date: /home/basile/Documents/3a/guerledan/Guerledan-projet-gonio/ros2_ws/install/interval_analysis_interfaces/include/interval_analysis_interfaces/interval_analysis_interfaces
[9.730s] -- Up-to-date: /home/basile/Documents/3a/guerledan/Guerledan-projet-gonio/ros2_ws/install/interval_analysis_interfaces/include/interval_analysis_interfaces/interval_analysis_interfaces/msg
[9.730s] -- Up-to-date: /home/basile/Documents/3a/guerledan/Guerledan-projet-gonio/ros2_ws/install/interval_analysis_interfaces/include/interval_analysis_interfaces/interval_analysis_interfaces/msg/detail
[9.730s] -- Installing: /home/basile/Documents/3a/guerledan/Guerledan-projet-gonio/ros2_ws/install/interval_analysis_interfaces/include/interval_analysis_interfaces/interval_analysis_interfaces/msg/detail/interval_stamped__rosidl_typesupport_fastrtps_c.h
[9.731s] -- Installing: /home/basile/Documents/3a/guerledan/Guerledan-projet-gonio/ros2_ws/install/interval_analysis_interfaces/include/interval_analysis_interfaces/interval_analysis_interfaces/msg/detail/tube__rosidl_typesupport_fastrtps_c.h
[9.731s] -- Installing: /home/basile/Documents/3a/guerledan/Guerledan-projet-gonio/ros2_ws/install/interval_analysis_interfaces/include/interval_analysis_interfaces/interval_analysis_interfaces/msg/detail/interval__rosidl_typesupport_fastrtps_c.h
[9.731s] -- Installing: /home/basile/Documents/3a/guerledan/Guerledan-projet-gonio/ros2_ws/install/interval_analysis_interfaces/include/interval_analysis_interfaces/interval_analysis_interfaces/msg/detail/box__rosidl_typesupport_fastrtps_c.h
[9.731s] -- Installing: /home/basile/Documents/3a/guerledan/Guerledan-projet-gonio/ros2_ws/install/interval_analysis_interfaces/include/interval_analysis_interfaces/interval_analysis_interfaces/msg/detail/box_stamped__rosidl_typesupport_fastrtps_c.h
[9.731s] -- Installing: /home/basile/Documents/3a/guerledan/Guerledan-projet-gonio/ros2_ws/install/interval_analysis_interfaces/include/interval_analysis_interfaces/interval_analysis_interfaces/msg/detail/tube_stamped__rosidl_typesupport_fastrtps_c.h
[9.731s] -- Installing: /home/basile/Documents/3a/guerledan/Guerledan-projet-gonio/ros2_ws/install/interval_analysis_interfaces/include/interval_analysis_interfaces/interval_analysis_interfaces/msg/detail/box_list_stamped__rosidl_typesupport_fastrtps_c.h
[9.731s] -- Installing: /home/basile/Documents/3a/guerledan/Guerledan-projet-gonio/ros2_ws/install/interval_analysis_interfaces/include/interval_analysis_interfaces/interval_analysis_interfaces/msg/rosidl_typesupport_fastrtps_c__visibility_control.h
[9.731s] -- Installing: /home/basile/Documents/3a/guerledan/Guerledan-projet-gonio/ros2_ws/install/interval_analysis_interfaces/lib/libinterval_analysis_interfaces__rosidl_typesupport_fastrtps_c.so
[9.731s] -- Set runtime path of "/home/basile/Documents/3a/guerledan/Guerledan-projet-gonio/ros2_ws/install/interval_analysis_interfaces/lib/libinterval_analysis_interfaces__rosidl_typesupport_fastrtps_c.so" to ""
[9.731s] -- Up-to-date: /home/basile/Documents/3a/guerledan/Guerledan-projet-gonio/ros2_ws/install/interval_analysis_interfaces/include/interval_analysis_interfaces/interval_analysis_interfaces
[9.731s] -- Up-to-date: /home/basile/Documents/3a/guerledan/Guerledan-projet-gonio/ros2_ws/install/interval_analysis_interfaces/include/interval_analysis_interfaces/interval_analysis_interfaces/msg
[9.731s] -- Installing: /home/basile/Documents/3a/guerledan/Guerledan-projet-gonio/ros2_ws/install/interval_analysis_interfaces/include/interval_analysis_interfaces/interval_analysis_interfaces/msg/box_stamped.hpp
[9.731s] -- Installing: /home/basile/Documents/3a/guerledan/Guerledan-projet-gonio/ros2_ws/install/interval_analysis_interfaces/include/interval_analysis_interfaces/interval_analysis_interfaces/msg/tube.hpp
[9.731s] -- Installing: /home/basile/Documents/3a/guerledan/Guerledan-projet-gonio/ros2_ws/install/interval_analysis_interfaces/include/interval_analysis_interfaces/interval_analysis_interfaces/msg/box_list_stamped.hpp
[9.732s] -- Installing: /home/basile/Documents/3a/guerledan/Guerledan-projet-gonio/ros2_ws/install/interval_analysis_interfaces/include/interval_analysis_interfaces/interval_analysis_interfaces/msg/interval_stamped.hpp
[9.732s] -- Installing: /home/basile/Documents/3a/guerledan/Guerledan-projet-gonio/ros2_ws/install/interval_analysis_interfaces/include/interval_analysis_interfaces/interval_analysis_interfaces/msg/interval.hpp
[9.732s] -- Up-to-date: /home/basile/Documents/3a/guerledan/Guerledan-projet-gonio/ros2_ws/install/interval_analysis_interfaces/include/interval_analysis_interfaces/interval_analysis_interfaces/msg/detail
[9.732s] -- Installing: /home/basile/Documents/3a/guerledan/Guerledan-projet-gonio/ros2_ws/install/interval_analysis_interfaces/include/interval_analysis_interfaces/interval_analysis_interfaces/msg/detail/box_stamped__struct.hpp
[9.732s] -- Installing: /home/basile/Documents/3a/guerledan/Guerledan-projet-gonio/ros2_ws/install/interval_analysis_interfaces/include/interval_analysis_interfaces/interval_analysis_interfaces/msg/detail/interval__traits.hpp
[9.732s] -- Installing: /home/basile/Documents/3a/guerledan/Guerledan-projet-gonio/ros2_ws/install/interval_analysis_interfaces/include/interval_analysis_interfaces/interval_analysis_interfaces/msg/detail/box_stamped__builder.hpp
[9.732s] -- Installing: /home/basile/Documents/3a/guerledan/Guerledan-projet-gonio/ros2_ws/install/interval_analysis_interfaces/include/interval_analysis_interfaces/interval_analysis_interfaces/msg/detail/tube_stamped__builder.hpp
[9.732s] -- Installing: /home/basile/Documents/3a/guerledan/Guerledan-projet-gonio/ros2_ws/install/interval_analysis_interfaces/include/interval_analysis_interfaces/interval_analysis_interfaces/msg/detail/tube_stamped__traits.hpp
[9.732s] -- Installing: /home/basile/Documents/3a/guerledan/Guerledan-projet-gonio/ros2_ws/install/interval_analysis_interfaces/include/interval_analysis_interfaces/interval_analysis_interfaces/msg/detail/box_list_stamped__struct.hpp
[9.732s] -- Installing: /home/basile/Documents/3a/guerledan/Guerledan-projet-gonio/ros2_ws/install/interval_analysis_interfaces/include/interval_analysis_interfaces/interval_analysis_interfaces/msg/detail/tube__traits.hpp
[9.732s] -- Installing: /home/basile/Documents/3a/guerledan/Guerledan-projet-gonio/ros2_ws/install/interval_analysis_interfaces/include/interval_analysis_interfaces/interval_analysis_interfaces/msg/detail/box__builder.hpp
[9.732s] -- Installing: /home/basile/Documents/3a/guerledan/Guerledan-projet-gonio/ros2_ws/install/interval_analysis_interfaces/include/interval_analysis_interfaces/interval_analysis_interfaces/msg/detail/interval__builder.hpp
[9.732s] -- Installing: /home/basile/Documents/3a/guerledan/Guerledan-projet-gonio/ros2_ws/install/interval_analysis_interfaces/include/interval_analysis_interfaces/interval_analysis_interfaces/msg/detail/interval_stamped__builder.hpp
[9.732s] -- Installing: /home/basile/Documents/3a/guerledan/Guerledan-projet-gonio/ros2_ws/install/interval_analysis_interfaces/include/interval_analysis_interfaces/interval_analysis_interfaces/msg/detail/tube_stamped__struct.hpp
[9.732s] -- Installing: /home/basile/Documents/3a/guerledan/Guerledan-projet-gonio/ros2_ws/install/interval_analysis_interfaces/include/interval_analysis_interfaces/interval_analysis_interfaces/msg/detail/interval__struct.hpp
[9.732s] -- Installing: /home/basile/Documents/3a/guerledan/Guerledan-projet-gonio/ros2_ws/install/interval_analysis_interfaces/include/interval_analysis_interfaces/interval_analysis_interfaces/msg/detail/box_list_stamped__builder.hpp
[9.733s] -- Installing: /home/basile/Documents/3a/guerledan/Guerledan-projet-gonio/ros2_ws/install/interval_analysis_interfaces/include/interval_analysis_interfaces/interval_analysis_interfaces/msg/detail/box__traits.hpp
[9.733s] -- Installing: /home/basile/Documents/3a/guerledan/Guerledan-projet-gonio/ros2_ws/install/interval_analysis_interfaces/include/interval_analysis_interfaces/interval_analysis_interfaces/msg/detail/box_stamped__traits.hpp
[9.733s] -- Installing: /home/basile/Documents/3a/guerledan/Guerledan-projet-gonio/ros2_ws/install/interval_analysis_interfaces/include/interval_analysis_interfaces/interval_analysis_interfaces/msg/detail/box__struct.hpp
[9.733s] -- Installing: /home/basile/Documents/3a/guerledan/Guerledan-projet-gonio/ros2_ws/install/interval_analysis_interfaces/include/interval_analysis_interfaces/interval_analysis_interfaces/msg/detail/box_list_stamped__traits.hpp
[9.733s] -- Installing: /home/basile/Documents/3a/guerledan/Guerledan-projet-gonio/ros2_ws/install/interval_analysis_interfaces/include/interval_analysis_interfaces/interval_analysis_interfaces/msg/detail/interval_stamped__struct.hpp
[9.733s] -- Installing: /home/basile/Documents/3a/guerledan/Guerledan-projet-gonio/ros2_ws/install/interval_analysis_interfaces/include/interval_analysis_interfaces/interval_analysis_interfaces/msg/detail/interval_stamped__traits.hpp
[9.733s] -- Installing: /home/basile/Documents/3a/guerledan/Guerledan-projet-gonio/ros2_ws/install/interval_analysis_interfaces/include/interval_analysis_interfaces/interval_analysis_interfaces/msg/detail/tube__struct.hpp
[9.733s] -- Installing: /home/basile/Documents/3a/guerledan/Guerledan-projet-gonio/ros2_ws/install/interval_analysis_interfaces/include/interval_analysis_interfaces/interval_analysis_interfaces/msg/detail/tube__builder.hpp
[9.733s] -- Installing: /home/basile/Documents/3a/guerledan/Guerledan-projet-gonio/ros2_ws/install/interval_analysis_interfaces/include/interval_analysis_interfaces/interval_analysis_interfaces/msg/tube_stamped.hpp
[9.733s] -- Installing: /home/basile/Documents/3a/guerledan/Guerledan-projet-gonio/ros2_ws/install/interval_analysis_interfaces/include/interval_analysis_interfaces/interval_analysis_interfaces/msg/box.hpp
[9.733s] -- Up-to-date: /home/basile/Documents/3a/guerledan/Guerledan-projet-gonio/ros2_ws/install/interval_analysis_interfaces/include/interval_analysis_interfaces/interval_analysis_interfaces
[9.733s] -- Up-to-date: /home/basile/Documents/3a/guerledan/Guerledan-projet-gonio/ros2_ws/install/interval_analysis_interfaces/include/interval_analysis_interfaces/interval_analysis_interfaces/msg
[9.733s] -- Installing: /home/basile/Documents/3a/guerledan/Guerledan-projet-gonio/ros2_ws/install/interval_analysis_interfaces/include/interval_analysis_interfaces/interval_analysis_interfaces/msg/rosidl_typesupport_fastrtps_cpp__visibility_control.h
[9.733s] -- Up-to-date: /home/basile/Documents/3a/guerledan/Guerledan-projet-gonio/ros2_ws/install/interval_analysis_interfaces/include/interval_analysis_interfaces/interval_analysis_interfaces/msg/detail
[9.733s] -- Installing: /home/basile/Documents/3a/guerledan/Guerledan-projet-gonio/ros2_ws/install/interval_analysis_interfaces/include/interval_analysis_interfaces/interval_analysis_interfaces/msg/detail/interval_stamped__rosidl_typesupport_fastrtps_cpp.hpp
[9.733s] -- Installing: /home/basile/Documents/3a/guerledan/Guerledan-projet-gonio/ros2_ws/install/interval_analysis_interfaces/include/interval_analysis_interfaces/interval_analysis_interfaces/msg/detail/tube_stamped__rosidl_typesupport_fastrtps_cpp.hpp
[9.734s] -- Installing: /home/basile/Documents/3a/guerledan/Guerledan-projet-gonio/ros2_ws/install/interval_analysis_interfaces/include/interval_analysis_interfaces/interval_analysis_interfaces/msg/detail/tube__rosidl_typesupport_fastrtps_cpp.hpp
[9.734s] -- Installing: /home/basile/Documents/3a/guerledan/Guerledan-projet-gonio/ros2_ws/install/interval_analysis_interfaces/include/interval_analysis_interfaces/interval_analysis_interfaces/msg/detail/interval__rosidl_typesupport_fastrtps_cpp.hpp
[9.734s] -- Up-to-date: /home/basile/Documents/3a/guerledan/Guerledan-projet-gonio/ros2_ws/install/interval_analysis_interfaces/include/interval_analysis_interfaces/interval_analysis_interfaces/msg/detail/dds_fastrtps
[9.734s] -- Installing: /home/basile/Documents/3a/guerledan/Guerledan-projet-gonio/ros2_ws/install/interval_analysis_interfaces/include/interval_analysis_interfaces/interval_analysis_interfaces/msg/detail/box_list_stamped__rosidl_typesupport_fastrtps_cpp.hpp
[9.734s] -- Installing: /home/basile/Documents/3a/guerledan/Guerledan-projet-gonio/ros2_ws/install/interval_analysis_interfaces/include/interval_analysis_interfaces/interval_analysis_interfaces/msg/detail/box__rosidl_typesupport_fastrtps_cpp.hpp
[9.734s] -- Installing: /home/basile/Documents/3a/guerledan/Guerledan-projet-gonio/ros2_ws/install/interval_analysis_interfaces/include/interval_analysis_interfaces/interval_analysis_interfaces/msg/detail/box_stamped__rosidl_typesupport_fastrtps_cpp.hpp
[9.734s] -- Installing: /home/basile/Documents/3a/guerledan/Guerledan-projet-gonio/ros2_ws/install/interval_analysis_interfaces/lib/libinterval_analysis_interfaces__rosidl_typesupport_fastrtps_cpp.so
[9.734s] -- Set runtime path of "/home/basile/Documents/3a/guerledan/Guerledan-projet-gonio/ros2_ws/install/interval_analysis_interfaces/lib/libinterval_analysis_interfaces__rosidl_typesupport_fastrtps_cpp.so" to ""
[9.734s] -- Up-to-date: /home/basile/Documents/3a/guerledan/Guerledan-projet-gonio/ros2_ws/install/interval_analysis_interfaces/include/interval_analysis_interfaces/interval_analysis_interfaces
[9.734s] -- Up-to-date: /home/basile/Documents/3a/guerledan/Guerledan-projet-gonio/ros2_ws/install/interval_analysis_interfaces/include/interval_analysis_interfaces/interval_analysis_interfaces/msg
[9.734s] -- Installing: /home/basile/Documents/3a/guerledan/Guerledan-projet-gonio/ros2_ws/install/interval_analysis_interfaces/include/interval_analysis_interfaces/interval_analysis_interfaces/msg/rosidl_typesupport_introspection_c__visibility_control.h
[9.734s] -- Up-to-date: /home/basile/Documents/3a/guerledan/Guerledan-projet-gonio/ros2_ws/install/interval_analysis_interfaces/include/interval_analysis_interfaces/interval_analysis_interfaces/msg/detail
[9.734s] -- Installing: /home/basile/Documents/3a/guerledan/Guerledan-projet-gonio/ros2_ws/install/interval_analysis_interfaces/include/interval_analysis_interfaces/interval_analysis_interfaces/msg/detail/box__rosidl_typesupport_introspection_c.h
[9.735s] -- Installing: /home/basile/Documents/3a/guerledan/Guerledan-projet-gonio/ros2_ws/install/interval_analysis_interfaces/include/interval_analysis_interfaces/interval_analysis_interfaces/msg/detail/interval_stamped__rosidl_typesupport_introspection_c.h
[9.735s] -- Installing: /home/basile/Documents/3a/guerledan/Guerledan-projet-gonio/ros2_ws/install/interval_analysis_interfaces/include/interval_analysis_interfaces/interval_analysis_interfaces/msg/detail/interval__type_support.c
[9.735s] -- Installing: /home/basile/Documents/3a/guerledan/Guerledan-projet-gonio/ros2_ws/install/interval_analysis_interfaces/include/interval_analysis_interfaces/interval_analysis_interfaces/msg/detail/box_list_stamped__type_support.c
[9.735s] -- Installing: /home/basile/Documents/3a/guerledan/Guerledan-projet-gonio/ros2_ws/install/interval_analysis_interfaces/include/interval_analysis_interfaces/interval_analysis_interfaces/msg/detail/box__type_support.c
[9.735s] -- Installing: /home/basile/Documents/3a/guerledan/Guerledan-projet-gonio/ros2_ws/install/interval_analysis_interfaces/include/interval_analysis_interfaces/interval_analysis_interfaces/msg/detail/box_stamped__rosidl_typesupport_introspection_c.h
[9.735s] -- Installing: /home/basile/Documents/3a/guerledan/Guerledan-projet-gonio/ros2_ws/install/interval_analysis_interfaces/include/interval_analysis_interfaces/interval_analysis_interfaces/msg/detail/interval__rosidl_typesupport_introspection_c.h
[9.735s] -- Installing: /home/basile/Documents/3a/guerledan/Guerledan-projet-gonio/ros2_ws/install/interval_analysis_interfaces/include/interval_analysis_interfaces/interval_analysis_interfaces/msg/detail/tube__type_support.c
[9.735s] -- Installing: /home/basile/Documents/3a/guerledan/Guerledan-projet-gonio/ros2_ws/install/interval_analysis_interfaces/include/interval_analysis_interfaces/interval_analysis_interfaces/msg/detail/tube__rosidl_typesupport_introspection_c.h
[9.735s] -- Installing: /home/basile/Documents/3a/guerledan/Guerledan-projet-gonio/ros2_ws/install/interval_analysis_interfaces/include/interval_analysis_interfaces/interval_analysis_interfaces/msg/detail/tube_stamped__type_support.c
[9.735s] -- Installing: /home/basile/Documents/3a/guerledan/Guerledan-projet-gonio/ros2_ws/install/interval_analysis_interfaces/include/interval_analysis_interfaces/interval_analysis_interfaces/msg/detail/box_list_stamped__rosidl_typesupport_introspection_c.h
[9.735s] -- Installing: /home/basile/Documents/3a/guerledan/Guerledan-projet-gonio/ros2_ws/install/interval_analysis_interfaces/include/interval_analysis_interfaces/interval_analysis_interfaces/msg/detail/tube_stamped__rosidl_typesupport_introspection_c.h
[9.735s] -- Installing: /home/basile/Documents/3a/guerledan/Guerledan-projet-gonio/ros2_ws/install/interval_analysis_interfaces/include/interval_analysis_interfaces/interval_analysis_interfaces/msg/detail/box_stamped__type_support.c
[9.735s] -- Installing: /home/basile/Documents/3a/guerledan/Guerledan-projet-gonio/ros2_ws/install/interval_analysis_interfaces/include/interval_analysis_interfaces/interval_analysis_interfaces/msg/detail/interval_stamped__type_support.c
[9.735s] -- Installing: /home/basile/Documents/3a/guerledan/Guerledan-projet-gonio/ros2_ws/install/interval_analysis_interfaces/lib/libinterval_analysis_interfaces__rosidl_typesupport_introspection_c.so
[9.736s] -- Set runtime path of "/home/basile/Documents/3a/guerledan/Guerledan-projet-gonio/ros2_ws/install/interval_analysis_interfaces/lib/libinterval_analysis_interfaces__rosidl_typesupport_introspection_c.so" to ""
[9.736s] -- Installing: /home/basile/Documents/3a/guerledan/Guerledan-projet-gonio/ros2_ws/install/interval_analysis_interfaces/lib/libinterval_analysis_interfaces__rosidl_typesupport_c.so
[9.736s] -- Set runtime path of "/home/basile/Documents/3a/guerledan/Guerledan-projet-gonio/ros2_ws/install/interval_analysis_interfaces/lib/libinterval_analysis_interfaces__rosidl_typesupport_c.so" to ""
[9.736s] -- Up-to-date: /home/basile/Documents/3a/guerledan/Guerledan-projet-gonio/ros2_ws/install/interval_analysis_interfaces/include/interval_analysis_interfaces/interval_analysis_interfaces
[9.736s] -- Up-to-date: /home/basile/Documents/3a/guerledan/Guerledan-projet-gonio/ros2_ws/install/interval_analysis_interfaces/include/interval_analysis_interfaces/interval_analysis_interfaces/msg
[9.736s] -- Up-to-date: /home/basile/Documents/3a/guerledan/Guerledan-projet-gonio/ros2_ws/install/interval_analysis_interfaces/include/interval_analysis_interfaces/interval_analysis_interfaces/msg/detail
[9.736s] -- Installing: /home/basile/Documents/3a/guerledan/Guerledan-projet-gonio/ros2_ws/install/interval_analysis_interfaces/include/interval_analysis_interfaces/interval_analysis_interfaces/msg/detail/interval_stamped__rosidl_typesupport_introspection_cpp.hpp
[9.736s] -- Installing: /home/basile/Documents/3a/guerledan/Guerledan-projet-gonio/ros2_ws/install/interval_analysis_interfaces/include/interval_analysis_interfaces/interval_analysis_interfaces/msg/detail/tube_stamped__type_support.cpp
[9.736s] -- Installing: /home/basile/Documents/3a/guerledan/Guerledan-projet-gonio/ros2_ws/install/interval_analysis_interfaces/include/interval_analysis_interfaces/interval_analysis_interfaces/msg/detail/interval__type_support.cpp
[9.736s] -- Installing: /home/basile/Documents/3a/guerledan/Guerledan-projet-gonio/ros2_ws/install/interval_analysis_interfaces/include/interval_analysis_interfaces/interval_analysis_interfaces/msg/detail/interval__rosidl_typesupport_introspection_cpp.hpp
[9.736s] -- Installing: /home/basile/Documents/3a/guerledan/Guerledan-projet-gonio/ros2_ws/install/interval_analysis_interfaces/include/interval_analysis_interfaces/interval_analysis_interfaces/msg/detail/box__type_support.cpp
[9.736s] -- Installing: /home/basile/Documents/3a/guerledan/Guerledan-projet-gonio/ros2_ws/install/interval_analysis_interfaces/include/interval_analysis_interfaces/interval_analysis_interfaces/msg/detail/tube_stamped__rosidl_typesupport_introspection_cpp.hpp
[9.736s] -- Installing: /home/basile/Documents/3a/guerledan/Guerledan-projet-gonio/ros2_ws/install/interval_analysis_interfaces/include/interval_analysis_interfaces/interval_analysis_interfaces/msg/detail/interval_stamped__type_support.cpp
[9.737s] -- Installing: /home/basile/Documents/3a/guerledan/Guerledan-projet-gonio/ros2_ws/install/interval_analysis_interfaces/include/interval_analysis_interfaces/interval_analysis_interfaces/msg/detail/box_stamped__type_support.cpp
[9.737s] -- Installing: /home/basile/Documents/3a/guerledan/Guerledan-projet-gonio/ros2_ws/install/interval_analysis_interfaces/include/interval_analysis_interfaces/interval_analysis_interfaces/msg/detail/tube__type_support.cpp
[9.737s] -- Installing: /home/basile/Documents/3a/guerledan/Guerledan-projet-gonio/ros2_ws/install/interval_analysis_interfaces/include/interval_analysis_interfaces/interval_analysis_interfaces/msg/detail/box_list_stamped__type_support.cpp
[9.737s] -- Installing: /home/basile/Documents/3a/guerledan/Guerledan-projet-gonio/ros2_ws/install/interval_analysis_interfaces/include/interval_analysis_interfaces/interval_analysis_interfaces/msg/detail/tube__rosidl_typesupport_introspection_cpp.hpp
[9.737s] -- Installing: /home/basile/Documents/3a/guerledan/Guerledan-projet-gonio/ros2_ws/install/interval_analysis_interfaces/include/interval_analysis_interfaces/interval_analysis_interfaces/msg/detail/box_list_stamped__rosidl_typesupport_introspection_cpp.hpp
[9.737s] -- Installing: /home/basile/Documents/3a/guerledan/Guerledan-projet-gonio/ros2_ws/install/interval_analysis_interfaces/include/interval_analysis_interfaces/interval_analysis_interfaces/msg/detail/box_stamped__rosidl_typesupport_introspection_cpp.hpp
[9.737s] -- Installing: /home/basile/Documents/3a/guerledan/Guerledan-projet-gonio/ros2_ws/install/interval_analysis_interfaces/include/interval_analysis_interfaces/interval_analysis_interfaces/msg/detail/box__rosidl_typesupport_introspection_cpp.hpp
[9.737s] -- Installing: /home/basile/Documents/3a/guerledan/Guerledan-projet-gonio/ros2_ws/install/interval_analysis_interfaces/lib/libinterval_analysis_interfaces__rosidl_typesupport_introspection_cpp.so
[9.737s] -- Set runtime path of "/home/basile/Documents/3a/guerledan/Guerledan-projet-gonio/ros2_ws/install/interval_analysis_interfaces/lib/libinterval_analysis_interfaces__rosidl_typesupport_introspection_cpp.so" to ""
[9.737s] -- Installing: /home/basile/Documents/3a/guerledan/Guerledan-projet-gonio/ros2_ws/install/interval_analysis_interfaces/lib/libinterval_analysis_interfaces__rosidl_typesupport_cpp.so
[9.738s] -- Set runtime path of "/home/basile/Documents/3a/guerledan/Guerledan-projet-gonio/ros2_ws/install/interval_analysis_interfaces/lib/libinterval_analysis_interfaces__rosidl_typesupport_cpp.so" to ""
[9.738s] -- Installing: /home/basile/Documents/3a/guerledan/Guerledan-projet-gonio/ros2_ws/install/interval_analysis_interfaces/share/interval_analysis_interfaces/environment/pythonpath.sh
[9.738s] -- Installing: /home/basile/Documents/3a/guerledan/Guerledan-projet-gonio/ros2_ws/install/interval_analysis_interfaces/share/interval_analysis_interfaces/environment/pythonpath.dsv
[9.738s] -- Up-to-date: /home/basile/Documents/3a/guerledan/Guerledan-projet-gonio/ros2_ws/install/interval_analysis_interfaces/local/lib/python3.10/dist-packages/interval_analysis_interfaces-0.0.0-py3.10.egg-info
[9.738s] -- Installing: /home/basile/Documents/3a/guerledan/Guerledan-projet-gonio/ros2_ws/install/interval_analysis_interfaces/local/lib/python3.10/dist-packages/interval_analysis_interfaces-0.0.0-py3.10.egg-info/top_level.txt
[9.738s] -- Installing: /home/basile/Documents/3a/guerledan/Guerledan-projet-gonio/ros2_ws/install/interval_analysis_interfaces/local/lib/python3.10/dist-packages/interval_analysis_interfaces-0.0.0-py3.10.egg-info/dependency_links.txt
[9.738s] -- Installing: /home/basile/Documents/3a/guerledan/Guerledan-projet-gonio/ros2_ws/install/interval_analysis_interfaces/local/lib/python3.10/dist-packages/interval_analysis_interfaces-0.0.0-py3.10.egg-info/PKG-INFO
[9.738s] -- Installing: /home/basile/Documents/3a/guerledan/Guerledan-projet-gonio/ros2_ws/install/interval_analysis_interfaces/local/lib/python3.10/dist-packages/interval_analysis_interfaces-0.0.0-py3.10.egg-info/SOURCES.txt
[9.738s] -- Up-to-date: /home/basile/Documents/3a/guerledan/Guerledan-projet-gonio/ros2_ws/install/interval_analysis_interfaces/local/lib/python3.10/dist-packages/interval_analysis_interfaces
[9.738s] -- Installing: /home/basile/Documents/3a/guerledan/Guerledan-projet-gonio/ros2_ws/install/interval_analysis_interfaces/local/lib/python3.10/dist-packages/interval_analysis_interfaces/_interval_analysis_interfaces_s.ep.rosidl_typesupport_fastrtps_c.c
[9.739s] -- Up-to-date: /home/basile/Documents/3a/guerledan/Guerledan-projet-gonio/ros2_ws/install/interval_analysis_interfaces/local/lib/python3.10/dist-packages/interval_analysis_interfaces/msg
[9.739s] -- Installing: /home/basile/Documents/3a/guerledan/Guerledan-projet-gonio/ros2_ws/install/interval_analysis_interfaces/local/lib/python3.10/dist-packages/interval_analysis_interfaces/msg/_tube_stamped_s.c
[9.739s] -- Installing: /home/basile/Documents/3a/guerledan/Guerledan-projet-gonio/ros2_ws/install/interval_analysis_interfaces/local/lib/python3.10/dist-packages/interval_analysis_interfaces/msg/_box.py
[9.739s] -- Installing: /home/basile/Documents/3a/guerledan/Guerledan-projet-gonio/ros2_ws/install/interval_analysis_interfaces/local/lib/python3.10/dist-packages/interval_analysis_interfaces/msg/_interval_s.c
[9.739s] -- Installing: /home/basile/Documents/3a/guerledan/Guerledan-projet-gonio/ros2_ws/install/interval_analysis_interfaces/local/lib/python3.10/dist-packages/interval_analysis_interfaces/msg/_interval.py
[9.739s] -- Installing: /home/basile/Documents/3a/guerledan/Guerledan-projet-gonio/ros2_ws/install/interval_analysis_interfaces/local/lib/python3.10/dist-packages/interval_analysis_interfaces/msg/_tube.py
[9.739s] -- Installing: /home/basile/Documents/3a/guerledan/Guerledan-projet-gonio/ros2_ws/install/interval_analysis_interfaces/local/lib/python3.10/dist-packages/interval_analysis_interfaces/msg/_box_stamped_s.c
[9.739s] -- Installing: /home/basile/Documents/3a/guerledan/Guerledan-projet-gonio/ros2_ws/install/interval_analysis_interfaces/local/lib/python3.10/dist-packages/interval_analysis_interfaces/msg/_box_stamped.py
[9.739s] -- Installing: /home/basile/Documents/3a/guerledan/Guerledan-projet-gonio/ros2_ws/install/interval_analysis_interfaces/local/lib/python3.10/dist-packages/interval_analysis_interfaces/msg/_box_list_stamped_s.c
[9.739s] -- Installing: /home/basile/Documents/3a/guerledan/Guerledan-projet-gonio/ros2_ws/install/interval_analysis_interfaces/local/lib/python3.10/dist-packages/interval_analysis_interfaces/msg/_interval_stamped.py
[9.739s] -- Installing: /home/basile/Documents/3a/guerledan/Guerledan-projet-gonio/ros2_ws/install/interval_analysis_interfaces/local/lib/python3.10/dist-packages/interval_analysis_interfaces/msg/_box_list_stamped.py
[9.739s] -- Installing: /home/basile/Documents/3a/guerledan/Guerledan-projet-gonio/ros2_ws/install/interval_analysis_interfaces/local/lib/python3.10/dist-packages/interval_analysis_interfaces/msg/_tube_stamped.py
[9.739s] -- Installing: /home/basile/Documents/3a/guerledan/Guerledan-projet-gonio/ros2_ws/install/interval_analysis_interfaces/local/lib/python3.10/dist-packages/interval_analysis_interfaces/msg/__init__.py
[9.739s] -- Installing: /home/basile/Documents/3a/guerledan/Guerledan-projet-gonio/ros2_ws/install/interval_analysis_interfaces/local/lib/python3.10/dist-packages/interval_analysis_interfaces/msg/_box_s.c
[9.740s] -- Installing: /home/basile/Documents/3a/guerledan/Guerledan-projet-gonio/ros2_ws/install/interval_analysis_interfaces/local/lib/python3.10/dist-packages/interval_analysis_interfaces/msg/_interval_stamped_s.c
[9.740s] -- Installing: /home/basile/Documents/3a/guerledan/Guerledan-projet-gonio/ros2_ws/install/interval_analysis_interfaces/local/lib/python3.10/dist-packages/interval_analysis_interfaces/msg/_tube_s.c
[9.740s] -- Installing: /home/basile/Documents/3a/guerledan/Guerledan-projet-gonio/ros2_ws/install/interval_analysis_interfaces/local/lib/python3.10/dist-packages/interval_analysis_interfaces/interval_analysis_interfaces_s__rosidl_typesupport_introspection_c.cpython-310-x86_64-linux-gnu.so
[9.740s] -- Installing: /home/basile/Documents/3a/guerledan/Guerledan-projet-gonio/ros2_ws/install/interval_analysis_interfaces/local/lib/python3.10/dist-packages/interval_analysis_interfaces/interval_analysis_interfaces_s__rosidl_typesupport_fastrtps_c.cpython-310-x86_64-linux-gnu.so
[9.740s] -- Installing: /home/basile/Documents/3a/guerledan/Guerledan-projet-gonio/ros2_ws/install/interval_analysis_interfaces/local/lib/python3.10/dist-packages/interval_analysis_interfaces/libinterval_analysis_interfaces__rosidl_generator_py.so
[9.740s] -- Installing: /home/basile/Documents/3a/guerledan/Guerledan-projet-gonio/ros2_ws/install/interval_analysis_interfaces/local/lib/python3.10/dist-packages/interval_analysis_interfaces/_interval_analysis_interfaces_s.ep.rosidl_typesupport_introspection_c.c
[9.740s] -- Installing: /home/basile/Documents/3a/guerledan/Guerledan-projet-gonio/ros2_ws/install/interval_analysis_interfaces/local/lib/python3.10/dist-packages/interval_analysis_interfaces/_interval_analysis_interfaces_s.ep.rosidl_typesupport_c.c
[9.740s] -- Installing: /home/basile/Documents/3a/guerledan/Guerledan-projet-gonio/ros2_ws/install/interval_analysis_interfaces/local/lib/python3.10/dist-packages/interval_analysis_interfaces/__init__.py
[9.740s] -- Installing: /home/basile/Documents/3a/guerledan/Guerledan-projet-gonio/ros2_ws/install/interval_analysis_interfaces/local/lib/python3.10/dist-packages/interval_analysis_interfaces/interval_analysis_interfaces_s__rosidl_typesupport_c.cpython-310-x86_64-linux-gnu.so
[9.772s] Listing '/home/basile/Documents/3a/guerledan/Guerledan-projet-gonio/ros2_ws/install/interval_analysis_interfaces/local/lib/python3.10/dist-packages/interval_analysis_interfaces'...
[9.772s] Compiling '/home/basile/Documents/3a/guerledan/Guerledan-projet-gonio/ros2_ws/install/interval_analysis_interfaces/local/lib/python3.10/dist-packages/interval_analysis_interfaces/__init__.py'...
[9.772s] Listing '/home/basile/Documents/3a/guerledan/Guerledan-projet-gonio/ros2_ws/install/interval_analysis_interfaces/local/lib/python3.10/dist-packages/interval_analysis_interfaces/msg'...
[9.772s] Compiling '/home/basile/Documents/3a/guerledan/Guerledan-projet-gonio/ros2_ws/install/interval_analysis_interfaces/local/lib/python3.10/dist-packages/interval_analysis_interfaces/msg/__init__.py'...
[9.772s] Compiling '/home/basile/Documents/3a/guerledan/Guerledan-projet-gonio/ros2_ws/install/interval_analysis_interfaces/local/lib/python3.10/dist-packages/interval_analysis_interfaces/msg/_box.py'...
[9.772s] Compiling '/home/basile/Documents/3a/guerledan/Guerledan-projet-gonio/ros2_ws/install/interval_analysis_interfaces/local/lib/python3.10/dist-packages/interval_analysis_interfaces/msg/_box_list_stamped.py'...
[9.772s] Compiling '/home/basile/Documents/3a/guerledan/Guerledan-projet-gonio/ros2_ws/install/interval_analysis_interfaces/local/lib/python3.10/dist-packages/interval_analysis_interfaces/msg/_box_stamped.py'...
[9.772s] Compiling '/home/basile/Documents/3a/guerledan/Guerledan-projet-gonio/ros2_ws/install/interval_analysis_interfaces/local/lib/python3.10/dist-packages/interval_analysis_interfaces/msg/_interval.py'...
[9.772s] Compiling '/home/basile/Documents/3a/guerledan/Guerledan-projet-gonio/ros2_ws/install/interval_analysis_interfaces/local/lib/python3.10/dist-packages/interval_analysis_interfaces/msg/_interval_stamped.py'...
[9.772s] Compiling '/home/basile/Documents/3a/guerledan/Guerledan-projet-gonio/ros2_ws/install/interval_analysis_interfaces/local/lib/python3.10/dist-packages/interval_analysis_interfaces/msg/_tube.py'...
[9.772s] Compiling '/home/basile/Documents/3a/guerledan/Guerledan-projet-gonio/ros2_ws/install/interval_analysis_interfaces/local/lib/python3.10/dist-packages/interval_analysis_interfaces/msg/_tube_stamped.py'...
[9.775s] -- Installing: /home/basile/Documents/3a/guerledan/Guerledan-projet-gonio/ros2_ws/install/interval_analysis_interfaces/local/lib/python3.10/dist-packages/interval_analysis_interfaces/interval_analysis_interfaces_s__rosidl_typesupport_fastrtps_c.cpython-310-x86_64-linux-gnu.so
[9.775s] -- Set runtime path of "/home/basile/Documents/3a/guerledan/Guerledan-projet-gonio/ros2_ws/install/interval_analysis_interfaces/local/lib/python3.10/dist-packages/interval_analysis_interfaces/interval_analysis_interfaces_s__rosidl_typesupport_fastrtps_c.cpython-310-x86_64-linux-gnu.so" to ""
[9.775s] -- Installing: /home/basile/Documents/3a/guerledan/Guerledan-projet-gonio/ros2_ws/install/interval_analysis_interfaces/local/lib/python3.10/dist-packages/interval_analysis_interfaces/interval_analysis_interfaces_s__rosidl_typesupport_introspection_c.cpython-310-x86_64-linux-gnu.so
[9.775s] -- Set runtime path of "/home/basile/Documents/3a/guerledan/Guerledan-projet-gonio/ros2_ws/install/interval_analysis_interfaces/local/lib/python3.10/dist-packages/interval_analysis_interfaces/interval_analysis_interfaces_s__rosidl_typesupport_introspection_c.cpython-310-x86_64-linux-gnu.so" to ""
[9.776s] -- Installing: /home/basile/Documents/3a/guerledan/Guerledan-projet-gonio/ros2_ws/install/interval_analysis_interfaces/local/lib/python3.10/dist-packages/interval_analysis_interfaces/interval_analysis_interfaces_s__rosidl_typesupport_c.cpython-310-x86_64-linux-gnu.so
[9.776s] -- Set runtime path of "/home/basile/Documents/3a/guerledan/Guerledan-projet-gonio/ros2_ws/install/interval_analysis_interfaces/local/lib/python3.10/dist-packages/interval_analysis_interfaces/interval_analysis_interfaces_s__rosidl_typesupport_c.cpython-310-x86_64-linux-gnu.so" to ""
[9.776s] -- Installing: /home/basile/Documents/3a/guerledan/Guerledan-projet-gonio/ros2_ws/install/interval_analysis_interfaces/lib/libinterval_analysis_interfaces__rosidl_generator_py.so
[9.776s] -- Set runtime path of "/home/basile/Documents/3a/guerledan/Guerledan-projet-gonio/ros2_ws/install/interval_analysis_interfaces/lib/libinterval_analysis_interfaces__rosidl_generator_py.so" to ""
[9.776s] -- Installing: /home/basile/Documents/3a/guerledan/Guerledan-projet-gonio/ros2_ws/install/interval_analysis_interfaces/share/interval_analysis_interfaces/msg/Interval.idl
[9.776s] -- Installing: /home/basile/Documents/3a/guerledan/Guerledan-projet-gonio/ros2_ws/install/interval_analysis_interfaces/share/interval_analysis_interfaces/msg/IntervalStamped.idl
[9.776s] -- Installing: /home/basile/Documents/3a/guerledan/Guerledan-projet-gonio/ros2_ws/install/interval_analysis_interfaces/share/interval_analysis_interfaces/msg/Box.idl
[9.776s] -- Installing: /home/basile/Documents/3a/guerledan/Guerledan-projet-gonio/ros2_ws/install/interval_analysis_interfaces/share/interval_analysis_interfaces/msg/BoxStamped.idl
[9.776s] -- Installing: /home/basile/Documents/3a/guerledan/Guerledan-projet-gonio/ros2_ws/install/interval_analysis_interfaces/share/interval_analysis_interfaces/msg/Tube.idl
[9.776s] -- Installing: /home/basile/Documents/3a/guerledan/Guerledan-projet-gonio/ros2_ws/install/interval_analysis_interfaces/share/interval_analysis_interfaces/msg/TubeStamped.idl
[9.777s] -- Installing: /home/basile/Documents/3a/guerledan/Guerledan-projet-gonio/ros2_ws/install/interval_analysis_interfaces/share/interval_analysis_interfaces/msg/BoxListStamped.idl
[9.777s] -- Up-to-date: /home/basile/Documents/3a/guerledan/Guerledan-projet-gonio/ros2_ws/install/interval_analysis_interfaces/share/interval_analysis_interfaces/msg/Interval.msg
[9.777s] -- Up-to-date: /home/basile/Documents/3a/guerledan/Guerledan-projet-gonio/ros2_ws/install/interval_analysis_interfaces/share/interval_analysis_interfaces/msg/IntervalStamped.msg
[9.777s] -- Up-to-date: /home/basile/Documents/3a/guerledan/Guerledan-projet-gonio/ros2_ws/install/interval_analysis_interfaces/share/interval_analysis_interfaces/msg/Box.msg
[9.777s] -- Up-to-date: /home/basile/Documents/3a/guerledan/Guerledan-projet-gonio/ros2_ws/install/interval_analysis_interfaces/share/interval_analysis_interfaces/msg/BoxStamped.msg
[9.777s] -- Up-to-date: /home/basile/Documents/3a/guerledan/Guerledan-projet-gonio/ros2_ws/install/interval_analysis_interfaces/share/interval_analysis_interfaces/msg/Tube.msg
[9.777s] -- Up-to-date: /home/basile/Documents/3a/guerledan/Guerledan-projet-gonio/ros2_ws/install/interval_analysis_interfaces/share/interval_analysis_interfaces/msg/TubeStamped.msg
[9.777s] -- Up-to-date: /home/basile/Documents/3a/guerledan/Guerledan-projet-gonio/ros2_ws/install/interval_analysis_interfaces/share/interval_analysis_interfaces/msg/BoxListStamped.msg
[9.777s] -- Installing: /home/basile/Documents/3a/guerledan/Guerledan-projet-gonio/ros2_ws/install/interval_analysis_interfaces/share/ament_index/resource_index/package_run_dependencies/interval_analysis_interfaces
[9.777s] -- Installing: /home/basile/Documents/3a/guerledan/Guerledan-projet-gonio/ros2_ws/install/interval_analysis_interfaces/share/ament_index/resource_index/parent_prefix_path/interval_analysis_interfaces
[9.777s] -- Up-to-date: /home/basile/Documents/3a/guerledan/Guerledan-projet-gonio/ros2_ws/install/interval_analysis_interfaces/share/interval_analysis_interfaces/environment/ament_prefix_path.sh
[9.777s] -- Installing: /home/basile/Documents/3a/guerledan/Guerledan-projet-gonio/ros2_ws/install/interval_analysis_interfaces/share/interval_analysis_interfaces/environment/ament_prefix_path.dsv
[9.777s] -- Up-to-date: /home/basile/Documents/3a/guerledan/Guerledan-projet-gonio/ros2_ws/install/interval_analysis_interfaces/share/interval_analysis_interfaces/environment/path.sh
[9.777s] -- Installing: /home/basile/Documents/3a/guerledan/Guerledan-projet-gonio/ros2_ws/install/interval_analysis_interfaces/share/interval_analysis_interfaces/environment/path.dsv
[9.778s] -- Installing: /home/basile/Documents/3a/guerledan/Guerledan-projet-gonio/ros2_ws/install/interval_analysis_interfaces/share/interval_analysis_interfaces/local_setup.bash
[9.778s] -- Installing: /home/basile/Documents/3a/guerledan/Guerledan-projet-gonio/ros2_ws/install/interval_analysis_interfaces/share/interval_analysis_interfaces/local_setup.sh
[9.778s] -- Installing: /home/basile/Documents/3a/guerledan/Guerledan-projet-gonio/ros2_ws/install/interval_analysis_interfaces/share/interval_analysis_interfaces/local_setup.zsh
[9.778s] -- Installing: /home/basile/Documents/3a/guerledan/Guerledan-projet-gonio/ros2_ws/install/interval_analysis_interfaces/share/interval_analysis_interfaces/local_setup.dsv
[9.778s] -- Installing: /home/basile/Documents/3a/guerledan/Guerledan-projet-gonio/ros2_ws/install/interval_analysis_interfaces/share/interval_analysis_interfaces/package.dsv
[9.778s] -- Installing: /home/basile/Documents/3a/guerledan/Guerledan-projet-gonio/ros2_ws/install/interval_analysis_interfaces/share/ament_index/resource_index/packages/interval_analysis_interfaces
[9.778s] -- Installing: /home/basile/Documents/3a/guerledan/Guerledan-projet-gonio/ros2_ws/install/interval_analysis_interfaces/share/interval_analysis_interfaces/cmake/export_interval_analysis_interfaces__rosidl_generator_cExport.cmake
[9.778s] -- Installing: /home/basile/Documents/3a/guerledan/Guerledan-projet-gonio/ros2_ws/install/interval_analysis_interfaces/share/interval_analysis_interfaces/cmake/export_interval_analysis_interfaces__rosidl_generator_cExport-noconfig.cmake
[9.778s] -- Installing: /home/basile/Documents/3a/guerledan/Guerledan-projet-gonio/ros2_ws/install/interval_analysis_interfaces/share/interval_analysis_interfaces/cmake/export_interval_analysis_interfaces__rosidl_typesupport_fastrtps_cExport.cmake
[9.778s] -- Installing: /home/basile/Documents/3a/guerledan/Guerledan-projet-gonio/ros2_ws/install/interval_analysis_interfaces/share/interval_analysis_interfaces/cmake/export_interval_analysis_interfaces__rosidl_typesupport_fastrtps_cExport-noconfig.cmake
[9.778s] -- Installing: /home/basile/Documents/3a/guerledan/Guerledan-projet-gonio/ros2_ws/install/interval_analysis_interfaces/share/interval_analysis_interfaces/cmake/export_interval_analysis_interfaces__rosidl_generator_cppExport.cmake
[9.779s] -- Installing: /home/basile/Documents/3a/guerledan/Guerledan-projet-gonio/ros2_ws/install/interval_analysis_interfaces/share/interval_analysis_interfaces/cmake/export_interval_analysis_interfaces__rosidl_typesupport_fastrtps_cppExport.cmake
[9.779s] -- Installing: /home/basile/Documents/3a/guerledan/Guerledan-projet-gonio/ros2_ws/install/interval_analysis_interfaces/share/interval_analysis_interfaces/cmake/export_interval_analysis_interfaces__rosidl_typesupport_fastrtps_cppExport-noconfig.cmake
[9.779s] -- Installing: /home/basile/Documents/3a/guerledan/Guerledan-projet-gonio/ros2_ws/install/interval_analysis_interfaces/share/interval_analysis_interfaces/cmake/interval_analysis_interfaces__rosidl_typesupport_introspection_cExport.cmake
[9.779s] -- Installing: /home/basile/Documents/3a/guerledan/Guerledan-projet-gonio/ros2_ws/install/interval_analysis_interfaces/share/interval_analysis_interfaces/cmake/interval_analysis_interfaces__rosidl_typesupport_introspection_cExport-noconfig.cmake
[9.779s] -- Installing: /home/basile/Documents/3a/guerledan/Guerledan-projet-gonio/ros2_ws/install/interval_analysis_interfaces/share/interval_analysis_interfaces/cmake/interval_analysis_interfaces__rosidl_typesupport_cExport.cmake
[9.779s] -- Installing: /home/basile/Documents/3a/guerledan/Guerledan-projet-gonio/ros2_ws/install/interval_analysis_interfaces/share/interval_analysis_interfaces/cmake/interval_analysis_interfaces__rosidl_typesupport_cExport-noconfig.cmake
[9.779s] -- Installing: /home/basile/Documents/3a/guerledan/Guerledan-projet-gonio/ros2_ws/install/interval_analysis_interfaces/share/interval_analysis_interfaces/cmake/interval_analysis_interfaces__rosidl_typesupport_introspection_cppExport.cmake
[9.779s] -- Installing: /home/basile/Documents/3a/guerledan/Guerledan-projet-gonio/ros2_ws/install/interval_analysis_interfaces/share/interval_analysis_interfaces/cmake/interval_analysis_interfaces__rosidl_typesupport_introspection_cppExport-noconfig.cmake
[9.779s] -- Installing: /home/basile/Documents/3a/guerledan/Guerledan-projet-gonio/ros2_ws/install/interval_analysis_interfaces/share/interval_analysis_interfaces/cmake/interval_analysis_interfaces__rosidl_typesupport_cppExport.cmake
[9.779s] -- Installing: /home/basile/Documents/3a/guerledan/Guerledan-projet-gonio/ros2_ws/install/interval_analysis_interfaces/share/interval_analysis_interfaces/cmake/interval_analysis_interfaces__rosidl_typesupport_cppExport-noconfig.cmake
[9.780s] -- Installing: /home/basile/Documents/3a/guerledan/Guerledan-projet-gonio/ros2_ws/install/interval_analysis_interfaces/share/interval_analysis_interfaces/cmake/export_interval_analysis_interfaces__rosidl_generator_pyExport.cmake
[9.780s] -- Installing: /home/basile/Documents/3a/guerledan/Guerledan-projet-gonio/ros2_ws/install/interval_analysis_interfaces/share/interval_analysis_interfaces/cmake/export_interval_analysis_interfaces__rosidl_generator_pyExport-noconfig.cmake
[9.780s] -- Installing: /home/basile/Documents/3a/guerledan/Guerledan-projet-gonio/ros2_ws/install/interval_analysis_interfaces/share/interval_analysis_interfaces/cmake/rosidl_cmake-extras.cmake
[9.780s] -- Installing: /home/basile/Documents/3a/guerledan/Guerledan-projet-gonio/ros2_ws/install/interval_analysis_interfaces/share/interval_analysis_interfaces/cmake/ament_cmake_export_dependencies-extras.cmake
[9.780s] -- Installing: /home/basile/Documents/3a/guerledan/Guerledan-projet-gonio/ros2_ws/install/interval_analysis_interfaces/share/interval_analysis_interfaces/cmake/ament_cmake_export_include_directories-extras.cmake
[9.780s] -- Installing: /home/basile/Documents/3a/guerledan/Guerledan-projet-gonio/ros2_ws/install/interval_analysis_interfaces/share/interval_analysis_interfaces/cmake/ament_cmake_export_libraries-extras.cmake
[9.780s] -- Installing: /home/basile/Documents/3a/guerledan/Guerledan-projet-gonio/ros2_ws/install/interval_analysis_interfaces/share/interval_analysis_interfaces/cmake/ament_cmake_export_targets-extras.cmake
[9.780s] -- Installing: /home/basile/Documents/3a/guerledan/Guerledan-projet-gonio/ros2_ws/install/interval_analysis_interfaces/share/interval_analysis_interfaces/cmake/rosidl_cmake_export_typesupport_targets-extras.cmake
[9.780s] -- Installing: /home/basile/Documents/3a/guerledan/Guerledan-projet-gonio/ros2_ws/install/interval_analysis_interfaces/share/interval_analysis_interfaces/cmake/rosidl_cmake_export_typesupport_libraries-extras.cmake
[9.780s] -- Installing: /home/basile/Documents/3a/guerledan/Guerledan-projet-gonio/ros2_ws/install/interval_analysis_interfaces/share/interval_analysis_interfaces/cmake/interval_analysis_interfacesConfig.cmake
[9.780s] -- Installing: /home/basile/Documents/3a/guerledan/Guerledan-projet-gonio/ros2_ws/install/interval_analysis_interfaces/share/interval_analysis_interfaces/cmake/interval_analysis_interfacesConfig-version.cmake
[9.781s] -- Up-to-date: /home/basile/Documents/3a/guerledan/Guerledan-projet-gonio/ros2_ws/install/interval_analysis_interfaces/share/interval_analysis_interfaces/package.xml
[9.782s] Invoked command in '/home/basile/Documents/3a/guerledan/Guerledan-projet-gonio/ros2_ws/build/interval_analysis_interfaces' returned '0': CMAKE_PREFIX_PATH=${CMAKE_PREFIX_PATH}:/home/basile/Documents/3a/guerledan/Guerledan-projet-gonio/ros2_ws/install/interval_contractor:/home/basile/Documents/3a/guerledan/Guerledan-projet-gonio/ros2_ws/install/interval_analysis_examples:/home/basile/Documents/3a/guerledan/Guerledan-projet-gonio/ros2_ws/install/gonio_python_simu_ros:/home/basile/Documents/3a/guerledan/Guerledan-projet-gonio/ros2_ws/install/get_intervals:/home/basile/Documents/ros2_ws/install/interval_analysis_examples:/home/basile/Documents/s4/workspaceros/install/my_package:/opt/ros/humble /usr/bin/cmake --install /home/basile/Documents/3a/guerledan/Guerledan-projet-gonio/ros2_ws/build/interval_analysis_interfaces
