[1.333s] Invoking command in '/home/basile/Documents/3a/guerledan/Guerledan-projet-gonio/ros2_ws/src/get_intervals': PYTHONPATH=/home/basile/Documents/3a/guerledan/Guerledan-projet-gonio/ros2_ws/build/get_intervals/prefix_override:/usr/lib/python3/dist-packages/colcon_core/task/python/colcon_distutils_commands:/home/basile/Documents/3a/guerledan/Guerledan-projet-gonio/ros2_ws/install/get_intervals/lib/python3.10/site-packages:${PYTHONPATH} /usr/bin/python3 -W ignore:setup.py install is deprecated setup.py egg_info --egg-base ../../build/get_intervals build --build-base /home/basile/Documents/3a/guerledan/Guerledan-projet-gonio/ros2_ws/build/get_intervals/build install --record /home/basile/Documents/3a/guerledan/Guerledan-projet-gonio/ros2_ws/build/get_intervals/install.log --single-version-externally-managed install_data
[1.626s] running egg_info
[1.627s] writing ../../build/get_intervals/get_intervals.egg-info/PKG-INFO
[1.627s] writing dependency_links to ../../build/get_intervals/get_intervals.egg-info/dependency_links.txt
[1.627s] writing entry points to ../../build/get_intervals/get_intervals.egg-info/entry_points.txt
[1.627s] writing requirements to ../../build/get_intervals/get_intervals.egg-info/requires.txt
[1.627s] writing top-level names to ../../build/get_intervals/get_intervals.egg-info/top_level.txt
[1.628s] reading manifest file '../../build/get_intervals/get_intervals.egg-info/SOURCES.txt'
[1.629s] writing manifest file '../../build/get_intervals/get_intervals.egg-info/SOURCES.txt'
[1.629s] running build
[1.629s] running build_py
[1.629s] running install
[1.630s] running install_lib
[1.630s] running install_data
[1.631s] running install_egg_info
[1.632s] removing '/home/basile/Documents/3a/guerledan/Guerledan-projet-gonio/ros2_ws/install/get_intervals/lib/python3.10/site-packages/get_intervals-0.0.0-py3.10.egg-info' (and everything under it)
[1.633s] Copying ../../build/get_intervals/get_intervals.egg-info to /home/basile/Documents/3a/guerledan/Guerledan-projet-gonio/ros2_ws/install/get_intervals/lib/python3.10/site-packages/get_intervals-0.0.0-py3.10.egg-info
[1.633s] running install_scripts
[1.649s] Installing converter_node script to /home/basile/Documents/3a/guerledan/Guerledan-projet-gonio/ros2_ws/install/get_intervals/lib/get_intervals
[1.649s] writing list of installed files to '/home/basile/Documents/3a/guerledan/Guerledan-projet-gonio/ros2_ws/build/get_intervals/install.log'
[1.672s] Invoked command in '/home/basile/Documents/3a/guerledan/Guerledan-projet-gonio/ros2_ws/src/get_intervals' returned '0': PYTHONPATH=/home/basile/Documents/3a/guerledan/Guerledan-projet-gonio/ros2_ws/build/get_intervals/prefix_override:/usr/lib/python3/dist-packages/colcon_core/task/python/colcon_distutils_commands:/home/basile/Documents/3a/guerledan/Guerledan-projet-gonio/ros2_ws/install/get_intervals/lib/python3.10/site-packages:${PYTHONPATH} /usr/bin/python3 -W ignore:setup.py install is deprecated setup.py egg_info --egg-base ../../build/get_intervals build --build-base /home/basile/Documents/3a/guerledan/Guerledan-projet-gonio/ros2_ws/build/get_intervals/build install --record /home/basile/Documents/3a/guerledan/Guerledan-projet-gonio/ros2_ws/build/get_intervals/install.log --single-version-externally-managed install_data
