[0.008s] Invoking command in '/home/basile/Documents/3a/guerledan/Guerledan-projet-gonio/ros2_ws/build/interval_analysis_interfaces': CMAKE_PREFIX_PATH=${CMAKE_PREFIX_PATH}:/home/basile/Documents/3a/guerledan/Guerledan-projet-gonio/ros2_ws/install/interval_contractor:/home/basile/Documents/3a/guerledan/Guerledan-projet-gonio/ros2_ws/install/interval_analysis_examples:/home/basile/Documents/3a/guerledan/Guerledan-projet-gonio/ros2_ws/install/gonio_python_simu_ros:/home/basile/Documents/3a/guerledan/Guerledan-projet-gonio/ros2_ws/install/get_intervals:/home/basile/Documents/ros2_ws/install/interval_analysis_examples:/home/basile/Documents/s4/workspaceros/install/my_package:/opt/ros/humble /usr/bin/cmake --build /home/basile/Documents/3a/guerledan/Guerledan-projet-gonio/ros2_ws/build/interval_analysis_interfaces -- -j8 -l8
[0.046s] [  1%] Built target interval_analysis_interfaces__cpp
[0.046s] [ 12%] Built target interval_analysis_interfaces__rosidl_generator_c
[0.057s] [ 12%] Built target ament_cmake_python_copy_interval_analysis_interfaces
[0.067s] [ 24%] Built target interval_analysis_interfaces__rosidl_typesupport_introspection_c
[0.067s] [ 46%] Built target interval_analysis_interfaces__rosidl_typesupport_cpp
[0.068s] [ 46%] Built target interval_analysis_interfaces__rosidl_typesupport_c
[0.068s] [ 58%] Built target interval_analysis_interfaces__rosidl_typesupport_fastrtps_c
[0.069s] [ 69%] Built target interval_analysis_interfaces__rosidl_typesupport_fastrtps_cpp
[0.070s] [ 81%] Built target interval_analysis_interfaces__rosidl_typesupport_introspection_cpp
[0.084s] [ 81%] Built target interval_analysis_interfaces
[0.099s] [ 82%] Built target interval_analysis_interfaces__py
[0.119s] [ 92%] Built target interval_analysis_interfaces__rosidl_generator_py
[0.137s] [ 94%] Built target interval_analysis_interfaces__rosidl_typesupport_fastrtps_c__pyext
[0.138s] [100%] Built target interval_analysis_interfaces__rosidl_typesupport_c__pyext
[0.138s] [100%] Built target interval_analysis_interfaces__rosidl_typesupport_introspection_c__pyext
[0.234s] running egg_info
[0.234s] writing interval_analysis_interfaces.egg-info/PKG-INFO
[0.234s] writing dependency_links to interval_analysis_interfaces.egg-info/dependency_links.txt
[0.234s] writing top-level names to interval_analysis_interfaces.egg-info/top_level.txt
[0.236s] reading manifest file 'interval_analysis_interfaces.egg-info/SOURCES.txt'
[0.236s] writing manifest file 'interval_analysis_interfaces.egg-info/SOURCES.txt'
[0.257s] [100%] Built target ament_cmake_python_build_interval_analysis_interfaces_egg
[0.265s] Invoked command in '/home/basile/Documents/3a/guerledan/Guerledan-projet-gonio/ros2_ws/build/interval_analysis_interfaces' returned '0': CMAKE_PREFIX_PATH=${CMAKE_PREFIX_PATH}:/home/basile/Documents/3a/guerledan/Guerledan-projet-gonio/ros2_ws/install/interval_contractor:/home/basile/Documents/3a/guerledan/Guerledan-projet-gonio/ros2_ws/install/interval_analysis_examples:/home/basile/Documents/3a/guerledan/Guerledan-projet-gonio/ros2_ws/install/gonio_python_simu_ros:/home/basile/Documents/3a/guerledan/Guerledan-projet-gonio/ros2_ws/install/get_intervals:/home/basile/Documents/ros2_ws/install/interval_analysis_examples:/home/basile/Documents/s4/workspaceros/install/my_package:/opt/ros/humble /usr/bin/cmake --build /home/basile/Documents/3a/guerledan/Guerledan-projet-gonio/ros2_ws/build/interval_analysis_interfaces -- -j8 -l8
[0.402s] Invoking command in '/home/basile/Documents/3a/guerledan/Guerledan-projet-gonio/ros2_ws/build/interval_analysis_interfaces': CMAKE_PREFIX_PATH=${CMAKE_PREFIX_PATH}:/home/basile/Documents/3a/guerledan/Guerledan-projet-gonio/ros2_ws/install/interval_contractor:/home/basile/Documents/3a/guerledan/Guerledan-projet-gonio/ros2_ws/install/interval_analysis_examples:/home/basile/Documents/3a/guerledan/Guerledan-projet-gonio/ros2_ws/install/gonio_python_simu_ros:/home/basile/Documents/3a/guerledan/Guerledan-projet-gonio/ros2_ws/install/get_intervals:/home/basile/Documents/ros2_ws/install/interval_analysis_examples:/home/basile/Documents/s4/workspaceros/install/my_package:/opt/ros/humble /usr/bin/cmake --install /home/basile/Documents/3a/guerledan/Guerledan-projet-gonio/ros2_ws/build/interval_analysis_interfaces
[0.408s] -- Install configuration: ""
[0.408s] -- Up-to-date: /home/basile/Documents/3a/guerledan/Guerledan-projet-gonio/ros2_ws/install/interval_analysis_interfaces/share/ament_index/resource_index/rosidl_interfaces/interval_analysis_interfaces
[0.408s] -- Up-to-date: /home/basile/Documents/3a/guerledan/Guerledan-projet-gonio/ros2_ws/install/interval_analysis_interfaces/include/interval_analysis_interfaces/interval_analysis_interfaces
[0.408s] -- Up-to-date: /home/basile/Documents/3a/guerledan/Guerledan-projet-gonio/ros2_ws/install/interval_analysis_interfaces/include/interval_analysis_interfaces/interval_analysis_interfaces/msg
[0.408s] -- Up-to-date: /home/basile/Documents/3a/guerledan/Guerledan-projet-gonio/ros2_ws/install/interval_analysis_interfaces/include/interval_analysis_interfaces/interval_analysis_interfaces/msg/rosidl_generator_c__visibility_control.h
[0.408s] -- Up-to-date: /home/basile/Documents/3a/guerledan/Guerledan-projet-gonio/ros2_ws/install/interval_analysis_interfaces/include/interval_analysis_interfaces/interval_analysis_interfaces/msg/box_list_stamped.h
[0.408s] -- Up-to-date: /home/basile/Documents/3a/guerledan/Guerledan-projet-gonio/ros2_ws/install/interval_analysis_interfaces/include/interval_analysis_interfaces/interval_analysis_interfaces/msg/tube.h
[0.408s] -- Up-to-date: /home/basile/Documents/3a/guerledan/Guerledan-projet-gonio/ros2_ws/install/interval_analysis_interfaces/include/interval_analysis_interfaces/interval_analysis_interfaces/msg/box.h
[0.408s] -- Up-to-date: /home/basile/Documents/3a/guerledan/Guerledan-projet-gonio/ros2_ws/install/interval_analysis_interfaces/include/interval_analysis_interfaces/interval_analysis_interfaces/msg/interval.h
[0.408s] -- Up-to-date: /home/basile/Documents/3a/guerledan/Guerledan-projet-gonio/ros2_ws/install/interval_analysis_interfaces/include/interval_analysis_interfaces/interval_analysis_interfaces/msg/tube_stamped.h
[0.408s] -- Up-to-date: /home/basile/Documents/3a/guerledan/Guerledan-projet-gonio/ros2_ws/install/interval_analysis_interfaces/include/interval_analysis_interfaces/interval_analysis_interfaces/msg/detail
[0.408s] -- Up-to-date: /home/basile/Documents/3a/guerledan/Guerledan-projet-gonio/ros2_ws/install/interval_analysis_interfaces/include/interval_analysis_interfaces/interval_analysis_interfaces/msg/detail/interval__functions.c
[0.408s] -- Up-to-date: /home/basile/Documents/3a/guerledan/Guerledan-projet-gonio/ros2_ws/install/interval_analysis_interfaces/include/interval_analysis_interfaces/interval_analysis_interfaces/msg/detail/interval_stamped__functions.h
[0.408s] -- Up-to-date: /home/basile/Documents/3a/guerledan/Guerledan-projet-gonio/ros2_ws/install/interval_analysis_interfaces/include/interval_analysis_interfaces/interval_analysis_interfaces/msg/detail/interval__struct.h
[0.408s] -- Up-to-date: /home/basile/Documents/3a/guerledan/Guerledan-projet-gonio/ros2_ws/install/interval_analysis_interfaces/include/interval_analysis_interfaces/interval_analysis_interfaces/msg/detail/tube_stamped__struct.h
[0.408s] -- Up-to-date: /home/basile/Documents/3a/guerledan/Guerledan-projet-gonio/ros2_ws/install/interval_analysis_interfaces/include/interval_analysis_interfaces/interval_analysis_interfaces/msg/detail/tube_stamped__functions.h
[0.408s] -- Up-to-date: /home/basile/Documents/3a/guerledan/Guerledan-projet-gonio/ros2_ws/install/interval_analysis_interfaces/include/interval_analysis_interfaces/interval_analysis_interfaces/msg/detail/box_list_stamped__type_support.h
[0.408s] -- Up-to-date: /home/basile/Documents/3a/guerledan/Guerledan-projet-gonio/ros2_ws/install/interval_analysis_interfaces/include/interval_analysis_interfaces/interval_analysis_interfaces/msg/detail/tube_stamped__type_support.h
[0.408s] -- Up-to-date: /home/basile/Documents/3a/guerledan/Guerledan-projet-gonio/ros2_ws/install/interval_analysis_interfaces/include/interval_analysis_interfaces/interval_analysis_interfaces/msg/detail/box_list_stamped__struct.h
[0.408s] -- Up-to-date: /home/basile/Documents/3a/guerledan/Guerledan-projet-gonio/ros2_ws/install/interval_analysis_interfaces/include/interval_analysis_interfaces/interval_analysis_interfaces/msg/detail/box_stamped__type_support.h
[0.409s] -- Up-to-date: /home/basile/Documents/3a/guerledan/Guerledan-projet-gonio/ros2_ws/install/interval_analysis_interfaces/include/interval_analysis_interfaces/interval_analysis_interfaces/msg/detail/box__type_support.h
[0.409s] -- Up-to-date: /home/basile/Documents/3a/guerledan/Guerledan-projet-gonio/ros2_ws/install/interval_analysis_interfaces/include/interval_analysis_interfaces/interval_analysis_interfaces/msg/detail/box__functions.h
[0.409s] -- Up-to-date: /home/basile/Documents/3a/guerledan/Guerledan-projet-gonio/ros2_ws/install/interval_analysis_interfaces/include/interval_analysis_interfaces/interval_analysis_interfaces/msg/detail/interval_stamped__type_support.h
[0.409s] -- Up-to-date: /home/basile/Documents/3a/guerledan/Guerledan-projet-gonio/ros2_ws/install/interval_analysis_interfaces/include/interval_analysis_interfaces/interval_analysis_interfaces/msg/detail/box_list_stamped__functions.c
[0.409s] -- Up-to-date: /home/basile/Documents/3a/guerledan/Guerledan-projet-gonio/ros2_ws/install/interval_analysis_interfaces/include/interval_analysis_interfaces/interval_analysis_interfaces/msg/detail/box__functions.c
[0.409s] -- Up-to-date: /home/basile/Documents/3a/guerledan/Guerledan-projet-gonio/ros2_ws/install/interval_analysis_interfaces/include/interval_analysis_interfaces/interval_analysis_interfaces/msg/detail/tube__struct.h
[0.409s] -- Up-to-date: /home/basile/Documents/3a/guerledan/Guerledan-projet-gonio/ros2_ws/install/interval_analysis_interfaces/include/interval_analysis_interfaces/interval_analysis_interfaces/msg/detail/interval_stamped__functions.c
[0.409s] -- Up-to-date: /home/basile/Documents/3a/guerledan/Guerledan-projet-gonio/ros2_ws/install/interval_analysis_interfaces/include/interval_analysis_interfaces/interval_analysis_interfaces/msg/detail/box_stamped__functions.c
[0.409s] -- Up-to-date: /home/basile/Documents/3a/guerledan/Guerledan-projet-gonio/ros2_ws/install/interval_analysis_interfaces/include/interval_analysis_interfaces/interval_analysis_interfaces/msg/detail/tube__functions.h
[0.409s] -- Up-to-date: /home/basile/Documents/3a/guerledan/Guerledan-projet-gonio/ros2_ws/install/interval_analysis_interfaces/include/interval_analysis_interfaces/interval_analysis_interfaces/msg/detail/tube__type_support.h
[0.409s] -- Up-to-date: /home/basile/Documents/3a/guerledan/Guerledan-projet-gonio/ros2_ws/install/interval_analysis_interfaces/include/interval_analysis_interfaces/interval_analysis_interfaces/msg/detail/tube_stamped__functions.c
[0.409s] -- Up-to-date: /home/basile/Documents/3a/guerledan/Guerledan-projet-gonio/ros2_ws/install/interval_analysis_interfaces/include/interval_analysis_interfaces/interval_analysis_interfaces/msg/detail/interval__functions.h
[0.409s] -- Up-to-date: /home/basile/Documents/3a/guerledan/Guerledan-projet-gonio/ros2_ws/install/interval_analysis_interfaces/include/interval_analysis_interfaces/interval_analysis_interfaces/msg/detail/interval_stamped__struct.h
[0.409s] -- Up-to-date: /home/basile/Documents/3a/guerledan/Guerledan-projet-gonio/ros2_ws/install/interval_analysis_interfaces/include/interval_analysis_interfaces/interval_analysis_interfaces/msg/detail/box_list_stamped__functions.h
[0.409s] -- Up-to-date: /home/basile/Documents/3a/guerledan/Guerledan-projet-gonio/ros2_ws/install/interval_analysis_interfaces/include/interval_analysis_interfaces/interval_analysis_interfaces/msg/detail/interval__type_support.h
[0.409s] -- Up-to-date: /home/basile/Documents/3a/guerledan/Guerledan-projet-gonio/ros2_ws/install/interval_analysis_interfaces/include/interval_analysis_interfaces/interval_analysis_interfaces/msg/detail/tube__functions.c
[0.409s] -- Up-to-date: /home/basile/Documents/3a/guerledan/Guerledan-projet-gonio/ros2_ws/install/interval_analysis_interfaces/include/interval_analysis_interfaces/interval_analysis_interfaces/msg/detail/box_stamped__struct.h
[0.409s] -- Up-to-date: /home/basile/Documents/3a/guerledan/Guerledan-projet-gonio/ros2_ws/install/interval_analysis_interfaces/include/interval_analysis_interfaces/interval_analysis_interfaces/msg/detail/box__struct.h
[0.409s] -- Up-to-date: /home/basile/Documents/3a/guerledan/Guerledan-projet-gonio/ros2_ws/install/interval_analysis_interfaces/include/interval_analysis_interfaces/interval_analysis_interfaces/msg/detail/box_stamped__functions.h
[0.409s] -- Up-to-date: /home/basile/Documents/3a/guerledan/Guerledan-projet-gonio/ros2_ws/install/interval_analysis_interfaces/include/interval_analysis_interfaces/interval_analysis_interfaces/msg/box_stamped.h
[0.409s] -- Up-to-date: /home/basile/Documents/3a/guerledan/Guerledan-projet-gonio/ros2_ws/install/interval_analysis_interfaces/include/interval_analysis_interfaces/interval_analysis_interfaces/msg/interval_stamped.h
[0.409s] -- Up-to-date: /home/basile/Documents/3a/guerledan/Guerledan-projet-gonio/ros2_ws/install/interval_analysis_interfaces/share/interval_analysis_interfaces/environment/library_path.sh
[0.409s] -- Up-to-date: /home/basile/Documents/3a/guerledan/Guerledan-projet-gonio/ros2_ws/install/interval_analysis_interfaces/share/interval_analysis_interfaces/environment/library_path.dsv
[0.409s] -- Up-to-date: /home/basile/Documents/3a/guerledan/Guerledan-projet-gonio/ros2_ws/install/interval_analysis_interfaces/lib/libinterval_analysis_interfaces__rosidl_generator_c.so
[0.409s] -- Up-to-date: /home/basile/Documents/3a/guerledan/Guerledan-projet-gonio/ros2_ws/install/interval_analysis_interfaces/include/interval_analysis_interfaces/interval_analysis_interfaces
[0.409s] -- Up-to-date: /home/basile/Documents/3a/guerledan/Guerledan-projet-gonio/ros2_ws/install/interval_analysis_interfaces/include/interval_analysis_interfaces/interval_analysis_interfaces/msg
[0.409s] -- Up-to-date: /home/basile/Documents/3a/guerledan/Guerledan-projet-gonio/ros2_ws/install/interval_analysis_interfaces/include/interval_analysis_interfaces/interval_analysis_interfaces/msg/detail
[0.410s] -- Up-to-date: /home/basile/Documents/3a/guerledan/Guerledan-projet-gonio/ros2_ws/install/interval_analysis_interfaces/include/interval_analysis_interfaces/interval_analysis_interfaces/msg/detail/interval_stamped__rosidl_typesupport_fastrtps_c.h
[0.410s] -- Up-to-date: /home/basile/Documents/3a/guerledan/Guerledan-projet-gonio/ros2_ws/install/interval_analysis_interfaces/include/interval_analysis_interfaces/interval_analysis_interfaces/msg/detail/tube__rosidl_typesupport_fastrtps_c.h
[0.410s] -- Up-to-date: /home/basile/Documents/3a/guerledan/Guerledan-projet-gonio/ros2_ws/install/interval_analysis_interfaces/include/interval_analysis_interfaces/interval_analysis_interfaces/msg/detail/interval__rosidl_typesupport_fastrtps_c.h
[0.410s] -- Up-to-date: /home/basile/Documents/3a/guerledan/Guerledan-projet-gonio/ros2_ws/install/interval_analysis_interfaces/include/interval_analysis_interfaces/interval_analysis_interfaces/msg/detail/box__rosidl_typesupport_fastrtps_c.h
[0.410s] -- Up-to-date: /home/basile/Documents/3a/guerledan/Guerledan-projet-gonio/ros2_ws/install/interval_analysis_interfaces/include/interval_analysis_interfaces/interval_analysis_interfaces/msg/detail/box_stamped__rosidl_typesupport_fastrtps_c.h
[0.410s] -- Up-to-date: /home/basile/Documents/3a/guerledan/Guerledan-projet-gonio/ros2_ws/install/interval_analysis_interfaces/include/interval_analysis_interfaces/interval_analysis_interfaces/msg/detail/tube_stamped__rosidl_typesupport_fastrtps_c.h
[0.410s] -- Up-to-date: /home/basile/Documents/3a/guerledan/Guerledan-projet-gonio/ros2_ws/install/interval_analysis_interfaces/include/interval_analysis_interfaces/interval_analysis_interfaces/msg/detail/box_list_stamped__rosidl_typesupport_fastrtps_c.h
[0.410s] -- Up-to-date: /home/basile/Documents/3a/guerledan/Guerledan-projet-gonio/ros2_ws/install/interval_analysis_interfaces/include/interval_analysis_interfaces/interval_analysis_interfaces/msg/rosidl_typesupport_fastrtps_c__visibility_control.h
[0.410s] -- Up-to-date: /home/basile/Documents/3a/guerledan/Guerledan-projet-gonio/ros2_ws/install/interval_analysis_interfaces/lib/libinterval_analysis_interfaces__rosidl_typesupport_fastrtps_c.so
[0.410s] -- Up-to-date: /home/basile/Documents/3a/guerledan/Guerledan-projet-gonio/ros2_ws/install/interval_analysis_interfaces/include/interval_analysis_interfaces/interval_analysis_interfaces
[0.410s] -- Up-to-date: /home/basile/Documents/3a/guerledan/Guerledan-projet-gonio/ros2_ws/install/interval_analysis_interfaces/include/interval_analysis_interfaces/interval_analysis_interfaces/msg
[0.410s] -- Up-to-date: /home/basile/Documents/3a/guerledan/Guerledan-projet-gonio/ros2_ws/install/interval_analysis_interfaces/include/interval_analysis_interfaces/interval_analysis_interfaces/msg/box_stamped.hpp
[0.410s] -- Up-to-date: /home/basile/Documents/3a/guerledan/Guerledan-projet-gonio/ros2_ws/install/interval_analysis_interfaces/include/interval_analysis_interfaces/interval_analysis_interfaces/msg/tube.hpp
[0.410s] -- Up-to-date: /home/basile/Documents/3a/guerledan/Guerledan-projet-gonio/ros2_ws/install/interval_analysis_interfaces/include/interval_analysis_interfaces/interval_analysis_interfaces/msg/box_list_stamped.hpp
[0.410s] -- Up-to-date: /home/basile/Documents/3a/guerledan/Guerledan-projet-gonio/ros2_ws/install/interval_analysis_interfaces/include/interval_analysis_interfaces/interval_analysis_interfaces/msg/interval_stamped.hpp
[0.410s] -- Up-to-date: /home/basile/Documents/3a/guerledan/Guerledan-projet-gonio/ros2_ws/install/interval_analysis_interfaces/include/interval_analysis_interfaces/interval_analysis_interfaces/msg/interval.hpp
[0.410s] -- Up-to-date: /home/basile/Documents/3a/guerledan/Guerledan-projet-gonio/ros2_ws/install/interval_analysis_interfaces/include/interval_analysis_interfaces/interval_analysis_interfaces/msg/detail
[0.410s] -- Up-to-date: /home/basile/Documents/3a/guerledan/Guerledan-projet-gonio/ros2_ws/install/interval_analysis_interfaces/include/interval_analysis_interfaces/interval_analysis_interfaces/msg/detail/box_stamped__struct.hpp
[0.410s] -- Up-to-date: /home/basile/Documents/3a/guerledan/Guerledan-projet-gonio/ros2_ws/install/interval_analysis_interfaces/include/interval_analysis_interfaces/interval_analysis_interfaces/msg/detail/interval__traits.hpp
[0.410s] -- Up-to-date: /home/basile/Documents/3a/guerledan/Guerledan-projet-gonio/ros2_ws/install/interval_analysis_interfaces/include/interval_analysis_interfaces/interval_analysis_interfaces/msg/detail/box_stamped__builder.hpp
[0.410s] -- Up-to-date: /home/basile/Documents/3a/guerledan/Guerledan-projet-gonio/ros2_ws/install/interval_analysis_interfaces/include/interval_analysis_interfaces/interval_analysis_interfaces/msg/detail/tube_stamped__builder.hpp
[0.410s] -- Up-to-date: /home/basile/Documents/3a/guerledan/Guerledan-projet-gonio/ros2_ws/install/interval_analysis_interfaces/include/interval_analysis_interfaces/interval_analysis_interfaces/msg/detail/tube_stamped__traits.hpp
[0.410s] -- Up-to-date: /home/basile/Documents/3a/guerledan/Guerledan-projet-gonio/ros2_ws/install/interval_analysis_interfaces/include/interval_analysis_interfaces/interval_analysis_interfaces/msg/detail/box_list_stamped__struct.hpp
[0.410s] -- Up-to-date: /home/basile/Documents/3a/guerledan/Guerledan-projet-gonio/ros2_ws/install/interval_analysis_interfaces/include/interval_analysis_interfaces/interval_analysis_interfaces/msg/detail/tube__traits.hpp
[0.410s] -- Up-to-date: /home/basile/Documents/3a/guerledan/Guerledan-projet-gonio/ros2_ws/install/interval_analysis_interfaces/include/interval_analysis_interfaces/interval_analysis_interfaces/msg/detail/box__builder.hpp
[0.410s] -- Up-to-date: /home/basile/Documents/3a/guerledan/Guerledan-projet-gonio/ros2_ws/install/interval_analysis_interfaces/include/interval_analysis_interfaces/interval_analysis_interfaces/msg/detail/interval__builder.hpp
[0.410s] -- Up-to-date: /home/basile/Documents/3a/guerledan/Guerledan-projet-gonio/ros2_ws/install/interval_analysis_interfaces/include/interval_analysis_interfaces/interval_analysis_interfaces/msg/detail/interval_stamped__builder.hpp
[0.411s] -- Up-to-date: /home/basile/Documents/3a/guerledan/Guerledan-projet-gonio/ros2_ws/install/interval_analysis_interfaces/include/interval_analysis_interfaces/interval_analysis_interfaces/msg/detail/tube_stamped__struct.hpp
[0.411s] -- Up-to-date: /home/basile/Documents/3a/guerledan/Guerledan-projet-gonio/ros2_ws/install/interval_analysis_interfaces/include/interval_analysis_interfaces/interval_analysis_interfaces/msg/detail/interval__struct.hpp
[0.411s] -- Up-to-date: /home/basile/Documents/3a/guerledan/Guerledan-projet-gonio/ros2_ws/install/interval_analysis_interfaces/include/interval_analysis_interfaces/interval_analysis_interfaces/msg/detail/box_list_stamped__builder.hpp
[0.411s] -- Up-to-date: /home/basile/Documents/3a/guerledan/Guerledan-projet-gonio/ros2_ws/install/interval_analysis_interfaces/include/interval_analysis_interfaces/interval_analysis_interfaces/msg/detail/box__traits.hpp
[0.411s] -- Up-to-date: /home/basile/Documents/3a/guerledan/Guerledan-projet-gonio/ros2_ws/install/interval_analysis_interfaces/include/interval_analysis_interfaces/interval_analysis_interfaces/msg/detail/box_stamped__traits.hpp
[0.411s] -- Up-to-date: /home/basile/Documents/3a/guerledan/Guerledan-projet-gonio/ros2_ws/install/interval_analysis_interfaces/include/interval_analysis_interfaces/interval_analysis_interfaces/msg/detail/box__struct.hpp
[0.411s] -- Up-to-date: /home/basile/Documents/3a/guerledan/Guerledan-projet-gonio/ros2_ws/install/interval_analysis_interfaces/include/interval_analysis_interfaces/interval_analysis_interfaces/msg/detail/box_list_stamped__traits.hpp
[0.411s] -- Up-to-date: /home/basile/Documents/3a/guerledan/Guerledan-projet-gonio/ros2_ws/install/interval_analysis_interfaces/include/interval_analysis_interfaces/interval_analysis_interfaces/msg/detail/interval_stamped__struct.hpp
[0.411s] -- Up-to-date: /home/basile/Documents/3a/guerledan/Guerledan-projet-gonio/ros2_ws/install/interval_analysis_interfaces/include/interval_analysis_interfaces/interval_analysis_interfaces/msg/detail/interval_stamped__traits.hpp
[0.411s] -- Up-to-date: /home/basile/Documents/3a/guerledan/Guerledan-projet-gonio/ros2_ws/install/interval_analysis_interfaces/include/interval_analysis_interfaces/interval_analysis_interfaces/msg/detail/tube__struct.hpp
[0.411s] -- Up-to-date: /home/basile/Documents/3a/guerledan/Guerledan-projet-gonio/ros2_ws/install/interval_analysis_interfaces/include/interval_analysis_interfaces/interval_analysis_interfaces/msg/detail/tube__builder.hpp
[0.411s] -- Up-to-date: /home/basile/Documents/3a/guerledan/Guerledan-projet-gonio/ros2_ws/install/interval_analysis_interfaces/include/interval_analysis_interfaces/interval_analysis_interfaces/msg/tube_stamped.hpp
[0.411s] -- Up-to-date: /home/basile/Documents/3a/guerledan/Guerledan-projet-gonio/ros2_ws/install/interval_analysis_interfaces/include/interval_analysis_interfaces/interval_analysis_interfaces/msg/box.hpp
[0.411s] -- Up-to-date: /home/basile/Documents/3a/guerledan/Guerledan-projet-gonio/ros2_ws/install/interval_analysis_interfaces/include/interval_analysis_interfaces/interval_analysis_interfaces
[0.411s] -- Up-to-date: /home/basile/Documents/3a/guerledan/Guerledan-projet-gonio/ros2_ws/install/interval_analysis_interfaces/include/interval_analysis_interfaces/interval_analysis_interfaces/msg
[0.411s] -- Up-to-date: /home/basile/Documents/3a/guerledan/Guerledan-projet-gonio/ros2_ws/install/interval_analysis_interfaces/include/interval_analysis_interfaces/interval_analysis_interfaces/msg/rosidl_typesupport_fastrtps_cpp__visibility_control.h
[0.411s] -- Up-to-date: /home/basile/Documents/3a/guerledan/Guerledan-projet-gonio/ros2_ws/install/interval_analysis_interfaces/include/interval_analysis_interfaces/interval_analysis_interfaces/msg/detail
[0.411s] -- Up-to-date: /home/basile/Documents/3a/guerledan/Guerledan-projet-gonio/ros2_ws/install/interval_analysis_interfaces/include/interval_analysis_interfaces/interval_analysis_interfaces/msg/detail/interval_stamped__rosidl_typesupport_fastrtps_cpp.hpp
[0.411s] -- Up-to-date: /home/basile/Documents/3a/guerledan/Guerledan-projet-gonio/ros2_ws/install/interval_analysis_interfaces/include/interval_analysis_interfaces/interval_analysis_interfaces/msg/detail/tube_stamped__rosidl_typesupport_fastrtps_cpp.hpp
[0.411s] -- Up-to-date: /home/basile/Documents/3a/guerledan/Guerledan-projet-gonio/ros2_ws/install/interval_analysis_interfaces/include/interval_analysis_interfaces/interval_analysis_interfaces/msg/detail/tube__rosidl_typesupport_fastrtps_cpp.hpp
[0.411s] -- Up-to-date: /home/basile/Documents/3a/guerledan/Guerledan-projet-gonio/ros2_ws/install/interval_analysis_interfaces/include/interval_analysis_interfaces/interval_analysis_interfaces/msg/detail/interval__rosidl_typesupport_fastrtps_cpp.hpp
[0.412s] -- Up-to-date: /home/basile/Documents/3a/guerledan/Guerledan-projet-gonio/ros2_ws/install/interval_analysis_interfaces/include/interval_analysis_interfaces/interval_analysis_interfaces/msg/detail/dds_fastrtps
[0.412s] -- Up-to-date: /home/basile/Documents/3a/guerledan/Guerledan-projet-gonio/ros2_ws/install/interval_analysis_interfaces/include/interval_analysis_interfaces/interval_analysis_interfaces/msg/detail/box_list_stamped__rosidl_typesupport_fastrtps_cpp.hpp
[0.412s] -- Up-to-date: /home/basile/Documents/3a/guerledan/Guerledan-projet-gonio/ros2_ws/install/interval_analysis_interfaces/include/interval_analysis_interfaces/interval_analysis_interfaces/msg/detail/box__rosidl_typesupport_fastrtps_cpp.hpp
[0.412s] -- Up-to-date: /home/basile/Documents/3a/guerledan/Guerledan-projet-gonio/ros2_ws/install/interval_analysis_interfaces/include/interval_analysis_interfaces/interval_analysis_interfaces/msg/detail/box_stamped__rosidl_typesupport_fastrtps_cpp.hpp
[0.412s] -- Up-to-date: /home/basile/Documents/3a/guerledan/Guerledan-projet-gonio/ros2_ws/install/interval_analysis_interfaces/lib/libinterval_analysis_interfaces__rosidl_typesupport_fastrtps_cpp.so
[0.412s] -- Up-to-date: /home/basile/Documents/3a/guerledan/Guerledan-projet-gonio/ros2_ws/install/interval_analysis_interfaces/include/interval_analysis_interfaces/interval_analysis_interfaces
[0.412s] -- Up-to-date: /home/basile/Documents/3a/guerledan/Guerledan-projet-gonio/ros2_ws/install/interval_analysis_interfaces/include/interval_analysis_interfaces/interval_analysis_interfaces/msg
[0.412s] -- Up-to-date: /home/basile/Documents/3a/guerledan/Guerledan-projet-gonio/ros2_ws/install/interval_analysis_interfaces/include/interval_analysis_interfaces/interval_analysis_interfaces/msg/rosidl_typesupport_introspection_c__visibility_control.h
[0.412s] -- Up-to-date: /home/basile/Documents/3a/guerledan/Guerledan-projet-gonio/ros2_ws/install/interval_analysis_interfaces/include/interval_analysis_interfaces/interval_analysis_interfaces/msg/detail
[0.412s] -- Up-to-date: /home/basile/Documents/3a/guerledan/Guerledan-projet-gonio/ros2_ws/install/interval_analysis_interfaces/include/interval_analysis_interfaces/interval_analysis_interfaces/msg/detail/box__rosidl_typesupport_introspection_c.h
[0.412s] -- Up-to-date: /home/basile/Documents/3a/guerledan/Guerledan-projet-gonio/ros2_ws/install/interval_analysis_interfaces/include/interval_analysis_interfaces/interval_analysis_interfaces/msg/detail/interval_stamped__rosidl_typesupport_introspection_c.h
[0.412s] -- Up-to-date: /home/basile/Documents/3a/guerledan/Guerledan-projet-gonio/ros2_ws/install/interval_analysis_interfaces/include/interval_analysis_interfaces/interval_analysis_interfaces/msg/detail/interval__type_support.c
[0.412s] -- Up-to-date: /home/basile/Documents/3a/guerledan/Guerledan-projet-gonio/ros2_ws/install/interval_analysis_interfaces/include/interval_analysis_interfaces/interval_analysis_interfaces/msg/detail/box_list_stamped__type_support.c
[0.412s] -- Up-to-date: /home/basile/Documents/3a/guerledan/Guerledan-projet-gonio/ros2_ws/install/interval_analysis_interfaces/include/interval_analysis_interfaces/interval_analysis_interfaces/msg/detail/box__type_support.c
[0.412s] -- Up-to-date: /home/basile/Documents/3a/guerledan/Guerledan-projet-gonio/ros2_ws/install/interval_analysis_interfaces/include/interval_analysis_interfaces/interval_analysis_interfaces/msg/detail/box_stamped__rosidl_typesupport_introspection_c.h
[0.412s] -- Up-to-date: /home/basile/Documents/3a/guerledan/Guerledan-projet-gonio/ros2_ws/install/interval_analysis_interfaces/include/interval_analysis_interfaces/interval_analysis_interfaces/msg/detail/interval__rosidl_typesupport_introspection_c.h
[0.412s] -- Up-to-date: /home/basile/Documents/3a/guerledan/Guerledan-projet-gonio/ros2_ws/install/interval_analysis_interfaces/include/interval_analysis_interfaces/interval_analysis_interfaces/msg/detail/tube__type_support.c
[0.412s] -- Up-to-date: /home/basile/Documents/3a/guerledan/Guerledan-projet-gonio/ros2_ws/install/interval_analysis_interfaces/include/interval_analysis_interfaces/interval_analysis_interfaces/msg/detail/tube__rosidl_typesupport_introspection_c.h
[0.412s] -- Up-to-date: /home/basile/Documents/3a/guerledan/Guerledan-projet-gonio/ros2_ws/install/interval_analysis_interfaces/include/interval_analysis_interfaces/interval_analysis_interfaces/msg/detail/tube_stamped__type_support.c
[0.412s] -- Up-to-date: /home/basile/Documents/3a/guerledan/Guerledan-projet-gonio/ros2_ws/install/interval_analysis_interfaces/include/interval_analysis_interfaces/interval_analysis_interfaces/msg/detail/box_list_stamped__rosidl_typesupport_introspection_c.h
[0.412s] -- Up-to-date: /home/basile/Documents/3a/guerledan/Guerledan-projet-gonio/ros2_ws/install/interval_analysis_interfaces/include/interval_analysis_interfaces/interval_analysis_interfaces/msg/detail/tube_stamped__rosidl_typesupport_introspection_c.h
[0.412s] -- Up-to-date: /home/basile/Documents/3a/guerledan/Guerledan-projet-gonio/ros2_ws/install/interval_analysis_interfaces/include/interval_analysis_interfaces/interval_analysis_interfaces/msg/detail/box_stamped__type_support.c
[0.412s] -- Up-to-date: /home/basile/Documents/3a/guerledan/Guerledan-projet-gonio/ros2_ws/install/interval_analysis_interfaces/include/interval_analysis_interfaces/interval_analysis_interfaces/msg/detail/interval_stamped__type_support.c
[0.412s] -- Up-to-date: /home/basile/Documents/3a/guerledan/Guerledan-projet-gonio/ros2_ws/install/interval_analysis_interfaces/lib/libinterval_analysis_interfaces__rosidl_typesupport_introspection_c.so
[0.412s] -- Up-to-date: /home/basile/Documents/3a/guerledan/Guerledan-projet-gonio/ros2_ws/install/interval_analysis_interfaces/lib/libinterval_analysis_interfaces__rosidl_typesupport_c.so
[0.412s] -- Up-to-date: /home/basile/Documents/3a/guerledan/Guerledan-projet-gonio/ros2_ws/install/interval_analysis_interfaces/include/interval_analysis_interfaces/interval_analysis_interfaces
[0.412s] -- Up-to-date: /home/basile/Documents/3a/guerledan/Guerledan-projet-gonio/ros2_ws/install/interval_analysis_interfaces/include/interval_analysis_interfaces/interval_analysis_interfaces/msg
[0.412s] -- Up-to-date: /home/basile/Documents/3a/guerledan/Guerledan-projet-gonio/ros2_ws/install/interval_analysis_interfaces/include/interval_analysis_interfaces/interval_analysis_interfaces/msg/detail
[0.412s] -- Up-to-date: /home/basile/Documents/3a/guerledan/Guerledan-projet-gonio/ros2_ws/install/interval_analysis_interfaces/include/interval_analysis_interfaces/interval_analysis_interfaces/msg/detail/interval_stamped__rosidl_typesupport_introspection_cpp.hpp
[0.412s] -- Up-to-date: /home/basile/Documents/3a/guerledan/Guerledan-projet-gonio/ros2_ws/install/interval_analysis_interfaces/include/interval_analysis_interfaces/interval_analysis_interfaces/msg/detail/tube_stamped__type_support.cpp
[0.412s] -- Up-to-date: /home/basile/Documents/3a/guerledan/Guerledan-projet-gonio/ros2_ws/install/interval_analysis_interfaces/include/interval_analysis_interfaces/interval_analysis_interfaces/msg/detail/interval__type_support.cpp
[0.412s] -- Up-to-date: /home/basile/Documents/3a/guerledan/Guerledan-projet-gonio/ros2_ws/install/interval_analysis_interfaces/include/interval_analysis_interfaces/interval_analysis_interfaces/msg/detail/interval__rosidl_typesupport_introspection_cpp.hpp
[0.413s] -- Up-to-date: /home/basile/Documents/3a/guerledan/Guerledan-projet-gonio/ros2_ws/install/interval_analysis_interfaces/include/interval_analysis_interfaces/interval_analysis_interfaces/msg/detail/box__type_support.cpp
[0.413s] -- Up-to-date: /home/basile/Documents/3a/guerledan/Guerledan-projet-gonio/ros2_ws/install/interval_analysis_interfaces/include/interval_analysis_interfaces/interval_analysis_interfaces/msg/detail/tube_stamped__rosidl_typesupport_introspection_cpp.hpp
[0.413s] -- Up-to-date: /home/basile/Documents/3a/guerledan/Guerledan-projet-gonio/ros2_ws/install/interval_analysis_interfaces/include/interval_analysis_interfaces/interval_analysis_interfaces/msg/detail/interval_stamped__type_support.cpp
[0.413s] -- Up-to-date: /home/basile/Documents/3a/guerledan/Guerledan-projet-gonio/ros2_ws/install/interval_analysis_interfaces/include/interval_analysis_interfaces/interval_analysis_interfaces/msg/detail/box_stamped__type_support.cpp
[0.413s] -- Up-to-date: /home/basile/Documents/3a/guerledan/Guerledan-projet-gonio/ros2_ws/install/interval_analysis_interfaces/include/interval_analysis_interfaces/interval_analysis_interfaces/msg/detail/tube__type_support.cpp
[0.413s] -- Up-to-date: /home/basile/Documents/3a/guerledan/Guerledan-projet-gonio/ros2_ws/install/interval_analysis_interfaces/include/interval_analysis_interfaces/interval_analysis_interfaces/msg/detail/box_list_stamped__type_support.cpp
[0.413s] -- Up-to-date: /home/basile/Documents/3a/guerledan/Guerledan-projet-gonio/ros2_ws/install/interval_analysis_interfaces/include/interval_analysis_interfaces/interval_analysis_interfaces/msg/detail/tube__rosidl_typesupport_introspection_cpp.hpp
[0.413s] -- Up-to-date: /home/basile/Documents/3a/guerledan/Guerledan-projet-gonio/ros2_ws/install/interval_analysis_interfaces/include/interval_analysis_interfaces/interval_analysis_interfaces/msg/detail/box_list_stamped__rosidl_typesupport_introspection_cpp.hpp
[0.413s] -- Up-to-date: /home/basile/Documents/3a/guerledan/Guerledan-projet-gonio/ros2_ws/install/interval_analysis_interfaces/include/interval_analysis_interfaces/interval_analysis_interfaces/msg/detail/box_stamped__rosidl_typesupport_introspection_cpp.hpp
[0.413s] -- Up-to-date: /home/basile/Documents/3a/guerledan/Guerledan-projet-gonio/ros2_ws/install/interval_analysis_interfaces/include/interval_analysis_interfaces/interval_analysis_interfaces/msg/detail/box__rosidl_typesupport_introspection_cpp.hpp
[0.413s] -- Up-to-date: /home/basile/Documents/3a/guerledan/Guerledan-projet-gonio/ros2_ws/install/interval_analysis_interfaces/lib/libinterval_analysis_interfaces__rosidl_typesupport_introspection_cpp.so
[0.413s] -- Up-to-date: /home/basile/Documents/3a/guerledan/Guerledan-projet-gonio/ros2_ws/install/interval_analysis_interfaces/lib/libinterval_analysis_interfaces__rosidl_typesupport_cpp.so
[0.413s] -- Up-to-date: /home/basile/Documents/3a/guerledan/Guerledan-projet-gonio/ros2_ws/install/interval_analysis_interfaces/share/interval_analysis_interfaces/environment/pythonpath.sh
[0.413s] -- Up-to-date: /home/basile/Documents/3a/guerledan/Guerledan-projet-gonio/ros2_ws/install/interval_analysis_interfaces/share/interval_analysis_interfaces/environment/pythonpath.dsv
[0.413s] -- Up-to-date: /home/basile/Documents/3a/guerledan/Guerledan-projet-gonio/ros2_ws/install/interval_analysis_interfaces/local/lib/python3.10/dist-packages/interval_analysis_interfaces-0.0.0-py3.10.egg-info
[0.413s] -- Installing: /home/basile/Documents/3a/guerledan/Guerledan-projet-gonio/ros2_ws/install/interval_analysis_interfaces/local/lib/python3.10/dist-packages/interval_analysis_interfaces-0.0.0-py3.10.egg-info/top_level.txt
[0.413s] -- Installing: /home/basile/Documents/3a/guerledan/Guerledan-projet-gonio/ros2_ws/install/interval_analysis_interfaces/local/lib/python3.10/dist-packages/interval_analysis_interfaces-0.0.0-py3.10.egg-info/dependency_links.txt
[0.413s] -- Installing: /home/basile/Documents/3a/guerledan/Guerledan-projet-gonio/ros2_ws/install/interval_analysis_interfaces/local/lib/python3.10/dist-packages/interval_analysis_interfaces-0.0.0-py3.10.egg-info/PKG-INFO
[0.413s] -- Installing: /home/basile/Documents/3a/guerledan/Guerledan-projet-gonio/ros2_ws/install/interval_analysis_interfaces/local/lib/python3.10/dist-packages/interval_analysis_interfaces-0.0.0-py3.10.egg-info/SOURCES.txt
[0.413s] -- Up-to-date: /home/basile/Documents/3a/guerledan/Guerledan-projet-gonio/ros2_ws/install/interval_analysis_interfaces/local/lib/python3.10/dist-packages/interval_analysis_interfaces
[0.413s] -- Up-to-date: /home/basile/Documents/3a/guerledan/Guerledan-projet-gonio/ros2_ws/install/interval_analysis_interfaces/local/lib/python3.10/dist-packages/interval_analysis_interfaces/_interval_analysis_interfaces_s.ep.rosidl_typesupport_fastrtps_c.c
[0.413s] -- Up-to-date: /home/basile/Documents/3a/guerledan/Guerledan-projet-gonio/ros2_ws/install/interval_analysis_interfaces/local/lib/python3.10/dist-packages/interval_analysis_interfaces/msg
[0.413s] -- Up-to-date: /home/basile/Documents/3a/guerledan/Guerledan-projet-gonio/ros2_ws/install/interval_analysis_interfaces/local/lib/python3.10/dist-packages/interval_analysis_interfaces/msg/_tube_stamped_s.c
[0.413s] -- Up-to-date: /home/basile/Documents/3a/guerledan/Guerledan-projet-gonio/ros2_ws/install/interval_analysis_interfaces/local/lib/python3.10/dist-packages/interval_analysis_interfaces/msg/_box.py
[0.413s] -- Up-to-date: /home/basile/Documents/3a/guerledan/Guerledan-projet-gonio/ros2_ws/install/interval_analysis_interfaces/local/lib/python3.10/dist-packages/interval_analysis_interfaces/msg/_interval_s.c
[0.413s] -- Up-to-date: /home/basile/Documents/3a/guerledan/Guerledan-projet-gonio/ros2_ws/install/interval_analysis_interfaces/local/lib/python3.10/dist-packages/interval_analysis_interfaces/msg/_interval.py
[0.413s] -- Up-to-date: /home/basile/Documents/3a/guerledan/Guerledan-projet-gonio/ros2_ws/install/interval_analysis_interfaces/local/lib/python3.10/dist-packages/interval_analysis_interfaces/msg/_tube.py
[0.413s] -- Up-to-date: /home/basile/Documents/3a/guerledan/Guerledan-projet-gonio/ros2_ws/install/interval_analysis_interfaces/local/lib/python3.10/dist-packages/interval_analysis_interfaces/msg/_box_stamped_s.c
[0.413s] -- Up-to-date: /home/basile/Documents/3a/guerledan/Guerledan-projet-gonio/ros2_ws/install/interval_analysis_interfaces/local/lib/python3.10/dist-packages/interval_analysis_interfaces/msg/_box_stamped.py
[0.413s] -- Up-to-date: /home/basile/Documents/3a/guerledan/Guerledan-projet-gonio/ros2_ws/install/interval_analysis_interfaces/local/lib/python3.10/dist-packages/interval_analysis_interfaces/msg/_box_list_stamped_s.c
[0.414s] -- Up-to-date: /home/basile/Documents/3a/guerledan/Guerledan-projet-gonio/ros2_ws/install/interval_analysis_interfaces/local/lib/python3.10/dist-packages/interval_analysis_interfaces/msg/_interval_stamped.py
[0.414s] -- Up-to-date: /home/basile/Documents/3a/guerledan/Guerledan-projet-gonio/ros2_ws/install/interval_analysis_interfaces/local/lib/python3.10/dist-packages/interval_analysis_interfaces/msg/_box_list_stamped.py
[0.414s] -- Up-to-date: /home/basile/Documents/3a/guerledan/Guerledan-projet-gonio/ros2_ws/install/interval_analysis_interfaces/local/lib/python3.10/dist-packages/interval_analysis_interfaces/msg/_tube_stamped.py
[0.414s] -- Up-to-date: /home/basile/Documents/3a/guerledan/Guerledan-projet-gonio/ros2_ws/install/interval_analysis_interfaces/local/lib/python3.10/dist-packages/interval_analysis_interfaces/msg/__init__.py
[0.414s] -- Up-to-date: /home/basile/Documents/3a/guerledan/Guerledan-projet-gonio/ros2_ws/install/interval_analysis_interfaces/local/lib/python3.10/dist-packages/interval_analysis_interfaces/msg/_box_s.c
[0.414s] -- Up-to-date: /home/basile/Documents/3a/guerledan/Guerledan-projet-gonio/ros2_ws/install/interval_analysis_interfaces/local/lib/python3.10/dist-packages/interval_analysis_interfaces/msg/_interval_stamped_s.c
[0.414s] -- Up-to-date: /home/basile/Documents/3a/guerledan/Guerledan-projet-gonio/ros2_ws/install/interval_analysis_interfaces/local/lib/python3.10/dist-packages/interval_analysis_interfaces/msg/_tube_s.c
[0.414s] -- Up-to-date: /home/basile/Documents/3a/guerledan/Guerledan-projet-gonio/ros2_ws/install/interval_analysis_interfaces/local/lib/python3.10/dist-packages/interval_analysis_interfaces/interval_analysis_interfaces_s__rosidl_typesupport_introspection_c.cpython-310-x86_64-linux-gnu.so
[0.414s] -- Up-to-date: /home/basile/Documents/3a/guerledan/Guerledan-projet-gonio/ros2_ws/install/interval_analysis_interfaces/local/lib/python3.10/dist-packages/interval_analysis_interfaces/interval_analysis_interfaces_s__rosidl_typesupport_fastrtps_c.cpython-310-x86_64-linux-gnu.so
[0.414s] -- Up-to-date: /home/basile/Documents/3a/guerledan/Guerledan-projet-gonio/ros2_ws/install/interval_analysis_interfaces/local/lib/python3.10/dist-packages/interval_analysis_interfaces/libinterval_analysis_interfaces__rosidl_generator_py.so
[0.414s] -- Up-to-date: /home/basile/Documents/3a/guerledan/Guerledan-projet-gonio/ros2_ws/install/interval_analysis_interfaces/local/lib/python3.10/dist-packages/interval_analysis_interfaces/_interval_analysis_interfaces_s.ep.rosidl_typesupport_introspection_c.c
[0.414s] -- Up-to-date: /home/basile/Documents/3a/guerledan/Guerledan-projet-gonio/ros2_ws/install/interval_analysis_interfaces/local/lib/python3.10/dist-packages/interval_analysis_interfaces/_interval_analysis_interfaces_s.ep.rosidl_typesupport_c.c
[0.414s] -- Up-to-date: /home/basile/Documents/3a/guerledan/Guerledan-projet-gonio/ros2_ws/install/interval_analysis_interfaces/local/lib/python3.10/dist-packages/interval_analysis_interfaces/__init__.py
[0.414s] -- Up-to-date: /home/basile/Documents/3a/guerledan/Guerledan-projet-gonio/ros2_ws/install/interval_analysis_interfaces/local/lib/python3.10/dist-packages/interval_analysis_interfaces/interval_analysis_interfaces_s__rosidl_typesupport_c.cpython-310-x86_64-linux-gnu.so
[0.437s] Listing '/home/basile/Documents/3a/guerledan/Guerledan-projet-gonio/ros2_ws/install/interval_analysis_interfaces/local/lib/python3.10/dist-packages/interval_analysis_interfaces'...
[0.437s] Listing '/home/basile/Documents/3a/guerledan/Guerledan-projet-gonio/ros2_ws/install/interval_analysis_interfaces/local/lib/python3.10/dist-packages/interval_analysis_interfaces/msg'...
[0.441s] -- Up-to-date: /home/basile/Documents/3a/guerledan/Guerledan-projet-gonio/ros2_ws/install/interval_analysis_interfaces/local/lib/python3.10/dist-packages/interval_analysis_interfaces/interval_analysis_interfaces_s__rosidl_typesupport_fastrtps_c.cpython-310-x86_64-linux-gnu.so
[0.441s] -- Up-to-date: /home/basile/Documents/3a/guerledan/Guerledan-projet-gonio/ros2_ws/install/interval_analysis_interfaces/local/lib/python3.10/dist-packages/interval_analysis_interfaces/interval_analysis_interfaces_s__rosidl_typesupport_introspection_c.cpython-310-x86_64-linux-gnu.so
[0.441s] -- Up-to-date: /home/basile/Documents/3a/guerledan/Guerledan-projet-gonio/ros2_ws/install/interval_analysis_interfaces/local/lib/python3.10/dist-packages/interval_analysis_interfaces/interval_analysis_interfaces_s__rosidl_typesupport_c.cpython-310-x86_64-linux-gnu.so
[0.441s] -- Up-to-date: /home/basile/Documents/3a/guerledan/Guerledan-projet-gonio/ros2_ws/install/interval_analysis_interfaces/lib/libinterval_analysis_interfaces__rosidl_generator_py.so
[0.441s] -- Up-to-date: /home/basile/Documents/3a/guerledan/Guerledan-projet-gonio/ros2_ws/install/interval_analysis_interfaces/share/interval_analysis_interfaces/msg/Interval.idl
[0.441s] -- Up-to-date: /home/basile/Documents/3a/guerledan/Guerledan-projet-gonio/ros2_ws/install/interval_analysis_interfaces/share/interval_analysis_interfaces/msg/IntervalStamped.idl
[0.441s] -- Up-to-date: /home/basile/Documents/3a/guerledan/Guerledan-projet-gonio/ros2_ws/install/interval_analysis_interfaces/share/interval_analysis_interfaces/msg/Box.idl
[0.441s] -- Up-to-date: /home/basile/Documents/3a/guerledan/Guerledan-projet-gonio/ros2_ws/install/interval_analysis_interfaces/share/interval_analysis_interfaces/msg/BoxStamped.idl
[0.441s] -- Up-to-date: /home/basile/Documents/3a/guerledan/Guerledan-projet-gonio/ros2_ws/install/interval_analysis_interfaces/share/interval_analysis_interfaces/msg/Tube.idl
[0.442s] -- Up-to-date: /home/basile/Documents/3a/guerledan/Guerledan-projet-gonio/ros2_ws/install/interval_analysis_interfaces/share/interval_analysis_interfaces/msg/TubeStamped.idl
[0.442s] -- Up-to-date: /home/basile/Documents/3a/guerledan/Guerledan-projet-gonio/ros2_ws/install/interval_analysis_interfaces/share/interval_analysis_interfaces/msg/BoxListStamped.idl
[0.442s] -- Up-to-date: /home/basile/Documents/3a/guerledan/Guerledan-projet-gonio/ros2_ws/install/interval_analysis_interfaces/share/interval_analysis_interfaces/msg/Interval.msg
[0.442s] -- Up-to-date: /home/basile/Documents/3a/guerledan/Guerledan-projet-gonio/ros2_ws/install/interval_analysis_interfaces/share/interval_analysis_interfaces/msg/IntervalStamped.msg
[0.442s] -- Up-to-date: /home/basile/Documents/3a/guerledan/Guerledan-projet-gonio/ros2_ws/install/interval_analysis_interfaces/share/interval_analysis_interfaces/msg/Box.msg
[0.442s] -- Up-to-date: /home/basile/Documents/3a/guerledan/Guerledan-projet-gonio/ros2_ws/install/interval_analysis_interfaces/share/interval_analysis_interfaces/msg/BoxStamped.msg
[0.442s] -- Up-to-date: /home/basile/Documents/3a/guerledan/Guerledan-projet-gonio/ros2_ws/install/interval_analysis_interfaces/share/interval_analysis_interfaces/msg/Tube.msg
[0.442s] -- Up-to-date: /home/basile/Documents/3a/guerledan/Guerledan-projet-gonio/ros2_ws/install/interval_analysis_interfaces/share/interval_analysis_interfaces/msg/TubeStamped.msg
[0.442s] -- Up-to-date: /home/basile/Documents/3a/guerledan/Guerledan-projet-gonio/ros2_ws/install/interval_analysis_interfaces/share/interval_analysis_interfaces/msg/BoxListStamped.msg
[0.442s] -- Up-to-date: /home/basile/Documents/3a/guerledan/Guerledan-projet-gonio/ros2_ws/install/interval_analysis_interfaces/share/ament_index/resource_index/package_run_dependencies/interval_analysis_interfaces
[0.442s] -- Up-to-date: /home/basile/Documents/3a/guerledan/Guerledan-projet-gonio/ros2_ws/install/interval_analysis_interfaces/share/ament_index/resource_index/parent_prefix_path/interval_analysis_interfaces
[0.442s] -- Up-to-date: /home/basile/Documents/3a/guerledan/Guerledan-projet-gonio/ros2_ws/install/interval_analysis_interfaces/share/interval_analysis_interfaces/environment/ament_prefix_path.sh
[0.442s] -- Up-to-date: /home/basile/Documents/3a/guerledan/Guerledan-projet-gonio/ros2_ws/install/interval_analysis_interfaces/share/interval_analysis_interfaces/environment/ament_prefix_path.dsv
[0.442s] -- Up-to-date: /home/basile/Documents/3a/guerledan/Guerledan-projet-gonio/ros2_ws/install/interval_analysis_interfaces/share/interval_analysis_interfaces/environment/path.sh
[0.442s] -- Up-to-date: /home/basile/Documents/3a/guerledan/Guerledan-projet-gonio/ros2_ws/install/interval_analysis_interfaces/share/interval_analysis_interfaces/environment/path.dsv
[0.442s] -- Up-to-date: /home/basile/Documents/3a/guerledan/Guerledan-projet-gonio/ros2_ws/install/interval_analysis_interfaces/share/interval_analysis_interfaces/local_setup.bash
[0.442s] -- Up-to-date: /home/basile/Documents/3a/guerledan/Guerledan-projet-gonio/ros2_ws/install/interval_analysis_interfaces/share/interval_analysis_interfaces/local_setup.sh
[0.442s] -- Up-to-date: /home/basile/Documents/3a/guerledan/Guerledan-projet-gonio/ros2_ws/install/interval_analysis_interfaces/share/interval_analysis_interfaces/local_setup.zsh
[0.442s] -- Up-to-date: /home/basile/Documents/3a/guerledan/Guerledan-projet-gonio/ros2_ws/install/interval_analysis_interfaces/share/interval_analysis_interfaces/local_setup.dsv
[0.442s] -- Installing: /home/basile/Documents/3a/guerledan/Guerledan-projet-gonio/ros2_ws/install/interval_analysis_interfaces/share/interval_analysis_interfaces/package.dsv
[0.442s] -- Up-to-date: /home/basile/Documents/3a/guerledan/Guerledan-projet-gonio/ros2_ws/install/interval_analysis_interfaces/share/ament_index/resource_index/packages/interval_analysis_interfaces
[0.442s] -- Up-to-date: /home/basile/Documents/3a/guerledan/Guerledan-projet-gonio/ros2_ws/install/interval_analysis_interfaces/share/interval_analysis_interfaces/cmake/export_interval_analysis_interfaces__rosidl_generator_cExport.cmake
[0.442s] -- Up-to-date: /home/basile/Documents/3a/guerledan/Guerledan-projet-gonio/ros2_ws/install/interval_analysis_interfaces/share/interval_analysis_interfaces/cmake/export_interval_analysis_interfaces__rosidl_generator_cExport-noconfig.cmake
[0.443s] -- Up-to-date: /home/basile/Documents/3a/guerledan/Guerledan-projet-gonio/ros2_ws/install/interval_analysis_interfaces/share/interval_analysis_interfaces/cmake/export_interval_analysis_interfaces__rosidl_typesupport_fastrtps_cExport.cmake
[0.443s] -- Up-to-date: /home/basile/Documents/3a/guerledan/Guerledan-projet-gonio/ros2_ws/install/interval_analysis_interfaces/share/interval_analysis_interfaces/cmake/export_interval_analysis_interfaces__rosidl_typesupport_fastrtps_cExport-noconfig.cmake
[0.443s] -- Up-to-date: /home/basile/Documents/3a/guerledan/Guerledan-projet-gonio/ros2_ws/install/interval_analysis_interfaces/share/interval_analysis_interfaces/cmake/export_interval_analysis_interfaces__rosidl_generator_cppExport.cmake
[0.443s] -- Up-to-date: /home/basile/Documents/3a/guerledan/Guerledan-projet-gonio/ros2_ws/install/interval_analysis_interfaces/share/interval_analysis_interfaces/cmake/export_interval_analysis_interfaces__rosidl_typesupport_fastrtps_cppExport.cmake
[0.443s] -- Up-to-date: /home/basile/Documents/3a/guerledan/Guerledan-projet-gonio/ros2_ws/install/interval_analysis_interfaces/share/interval_analysis_interfaces/cmake/export_interval_analysis_interfaces__rosidl_typesupport_fastrtps_cppExport-noconfig.cmake
[0.443s] -- Up-to-date: /home/basile/Documents/3a/guerledan/Guerledan-projet-gonio/ros2_ws/install/interval_analysis_interfaces/share/interval_analysis_interfaces/cmake/interval_analysis_interfaces__rosidl_typesupport_introspection_cExport.cmake
[0.443s] -- Up-to-date: /home/basile/Documents/3a/guerledan/Guerledan-projet-gonio/ros2_ws/install/interval_analysis_interfaces/share/interval_analysis_interfaces/cmake/interval_analysis_interfaces__rosidl_typesupport_introspection_cExport-noconfig.cmake
[0.443s] -- Up-to-date: /home/basile/Documents/3a/guerledan/Guerledan-projet-gonio/ros2_ws/install/interval_analysis_interfaces/share/interval_analysis_interfaces/cmake/interval_analysis_interfaces__rosidl_typesupport_cExport.cmake
[0.443s] -- Up-to-date: /home/basile/Documents/3a/guerledan/Guerledan-projet-gonio/ros2_ws/install/interval_analysis_interfaces/share/interval_analysis_interfaces/cmake/interval_analysis_interfaces__rosidl_typesupport_cExport-noconfig.cmake
[0.443s] -- Up-to-date: /home/basile/Documents/3a/guerledan/Guerledan-projet-gonio/ros2_ws/install/interval_analysis_interfaces/share/interval_analysis_interfaces/cmake/interval_analysis_interfaces__rosidl_typesupport_introspection_cppExport.cmake
[0.443s] -- Up-to-date: /home/basile/Documents/3a/guerledan/Guerledan-projet-gonio/ros2_ws/install/interval_analysis_interfaces/share/interval_analysis_interfaces/cmake/interval_analysis_interfaces__rosidl_typesupport_introspection_cppExport-noconfig.cmake
[0.443s] -- Up-to-date: /home/basile/Documents/3a/guerledan/Guerledan-projet-gonio/ros2_ws/install/interval_analysis_interfaces/share/interval_analysis_interfaces/cmake/interval_analysis_interfaces__rosidl_typesupport_cppExport.cmake
[0.443s] -- Up-to-date: /home/basile/Documents/3a/guerledan/Guerledan-projet-gonio/ros2_ws/install/interval_analysis_interfaces/share/interval_analysis_interfaces/cmake/interval_analysis_interfaces__rosidl_typesupport_cppExport-noconfig.cmake
[0.443s] -- Up-to-date: /home/basile/Documents/3a/guerledan/Guerledan-projet-gonio/ros2_ws/install/interval_analysis_interfaces/share/interval_analysis_interfaces/cmake/export_interval_analysis_interfaces__rosidl_generator_pyExport.cmake
[0.443s] -- Up-to-date: /home/basile/Documents/3a/guerledan/Guerledan-projet-gonio/ros2_ws/install/interval_analysis_interfaces/share/interval_analysis_interfaces/cmake/export_interval_analysis_interfaces__rosidl_generator_pyExport-noconfig.cmake
[0.443s] -- Up-to-date: /home/basile/Documents/3a/guerledan/Guerledan-projet-gonio/ros2_ws/install/interval_analysis_interfaces/share/interval_analysis_interfaces/cmake/rosidl_cmake-extras.cmake
[0.443s] -- Up-to-date: /home/basile/Documents/3a/guerledan/Guerledan-projet-gonio/ros2_ws/install/interval_analysis_interfaces/share/interval_analysis_interfaces/cmake/ament_cmake_export_dependencies-extras.cmake
[0.443s] -- Up-to-date: /home/basile/Documents/3a/guerledan/Guerledan-projet-gonio/ros2_ws/install/interval_analysis_interfaces/share/interval_analysis_interfaces/cmake/ament_cmake_export_include_directories-extras.cmake
[0.443s] -- Up-to-date: /home/basile/Documents/3a/guerledan/Guerledan-projet-gonio/ros2_ws/install/interval_analysis_interfaces/share/interval_analysis_interfaces/cmake/ament_cmake_export_libraries-extras.cmake
[0.443s] -- Up-to-date: /home/basile/Documents/3a/guerledan/Guerledan-projet-gonio/ros2_ws/install/interval_analysis_interfaces/share/interval_analysis_interfaces/cmake/ament_cmake_export_targets-extras.cmake
[0.443s] -- Up-to-date: /home/basile/Documents/3a/guerledan/Guerledan-projet-gonio/ros2_ws/install/interval_analysis_interfaces/share/interval_analysis_interfaces/cmake/rosidl_cmake_export_typesupport_targets-extras.cmake
[0.443s] -- Up-to-date: /home/basile/Documents/3a/guerledan/Guerledan-projet-gonio/ros2_ws/install/interval_analysis_interfaces/share/interval_analysis_interfaces/cmake/rosidl_cmake_export_typesupport_libraries-extras.cmake
[0.443s] -- Up-to-date: /home/basile/Documents/3a/guerledan/Guerledan-projet-gonio/ros2_ws/install/interval_analysis_interfaces/share/interval_analysis_interfaces/cmake/interval_analysis_interfacesConfig.cmake
[0.443s] -- Up-to-date: /home/basile/Documents/3a/guerledan/Guerledan-projet-gonio/ros2_ws/install/interval_analysis_interfaces/share/interval_analysis_interfaces/cmake/interval_analysis_interfacesConfig-version.cmake
[0.443s] -- Up-to-date: /home/basile/Documents/3a/guerledan/Guerledan-projet-gonio/ros2_ws/install/interval_analysis_interfaces/share/interval_analysis_interfaces/package.xml
[0.446s] Invoked command in '/home/basile/Documents/3a/guerledan/Guerledan-projet-gonio/ros2_ws/build/interval_analysis_interfaces' returned '0': CMAKE_PREFIX_PATH=${CMAKE_PREFIX_PATH}:/home/basile/Documents/3a/guerledan/Guerledan-projet-gonio/ros2_ws/install/interval_contractor:/home/basile/Documents/3a/guerledan/Guerledan-projet-gonio/ros2_ws/install/interval_analysis_examples:/home/basile/Documents/3a/guerledan/Guerledan-projet-gonio/ros2_ws/install/gonio_python_simu_ros:/home/basile/Documents/3a/guerledan/Guerledan-projet-gonio/ros2_ws/install/get_intervals:/home/basile/Documents/ros2_ws/install/interval_analysis_examples:/home/basile/Documents/s4/workspaceros/install/my_package:/opt/ros/humble /usr/bin/cmake --install /home/basile/Documents/3a/guerledan/Guerledan-projet-gonio/ros2_ws/build/interval_analysis_interfaces
