[3.148s] Invoking command in '/home/basile/Documents/3a/guerledan/Guerledan-projet-gonio/ros2_ws/src/gonio_python_simu_ros': PYTHONPATH=/home/basile/Documents/3a/guerledan/Guerledan-projet-gonio/ros2_ws/build/gonio_python_simu_ros/prefix_override:/usr/lib/python3/dist-packages/colcon_core/task/python/colcon_distutils_commands:/home/basile/Documents/3a/guerledan/Guerledan-projet-gonio/ros2_ws/install/gonio_python_simu_ros/lib/python3.10/site-packages:${PYTHONPATH} /usr/bin/python3 -W ignore:setup.py install is deprecated setup.py egg_info --egg-base ../../build/gonio_python_simu_ros build --build-base /home/basile/Documents/3a/guerledan/Guerledan-projet-gonio/ros2_ws/build/gonio_python_simu_ros/build install --record /home/basile/Documents/3a/guerledan/Guerledan-projet-gonio/ros2_ws/build/gonio_python_simu_ros/install.log --single-version-externally-managed install_data
[3.682s] running egg_info
[3.684s] writing ../../build/gonio_python_simu_ros/gonio_python_simu_ros.egg-info/PKG-INFO
[3.685s] writing dependency_links to ../../build/gonio_python_simu_ros/gonio_python_simu_ros.egg-info/dependency_links.txt
[3.685s] writing entry points to ../../build/gonio_python_simu_ros/gonio_python_simu_ros.egg-info/entry_points.txt
[3.685s] writing requirements to ../../build/gonio_python_simu_ros/gonio_python_simu_ros.egg-info/requires.txt
[3.686s] writing top-level names to ../../build/gonio_python_simu_ros/gonio_python_simu_ros.egg-info/top_level.txt
[3.690s] reading manifest file '../../build/gonio_python_simu_ros/gonio_python_simu_ros.egg-info/SOURCES.txt'
[3.692s] writing manifest file '../../build/gonio_python_simu_ros/gonio_python_simu_ros.egg-info/SOURCES.txt'
[3.692s] running build
[3.693s] running build_py
[3.695s] running install
[3.695s] running install_lib
[3.699s] running install_data
[3.699s] running install_egg_info
[3.704s] removing '/home/basile/Documents/3a/guerledan/Guerledan-projet-gonio/ros2_ws/install/gonio_python_simu_ros/lib/python3.10/site-packages/gonio_python_simu_ros-0.0.0-py3.10.egg-info' (and everything under it)
[3.704s] Copying ../../build/gonio_python_simu_ros/gonio_python_simu_ros.egg-info to /home/basile/Documents/3a/guerledan/Guerledan-projet-gonio/ros2_ws/install/gonio_python_simu_ros/lib/python3.10/site-packages/gonio_python_simu_ros-0.0.0-py3.10.egg-info
[3.706s] running install_scripts
[3.755s] Installing gonio_python_simu_ros_node script to /home/basile/Documents/3a/guerledan/Guerledan-projet-gonio/ros2_ws/install/gonio_python_simu_ros/lib/gonio_python_simu_ros
[3.756s] writing list of installed files to '/home/basile/Documents/3a/guerledan/Guerledan-projet-gonio/ros2_ws/build/gonio_python_simu_ros/install.log'
[3.814s] Invoked command in '/home/basile/Documents/3a/guerledan/Guerledan-projet-gonio/ros2_ws/src/gonio_python_simu_ros' returned '0': PYTHONPATH=/home/basile/Documents/3a/guerledan/Guerledan-projet-gonio/ros2_ws/build/gonio_python_simu_ros/prefix_override:/usr/lib/python3/dist-packages/colcon_core/task/python/colcon_distutils_commands:/home/basile/Documents/3a/guerledan/Guerledan-projet-gonio/ros2_ws/install/gonio_python_simu_ros/lib/python3.10/site-packages:${PYTHONPATH} /usr/bin/python3 -W ignore:setup.py install is deprecated setup.py egg_info --egg-base ../../build/gonio_python_simu_ros build --build-base /home/basile/Documents/3a/guerledan/Guerledan-projet-gonio/ros2_ws/build/gonio_python_simu_ros/build install --record /home/basile/Documents/3a/guerledan/Guerledan-projet-gonio/ros2_ws/build/gonio_python_simu_ros/install.log --single-version-externally-managed install_data
