[1.256s] Invoking command in '/home/basile/Documents/3a/guerledan/Guerledan-projet-gonio/ros2_ws/src/gonio_python_simu_ros': PYTHONPATH=/home/basile/Documents/3a/guerledan/Guerledan-projet-gonio/ros2_ws/build/gonio_python_simu_ros/prefix_override:/usr/lib/python3/dist-packages/colcon_core/task/python/colcon_distutils_commands:/home/basile/Documents/3a/guerledan/Guerledan-projet-gonio/ros2_ws/install/gonio_python_simu_ros/lib/python3.10/site-packages:${PYTHONPATH} /usr/bin/python3 -W ignore:setup.py install is deprecated setup.py egg_info --egg-base ../../build/gonio_python_simu_ros build --build-base /home/basile/Documents/3a/guerledan/Guerledan-projet-gonio/ros2_ws/build/gonio_python_simu_ros/build install --record /home/basile/Documents/3a/guerledan/Guerledan-projet-gonio/ros2_ws/build/gonio_python_simu_ros/install.log --single-version-externally-managed install_data
[1.646s] running egg_info
[1.647s] writing ../../build/gonio_python_simu_ros/gonio_python_simu_ros.egg-info/PKG-INFO
[1.647s] writing dependency_links to ../../build/gonio_python_simu_ros/gonio_python_simu_ros.egg-info/dependency_links.txt
[1.647s] writing entry points to ../../build/gonio_python_simu_ros/gonio_python_simu_ros.egg-info/entry_points.txt
[1.647s] writing requirements to ../../build/gonio_python_simu_ros/gonio_python_simu_ros.egg-info/requires.txt
[1.647s] writing top-level names to ../../build/gonio_python_simu_ros/gonio_python_simu_ros.egg-info/top_level.txt
[1.665s] reading manifest file '../../build/gonio_python_simu_ros/gonio_python_simu_ros.egg-info/SOURCES.txt'
[1.681s] writing manifest file '../../build/gonio_python_simu_ros/gonio_python_simu_ros.egg-info/SOURCES.txt'
[1.686s] running build
[1.687s] running build_py
[1.696s] running install
[1.706s] running install_lib
[1.732s] running install_data
[1.734s] running install_egg_info
[1.750s] removing '/home/basile/Documents/3a/guerledan/Guerledan-projet-gonio/ros2_ws/install/gonio_python_simu_ros/lib/python3.10/site-packages/gonio_python_simu_ros-0.0.0-py3.10.egg-info' (and everything under it)
[1.750s] Copying ../../build/gonio_python_simu_ros/gonio_python_simu_ros.egg-info to /home/basile/Documents/3a/guerledan/Guerledan-projet-gonio/ros2_ws/install/gonio_python_simu_ros/lib/python3.10/site-packages/gonio_python_simu_ros-0.0.0-py3.10.egg-info
[1.751s] running install_scripts
[1.772s] Installing gonio_python_simu_ros_node script to /home/basile/Documents/3a/guerledan/Guerledan-projet-gonio/ros2_ws/install/gonio_python_simu_ros/lib/gonio_python_simu_ros
[1.772s] writing list of installed files to '/home/basile/Documents/3a/guerledan/Guerledan-projet-gonio/ros2_ws/build/gonio_python_simu_ros/install.log'
[1.809s] Invoked command in '/home/basile/Documents/3a/guerledan/Guerledan-projet-gonio/ros2_ws/src/gonio_python_simu_ros' returned '0': PYTHONPATH=/home/basile/Documents/3a/guerledan/Guerledan-projet-gonio/ros2_ws/build/gonio_python_simu_ros/prefix_override:/usr/lib/python3/dist-packages/colcon_core/task/python/colcon_distutils_commands:/home/basile/Documents/3a/guerledan/Guerledan-projet-gonio/ros2_ws/install/gonio_python_simu_ros/lib/python3.10/site-packages:${PYTHONPATH} /usr/bin/python3 -W ignore:setup.py install is deprecated setup.py egg_info --egg-base ../../build/gonio_python_simu_ros build --build-base /home/basile/Documents/3a/guerledan/Guerledan-projet-gonio/ros2_ws/build/gonio_python_simu_ros/build install --record /home/basile/Documents/3a/guerledan/Guerledan-projet-gonio/ros2_ws/build/gonio_python_simu_ros/install.log --single-version-externally-managed install_data
