[0.458s] Invoking command in '/home/basile/Documents/3a/guerledan/Guerledan-projet-gonio/ros2_ws/src/interval_contractor': PYTHONPATH=/home/basile/Documents/3a/guerledan/Guerledan-projet-gonio/ros2_ws/build/interval_contractor/prefix_override:/usr/lib/python3/dist-packages/colcon_core/task/python/colcon_distutils_commands:/home/basile/Documents/3a/guerledan/Guerledan-projet-gonio/ros2_ws/install/interval_contractor/lib/python3.10/site-packages:${PYTHONPATH} /usr/bin/python3 -W ignore:setup.py install is deprecated setup.py egg_info --egg-base ../../build/interval_contractor build --build-base /home/basile/Documents/3a/guerledan/Guerledan-projet-gonio/ros2_ws/build/interval_contractor/build install --record /home/basile/Documents/3a/guerledan/Guerledan-projet-gonio/ros2_ws/build/interval_contractor/install.log --single-version-externally-managed install_data
[0.644s] running egg_info
[0.644s] writing ../../build/interval_contractor/interval_contractor.egg-info/PKG-INFO
[0.644s] writing dependency_links to ../../build/interval_contractor/interval_contractor.egg-info/dependency_links.txt
[0.645s] writing entry points to ../../build/interval_contractor/interval_contractor.egg-info/entry_points.txt
[0.645s] writing requirements to ../../build/interval_contractor/interval_contractor.egg-info/requires.txt
[0.645s] writing top-level names to ../../build/interval_contractor/interval_contractor.egg-info/top_level.txt
[0.646s] reading manifest file '../../build/interval_contractor/interval_contractor.egg-info/SOURCES.txt'
[0.647s] writing manifest file '../../build/interval_contractor/interval_contractor.egg-info/SOURCES.txt'
[0.647s] running build
[0.647s] running build_py
[0.647s] copying interval_contractor/__init__.py -> /home/basile/Documents/3a/guerledan/Guerledan-projet-gonio/ros2_ws/build/interval_contractor/build/lib/interval_contractor
[0.647s] copying interval_contractor/interval_contractor.py -> /home/basile/Documents/3a/guerledan/Guerledan-projet-gonio/ros2_ws/build/interval_contractor/build/lib/interval_contractor
[0.647s] running install
[0.647s] running install_lib
[0.648s] copying /home/basile/Documents/3a/guerledan/Guerledan-projet-gonio/ros2_ws/build/interval_contractor/build/lib/interval_contractor/interval_contractor.py -> /home/basile/Documents/3a/guerledan/Guerledan-projet-gonio/ros2_ws/install/interval_contractor/lib/python3.10/site-packages/interval_contractor
[0.648s] copying /home/basile/Documents/3a/guerledan/Guerledan-projet-gonio/ros2_ws/build/interval_contractor/build/lib/interval_contractor/__init__.py -> /home/basile/Documents/3a/guerledan/Guerledan-projet-gonio/ros2_ws/install/interval_contractor/lib/python3.10/site-packages/interval_contractor
[0.648s] byte-compiling /home/basile/Documents/3a/guerledan/Guerledan-projet-gonio/ros2_ws/install/interval_contractor/lib/python3.10/site-packages/interval_contractor/interval_contractor.py to interval_contractor.cpython-310.pyc
[0.649s] byte-compiling /home/basile/Documents/3a/guerledan/Guerledan-projet-gonio/ros2_ws/install/interval_contractor/lib/python3.10/site-packages/interval_contractor/__init__.py to __init__.cpython-310.pyc
[0.649s] running install_data
[0.649s] error: can't copy 'resource/interval_contractor': doesn't exist or not a regular file
[1.184s] Invoked command in '/home/basile/Documents/3a/guerledan/Guerledan-projet-gonio/ros2_ws/src/interval_contractor' returned '1': PYTHONPATH=/home/basile/Documents/3a/guerledan/Guerledan-projet-gonio/ros2_ws/build/interval_contractor/prefix_override:/usr/lib/python3/dist-packages/colcon_core/task/python/colcon_distutils_commands:/home/basile/Documents/3a/guerledan/Guerledan-projet-gonio/ros2_ws/install/interval_contractor/lib/python3.10/site-packages:${PYTHONPATH} /usr/bin/python3 -W ignore:setup.py install is deprecated setup.py egg_info --egg-base ../../build/interval_contractor build --build-base /home/basile/Documents/3a/guerledan/Guerledan-projet-gonio/ros2_ws/build/interval_contractor/build install --record /home/basile/Documents/3a/guerledan/Guerledan-projet-gonio/ros2_ws/build/interval_contractor/install.log --single-version-externally-managed install_data
