[  1%] Built target interval_analysis_interfaces__cpp
[ 12%] Built target interval_analysis_interfaces__rosidl_generator_c
[ 12%] Built target ament_cmake_python_copy_interval_analysis_interfaces
[ 24%] Built target interval_analysis_interfaces__rosidl_typesupport_fastrtps_cpp
[ 35%] Built target interval_analysis_interfaces__rosidl_typesupport_c
[ 46%] Built target interval_analysis_interfaces__rosidl_typesupport_introspection_c
[ 58%] Built target interval_analysis_interfaces__rosidl_typesupport_cpp
[ 69%] Built target interval_analysis_interfaces__rosidl_typesupport_introspection_cpp
[ 81%] Built target interval_analysis_interfaces__rosidl_typesupport_fastrtps_c
[ 81%] Built target interval_analysis_interfaces
[ 82%] Built target interval_analysis_interfaces__py
[ 92%] Built target interval_analysis_interfaces__rosidl_generator_py
[ 97%] Built target interval_analysis_interfaces__rosidl_typesupport_c__pyext
[ 97%] Built target interval_analysis_interfaces__rosidl_typesupport_introspection_c__pyext
[100%] Built target interval_analysis_interfaces__rosidl_typesupport_fastrtps_c__pyext
running egg_info
writing interval_analysis_interfaces.egg-info/PKG-INFO
writing dependency_links to interval_analysis_interfaces.egg-info/dependency_links.txt
writing top-level names to interval_analysis_interfaces.egg-info/top_level.txt
reading manifest file 'interval_analysis_interfaces.egg-info/SOURCES.txt'
writing manifest file 'interval_analysis_interfaces.egg-info/SOURCES.txt'
[100%] Built target ament_cmake_python_build_interval_analysis_interfaces_egg
-- Install configuration: ""
-- Up-to-date: /home/basile/Documents/3a/guerledan/Guerledan-projet-gonio/ros2_ws/install/interval_analysis_interfaces/share/ament_index/resource_index/rosidl_interfaces/interval_analysis_interfaces
-- Up-to-date: /home/basile/Documents/3a/guerledan/Guerledan-projet-gonio/ros2_ws/install/interval_analysis_interfaces/include/interval_analysis_interfaces/interval_analysis_interfaces
-- Up-to-date: /home/basile/Documents/3a/guerledan/Guerledan-projet-gonio/ros2_ws/install/interval_analysis_interfaces/include/interval_analysis_interfaces/interval_analysis_interfaces/msg
-- Up-to-date: /home/basile/Documents/3a/guerledan/Guerledan-projet-gonio/ros2_ws/install/interval_analysis_interfaces/include/interval_analysis_interfaces/interval_analysis_interfaces/msg/rosidl_generator_c__visibility_control.h
-- Up-to-date: /home/basile/Documents/3a/guerledan/Guerledan-projet-gonio/ros2_ws/install/interval_analysis_interfaces/include/interval_analysis_interfaces/interval_analysis_interfaces/msg/box_list_stamped.h
-- Up-to-date: /home/basile/Documents/3a/guerledan/Guerledan-projet-gonio/ros2_ws/install/interval_analysis_interfaces/include/interval_analysis_interfaces/interval_analysis_interfaces/msg/tube.h
-- Up-to-date: /home/basile/Documents/3a/guerledan/Guerledan-projet-gonio/ros2_ws/install/interval_analysis_interfaces/include/interval_analysis_interfaces/interval_analysis_interfaces/msg/box.h
-- Up-to-date: /home/basile/Documents/3a/guerledan/Guerledan-projet-gonio/ros2_ws/install/interval_analysis_interfaces/include/interval_analysis_interfaces/interval_analysis_interfaces/msg/interval.h
-- Up-to-date: /home/basile/Documents/3a/guerledan/Guerledan-projet-gonio/ros2_ws/install/interval_analysis_interfaces/include/interval_analysis_interfaces/interval_analysis_interfaces/msg/tube_stamped.h
-- Up-to-date: /home/basile/Documents/3a/guerledan/Guerledan-projet-gonio/ros2_ws/install/interval_analysis_interfaces/include/interval_analysis_interfaces/interval_analysis_interfaces/msg/detail
-- Up-to-date: /home/basile/Documents/3a/guerledan/Guerledan-projet-gonio/ros2_ws/install/interval_analysis_interfaces/include/interval_analysis_interfaces/interval_analysis_interfaces/msg/detail/interval__functions.c
-- Up-to-date: /home/basile/Documents/3a/guerledan/Guerledan-projet-gonio/ros2_ws/install/interval_analysis_interfaces/include/interval_analysis_interfaces/interval_analysis_interfaces/msg/detail/interval_stamped__functions.h
-- Up-to-date: /home/basile/Documents/3a/guerledan/Guerledan-projet-gonio/ros2_ws/install/interval_analysis_interfaces/include/interval_analysis_interfaces/interval_analysis_interfaces/msg/detail/interval__struct.h
-- Up-to-date: /home/basile/Documents/3a/guerledan/Guerledan-projet-gonio/ros2_ws/install/interval_analysis_interfaces/include/interval_analysis_interfaces/interval_analysis_interfaces/msg/detail/tube_stamped__struct.h
-- Up-to-date: /home/basile/Documents/3a/guerledan/Guerledan-projet-gonio/ros2_ws/install/interval_analysis_interfaces/include/interval_analysis_interfaces/interval_analysis_interfaces/msg/detail/tube_stamped__functions.h
-- Up-to-date: /home/basile/Documents/3a/guerledan/Guerledan-projet-gonio/ros2_ws/install/interval_analysis_interfaces/include/interval_analysis_interfaces/interval_analysis_interfaces/msg/detail/box_list_stamped__type_support.h
-- Up-to-date: /home/basile/Documents/3a/guerledan/Guerledan-projet-gonio/ros2_ws/install/interval_analysis_interfaces/include/interval_analysis_interfaces/interval_analysis_interfaces/msg/detail/tube_stamped__type_support.h
-- Up-to-date: /home/basile/Documents/3a/guerledan/Guerledan-projet-gonio/ros2_ws/install/interval_analysis_interfaces/include/interval_analysis_interfaces/interval_analysis_interfaces/msg/detail/box_list_stamped__struct.h
-- Up-to-date: /home/basile/Documents/3a/guerledan/Guerledan-projet-gonio/ros2_ws/install/interval_analysis_interfaces/include/interval_analysis_interfaces/interval_analysis_interfaces/msg/detail/box_stamped__type_support.h
-- Up-to-date: /home/basile/Documents/3a/guerledan/Guerledan-projet-gonio/ros2_ws/install/interval_analysis_interfaces/include/interval_analysis_interfaces/interval_analysis_interfaces/msg/detail/box__type_support.h
-- Up-to-date: /home/basile/Documents/3a/guerledan/Guerledan-projet-gonio/ros2_ws/install/interval_analysis_interfaces/include/interval_analysis_interfaces/interval_analysis_interfaces/msg/detail/box__functions.h
-- Up-to-date: /home/basile/Documents/3a/guerledan/Guerledan-projet-gonio/ros2_ws/install/interval_analysis_interfaces/include/interval_analysis_interfaces/interval_analysis_interfaces/msg/detail/interval_stamped__type_support.h
-- Up-to-date: /home/basile/Documents/3a/guerledan/Guerledan-projet-gonio/ros2_ws/install/interval_analysis_interfaces/include/interval_analysis_interfaces/interval_analysis_interfaces/msg/detail/box_list_stamped__functions.c
-- Up-to-date: /home/basile/Documents/3a/guerledan/Guerledan-projet-gonio/ros2_ws/install/interval_analysis_interfaces/include/interval_analysis_interfaces/interval_analysis_interfaces/msg/detail/box__functions.c
-- Up-to-date: /home/basile/Documents/3a/guerledan/Guerledan-projet-gonio/ros2_ws/install/interval_analysis_interfaces/include/interval_analysis_interfaces/interval_analysis_interfaces/msg/detail/tube__struct.h
-- Up-to-date: /home/basile/Documents/3a/guerledan/Guerledan-projet-gonio/ros2_ws/install/interval_analysis_interfaces/include/interval_analysis_interfaces/interval_analysis_interfaces/msg/detail/interval_stamped__functions.c
-- Up-to-date: /home/basile/Documents/3a/guerledan/Guerledan-projet-gonio/ros2_ws/install/interval_analysis_interfaces/include/interval_analysis_interfaces/interval_analysis_interfaces/msg/detail/box_stamped__functions.c
-- Up-to-date: /home/basile/Documents/3a/guerledan/Guerledan-projet-gonio/ros2_ws/install/interval_analysis_interfaces/include/interval_analysis_interfaces/interval_analysis_interfaces/msg/detail/tube__functions.h
-- Up-to-date: /home/basile/Documents/3a/guerledan/Guerledan-projet-gonio/ros2_ws/install/interval_analysis_interfaces/include/interval_analysis_interfaces/interval_analysis_interfaces/msg/detail/tube__type_support.h
-- Up-to-date: /home/basile/Documents/3a/guerledan/Guerledan-projet-gonio/ros2_ws/install/interval_analysis_interfaces/include/interval_analysis_interfaces/interval_analysis_interfaces/msg/detail/tube_stamped__functions.c
-- Up-to-date: /home/basile/Documents/3a/guerledan/Guerledan-projet-gonio/ros2_ws/install/interval_analysis_interfaces/include/interval_analysis_interfaces/interval_analysis_interfaces/msg/detail/interval__functions.h
-- Up-to-date: /home/basile/Documents/3a/guerledan/Guerledan-projet-gonio/ros2_ws/install/interval_analysis_interfaces/include/interval_analysis_interfaces/interval_analysis_interfaces/msg/detail/interval_stamped__struct.h
-- Up-to-date: /home/basile/Documents/3a/guerledan/Guerledan-projet-gonio/ros2_ws/install/interval_analysis_interfaces/include/interval_analysis_interfaces/interval_analysis_interfaces/msg/detail/box_list_stamped__functions.h
-- Up-to-date: /home/basile/Documents/3a/guerledan/Guerledan-projet-gonio/ros2_ws/install/interval_analysis_interfaces/include/interval_analysis_interfaces/interval_analysis_interfaces/msg/detail/interval__type_support.h
-- Up-to-date: /home/basile/Documents/3a/guerledan/Guerledan-projet-gonio/ros2_ws/install/interval_analysis_interfaces/include/interval_analysis_interfaces/interval_analysis_interfaces/msg/detail/tube__functions.c
-- Up-to-date: /home/basile/Documents/3a/guerledan/Guerledan-projet-gonio/ros2_ws/install/interval_analysis_interfaces/include/interval_analysis_interfaces/interval_analysis_interfaces/msg/detail/box_stamped__struct.h
-- Up-to-date: /home/basile/Documents/3a/guerledan/Guerledan-projet-gonio/ros2_ws/install/interval_analysis_interfaces/include/interval_analysis_interfaces/interval_analysis_interfaces/msg/detail/box__struct.h
-- Up-to-date: /home/basile/Documents/3a/guerledan/Guerledan-projet-gonio/ros2_ws/install/interval_analysis_interfaces/include/interval_analysis_interfaces/interval_analysis_interfaces/msg/detail/box_stamped__functions.h
-- Up-to-date: /home/basile/Documents/3a/guerledan/Guerledan-projet-gonio/ros2_ws/install/interval_analysis_interfaces/include/interval_analysis_interfaces/interval_analysis_interfaces/msg/box_stamped.h
-- Up-to-date: /home/basile/Documents/3a/guerledan/Guerledan-projet-gonio/ros2_ws/install/interval_analysis_interfaces/include/interval_analysis_interfaces/interval_analysis_interfaces/msg/interval_stamped.h
-- Up-to-date: /home/basile/Documents/3a/guerledan/Guerledan-projet-gonio/ros2_ws/install/interval_analysis_interfaces/share/interval_analysis_interfaces/environment/library_path.sh
-- Up-to-date: /home/basile/Documents/3a/guerledan/Guerledan-projet-gonio/ros2_ws/install/interval_analysis_interfaces/share/interval_analysis_interfaces/environment/library_path.dsv
-- Up-to-date: /home/basile/Documents/3a/guerledan/Guerledan-projet-gonio/ros2_ws/install/interval_analysis_interfaces/lib/libinterval_analysis_interfaces__rosidl_generator_c.so
-- Up-to-date: /home/basile/Documents/3a/guerledan/Guerledan-projet-gonio/ros2_ws/install/interval_analysis_interfaces/include/interval_analysis_interfaces/interval_analysis_interfaces
-- Up-to-date: /home/basile/Documents/3a/guerledan/Guerledan-projet-gonio/ros2_ws/install/interval_analysis_interfaces/include/interval_analysis_interfaces/interval_analysis_interfaces/msg
-- Up-to-date: /home/basile/Documents/3a/guerledan/Guerledan-projet-gonio/ros2_ws/install/interval_analysis_interfaces/include/interval_analysis_interfaces/interval_analysis_interfaces/msg/detail
-- Up-to-date: /home/basile/Documents/3a/guerledan/Guerledan-projet-gonio/ros2_ws/install/interval_analysis_interfaces/include/interval_analysis_interfaces/interval_analysis_interfaces/msg/detail/interval_stamped__rosidl_typesupport_fastrtps_c.h
-- Up-to-date: /home/basile/Documents/3a/guerledan/Guerledan-projet-gonio/ros2_ws/install/interval_analysis_interfaces/include/interval_analysis_interfaces/interval_analysis_interfaces/msg/detail/tube__rosidl_typesupport_fastrtps_c.h
-- Up-to-date: /home/basile/Documents/3a/guerledan/Guerledan-projet-gonio/ros2_ws/install/interval_analysis_interfaces/include/interval_analysis_interfaces/interval_analysis_interfaces/msg/detail/interval__rosidl_typesupport_fastrtps_c.h
-- Up-to-date: /home/basile/Documents/3a/guerledan/Guerledan-projet-gonio/ros2_ws/install/interval_analysis_interfaces/include/interval_analysis_interfaces/interval_analysis_interfaces/msg/detail/box__rosidl_typesupport_fastrtps_c.h
-- Up-to-date: /home/basile/Documents/3a/guerledan/Guerledan-projet-gonio/ros2_ws/install/interval_analysis_interfaces/include/interval_analysis_interfaces/interval_analysis_interfaces/msg/detail/box_stamped__rosidl_typesupport_fastrtps_c.h
-- Up-to-date: /home/basile/Documents/3a/guerledan/Guerledan-projet-gonio/ros2_ws/install/interval_analysis_interfaces/include/interval_analysis_interfaces/interval_analysis_interfaces/msg/detail/tube_stamped__rosidl_typesupport_fastrtps_c.h
-- Up-to-date: /home/basile/Documents/3a/guerledan/Guerledan-projet-gonio/ros2_ws/install/interval_analysis_interfaces/include/interval_analysis_interfaces/interval_analysis_interfaces/msg/detail/box_list_stamped__rosidl_typesupport_fastrtps_c.h
-- Up-to-date: /home/basile/Documents/3a/guerledan/Guerledan-projet-gonio/ros2_ws/install/interval_analysis_interfaces/include/interval_analysis_interfaces/interval_analysis_interfaces/msg/rosidl_typesupport_fastrtps_c__visibility_control.h
-- Up-to-date: /home/basile/Documents/3a/guerledan/Guerledan-projet-gonio/ros2_ws/install/interval_analysis_interfaces/lib/libinterval_analysis_interfaces__rosidl_typesupport_fastrtps_c.so
-- Up-to-date: /home/basile/Documents/3a/guerledan/Guerledan-projet-gonio/ros2_ws/install/interval_analysis_interfaces/include/interval_analysis_interfaces/interval_analysis_interfaces
-- Up-to-date: /home/basile/Documents/3a/guerledan/Guerledan-projet-gonio/ros2_ws/install/interval_analysis_interfaces/include/interval_analysis_interfaces/interval_analysis_interfaces/msg
-- Up-to-date: /home/basile/Documents/3a/guerledan/Guerledan-projet-gonio/ros2_ws/install/interval_analysis_interfaces/include/interval_analysis_interfaces/interval_analysis_interfaces/msg/box_stamped.hpp
-- Up-to-date: /home/basile/Documents/3a/guerledan/Guerledan-projet-gonio/ros2_ws/install/interval_analysis_interfaces/include/interval_analysis_interfaces/interval_analysis_interfaces/msg/tube.hpp
-- Up-to-date: /home/basile/Documents/3a/guerledan/Guerledan-projet-gonio/ros2_ws/install/interval_analysis_interfaces/include/interval_analysis_interfaces/interval_analysis_interfaces/msg/box_list_stamped.hpp
-- Up-to-date: /home/basile/Documents/3a/guerledan/Guerledan-projet-gonio/ros2_ws/install/interval_analysis_interfaces/include/interval_analysis_interfaces/interval_analysis_interfaces/msg/interval_stamped.hpp
-- Up-to-date: /home/basile/Documents/3a/guerledan/Guerledan-projet-gonio/ros2_ws/install/interval_analysis_interfaces/include/interval_analysis_interfaces/interval_analysis_interfaces/msg/interval.hpp
-- Up-to-date: /home/basile/Documents/3a/guerledan/Guerledan-projet-gonio/ros2_ws/install/interval_analysis_interfaces/include/interval_analysis_interfaces/interval_analysis_interfaces/msg/detail
-- Up-to-date: /home/basile/Documents/3a/guerledan/Guerledan-projet-gonio/ros2_ws/install/interval_analysis_interfaces/include/interval_analysis_interfaces/interval_analysis_interfaces/msg/detail/box_stamped__struct.hpp
-- Up-to-date: /home/basile/Documents/3a/guerledan/Guerledan-projet-gonio/ros2_ws/install/interval_analysis_interfaces/include/interval_analysis_interfaces/interval_analysis_interfaces/msg/detail/interval__traits.hpp
-- Up-to-date: /home/basile/Documents/3a/guerledan/Guerledan-projet-gonio/ros2_ws/install/interval_analysis_interfaces/include/interval_analysis_interfaces/interval_analysis_interfaces/msg/detail/box_stamped__builder.hpp
-- Up-to-date: /home/basile/Documents/3a/guerledan/Guerledan-projet-gonio/ros2_ws/install/interval_analysis_interfaces/include/interval_analysis_interfaces/interval_analysis_interfaces/msg/detail/tube_stamped__builder.hpp
-- Up-to-date: /home/basile/Documents/3a/guerledan/Guerledan-projet-gonio/ros2_ws/install/interval_analysis_interfaces/include/interval_analysis_interfaces/interval_analysis_interfaces/msg/detail/tube_stamped__traits.hpp
-- Up-to-date: /home/basile/Documents/3a/guerledan/Guerledan-projet-gonio/ros2_ws/install/interval_analysis_interfaces/include/interval_analysis_interfaces/interval_analysis_interfaces/msg/detail/box_list_stamped__struct.hpp
-- Up-to-date: /home/basile/Documents/3a/guerledan/Guerledan-projet-gonio/ros2_ws/install/interval_analysis_interfaces/include/interval_analysis_interfaces/interval_analysis_interfaces/msg/detail/tube__traits.hpp
-- Up-to-date: /home/basile/Documents/3a/guerledan/Guerledan-projet-gonio/ros2_ws/install/interval_analysis_interfaces/include/interval_analysis_interfaces/interval_analysis_interfaces/msg/detail/box__builder.hpp
-- Up-to-date: /home/basile/Documents/3a/guerledan/Guerledan-projet-gonio/ros2_ws/install/interval_analysis_interfaces/include/interval_analysis_interfaces/interval_analysis_interfaces/msg/detail/interval__builder.hpp
-- Up-to-date: /home/basile/Documents/3a/guerledan/Guerledan-projet-gonio/ros2_ws/install/interval_analysis_interfaces/include/interval_analysis_interfaces/interval_analysis_interfaces/msg/detail/interval_stamped__builder.hpp
-- Up-to-date: /home/basile/Documents/3a/guerledan/Guerledan-projet-gonio/ros2_ws/install/interval_analysis_interfaces/include/interval_analysis_interfaces/interval_analysis_interfaces/msg/detail/tube_stamped__struct.hpp
-- Up-to-date: /home/basile/Documents/3a/guerledan/Guerledan-projet-gonio/ros2_ws/install/interval_analysis_interfaces/include/interval_analysis_interfaces/interval_analysis_interfaces/msg/detail/interval__struct.hpp
-- Up-to-date: /home/basile/Documents/3a/guerledan/Guerledan-projet-gonio/ros2_ws/install/interval_analysis_interfaces/include/interval_analysis_interfaces/interval_analysis_interfaces/msg/detail/box_list_stamped__builder.hpp
-- Up-to-date: /home/basile/Documents/3a/guerledan/Guerledan-projet-gonio/ros2_ws/install/interval_analysis_interfaces/include/interval_analysis_interfaces/interval_analysis_interfaces/msg/detail/box__traits.hpp
-- Up-to-date: /home/basile/Documents/3a/guerledan/Guerledan-projet-gonio/ros2_ws/install/interval_analysis_interfaces/include/interval_analysis_interfaces/interval_analysis_interfaces/msg/detail/box_stamped__traits.hpp
-- Up-to-date: /home/basile/Documents/3a/guerledan/Guerledan-projet-gonio/ros2_ws/install/interval_analysis_interfaces/include/interval_analysis_interfaces/interval_analysis_interfaces/msg/detail/box__struct.hpp
-- Up-to-date: /home/basile/Documents/3a/guerledan/Guerledan-projet-gonio/ros2_ws/install/interval_analysis_interfaces/include/interval_analysis_interfaces/interval_analysis_interfaces/msg/detail/box_list_stamped__traits.hpp
-- Up-to-date: /home/basile/Documents/3a/guerledan/Guerledan-projet-gonio/ros2_ws/install/interval_analysis_interfaces/include/interval_analysis_interfaces/interval_analysis_interfaces/msg/detail/interval_stamped__struct.hpp
-- Up-to-date: /home/basile/Documents/3a/guerledan/Guerledan-projet-gonio/ros2_ws/install/interval_analysis_interfaces/include/interval_analysis_interfaces/interval_analysis_interfaces/msg/detail/interval_stamped__traits.hpp
-- Up-to-date: /home/basile/Documents/3a/guerledan/Guerledan-projet-gonio/ros2_ws/install/interval_analysis_interfaces/include/interval_analysis_interfaces/interval_analysis_interfaces/msg/detail/tube__struct.hpp
-- Up-to-date: /home/basile/Documents/3a/guerledan/Guerledan-projet-gonio/ros2_ws/install/interval_analysis_interfaces/include/interval_analysis_interfaces/interval_analysis_interfaces/msg/detail/tube__builder.hpp
-- Up-to-date: /home/basile/Documents/3a/guerledan/Guerledan-projet-gonio/ros2_ws/install/interval_analysis_interfaces/include/interval_analysis_interfaces/interval_analysis_interfaces/msg/tube_stamped.hpp
-- Up-to-date: /home/basile/Documents/3a/guerledan/Guerledan-projet-gonio/ros2_ws/install/interval_analysis_interfaces/include/interval_analysis_interfaces/interval_analysis_interfaces/msg/box.hpp
-- Up-to-date: /home/basile/Documents/3a/guerledan/Guerledan-projet-gonio/ros2_ws/install/interval_analysis_interfaces/include/interval_analysis_interfaces/interval_analysis_interfaces
-- Up-to-date: /home/basile/Documents/3a/guerledan/Guerledan-projet-gonio/ros2_ws/install/interval_analysis_interfaces/include/interval_analysis_interfaces/interval_analysis_interfaces/msg
-- Up-to-date: /home/basile/Documents/3a/guerledan/Guerledan-projet-gonio/ros2_ws/install/interval_analysis_interfaces/include/interval_analysis_interfaces/interval_analysis_interfaces/msg/rosidl_typesupport_fastrtps_cpp__visibility_control.h
-- Up-to-date: /home/basile/Documents/3a/guerledan/Guerledan-projet-gonio/ros2_ws/install/interval_analysis_interfaces/include/interval_analysis_interfaces/interval_analysis_interfaces/msg/detail
-- Up-to-date: /home/basile/Documents/3a/guerledan/Guerledan-projet-gonio/ros2_ws/install/interval_analysis_interfaces/include/interval_analysis_interfaces/interval_analysis_interfaces/msg/detail/interval_stamped__rosidl_typesupport_fastrtps_cpp.hpp
-- Up-to-date: /home/basile/Documents/3a/guerledan/Guerledan-projet-gonio/ros2_ws/install/interval_analysis_interfaces/include/interval_analysis_interfaces/interval_analysis_interfaces/msg/detail/tube_stamped__rosidl_typesupport_fastrtps_cpp.hpp
-- Up-to-date: /home/basile/Documents/3a/guerledan/Guerledan-projet-gonio/ros2_ws/install/interval_analysis_interfaces/include/interval_analysis_interfaces/interval_analysis_interfaces/msg/detail/tube__rosidl_typesupport_fastrtps_cpp.hpp
-- Up-to-date: /home/basile/Documents/3a/guerledan/Guerledan-projet-gonio/ros2_ws/install/interval_analysis_interfaces/include/interval_analysis_interfaces/interval_analysis_interfaces/msg/detail/interval__rosidl_typesupport_fastrtps_cpp.hpp
-- Up-to-date: /home/basile/Documents/3a/guerledan/Guerledan-projet-gonio/ros2_ws/install/interval_analysis_interfaces/include/interval_analysis_interfaces/interval_analysis_interfaces/msg/detail/dds_fastrtps
-- Up-to-date: /home/basile/Documents/3a/guerledan/Guerledan-projet-gonio/ros2_ws/install/interval_analysis_interfaces/include/interval_analysis_interfaces/interval_analysis_interfaces/msg/detail/box_list_stamped__rosidl_typesupport_fastrtps_cpp.hpp
-- Up-to-date: /home/basile/Documents/3a/guerledan/Guerledan-projet-gonio/ros2_ws/install/interval_analysis_interfaces/include/interval_analysis_interfaces/interval_analysis_interfaces/msg/detail/box__rosidl_typesupport_fastrtps_cpp.hpp
-- Up-to-date: /home/basile/Documents/3a/guerledan/Guerledan-projet-gonio/ros2_ws/install/interval_analysis_interfaces/include/interval_analysis_interfaces/interval_analysis_interfaces/msg/detail/box_stamped__rosidl_typesupport_fastrtps_cpp.hpp
-- Up-to-date: /home/basile/Documents/3a/guerledan/Guerledan-projet-gonio/ros2_ws/install/interval_analysis_interfaces/lib/libinterval_analysis_interfaces__rosidl_typesupport_fastrtps_cpp.so
-- Up-to-date: /home/basile/Documents/3a/guerledan/Guerledan-projet-gonio/ros2_ws/install/interval_analysis_interfaces/include/interval_analysis_interfaces/interval_analysis_interfaces
-- Up-to-date: /home/basile/Documents/3a/guerledan/Guerledan-projet-gonio/ros2_ws/install/interval_analysis_interfaces/include/interval_analysis_interfaces/interval_analysis_interfaces/msg
-- Up-to-date: /home/basile/Documents/3a/guerledan/Guerledan-projet-gonio/ros2_ws/install/interval_analysis_interfaces/include/interval_analysis_interfaces/interval_analysis_interfaces/msg/rosidl_typesupport_introspection_c__visibility_control.h
-- Up-to-date: /home/basile/Documents/3a/guerledan/Guerledan-projet-gonio/ros2_ws/install/interval_analysis_interfaces/include/interval_analysis_interfaces/interval_analysis_interfaces/msg/detail
-- Up-to-date: /home/basile/Documents/3a/guerledan/Guerledan-projet-gonio/ros2_ws/install/interval_analysis_interfaces/include/interval_analysis_interfaces/interval_analysis_interfaces/msg/detail/box__rosidl_typesupport_introspection_c.h
-- Up-to-date: /home/basile/Documents/3a/guerledan/Guerledan-projet-gonio/ros2_ws/install/interval_analysis_interfaces/include/interval_analysis_interfaces/interval_analysis_interfaces/msg/detail/interval_stamped__rosidl_typesupport_introspection_c.h
-- Up-to-date: /home/basile/Documents/3a/guerledan/Guerledan-projet-gonio/ros2_ws/install/interval_analysis_interfaces/include/interval_analysis_interfaces/interval_analysis_interfaces/msg/detail/interval__type_support.c
-- Up-to-date: /home/basile/Documents/3a/guerledan/Guerledan-projet-gonio/ros2_ws/install/interval_analysis_interfaces/include/interval_analysis_interfaces/interval_analysis_interfaces/msg/detail/box_list_stamped__type_support.c
-- Up-to-date: /home/basile/Documents/3a/guerledan/Guerledan-projet-gonio/ros2_ws/install/interval_analysis_interfaces/include/interval_analysis_interfaces/interval_analysis_interfaces/msg/detail/box__type_support.c
-- Up-to-date: /home/basile/Documents/3a/guerledan/Guerledan-projet-gonio/ros2_ws/install/interval_analysis_interfaces/include/interval_analysis_interfaces/interval_analysis_interfaces/msg/detail/box_stamped__rosidl_typesupport_introspection_c.h
-- Up-to-date: /home/basile/Documents/3a/guerledan/Guerledan-projet-gonio/ros2_ws/install/interval_analysis_interfaces/include/interval_analysis_interfaces/interval_analysis_interfaces/msg/detail/interval__rosidl_typesupport_introspection_c.h
-- Up-to-date: /home/basile/Documents/3a/guerledan/Guerledan-projet-gonio/ros2_ws/install/interval_analysis_interfaces/include/interval_analysis_interfaces/interval_analysis_interfaces/msg/detail/tube__type_support.c
-- Up-to-date: /home/basile/Documents/3a/guerledan/Guerledan-projet-gonio/ros2_ws/install/interval_analysis_interfaces/include/interval_analysis_interfaces/interval_analysis_interfaces/msg/detail/tube__rosidl_typesupport_introspection_c.h
-- Up-to-date: /home/basile/Documents/3a/guerledan/Guerledan-projet-gonio/ros2_ws/install/interval_analysis_interfaces/include/interval_analysis_interfaces/interval_analysis_interfaces/msg/detail/tube_stamped__type_support.c
-- Up-to-date: /home/basile/Documents/3a/guerledan/Guerledan-projet-gonio/ros2_ws/install/interval_analysis_interfaces/include/interval_analysis_interfaces/interval_analysis_interfaces/msg/detail/box_list_stamped__rosidl_typesupport_introspection_c.h
-- Up-to-date: /home/basile/Documents/3a/guerledan/Guerledan-projet-gonio/ros2_ws/install/interval_analysis_interfaces/include/interval_analysis_interfaces/interval_analysis_interfaces/msg/detail/tube_stamped__rosidl_typesupport_introspection_c.h
-- Up-to-date: /home/basile/Documents/3a/guerledan/Guerledan-projet-gonio/ros2_ws/install/interval_analysis_interfaces/include/interval_analysis_interfaces/interval_analysis_interfaces/msg/detail/box_stamped__type_support.c
-- Up-to-date: /home/basile/Documents/3a/guerledan/Guerledan-projet-gonio/ros2_ws/install/interval_analysis_interfaces/include/interval_analysis_interfaces/interval_analysis_interfaces/msg/detail/interval_stamped__type_support.c
-- Up-to-date: /home/basile/Documents/3a/guerledan/Guerledan-projet-gonio/ros2_ws/install/interval_analysis_interfaces/lib/libinterval_analysis_interfaces__rosidl_typesupport_introspection_c.so
-- Up-to-date: /home/basile/Documents/3a/guerledan/Guerledan-projet-gonio/ros2_ws/install/interval_analysis_interfaces/lib/libinterval_analysis_interfaces__rosidl_typesupport_c.so
-- Up-to-date: /home/basile/Documents/3a/guerledan/Guerledan-projet-gonio/ros2_ws/install/interval_analysis_interfaces/include/interval_analysis_interfaces/interval_analysis_interfaces
-- Up-to-date: /home/basile/Documents/3a/guerledan/Guerledan-projet-gonio/ros2_ws/install/interval_analysis_interfaces/include/interval_analysis_interfaces/interval_analysis_interfaces/msg
-- Up-to-date: /home/basile/Documents/3a/guerledan/Guerledan-projet-gonio/ros2_ws/install/interval_analysis_interfaces/include/interval_analysis_interfaces/interval_analysis_interfaces/msg/detail
-- Up-to-date: /home/basile/Documents/3a/guerledan/Guerledan-projet-gonio/ros2_ws/install/interval_analysis_interfaces/include/interval_analysis_interfaces/interval_analysis_interfaces/msg/detail/interval_stamped__rosidl_typesupport_introspection_cpp.hpp
-- Up-to-date: /home/basile/Documents/3a/guerledan/Guerledan-projet-gonio/ros2_ws/install/interval_analysis_interfaces/include/interval_analysis_interfaces/interval_analysis_interfaces/msg/detail/tube_stamped__type_support.cpp
-- Up-to-date: /home/basile/Documents/3a/guerledan/Guerledan-projet-gonio/ros2_ws/install/interval_analysis_interfaces/include/interval_analysis_interfaces/interval_analysis_interfaces/msg/detail/interval__type_support.cpp
-- Up-to-date: /home/basile/Documents/3a/guerledan/Guerledan-projet-gonio/ros2_ws/install/interval_analysis_interfaces/include/interval_analysis_interfaces/interval_analysis_interfaces/msg/detail/interval__rosidl_typesupport_introspection_cpp.hpp
-- Up-to-date: /home/basile/Documents/3a/guerledan/Guerledan-projet-gonio/ros2_ws/install/interval_analysis_interfaces/include/interval_analysis_interfaces/interval_analysis_interfaces/msg/detail/box__type_support.cpp
-- Up-to-date: /home/basile/Documents/3a/guerledan/Guerledan-projet-gonio/ros2_ws/install/interval_analysis_interfaces/include/interval_analysis_interfaces/interval_analysis_interfaces/msg/detail/tube_stamped__rosidl_typesupport_introspection_cpp.hpp
-- Up-to-date: /home/basile/Documents/3a/guerledan/Guerledan-projet-gonio/ros2_ws/install/interval_analysis_interfaces/include/interval_analysis_interfaces/interval_analysis_interfaces/msg/detail/interval_stamped__type_support.cpp
-- Up-to-date: /home/basile/Documents/3a/guerledan/Guerledan-projet-gonio/ros2_ws/install/interval_analysis_interfaces/include/interval_analysis_interfaces/interval_analysis_interfaces/msg/detail/box_stamped__type_support.cpp
-- Up-to-date: /home/basile/Documents/3a/guerledan/Guerledan-projet-gonio/ros2_ws/install/interval_analysis_interfaces/include/interval_analysis_interfaces/interval_analysis_interfaces/msg/detail/tube__type_support.cpp
-- Up-to-date: /home/basile/Documents/3a/guerledan/Guerledan-projet-gonio/ros2_ws/install/interval_analysis_interfaces/include/interval_analysis_interfaces/interval_analysis_interfaces/msg/detail/box_list_stamped__type_support.cpp
-- Up-to-date: /home/basile/Documents/3a/guerledan/Guerledan-projet-gonio/ros2_ws/install/interval_analysis_interfaces/include/interval_analysis_interfaces/interval_analysis_interfaces/msg/detail/tube__rosidl_typesupport_introspection_cpp.hpp
-- Up-to-date: /home/basile/Documents/3a/guerledan/Guerledan-projet-gonio/ros2_ws/install/interval_analysis_interfaces/include/interval_analysis_interfaces/interval_analysis_interfaces/msg/detail/box_list_stamped__rosidl_typesupport_introspection_cpp.hpp
-- Up-to-date: /home/basile/Documents/3a/guerledan/Guerledan-projet-gonio/ros2_ws/install/interval_analysis_interfaces/include/interval_analysis_interfaces/interval_analysis_interfaces/msg/detail/box_stamped__rosidl_typesupport_introspection_cpp.hpp
-- Up-to-date: /home/basile/Documents/3a/guerledan/Guerledan-projet-gonio/ros2_ws/install/interval_analysis_interfaces/include/interval_analysis_interfaces/interval_analysis_interfaces/msg/detail/box__rosidl_typesupport_introspection_cpp.hpp
-- Up-to-date: /home/basile/Documents/3a/guerledan/Guerledan-projet-gonio/ros2_ws/install/interval_analysis_interfaces/lib/libinterval_analysis_interfaces__rosidl_typesupport_introspection_cpp.so
-- Up-to-date: /home/basile/Documents/3a/guerledan/Guerledan-projet-gonio/ros2_ws/install/interval_analysis_interfaces/lib/libinterval_analysis_interfaces__rosidl_typesupport_cpp.so
-- Up-to-date: /home/basile/Documents/3a/guerledan/Guerledan-projet-gonio/ros2_ws/install/interval_analysis_interfaces/share/interval_analysis_interfaces/environment/pythonpath.sh
-- Up-to-date: /home/basile/Documents/3a/guerledan/Guerledan-projet-gonio/ros2_ws/install/interval_analysis_interfaces/share/interval_analysis_interfaces/environment/pythonpath.dsv
-- Up-to-date: /home/basile/Documents/3a/guerledan/Guerledan-projet-gonio/ros2_ws/install/interval_analysis_interfaces/local/lib/python3.10/dist-packages/interval_analysis_interfaces-0.0.0-py3.10.egg-info
-- Installing: /home/basile/Documents/3a/guerledan/Guerledan-projet-gonio/ros2_ws/install/interval_analysis_interfaces/local/lib/python3.10/dist-packages/interval_analysis_interfaces-0.0.0-py3.10.egg-info/top_level.txt
-- Installing: /home/basile/Documents/3a/guerledan/Guerledan-projet-gonio/ros2_ws/install/interval_analysis_interfaces/local/lib/python3.10/dist-packages/interval_analysis_interfaces-0.0.0-py3.10.egg-info/dependency_links.txt
-- Installing: /home/basile/Documents/3a/guerledan/Guerledan-projet-gonio/ros2_ws/install/interval_analysis_interfaces/local/lib/python3.10/dist-packages/interval_analysis_interfaces-0.0.0-py3.10.egg-info/PKG-INFO
-- Installing: /home/basile/Documents/3a/guerledan/Guerledan-projet-gonio/ros2_ws/install/interval_analysis_interfaces/local/lib/python3.10/dist-packages/interval_analysis_interfaces-0.0.0-py3.10.egg-info/SOURCES.txt
-- Up-to-date: /home/basile/Documents/3a/guerledan/Guerledan-projet-gonio/ros2_ws/install/interval_analysis_interfaces/local/lib/python3.10/dist-packages/interval_analysis_interfaces
-- Up-to-date: /home/basile/Documents/3a/guerledan/Guerledan-projet-gonio/ros2_ws/install/interval_analysis_interfaces/local/lib/python3.10/dist-packages/interval_analysis_interfaces/_interval_analysis_interfaces_s.ep.rosidl_typesupport_fastrtps_c.c
-- Up-to-date: /home/basile/Documents/3a/guerledan/Guerledan-projet-gonio/ros2_ws/install/interval_analysis_interfaces/local/lib/python3.10/dist-packages/interval_analysis_interfaces/msg
-- Up-to-date: /home/basile/Documents/3a/guerledan/Guerledan-projet-gonio/ros2_ws/install/interval_analysis_interfaces/local/lib/python3.10/dist-packages/interval_analysis_interfaces/msg/_tube_stamped_s.c
-- Up-to-date: /home/basile/Documents/3a/guerledan/Guerledan-projet-gonio/ros2_ws/install/interval_analysis_interfaces/local/lib/python3.10/dist-packages/interval_analysis_interfaces/msg/_box.py
-- Up-to-date: /home/basile/Documents/3a/guerledan/Guerledan-projet-gonio/ros2_ws/install/interval_analysis_interfaces/local/lib/python3.10/dist-packages/interval_analysis_interfaces/msg/_interval_s.c
-- Up-to-date: /home/basile/Documents/3a/guerledan/Guerledan-projet-gonio/ros2_ws/install/interval_analysis_interfaces/local/lib/python3.10/dist-packages/interval_analysis_interfaces/msg/_interval.py
-- Up-to-date: /home/basile/Documents/3a/guerledan/Guerledan-projet-gonio/ros2_ws/install/interval_analysis_interfaces/local/lib/python3.10/dist-packages/interval_analysis_interfaces/msg/_tube.py
-- Up-to-date: /home/basile/Documents/3a/guerledan/Guerledan-projet-gonio/ros2_ws/install/interval_analysis_interfaces/local/lib/python3.10/dist-packages/interval_analysis_interfaces/msg/_box_stamped_s.c
-- Up-to-date: /home/basile/Documents/3a/guerledan/Guerledan-projet-gonio/ros2_ws/install/interval_analysis_interfaces/local/lib/python3.10/dist-packages/interval_analysis_interfaces/msg/_box_stamped.py
-- Up-to-date: /home/basile/Documents/3a/guerledan/Guerledan-projet-gonio/ros2_ws/install/interval_analysis_interfaces/local/lib/python3.10/dist-packages/interval_analysis_interfaces/msg/_box_list_stamped_s.c
-- Up-to-date: /home/basile/Documents/3a/guerledan/Guerledan-projet-gonio/ros2_ws/install/interval_analysis_interfaces/local/lib/python3.10/dist-packages/interval_analysis_interfaces/msg/_interval_stamped.py
-- Up-to-date: /home/basile/Documents/3a/guerledan/Guerledan-projet-gonio/ros2_ws/install/interval_analysis_interfaces/local/lib/python3.10/dist-packages/interval_analysis_interfaces/msg/_box_list_stamped.py
-- Up-to-date: /home/basile/Documents/3a/guerledan/Guerledan-projet-gonio/ros2_ws/install/interval_analysis_interfaces/local/lib/python3.10/dist-packages/interval_analysis_interfaces/msg/_tube_stamped.py
-- Up-to-date: /home/basile/Documents/3a/guerledan/Guerledan-projet-gonio/ros2_ws/install/interval_analysis_interfaces/local/lib/python3.10/dist-packages/interval_analysis_interfaces/msg/__init__.py
-- Up-to-date: /home/basile/Documents/3a/guerledan/Guerledan-projet-gonio/ros2_ws/install/interval_analysis_interfaces/local/lib/python3.10/dist-packages/interval_analysis_interfaces/msg/_box_s.c
-- Up-to-date: /home/basile/Documents/3a/guerledan/Guerledan-projet-gonio/ros2_ws/install/interval_analysis_interfaces/local/lib/python3.10/dist-packages/interval_analysis_interfaces/msg/_interval_stamped_s.c
-- Up-to-date: /home/basile/Documents/3a/guerledan/Guerledan-projet-gonio/ros2_ws/install/interval_analysis_interfaces/local/lib/python3.10/dist-packages/interval_analysis_interfaces/msg/_tube_s.c
-- Up-to-date: /home/basile/Documents/3a/guerledan/Guerledan-projet-gonio/ros2_ws/install/interval_analysis_interfaces/local/lib/python3.10/dist-packages/interval_analysis_interfaces/interval_analysis_interfaces_s__rosidl_typesupport_introspection_c.cpython-310-x86_64-linux-gnu.so
-- Up-to-date: /home/basile/Documents/3a/guerledan/Guerledan-projet-gonio/ros2_ws/install/interval_analysis_interfaces/local/lib/python3.10/dist-packages/interval_analysis_interfaces/interval_analysis_interfaces_s__rosidl_typesupport_fastrtps_c.cpython-310-x86_64-linux-gnu.so
-- Up-to-date: /home/basile/Documents/3a/guerledan/Guerledan-projet-gonio/ros2_ws/install/interval_analysis_interfaces/local/lib/python3.10/dist-packages/interval_analysis_interfaces/libinterval_analysis_interfaces__rosidl_generator_py.so
-- Up-to-date: /home/basile/Documents/3a/guerledan/Guerledan-projet-gonio/ros2_ws/install/interval_analysis_interfaces/local/lib/python3.10/dist-packages/interval_analysis_interfaces/_interval_analysis_interfaces_s.ep.rosidl_typesupport_introspection_c.c
-- Up-to-date: /home/basile/Documents/3a/guerledan/Guerledan-projet-gonio/ros2_ws/install/interval_analysis_interfaces/local/lib/python3.10/dist-packages/interval_analysis_interfaces/_interval_analysis_interfaces_s.ep.rosidl_typesupport_c.c
-- Up-to-date: /home/basile/Documents/3a/guerledan/Guerledan-projet-gonio/ros2_ws/install/interval_analysis_interfaces/local/lib/python3.10/dist-packages/interval_analysis_interfaces/__init__.py
-- Up-to-date: /home/basile/Documents/3a/guerledan/Guerledan-projet-gonio/ros2_ws/install/interval_analysis_interfaces/local/lib/python3.10/dist-packages/interval_analysis_interfaces/interval_analysis_interfaces_s__rosidl_typesupport_c.cpython-310-x86_64-linux-gnu.so
Listing '/home/basile/Documents/3a/guerledan/Guerledan-projet-gonio/ros2_ws/install/interval_analysis_interfaces/local/lib/python3.10/dist-packages/interval_analysis_interfaces'...
Listing '/home/basile/Documents/3a/guerledan/Guerledan-projet-gonio/ros2_ws/install/interval_analysis_interfaces/local/lib/python3.10/dist-packages/interval_analysis_interfaces/msg'...
-- Up-to-date: /home/basile/Documents/3a/guerledan/Guerledan-projet-gonio/ros2_ws/install/interval_analysis_interfaces/local/lib/python3.10/dist-packages/interval_analysis_interfaces/interval_analysis_interfaces_s__rosidl_typesupport_fastrtps_c.cpython-310-x86_64-linux-gnu.so
-- Up-to-date: /home/basile/Documents/3a/guerledan/Guerledan-projet-gonio/ros2_ws/install/interval_analysis_interfaces/local/lib/python3.10/dist-packages/interval_analysis_interfaces/interval_analysis_interfaces_s__rosidl_typesupport_introspection_c.cpython-310-x86_64-linux-gnu.so
-- Up-to-date: /home/basile/Documents/3a/guerledan/Guerledan-projet-gonio/ros2_ws/install/interval_analysis_interfaces/local/lib/python3.10/dist-packages/interval_analysis_interfaces/interval_analysis_interfaces_s__rosidl_typesupport_c.cpython-310-x86_64-linux-gnu.so
-- Up-to-date: /home/basile/Documents/3a/guerledan/Guerledan-projet-gonio/ros2_ws/install/interval_analysis_interfaces/lib/libinterval_analysis_interfaces__rosidl_generator_py.so
-- Up-to-date: /home/basile/Documents/3a/guerledan/Guerledan-projet-gonio/ros2_ws/install/interval_analysis_interfaces/share/interval_analysis_interfaces/msg/Interval.idl
-- Up-to-date: /home/basile/Documents/3a/guerledan/Guerledan-projet-gonio/ros2_ws/install/interval_analysis_interfaces/share/interval_analysis_interfaces/msg/IntervalStamped.idl
-- Up-to-date: /home/basile/Documents/3a/guerledan/Guerledan-projet-gonio/ros2_ws/install/interval_analysis_interfaces/share/interval_analysis_interfaces/msg/Box.idl
-- Up-to-date: /home/basile/Documents/3a/guerledan/Guerledan-projet-gonio/ros2_ws/install/interval_analysis_interfaces/share/interval_analysis_interfaces/msg/BoxStamped.idl
-- Up-to-date: /home/basile/Documents/3a/guerledan/Guerledan-projet-gonio/ros2_ws/install/interval_analysis_interfaces/share/interval_analysis_interfaces/msg/Tube.idl
-- Up-to-date: /home/basile/Documents/3a/guerledan/Guerledan-projet-gonio/ros2_ws/install/interval_analysis_interfaces/share/interval_analysis_interfaces/msg/TubeStamped.idl
-- Up-to-date: /home/basile/Documents/3a/guerledan/Guerledan-projet-gonio/ros2_ws/install/interval_analysis_interfaces/share/interval_analysis_interfaces/msg/BoxListStamped.idl
-- Up-to-date: /home/basile/Documents/3a/guerledan/Guerledan-projet-gonio/ros2_ws/install/interval_analysis_interfaces/share/interval_analysis_interfaces/msg/Interval.msg
-- Up-to-date: /home/basile/Documents/3a/guerledan/Guerledan-projet-gonio/ros2_ws/install/interval_analysis_interfaces/share/interval_analysis_interfaces/msg/IntervalStamped.msg
-- Up-to-date: /home/basile/Documents/3a/guerledan/Guerledan-projet-gonio/ros2_ws/install/interval_analysis_interfaces/share/interval_analysis_interfaces/msg/Box.msg
-- Up-to-date: /home/basile/Documents/3a/guerledan/Guerledan-projet-gonio/ros2_ws/install/interval_analysis_interfaces/share/interval_analysis_interfaces/msg/BoxStamped.msg
-- Up-to-date: /home/basile/Documents/3a/guerledan/Guerledan-projet-gonio/ros2_ws/install/interval_analysis_interfaces/share/interval_analysis_interfaces/msg/Tube.msg
-- Up-to-date: /home/basile/Documents/3a/guerledan/Guerledan-projet-gonio/ros2_ws/install/interval_analysis_interfaces/share/interval_analysis_interfaces/msg/TubeStamped.msg
-- Up-to-date: /home/basile/Documents/3a/guerledan/Guerledan-projet-gonio/ros2_ws/install/interval_analysis_interfaces/share/interval_analysis_interfaces/msg/BoxListStamped.msg
-- Up-to-date: /home/basile/Documents/3a/guerledan/Guerledan-projet-gonio/ros2_ws/install/interval_analysis_interfaces/share/ament_index/resource_index/package_run_dependencies/interval_analysis_interfaces
-- Up-to-date: /home/basile/Documents/3a/guerledan/Guerledan-projet-gonio/ros2_ws/install/interval_analysis_interfaces/share/ament_index/resource_index/parent_prefix_path/interval_analysis_interfaces
-- Up-to-date: /home/basile/Documents/3a/guerledan/Guerledan-projet-gonio/ros2_ws/install/interval_analysis_interfaces/share/interval_analysis_interfaces/environment/ament_prefix_path.sh
-- Up-to-date: /home/basile/Documents/3a/guerledan/Guerledan-projet-gonio/ros2_ws/install/interval_analysis_interfaces/share/interval_analysis_interfaces/environment/ament_prefix_path.dsv
-- Up-to-date: /home/basile/Documents/3a/guerledan/Guerledan-projet-gonio/ros2_ws/install/interval_analysis_interfaces/share/interval_analysis_interfaces/environment/path.sh
-- Up-to-date: /home/basile/Documents/3a/guerledan/Guerledan-projet-gonio/ros2_ws/install/interval_analysis_interfaces/share/interval_analysis_interfaces/environment/path.dsv
-- Up-to-date: /home/basile/Documents/3a/guerledan/Guerledan-projet-gonio/ros2_ws/install/interval_analysis_interfaces/share/interval_analysis_interfaces/local_setup.bash
-- Up-to-date: /home/basile/Documents/3a/guerledan/Guerledan-projet-gonio/ros2_ws/install/interval_analysis_interfaces/share/interval_analysis_interfaces/local_setup.sh
-- Up-to-date: /home/basile/Documents/3a/guerledan/Guerledan-projet-gonio/ros2_ws/install/interval_analysis_interfaces/share/interval_analysis_interfaces/local_setup.zsh
-- Up-to-date: /home/basile/Documents/3a/guerledan/Guerledan-projet-gonio/ros2_ws/install/interval_analysis_interfaces/share/interval_analysis_interfaces/local_setup.dsv
-- Installing: /home/basile/Documents/3a/guerledan/Guerledan-projet-gonio/ros2_ws/install/interval_analysis_interfaces/share/interval_analysis_interfaces/package.dsv
-- Up-to-date: /home/basile/Documents/3a/guerledan/Guerledan-projet-gonio/ros2_ws/install/interval_analysis_interfaces/share/ament_index/resource_index/packages/interval_analysis_interfaces
-- Up-to-date: /home/basile/Documents/3a/guerledan/Guerledan-projet-gonio/ros2_ws/install/interval_analysis_interfaces/share/interval_analysis_interfaces/cmake/export_interval_analysis_interfaces__rosidl_generator_cExport.cmake
-- Up-to-date: /home/basile/Documents/3a/guerledan/Guerledan-projet-gonio/ros2_ws/install/interval_analysis_interfaces/share/interval_analysis_interfaces/cmake/export_interval_analysis_interfaces__rosidl_generator_cExport-noconfig.cmake
-- Up-to-date: /home/basile/Documents/3a/guerledan/Guerledan-projet-gonio/ros2_ws/install/interval_analysis_interfaces/share/interval_analysis_interfaces/cmake/export_interval_analysis_interfaces__rosidl_typesupport_fastrtps_cExport.cmake
-- Up-to-date: /home/basile/Documents/3a/guerledan/Guerledan-projet-gonio/ros2_ws/install/interval_analysis_interfaces/share/interval_analysis_interfaces/cmake/export_interval_analysis_interfaces__rosidl_typesupport_fastrtps_cExport-noconfig.cmake
-- Up-to-date: /home/basile/Documents/3a/guerledan/Guerledan-projet-gonio/ros2_ws/install/interval_analysis_interfaces/share/interval_analysis_interfaces/cmake/export_interval_analysis_interfaces__rosidl_generator_cppExport.cmake
-- Up-to-date: /home/basile/Documents/3a/guerledan/Guerledan-projet-gonio/ros2_ws/install/interval_analysis_interfaces/share/interval_analysis_interfaces/cmake/export_interval_analysis_interfaces__rosidl_typesupport_fastrtps_cppExport.cmake
-- Up-to-date: /home/basile/Documents/3a/guerledan/Guerledan-projet-gonio/ros2_ws/install/interval_analysis_interfaces/share/interval_analysis_interfaces/cmake/export_interval_analysis_interfaces__rosidl_typesupport_fastrtps_cppExport-noconfig.cmake
-- Up-to-date: /home/basile/Documents/3a/guerledan/Guerledan-projet-gonio/ros2_ws/install/interval_analysis_interfaces/share/interval_analysis_interfaces/cmake/interval_analysis_interfaces__rosidl_typesupport_introspection_cExport.cmake
-- Up-to-date: /home/basile/Documents/3a/guerledan/Guerledan-projet-gonio/ros2_ws/install/interval_analysis_interfaces/share/interval_analysis_interfaces/cmake/interval_analysis_interfaces__rosidl_typesupport_introspection_cExport-noconfig.cmake
-- Up-to-date: /home/basile/Documents/3a/guerledan/Guerledan-projet-gonio/ros2_ws/install/interval_analysis_interfaces/share/interval_analysis_interfaces/cmake/interval_analysis_interfaces__rosidl_typesupport_cExport.cmake
-- Up-to-date: /home/basile/Documents/3a/guerledan/Guerledan-projet-gonio/ros2_ws/install/interval_analysis_interfaces/share/interval_analysis_interfaces/cmake/interval_analysis_interfaces__rosidl_typesupport_cExport-noconfig.cmake
-- Up-to-date: /home/basile/Documents/3a/guerledan/Guerledan-projet-gonio/ros2_ws/install/interval_analysis_interfaces/share/interval_analysis_interfaces/cmake/interval_analysis_interfaces__rosidl_typesupport_introspection_cppExport.cmake
-- Up-to-date: /home/basile/Documents/3a/guerledan/Guerledan-projet-gonio/ros2_ws/install/interval_analysis_interfaces/share/interval_analysis_interfaces/cmake/interval_analysis_interfaces__rosidl_typesupport_introspection_cppExport-noconfig.cmake
-- Up-to-date: /home/basile/Documents/3a/guerledan/Guerledan-projet-gonio/ros2_ws/install/interval_analysis_interfaces/share/interval_analysis_interfaces/cmake/interval_analysis_interfaces__rosidl_typesupport_cppExport.cmake
-- Up-to-date: /home/basile/Documents/3a/guerledan/Guerledan-projet-gonio/ros2_ws/install/interval_analysis_interfaces/share/interval_analysis_interfaces/cmake/interval_analysis_interfaces__rosidl_typesupport_cppExport-noconfig.cmake
-- Up-to-date: /home/basile/Documents/3a/guerledan/Guerledan-projet-gonio/ros2_ws/install/interval_analysis_interfaces/share/interval_analysis_interfaces/cmake/export_interval_analysis_interfaces__rosidl_generator_pyExport.cmake
-- Up-to-date: /home/basile/Documents/3a/guerledan/Guerledan-projet-gonio/ros2_ws/install/interval_analysis_interfaces/share/interval_analysis_interfaces/cmake/export_interval_analysis_interfaces__rosidl_generator_pyExport-noconfig.cmake
-- Up-to-date: /home/basile/Documents/3a/guerledan/Guerledan-projet-gonio/ros2_ws/install/interval_analysis_interfaces/share/interval_analysis_interfaces/cmake/rosidl_cmake-extras.cmake
-- Up-to-date: /home/basile/Documents/3a/guerledan/Guerledan-projet-gonio/ros2_ws/install/interval_analysis_interfaces/share/interval_analysis_interfaces/cmake/ament_cmake_export_dependencies-extras.cmake
-- Up-to-date: /home/basile/Documents/3a/guerledan/Guerledan-projet-gonio/ros2_ws/install/interval_analysis_interfaces/share/interval_analysis_interfaces/cmake/ament_cmake_export_include_directories-extras.cmake
-- Up-to-date: /home/basile/Documents/3a/guerledan/Guerledan-projet-gonio/ros2_ws/install/interval_analysis_interfaces/share/interval_analysis_interfaces/cmake/ament_cmake_export_libraries-extras.cmake
-- Up-to-date: /home/basile/Documents/3a/guerledan/Guerledan-projet-gonio/ros2_ws/install/interval_analysis_interfaces/share/interval_analysis_interfaces/cmake/ament_cmake_export_targets-extras.cmake
-- Up-to-date: /home/basile/Documents/3a/guerledan/Guerledan-projet-gonio/ros2_ws/install/interval_analysis_interfaces/share/interval_analysis_interfaces/cmake/rosidl_cmake_export_typesupport_targets-extras.cmake
-- Up-to-date: /home/basile/Documents/3a/guerledan/Guerledan-projet-gonio/ros2_ws/install/interval_analysis_interfaces/share/interval_analysis_interfaces/cmake/rosidl_cmake_export_typesupport_libraries-extras.cmake
-- Up-to-date: /home/basile/Documents/3a/guerledan/Guerledan-projet-gonio/ros2_ws/install/interval_analysis_interfaces/share/interval_analysis_interfaces/cmake/interval_analysis_interfacesConfig.cmake
-- Up-to-date: /home/basile/Documents/3a/guerledan/Guerledan-projet-gonio/ros2_ws/install/interval_analysis_interfaces/share/interval_analysis_interfaces/cmake/interval_analysis_interfacesConfig-version.cmake
-- Up-to-date: /home/basile/Documents/3a/guerledan/Guerledan-projet-gonio/ros2_ws/install/interval_analysis_interfaces/share/interval_analysis_interfaces/package.xml
