[1.567s] Invoking command in '/home/basile/Documents/3a/guerledan/Guerledan-projet-gonio/ros2_ws/src/gonio_python_simu_ros': PYTHONPATH=/home/basile/Documents/3a/guerledan/Guerledan-projet-gonio/ros2_ws/build/gonio_python_simu_ros/prefix_override:/usr/lib/python3/dist-packages/colcon_core/task/python/colcon_distutils_commands:/home/basile/Documents/3a/guerledan/Guerledan-projet-gonio/ros2_ws/install/gonio_python_simu_ros/lib/python3.10/site-packages:${PYTHONPATH} /usr/bin/python3 -W ignore:setup.py install is deprecated setup.py egg_info --egg-base ../../build/gonio_python_simu_ros build --build-base /home/basile/Documents/3a/guerledan/Guerledan-projet-gonio/ros2_ws/build/gonio_python_simu_ros/build install --record /home/basile/Documents/3a/guerledan/Guerledan-projet-gonio/ros2_ws/build/gonio_python_simu_ros/install.log --single-version-externally-managed install_data
[2.099s] running egg_info
[2.109s] writing ../../build/gonio_python_simu_ros/gonio_python_simu_ros.egg-info/PKG-INFO
[2.109s] writing dependency_links to ../../build/gonio_python_simu_ros/gonio_python_simu_ros.egg-info/dependency_links.txt
[2.109s] writing entry points to ../../build/gonio_python_simu_ros/gonio_python_simu_ros.egg-info/entry_points.txt
[2.110s] writing requirements to ../../build/gonio_python_simu_ros/gonio_python_simu_ros.egg-info/requires.txt
[2.110s] writing top-level names to ../../build/gonio_python_simu_ros/gonio_python_simu_ros.egg-info/top_level.txt
[2.111s] reading manifest file '../../build/gonio_python_simu_ros/gonio_python_simu_ros.egg-info/SOURCES.txt'
[2.112s] writing manifest file '../../build/gonio_python_simu_ros/gonio_python_simu_ros.egg-info/SOURCES.txt'
[2.112s] running build
[2.112s] running build_py
[2.113s] running install
[2.113s] running install_lib
[2.114s] running install_data
[2.114s] running install_egg_info
[2.122s] removing '/home/basile/Documents/3a/guerledan/Guerledan-projet-gonio/ros2_ws/install/gonio_python_simu_ros/lib/python3.10/site-packages/gonio_python_simu_ros-0.0.0-py3.10.egg-info' (and everything under it)
[2.128s] Copying ../../build/gonio_python_simu_ros/gonio_python_simu_ros.egg-info to /home/basile/Documents/3a/guerledan/Guerledan-projet-gonio/ros2_ws/install/gonio_python_simu_ros/lib/python3.10/site-packages/gonio_python_simu_ros-0.0.0-py3.10.egg-info
[2.129s] running install_scripts
[2.158s] Installing gonio_python_simu_ros_node script to /home/basile/Documents/3a/guerledan/Guerledan-projet-gonio/ros2_ws/install/gonio_python_simu_ros/lib/gonio_python_simu_ros
[2.159s] writing list of installed files to '/home/basile/Documents/3a/guerledan/Guerledan-projet-gonio/ros2_ws/build/gonio_python_simu_ros/install.log'
[2.200s] Invoked command in '/home/basile/Documents/3a/guerledan/Guerledan-projet-gonio/ros2_ws/src/gonio_python_simu_ros' returned '0': PYTHONPATH=/home/basile/Documents/3a/guerledan/Guerledan-projet-gonio/ros2_ws/build/gonio_python_simu_ros/prefix_override:/usr/lib/python3/dist-packages/colcon_core/task/python/colcon_distutils_commands:/home/basile/Documents/3a/guerledan/Guerledan-projet-gonio/ros2_ws/install/gonio_python_simu_ros/lib/python3.10/site-packages:${PYTHONPATH} /usr/bin/python3 -W ignore:setup.py install is deprecated setup.py egg_info --egg-base ../../build/gonio_python_simu_ros build --build-base /home/basile/Documents/3a/guerledan/Guerledan-projet-gonio/ros2_ws/build/gonio_python_simu_ros/build install --record /home/basile/Documents/3a/guerledan/Guerledan-projet-gonio/ros2_ws/build/gonio_python_simu_ros/install.log --single-version-externally-managed install_data
