[0.025s] Invoking command in '/home/basile/Documents/3a/guerledan/Guerledan-projet-gonio/ros2_ws/build/interval_analysis_interfaces': CMAKE_PREFIX_PATH=${CMAKE_PREFIX_PATH}:/home/basile/Documents/3a/guerledan/Guerledan-projet-gonio/ros2_ws/install/interval_contractor:/home/basile/Documents/3a/guerledan/Guerledan-projet-gonio/ros2_ws/install/interval_analysis_examples:/home/basile/Documents/3a/guerledan/Guerledan-projet-gonio/ros2_ws/install/gonio_python_simu_ros:/home/basile/Documents/3a/guerledan/Guerledan-projet-gonio/ros2_ws/install/get_intervals:/home/basile/Documents/ros2_ws/install/interval_analysis_examples:/home/basile/Documents/s4/workspaceros/install/my_package:/opt/ros/humble /usr/bin/cmake --build /home/basile/Documents/3a/guerledan/Guerledan-projet-gonio/ros2_ws/build/interval_analysis_interfaces -- -j8 -l8
[0.135s] [  1%] Built target interval_analysis_interfaces__cpp
[0.139s] [ 12%] Built target interval_analysis_interfaces__rosidl_generator_c
[0.156s] [ 12%] Built target ament_cmake_python_copy_interval_analysis_interfaces
[0.200s] [ 24%] Built target interval_analysis_interfaces__rosidl_typesupport_cpp
[0.204s] [ 35%] Built target interval_analysis_interfaces__rosidl_typesupport_c
[0.207s] [ 46%] Built target interval_analysis_interfaces__rosidl_typesupport_introspection_cpp
[0.207s] [ 58%] Built target interval_analysis_interfaces__rosidl_typesupport_introspection_c
[0.208s] [ 69%] Built target interval_analysis_interfaces__rosidl_typesupport_fastrtps_cpp
[0.210s] [ 81%] Built target interval_analysis_interfaces__rosidl_typesupport_fastrtps_c
[0.254s] [ 81%] Built target interval_analysis_interfaces
[0.298s] [ 82%] Built target interval_analysis_interfaces__py
[0.350s] [ 92%] Built target interval_analysis_interfaces__rosidl_generator_py
[0.395s] [ 97%] Built target interval_analysis_interfaces__rosidl_typesupport_fastrtps_c__pyext
[0.395s] [ 97%] Built target interval_analysis_interfaces__rosidl_typesupport_introspection_c__pyext
[0.395s] [100%] Built target interval_analysis_interfaces__rosidl_typesupport_c__pyext
[0.718s] running egg_info
[0.719s] writing interval_analysis_interfaces.egg-info/PKG-INFO
[0.719s] writing dependency_links to interval_analysis_interfaces.egg-info/dependency_links.txt
[0.720s] writing top-level names to interval_analysis_interfaces.egg-info/top_level.txt
[0.725s] reading manifest file 'interval_analysis_interfaces.egg-info/SOURCES.txt'
[0.726s] writing manifest file 'interval_analysis_interfaces.egg-info/SOURCES.txt'
[0.781s] [100%] Built target ament_cmake_python_build_interval_analysis_interfaces_egg
[0.804s] Invoked command in '/home/basile/Documents/3a/guerledan/Guerledan-projet-gonio/ros2_ws/build/interval_analysis_interfaces' returned '0': CMAKE_PREFIX_PATH=${CMAKE_PREFIX_PATH}:/home/basile/Documents/3a/guerledan/Guerledan-projet-gonio/ros2_ws/install/interval_contractor:/home/basile/Documents/3a/guerledan/Guerledan-projet-gonio/ros2_ws/install/interval_analysis_examples:/home/basile/Documents/3a/guerledan/Guerledan-projet-gonio/ros2_ws/install/gonio_python_simu_ros:/home/basile/Documents/3a/guerledan/Guerledan-projet-gonio/ros2_ws/install/get_intervals:/home/basile/Documents/ros2_ws/install/interval_analysis_examples:/home/basile/Documents/s4/workspaceros/install/my_package:/opt/ros/humble /usr/bin/cmake --build /home/basile/Documents/3a/guerledan/Guerledan-projet-gonio/ros2_ws/build/interval_analysis_interfaces -- -j8 -l8
[1.206s] Invoking command in '/home/basile/Documents/3a/guerledan/Guerledan-projet-gonio/ros2_ws/build/interval_analysis_interfaces': CMAKE_PREFIX_PATH=${CMAKE_PREFIX_PATH}:/home/basile/Documents/3a/guerledan/Guerledan-projet-gonio/ros2_ws/install/interval_contractor:/home/basile/Documents/3a/guerledan/Guerledan-projet-gonio/ros2_ws/install/interval_analysis_examples:/home/basile/Documents/3a/guerledan/Guerledan-projet-gonio/ros2_ws/install/gonio_python_simu_ros:/home/basile/Documents/3a/guerledan/Guerledan-projet-gonio/ros2_ws/install/get_intervals:/home/basile/Documents/ros2_ws/install/interval_analysis_examples:/home/basile/Documents/s4/workspaceros/install/my_package:/opt/ros/humble /usr/bin/cmake --install /home/basile/Documents/3a/guerledan/Guerledan-projet-gonio/ros2_ws/build/interval_analysis_interfaces
[1.221s] -- Install configuration: ""
[1.221s] -- Up-to-date: /home/basile/Documents/3a/guerledan/Guerledan-projet-gonio/ros2_ws/install/interval_analysis_interfaces/share/ament_index/resource_index/rosidl_interfaces/interval_analysis_interfaces
[1.222s] -- Up-to-date: /home/basile/Documents/3a/guerledan/Guerledan-projet-gonio/ros2_ws/install/interval_analysis_interfaces/include/interval_analysis_interfaces/interval_analysis_interfaces
[1.222s] -- Up-to-date: /home/basile/Documents/3a/guerledan/Guerledan-projet-gonio/ros2_ws/install/interval_analysis_interfaces/include/interval_analysis_interfaces/interval_analysis_interfaces/msg
[1.222s] -- Up-to-date: /home/basile/Documents/3a/guerledan/Guerledan-projet-gonio/ros2_ws/install/interval_analysis_interfaces/include/interval_analysis_interfaces/interval_analysis_interfaces/msg/rosidl_generator_c__visibility_control.h
[1.222s] -- Up-to-date: /home/basile/Documents/3a/guerledan/Guerledan-projet-gonio/ros2_ws/install/interval_analysis_interfaces/include/interval_analysis_interfaces/interval_analysis_interfaces/msg/box_list_stamped.h
[1.222s] -- Up-to-date: /home/basile/Documents/3a/guerledan/Guerledan-projet-gonio/ros2_ws/install/interval_analysis_interfaces/include/interval_analysis_interfaces/interval_analysis_interfaces/msg/tube.h
[1.222s] -- Up-to-date: /home/basile/Documents/3a/guerledan/Guerledan-projet-gonio/ros2_ws/install/interval_analysis_interfaces/include/interval_analysis_interfaces/interval_analysis_interfaces/msg/box.h
[1.223s] -- Up-to-date: /home/basile/Documents/3a/guerledan/Guerledan-projet-gonio/ros2_ws/install/interval_analysis_interfaces/include/interval_analysis_interfaces/interval_analysis_interfaces/msg/interval.h
[1.223s] -- Up-to-date: /home/basile/Documents/3a/guerledan/Guerledan-projet-gonio/ros2_ws/install/interval_analysis_interfaces/include/interval_analysis_interfaces/interval_analysis_interfaces/msg/tube_stamped.h
[1.223s] -- Up-to-date: /home/basile/Documents/3a/guerledan/Guerledan-projet-gonio/ros2_ws/install/interval_analysis_interfaces/include/interval_analysis_interfaces/interval_analysis_interfaces/msg/detail
[1.223s] -- Up-to-date: /home/basile/Documents/3a/guerledan/Guerledan-projet-gonio/ros2_ws/install/interval_analysis_interfaces/include/interval_analysis_interfaces/interval_analysis_interfaces/msg/detail/interval__functions.c
[1.223s] -- Up-to-date: /home/basile/Documents/3a/guerledan/Guerledan-projet-gonio/ros2_ws/install/interval_analysis_interfaces/include/interval_analysis_interfaces/interval_analysis_interfaces/msg/detail/interval_stamped__functions.h
[1.223s] -- Up-to-date: /home/basile/Documents/3a/guerledan/Guerledan-projet-gonio/ros2_ws/install/interval_analysis_interfaces/include/interval_analysis_interfaces/interval_analysis_interfaces/msg/detail/interval__struct.h
[1.223s] -- Up-to-date: /home/basile/Documents/3a/guerledan/Guerledan-projet-gonio/ros2_ws/install/interval_analysis_interfaces/include/interval_analysis_interfaces/interval_analysis_interfaces/msg/detail/tube_stamped__struct.h
[1.224s] -- Up-to-date: /home/basile/Documents/3a/guerledan/Guerledan-projet-gonio/ros2_ws/install/interval_analysis_interfaces/include/interval_analysis_interfaces/interval_analysis_interfaces/msg/detail/tube_stamped__functions.h
[1.224s] -- Up-to-date: /home/basile/Documents/3a/guerledan/Guerledan-projet-gonio/ros2_ws/install/interval_analysis_interfaces/include/interval_analysis_interfaces/interval_analysis_interfaces/msg/detail/box_list_stamped__type_support.h
[1.224s] -- Up-to-date: /home/basile/Documents/3a/guerledan/Guerledan-projet-gonio/ros2_ws/install/interval_analysis_interfaces/include/interval_analysis_interfaces/interval_analysis_interfaces/msg/detail/tube_stamped__type_support.h
[1.224s] -- Up-to-date: /home/basile/Documents/3a/guerledan/Guerledan-projet-gonio/ros2_ws/install/interval_analysis_interfaces/include/interval_analysis_interfaces/interval_analysis_interfaces/msg/detail/box_list_stamped__struct.h
[1.224s] -- Up-to-date: /home/basile/Documents/3a/guerledan/Guerledan-projet-gonio/ros2_ws/install/interval_analysis_interfaces/include/interval_analysis_interfaces/interval_analysis_interfaces/msg/detail/box_stamped__type_support.h
[1.224s] -- Up-to-date: /home/basile/Documents/3a/guerledan/Guerledan-projet-gonio/ros2_ws/install/interval_analysis_interfaces/include/interval_analysis_interfaces/interval_analysis_interfaces/msg/detail/box__type_support.h
[1.224s] -- Up-to-date: /home/basile/Documents/3a/guerledan/Guerledan-projet-gonio/ros2_ws/install/interval_analysis_interfaces/include/interval_analysis_interfaces/interval_analysis_interfaces/msg/detail/box__functions.h
[1.225s] -- Up-to-date: /home/basile/Documents/3a/guerledan/Guerledan-projet-gonio/ros2_ws/install/interval_analysis_interfaces/include/interval_analysis_interfaces/interval_analysis_interfaces/msg/detail/interval_stamped__type_support.h
[1.225s] -- Up-to-date: /home/basile/Documents/3a/guerledan/Guerledan-projet-gonio/ros2_ws/install/interval_analysis_interfaces/include/interval_analysis_interfaces/interval_analysis_interfaces/msg/detail/box_list_stamped__functions.c
[1.225s] -- Up-to-date: /home/basile/Documents/3a/guerledan/Guerledan-projet-gonio/ros2_ws/install/interval_analysis_interfaces/include/interval_analysis_interfaces/interval_analysis_interfaces/msg/detail/box__functions.c
[1.225s] -- Up-to-date: /home/basile/Documents/3a/guerledan/Guerledan-projet-gonio/ros2_ws/install/interval_analysis_interfaces/include/interval_analysis_interfaces/interval_analysis_interfaces/msg/detail/tube__struct.h
[1.225s] -- Up-to-date: /home/basile/Documents/3a/guerledan/Guerledan-projet-gonio/ros2_ws/install/interval_analysis_interfaces/include/interval_analysis_interfaces/interval_analysis_interfaces/msg/detail/interval_stamped__functions.c
[1.225s] -- Up-to-date: /home/basile/Documents/3a/guerledan/Guerledan-projet-gonio/ros2_ws/install/interval_analysis_interfaces/include/interval_analysis_interfaces/interval_analysis_interfaces/msg/detail/box_stamped__functions.c
[1.225s] -- Up-to-date: /home/basile/Documents/3a/guerledan/Guerledan-projet-gonio/ros2_ws/install/interval_analysis_interfaces/include/interval_analysis_interfaces/interval_analysis_interfaces/msg/detail/tube__functions.h
[1.225s] -- Up-to-date: /home/basile/Documents/3a/guerledan/Guerledan-projet-gonio/ros2_ws/install/interval_analysis_interfaces/include/interval_analysis_interfaces/interval_analysis_interfaces/msg/detail/tube__type_support.h
[1.226s] -- Up-to-date: /home/basile/Documents/3a/guerledan/Guerledan-projet-gonio/ros2_ws/install/interval_analysis_interfaces/include/interval_analysis_interfaces/interval_analysis_interfaces/msg/detail/tube_stamped__functions.c
[1.226s] -- Up-to-date: /home/basile/Documents/3a/guerledan/Guerledan-projet-gonio/ros2_ws/install/interval_analysis_interfaces/include/interval_analysis_interfaces/interval_analysis_interfaces/msg/detail/interval__functions.h
[1.226s] -- Up-to-date: /home/basile/Documents/3a/guerledan/Guerledan-projet-gonio/ros2_ws/install/interval_analysis_interfaces/include/interval_analysis_interfaces/interval_analysis_interfaces/msg/detail/interval_stamped__struct.h
[1.226s] -- Up-to-date: /home/basile/Documents/3a/guerledan/Guerledan-projet-gonio/ros2_ws/install/interval_analysis_interfaces/include/interval_analysis_interfaces/interval_analysis_interfaces/msg/detail/box_list_stamped__functions.h
[1.226s] -- Up-to-date: /home/basile/Documents/3a/guerledan/Guerledan-projet-gonio/ros2_ws/install/interval_analysis_interfaces/include/interval_analysis_interfaces/interval_analysis_interfaces/msg/detail/interval__type_support.h
[1.227s] -- Up-to-date: /home/basile/Documents/3a/guerledan/Guerledan-projet-gonio/ros2_ws/install/interval_analysis_interfaces/include/interval_analysis_interfaces/interval_analysis_interfaces/msg/detail/tube__functions.c
[1.227s] -- Up-to-date: /home/basile/Documents/3a/guerledan/Guerledan-projet-gonio/ros2_ws/install/interval_analysis_interfaces/include/interval_analysis_interfaces/interval_analysis_interfaces/msg/detail/box_stamped__struct.h
[1.227s] -- Up-to-date: /home/basile/Documents/3a/guerledan/Guerledan-projet-gonio/ros2_ws/install/interval_analysis_interfaces/include/interval_analysis_interfaces/interval_analysis_interfaces/msg/detail/box__struct.h
[1.227s] -- Up-to-date: /home/basile/Documents/3a/guerledan/Guerledan-projet-gonio/ros2_ws/install/interval_analysis_interfaces/include/interval_analysis_interfaces/interval_analysis_interfaces/msg/detail/box_stamped__functions.h
[1.227s] -- Up-to-date: /home/basile/Documents/3a/guerledan/Guerledan-projet-gonio/ros2_ws/install/interval_analysis_interfaces/include/interval_analysis_interfaces/interval_analysis_interfaces/msg/box_stamped.h
[1.227s] -- Up-to-date: /home/basile/Documents/3a/guerledan/Guerledan-projet-gonio/ros2_ws/install/interval_analysis_interfaces/include/interval_analysis_interfaces/interval_analysis_interfaces/msg/interval_stamped.h
[1.227s] -- Up-to-date: /home/basile/Documents/3a/guerledan/Guerledan-projet-gonio/ros2_ws/install/interval_analysis_interfaces/share/interval_analysis_interfaces/environment/library_path.sh
[1.227s] -- Up-to-date: /home/basile/Documents/3a/guerledan/Guerledan-projet-gonio/ros2_ws/install/interval_analysis_interfaces/share/interval_analysis_interfaces/environment/library_path.dsv
[1.228s] -- Up-to-date: /home/basile/Documents/3a/guerledan/Guerledan-projet-gonio/ros2_ws/install/interval_analysis_interfaces/lib/libinterval_analysis_interfaces__rosidl_generator_c.so
[1.228s] -- Up-to-date: /home/basile/Documents/3a/guerledan/Guerledan-projet-gonio/ros2_ws/install/interval_analysis_interfaces/include/interval_analysis_interfaces/interval_analysis_interfaces
[1.228s] -- Up-to-date: /home/basile/Documents/3a/guerledan/Guerledan-projet-gonio/ros2_ws/install/interval_analysis_interfaces/include/interval_analysis_interfaces/interval_analysis_interfaces/msg
[1.228s] -- Up-to-date: /home/basile/Documents/3a/guerledan/Guerledan-projet-gonio/ros2_ws/install/interval_analysis_interfaces/include/interval_analysis_interfaces/interval_analysis_interfaces/msg/detail
[1.228s] -- Up-to-date: /home/basile/Documents/3a/guerledan/Guerledan-projet-gonio/ros2_ws/install/interval_analysis_interfaces/include/interval_analysis_interfaces/interval_analysis_interfaces/msg/detail/interval_stamped__rosidl_typesupport_fastrtps_c.h
[1.228s] -- Up-to-date: /home/basile/Documents/3a/guerledan/Guerledan-projet-gonio/ros2_ws/install/interval_analysis_interfaces/include/interval_analysis_interfaces/interval_analysis_interfaces/msg/detail/tube__rosidl_typesupport_fastrtps_c.h
[1.228s] -- Up-to-date: /home/basile/Documents/3a/guerledan/Guerledan-projet-gonio/ros2_ws/install/interval_analysis_interfaces/include/interval_analysis_interfaces/interval_analysis_interfaces/msg/detail/interval__rosidl_typesupport_fastrtps_c.h
[1.228s] -- Up-to-date: /home/basile/Documents/3a/guerledan/Guerledan-projet-gonio/ros2_ws/install/interval_analysis_interfaces/include/interval_analysis_interfaces/interval_analysis_interfaces/msg/detail/box__rosidl_typesupport_fastrtps_c.h
[1.229s] -- Up-to-date: /home/basile/Documents/3a/guerledan/Guerledan-projet-gonio/ros2_ws/install/interval_analysis_interfaces/include/interval_analysis_interfaces/interval_analysis_interfaces/msg/detail/box_stamped__rosidl_typesupport_fastrtps_c.h
[1.229s] -- Up-to-date: /home/basile/Documents/3a/guerledan/Guerledan-projet-gonio/ros2_ws/install/interval_analysis_interfaces/include/interval_analysis_interfaces/interval_analysis_interfaces/msg/detail/tube_stamped__rosidl_typesupport_fastrtps_c.h
[1.229s] -- Up-to-date: /home/basile/Documents/3a/guerledan/Guerledan-projet-gonio/ros2_ws/install/interval_analysis_interfaces/include/interval_analysis_interfaces/interval_analysis_interfaces/msg/detail/box_list_stamped__rosidl_typesupport_fastrtps_c.h
[1.229s] -- Up-to-date: /home/basile/Documents/3a/guerledan/Guerledan-projet-gonio/ros2_ws/install/interval_analysis_interfaces/include/interval_analysis_interfaces/interval_analysis_interfaces/msg/rosidl_typesupport_fastrtps_c__visibility_control.h
[1.229s] -- Up-to-date: /home/basile/Documents/3a/guerledan/Guerledan-projet-gonio/ros2_ws/install/interval_analysis_interfaces/lib/libinterval_analysis_interfaces__rosidl_typesupport_fastrtps_c.so
[1.230s] -- Up-to-date: /home/basile/Documents/3a/guerledan/Guerledan-projet-gonio/ros2_ws/install/interval_analysis_interfaces/include/interval_analysis_interfaces/interval_analysis_interfaces
[1.230s] -- Up-to-date: /home/basile/Documents/3a/guerledan/Guerledan-projet-gonio/ros2_ws/install/interval_analysis_interfaces/include/interval_analysis_interfaces/interval_analysis_interfaces/msg
[1.230s] -- Up-to-date: /home/basile/Documents/3a/guerledan/Guerledan-projet-gonio/ros2_ws/install/interval_analysis_interfaces/include/interval_analysis_interfaces/interval_analysis_interfaces/msg/box_stamped.hpp
[1.230s] -- Up-to-date: /home/basile/Documents/3a/guerledan/Guerledan-projet-gonio/ros2_ws/install/interval_analysis_interfaces/include/interval_analysis_interfaces/interval_analysis_interfaces/msg/tube.hpp
[1.230s] -- Up-to-date: /home/basile/Documents/3a/guerledan/Guerledan-projet-gonio/ros2_ws/install/interval_analysis_interfaces/include/interval_analysis_interfaces/interval_analysis_interfaces/msg/box_list_stamped.hpp
[1.230s] -- Up-to-date: /home/basile/Documents/3a/guerledan/Guerledan-projet-gonio/ros2_ws/install/interval_analysis_interfaces/include/interval_analysis_interfaces/interval_analysis_interfaces/msg/interval_stamped.hpp
[1.230s] -- Up-to-date: /home/basile/Documents/3a/guerledan/Guerledan-projet-gonio/ros2_ws/install/interval_analysis_interfaces/include/interval_analysis_interfaces/interval_analysis_interfaces/msg/interval.hpp
[1.231s] -- Up-to-date: /home/basile/Documents/3a/guerledan/Guerledan-projet-gonio/ros2_ws/install/interval_analysis_interfaces/include/interval_analysis_interfaces/interval_analysis_interfaces/msg/detail
[1.231s] -- Up-to-date: /home/basile/Documents/3a/guerledan/Guerledan-projet-gonio/ros2_ws/install/interval_analysis_interfaces/include/interval_analysis_interfaces/interval_analysis_interfaces/msg/detail/box_stamped__struct.hpp
[1.231s] -- Up-to-date: /home/basile/Documents/3a/guerledan/Guerledan-projet-gonio/ros2_ws/install/interval_analysis_interfaces/include/interval_analysis_interfaces/interval_analysis_interfaces/msg/detail/interval__traits.hpp
[1.231s] -- Up-to-date: /home/basile/Documents/3a/guerledan/Guerledan-projet-gonio/ros2_ws/install/interval_analysis_interfaces/include/interval_analysis_interfaces/interval_analysis_interfaces/msg/detail/box_stamped__builder.hpp
[1.231s] -- Up-to-date: /home/basile/Documents/3a/guerledan/Guerledan-projet-gonio/ros2_ws/install/interval_analysis_interfaces/include/interval_analysis_interfaces/interval_analysis_interfaces/msg/detail/tube_stamped__builder.hpp
[1.231s] -- Up-to-date: /home/basile/Documents/3a/guerledan/Guerledan-projet-gonio/ros2_ws/install/interval_analysis_interfaces/include/interval_analysis_interfaces/interval_analysis_interfaces/msg/detail/tube_stamped__traits.hpp
[1.232s] -- Up-to-date: /home/basile/Documents/3a/guerledan/Guerledan-projet-gonio/ros2_ws/install/interval_analysis_interfaces/include/interval_analysis_interfaces/interval_analysis_interfaces/msg/detail/box_list_stamped__struct.hpp
[1.232s] -- Up-to-date: /home/basile/Documents/3a/guerledan/Guerledan-projet-gonio/ros2_ws/install/interval_analysis_interfaces/include/interval_analysis_interfaces/interval_analysis_interfaces/msg/detail/tube__traits.hpp
[1.232s] -- Up-to-date: /home/basile/Documents/3a/guerledan/Guerledan-projet-gonio/ros2_ws/install/interval_analysis_interfaces/include/interval_analysis_interfaces/interval_analysis_interfaces/msg/detail/box__builder.hpp
[1.232s] -- Up-to-date: /home/basile/Documents/3a/guerledan/Guerledan-projet-gonio/ros2_ws/install/interval_analysis_interfaces/include/interval_analysis_interfaces/interval_analysis_interfaces/msg/detail/interval__builder.hpp
[1.232s] -- Up-to-date: /home/basile/Documents/3a/guerledan/Guerledan-projet-gonio/ros2_ws/install/interval_analysis_interfaces/include/interval_analysis_interfaces/interval_analysis_interfaces/msg/detail/interval_stamped__builder.hpp
[1.232s] -- Up-to-date: /home/basile/Documents/3a/guerledan/Guerledan-projet-gonio/ros2_ws/install/interval_analysis_interfaces/include/interval_analysis_interfaces/interval_analysis_interfaces/msg/detail/tube_stamped__struct.hpp
[1.232s] -- Up-to-date: /home/basile/Documents/3a/guerledan/Guerledan-projet-gonio/ros2_ws/install/interval_analysis_interfaces/include/interval_analysis_interfaces/interval_analysis_interfaces/msg/detail/interval__struct.hpp
[1.233s] -- Up-to-date: /home/basile/Documents/3a/guerledan/Guerledan-projet-gonio/ros2_ws/install/interval_analysis_interfaces/include/interval_analysis_interfaces/interval_analysis_interfaces/msg/detail/box_list_stamped__builder.hpp
[1.233s] -- Up-to-date: /home/basile/Documents/3a/guerledan/Guerledan-projet-gonio/ros2_ws/install/interval_analysis_interfaces/include/interval_analysis_interfaces/interval_analysis_interfaces/msg/detail/box__traits.hpp
[1.233s] -- Up-to-date: /home/basile/Documents/3a/guerledan/Guerledan-projet-gonio/ros2_ws/install/interval_analysis_interfaces/include/interval_analysis_interfaces/interval_analysis_interfaces/msg/detail/box_stamped__traits.hpp
[1.233s] -- Up-to-date: /home/basile/Documents/3a/guerledan/Guerledan-projet-gonio/ros2_ws/install/interval_analysis_interfaces/include/interval_analysis_interfaces/interval_analysis_interfaces/msg/detail/box__struct.hpp
[1.233s] -- Up-to-date: /home/basile/Documents/3a/guerledan/Guerledan-projet-gonio/ros2_ws/install/interval_analysis_interfaces/include/interval_analysis_interfaces/interval_analysis_interfaces/msg/detail/box_list_stamped__traits.hpp
[1.233s] -- Up-to-date: /home/basile/Documents/3a/guerledan/Guerledan-projet-gonio/ros2_ws/install/interval_analysis_interfaces/include/interval_analysis_interfaces/interval_analysis_interfaces/msg/detail/interval_stamped__struct.hpp
[1.233s] -- Up-to-date: /home/basile/Documents/3a/guerledan/Guerledan-projet-gonio/ros2_ws/install/interval_analysis_interfaces/include/interval_analysis_interfaces/interval_analysis_interfaces/msg/detail/interval_stamped__traits.hpp
[1.233s] -- Up-to-date: /home/basile/Documents/3a/guerledan/Guerledan-projet-gonio/ros2_ws/install/interval_analysis_interfaces/include/interval_analysis_interfaces/interval_analysis_interfaces/msg/detail/tube__struct.hpp
[1.233s] -- Up-to-date: /home/basile/Documents/3a/guerledan/Guerledan-projet-gonio/ros2_ws/install/interval_analysis_interfaces/include/interval_analysis_interfaces/interval_analysis_interfaces/msg/detail/tube__builder.hpp
[1.234s] -- Up-to-date: /home/basile/Documents/3a/guerledan/Guerledan-projet-gonio/ros2_ws/install/interval_analysis_interfaces/include/interval_analysis_interfaces/interval_analysis_interfaces/msg/tube_stamped.hpp
[1.234s] -- Up-to-date: /home/basile/Documents/3a/guerledan/Guerledan-projet-gonio/ros2_ws/install/interval_analysis_interfaces/include/interval_analysis_interfaces/interval_analysis_interfaces/msg/box.hpp
[1.234s] -- Up-to-date: /home/basile/Documents/3a/guerledan/Guerledan-projet-gonio/ros2_ws/install/interval_analysis_interfaces/include/interval_analysis_interfaces/interval_analysis_interfaces
[1.234s] -- Up-to-date: /home/basile/Documents/3a/guerledan/Guerledan-projet-gonio/ros2_ws/install/interval_analysis_interfaces/include/interval_analysis_interfaces/interval_analysis_interfaces/msg
[1.234s] -- Up-to-date: /home/basile/Documents/3a/guerledan/Guerledan-projet-gonio/ros2_ws/install/interval_analysis_interfaces/include/interval_analysis_interfaces/interval_analysis_interfaces/msg/rosidl_typesupport_fastrtps_cpp__visibility_control.h
[1.234s] -- Up-to-date: /home/basile/Documents/3a/guerledan/Guerledan-projet-gonio/ros2_ws/install/interval_analysis_interfaces/include/interval_analysis_interfaces/interval_analysis_interfaces/msg/detail
[1.234s] -- Up-to-date: /home/basile/Documents/3a/guerledan/Guerledan-projet-gonio/ros2_ws/install/interval_analysis_interfaces/include/interval_analysis_interfaces/interval_analysis_interfaces/msg/detail/interval_stamped__rosidl_typesupport_fastrtps_cpp.hpp
[1.235s] -- Up-to-date: /home/basile/Documents/3a/guerledan/Guerledan-projet-gonio/ros2_ws/install/interval_analysis_interfaces/include/interval_analysis_interfaces/interval_analysis_interfaces/msg/detail/tube_stamped__rosidl_typesupport_fastrtps_cpp.hpp
[1.235s] -- Up-to-date: /home/basile/Documents/3a/guerledan/Guerledan-projet-gonio/ros2_ws/install/interval_analysis_interfaces/include/interval_analysis_interfaces/interval_analysis_interfaces/msg/detail/tube__rosidl_typesupport_fastrtps_cpp.hpp
[1.235s] -- Up-to-date: /home/basile/Documents/3a/guerledan/Guerledan-projet-gonio/ros2_ws/install/interval_analysis_interfaces/include/interval_analysis_interfaces/interval_analysis_interfaces/msg/detail/interval__rosidl_typesupport_fastrtps_cpp.hpp
[1.235s] -- Up-to-date: /home/basile/Documents/3a/guerledan/Guerledan-projet-gonio/ros2_ws/install/interval_analysis_interfaces/include/interval_analysis_interfaces/interval_analysis_interfaces/msg/detail/dds_fastrtps
[1.235s] -- Up-to-date: /home/basile/Documents/3a/guerledan/Guerledan-projet-gonio/ros2_ws/install/interval_analysis_interfaces/include/interval_analysis_interfaces/interval_analysis_interfaces/msg/detail/box_list_stamped__rosidl_typesupport_fastrtps_cpp.hpp
[1.235s] -- Up-to-date: /home/basile/Documents/3a/guerledan/Guerledan-projet-gonio/ros2_ws/install/interval_analysis_interfaces/include/interval_analysis_interfaces/interval_analysis_interfaces/msg/detail/box__rosidl_typesupport_fastrtps_cpp.hpp
[1.235s] -- Up-to-date: /home/basile/Documents/3a/guerledan/Guerledan-projet-gonio/ros2_ws/install/interval_analysis_interfaces/include/interval_analysis_interfaces/interval_analysis_interfaces/msg/detail/box_stamped__rosidl_typesupport_fastrtps_cpp.hpp
[1.236s] -- Up-to-date: /home/basile/Documents/3a/guerledan/Guerledan-projet-gonio/ros2_ws/install/interval_analysis_interfaces/lib/libinterval_analysis_interfaces__rosidl_typesupport_fastrtps_cpp.so
[1.236s] -- Up-to-date: /home/basile/Documents/3a/guerledan/Guerledan-projet-gonio/ros2_ws/install/interval_analysis_interfaces/include/interval_analysis_interfaces/interval_analysis_interfaces
[1.236s] -- Up-to-date: /home/basile/Documents/3a/guerledan/Guerledan-projet-gonio/ros2_ws/install/interval_analysis_interfaces/include/interval_analysis_interfaces/interval_analysis_interfaces/msg
[1.236s] -- Up-to-date: /home/basile/Documents/3a/guerledan/Guerledan-projet-gonio/ros2_ws/install/interval_analysis_interfaces/include/interval_analysis_interfaces/interval_analysis_interfaces/msg/rosidl_typesupport_introspection_c__visibility_control.h
[1.236s] -- Up-to-date: /home/basile/Documents/3a/guerledan/Guerledan-projet-gonio/ros2_ws/install/interval_analysis_interfaces/include/interval_analysis_interfaces/interval_analysis_interfaces/msg/detail
[1.237s] -- Up-to-date: /home/basile/Documents/3a/guerledan/Guerledan-projet-gonio/ros2_ws/install/interval_analysis_interfaces/include/interval_analysis_interfaces/interval_analysis_interfaces/msg/detail/box__rosidl_typesupport_introspection_c.h
[1.237s] -- Up-to-date: /home/basile/Documents/3a/guerledan/Guerledan-projet-gonio/ros2_ws/install/interval_analysis_interfaces/include/interval_analysis_interfaces/interval_analysis_interfaces/msg/detail/interval_stamped__rosidl_typesupport_introspection_c.h
[1.237s] -- Up-to-date: /home/basile/Documents/3a/guerledan/Guerledan-projet-gonio/ros2_ws/install/interval_analysis_interfaces/include/interval_analysis_interfaces/interval_analysis_interfaces/msg/detail/interval__type_support.c
[1.237s] -- Up-to-date: /home/basile/Documents/3a/guerledan/Guerledan-projet-gonio/ros2_ws/install/interval_analysis_interfaces/include/interval_analysis_interfaces/interval_analysis_interfaces/msg/detail/box_list_stamped__type_support.c
[1.237s] -- Up-to-date: /home/basile/Documents/3a/guerledan/Guerledan-projet-gonio/ros2_ws/install/interval_analysis_interfaces/include/interval_analysis_interfaces/interval_analysis_interfaces/msg/detail/box__type_support.c
[1.237s] -- Up-to-date: /home/basile/Documents/3a/guerledan/Guerledan-projet-gonio/ros2_ws/install/interval_analysis_interfaces/include/interval_analysis_interfaces/interval_analysis_interfaces/msg/detail/box_stamped__rosidl_typesupport_introspection_c.h
[1.237s] -- Up-to-date: /home/basile/Documents/3a/guerledan/Guerledan-projet-gonio/ros2_ws/install/interval_analysis_interfaces/include/interval_analysis_interfaces/interval_analysis_interfaces/msg/detail/interval__rosidl_typesupport_introspection_c.h
[1.237s] -- Up-to-date: /home/basile/Documents/3a/guerledan/Guerledan-projet-gonio/ros2_ws/install/interval_analysis_interfaces/include/interval_analysis_interfaces/interval_analysis_interfaces/msg/detail/tube__type_support.c
[1.237s] -- Up-to-date: /home/basile/Documents/3a/guerledan/Guerledan-projet-gonio/ros2_ws/install/interval_analysis_interfaces/include/interval_analysis_interfaces/interval_analysis_interfaces/msg/detail/tube__rosidl_typesupport_introspection_c.h
[1.238s] -- Up-to-date: /home/basile/Documents/3a/guerledan/Guerledan-projet-gonio/ros2_ws/install/interval_analysis_interfaces/include/interval_analysis_interfaces/interval_analysis_interfaces/msg/detail/tube_stamped__type_support.c
[1.238s] -- Up-to-date: /home/basile/Documents/3a/guerledan/Guerledan-projet-gonio/ros2_ws/install/interval_analysis_interfaces/include/interval_analysis_interfaces/interval_analysis_interfaces/msg/detail/box_list_stamped__rosidl_typesupport_introspection_c.h
[1.238s] -- Up-to-date: /home/basile/Documents/3a/guerledan/Guerledan-projet-gonio/ros2_ws/install/interval_analysis_interfaces/include/interval_analysis_interfaces/interval_analysis_interfaces/msg/detail/tube_stamped__rosidl_typesupport_introspection_c.h
[1.238s] -- Up-to-date: /home/basile/Documents/3a/guerledan/Guerledan-projet-gonio/ros2_ws/install/interval_analysis_interfaces/include/interval_analysis_interfaces/interval_analysis_interfaces/msg/detail/box_stamped__type_support.c
[1.238s] -- Up-to-date: /home/basile/Documents/3a/guerledan/Guerledan-projet-gonio/ros2_ws/install/interval_analysis_interfaces/include/interval_analysis_interfaces/interval_analysis_interfaces/msg/detail/interval_stamped__type_support.c
[1.238s] -- Up-to-date: /home/basile/Documents/3a/guerledan/Guerledan-projet-gonio/ros2_ws/install/interval_analysis_interfaces/lib/libinterval_analysis_interfaces__rosidl_typesupport_introspection_c.so
[1.238s] -- Up-to-date: /home/basile/Documents/3a/guerledan/Guerledan-projet-gonio/ros2_ws/install/interval_analysis_interfaces/lib/libinterval_analysis_interfaces__rosidl_typesupport_c.so
[1.239s] -- Up-to-date: /home/basile/Documents/3a/guerledan/Guerledan-projet-gonio/ros2_ws/install/interval_analysis_interfaces/include/interval_analysis_interfaces/interval_analysis_interfaces
[1.239s] -- Up-to-date: /home/basile/Documents/3a/guerledan/Guerledan-projet-gonio/ros2_ws/install/interval_analysis_interfaces/include/interval_analysis_interfaces/interval_analysis_interfaces/msg
[1.239s] -- Up-to-date: /home/basile/Documents/3a/guerledan/Guerledan-projet-gonio/ros2_ws/install/interval_analysis_interfaces/include/interval_analysis_interfaces/interval_analysis_interfaces/msg/detail
[1.239s] -- Up-to-date: /home/basile/Documents/3a/guerledan/Guerledan-projet-gonio/ros2_ws/install/interval_analysis_interfaces/include/interval_analysis_interfaces/interval_analysis_interfaces/msg/detail/interval_stamped__rosidl_typesupport_introspection_cpp.hpp
[1.239s] -- Up-to-date: /home/basile/Documents/3a/guerledan/Guerledan-projet-gonio/ros2_ws/install/interval_analysis_interfaces/include/interval_analysis_interfaces/interval_analysis_interfaces/msg/detail/tube_stamped__type_support.cpp
[1.239s] -- Up-to-date: /home/basile/Documents/3a/guerledan/Guerledan-projet-gonio/ros2_ws/install/interval_analysis_interfaces/include/interval_analysis_interfaces/interval_analysis_interfaces/msg/detail/interval__type_support.cpp
[1.239s] -- Up-to-date: /home/basile/Documents/3a/guerledan/Guerledan-projet-gonio/ros2_ws/install/interval_analysis_interfaces/include/interval_analysis_interfaces/interval_analysis_interfaces/msg/detail/interval__rosidl_typesupport_introspection_cpp.hpp
[1.239s] -- Up-to-date: /home/basile/Documents/3a/guerledan/Guerledan-projet-gonio/ros2_ws/install/interval_analysis_interfaces/include/interval_analysis_interfaces/interval_analysis_interfaces/msg/detail/box__type_support.cpp
[1.239s] -- Up-to-date: /home/basile/Documents/3a/guerledan/Guerledan-projet-gonio/ros2_ws/install/interval_analysis_interfaces/include/interval_analysis_interfaces/interval_analysis_interfaces/msg/detail/tube_stamped__rosidl_typesupport_introspection_cpp.hpp
[1.239s] -- Up-to-date: /home/basile/Documents/3a/guerledan/Guerledan-projet-gonio/ros2_ws/install/interval_analysis_interfaces/include/interval_analysis_interfaces/interval_analysis_interfaces/msg/detail/interval_stamped__type_support.cpp
[1.240s] -- Up-to-date: /home/basile/Documents/3a/guerledan/Guerledan-projet-gonio/ros2_ws/install/interval_analysis_interfaces/include/interval_analysis_interfaces/interval_analysis_interfaces/msg/detail/box_stamped__type_support.cpp
[1.240s] -- Up-to-date: /home/basile/Documents/3a/guerledan/Guerledan-projet-gonio/ros2_ws/install/interval_analysis_interfaces/include/interval_analysis_interfaces/interval_analysis_interfaces/msg/detail/tube__type_support.cpp
[1.240s] -- Up-to-date: /home/basile/Documents/3a/guerledan/Guerledan-projet-gonio/ros2_ws/install/interval_analysis_interfaces/include/interval_analysis_interfaces/interval_analysis_interfaces/msg/detail/box_list_stamped__type_support.cpp
[1.240s] -- Up-to-date: /home/basile/Documents/3a/guerledan/Guerledan-projet-gonio/ros2_ws/install/interval_analysis_interfaces/include/interval_analysis_interfaces/interval_analysis_interfaces/msg/detail/tube__rosidl_typesupport_introspection_cpp.hpp
[1.240s] -- Up-to-date: /home/basile/Documents/3a/guerledan/Guerledan-projet-gonio/ros2_ws/install/interval_analysis_interfaces/include/interval_analysis_interfaces/interval_analysis_interfaces/msg/detail/box_list_stamped__rosidl_typesupport_introspection_cpp.hpp
[1.240s] -- Up-to-date: /home/basile/Documents/3a/guerledan/Guerledan-projet-gonio/ros2_ws/install/interval_analysis_interfaces/include/interval_analysis_interfaces/interval_analysis_interfaces/msg/detail/box_stamped__rosidl_typesupport_introspection_cpp.hpp
[1.240s] -- Up-to-date: /home/basile/Documents/3a/guerledan/Guerledan-projet-gonio/ros2_ws/install/interval_analysis_interfaces/include/interval_analysis_interfaces/interval_analysis_interfaces/msg/detail/box__rosidl_typesupport_introspection_cpp.hpp
[1.240s] -- Up-to-date: /home/basile/Documents/3a/guerledan/Guerledan-projet-gonio/ros2_ws/install/interval_analysis_interfaces/lib/libinterval_analysis_interfaces__rosidl_typesupport_introspection_cpp.so
[1.240s] -- Up-to-date: /home/basile/Documents/3a/guerledan/Guerledan-projet-gonio/ros2_ws/install/interval_analysis_interfaces/lib/libinterval_analysis_interfaces__rosidl_typesupport_cpp.so
[1.240s] -- Up-to-date: /home/basile/Documents/3a/guerledan/Guerledan-projet-gonio/ros2_ws/install/interval_analysis_interfaces/share/interval_analysis_interfaces/environment/pythonpath.sh
[1.241s] -- Up-to-date: /home/basile/Documents/3a/guerledan/Guerledan-projet-gonio/ros2_ws/install/interval_analysis_interfaces/share/interval_analysis_interfaces/environment/pythonpath.dsv
[1.241s] -- Up-to-date: /home/basile/Documents/3a/guerledan/Guerledan-projet-gonio/ros2_ws/install/interval_analysis_interfaces/local/lib/python3.10/dist-packages/interval_analysis_interfaces-0.0.0-py3.10.egg-info
[1.241s] -- Installing: /home/basile/Documents/3a/guerledan/Guerledan-projet-gonio/ros2_ws/install/interval_analysis_interfaces/local/lib/python3.10/dist-packages/interval_analysis_interfaces-0.0.0-py3.10.egg-info/top_level.txt
[1.241s] -- Installing: /home/basile/Documents/3a/guerledan/Guerledan-projet-gonio/ros2_ws/install/interval_analysis_interfaces/local/lib/python3.10/dist-packages/interval_analysis_interfaces-0.0.0-py3.10.egg-info/dependency_links.txt
[1.241s] -- Installing: /home/basile/Documents/3a/guerledan/Guerledan-projet-gonio/ros2_ws/install/interval_analysis_interfaces/local/lib/python3.10/dist-packages/interval_analysis_interfaces-0.0.0-py3.10.egg-info/PKG-INFO
[1.241s] -- Installing: /home/basile/Documents/3a/guerledan/Guerledan-projet-gonio/ros2_ws/install/interval_analysis_interfaces/local/lib/python3.10/dist-packages/interval_analysis_interfaces-0.0.0-py3.10.egg-info/SOURCES.txt
[1.241s] -- Up-to-date: /home/basile/Documents/3a/guerledan/Guerledan-projet-gonio/ros2_ws/install/interval_analysis_interfaces/local/lib/python3.10/dist-packages/interval_analysis_interfaces
[1.241s] -- Up-to-date: /home/basile/Documents/3a/guerledan/Guerledan-projet-gonio/ros2_ws/install/interval_analysis_interfaces/local/lib/python3.10/dist-packages/interval_analysis_interfaces/_interval_analysis_interfaces_s.ep.rosidl_typesupport_fastrtps_c.c
[1.241s] -- Up-to-date: /home/basile/Documents/3a/guerledan/Guerledan-projet-gonio/ros2_ws/install/interval_analysis_interfaces/local/lib/python3.10/dist-packages/interval_analysis_interfaces/msg
[1.241s] -- Up-to-date: /home/basile/Documents/3a/guerledan/Guerledan-projet-gonio/ros2_ws/install/interval_analysis_interfaces/local/lib/python3.10/dist-packages/interval_analysis_interfaces/msg/_tube_stamped_s.c
[1.242s] -- Up-to-date: /home/basile/Documents/3a/guerledan/Guerledan-projet-gonio/ros2_ws/install/interval_analysis_interfaces/local/lib/python3.10/dist-packages/interval_analysis_interfaces/msg/_box.py
[1.242s] -- Up-to-date: /home/basile/Documents/3a/guerledan/Guerledan-projet-gonio/ros2_ws/install/interval_analysis_interfaces/local/lib/python3.10/dist-packages/interval_analysis_interfaces/msg/_interval_s.c
[1.242s] -- Up-to-date: /home/basile/Documents/3a/guerledan/Guerledan-projet-gonio/ros2_ws/install/interval_analysis_interfaces/local/lib/python3.10/dist-packages/interval_analysis_interfaces/msg/_interval.py
[1.242s] -- Up-to-date: /home/basile/Documents/3a/guerledan/Guerledan-projet-gonio/ros2_ws/install/interval_analysis_interfaces/local/lib/python3.10/dist-packages/interval_analysis_interfaces/msg/_tube.py
[1.242s] -- Up-to-date: /home/basile/Documents/3a/guerledan/Guerledan-projet-gonio/ros2_ws/install/interval_analysis_interfaces/local/lib/python3.10/dist-packages/interval_analysis_interfaces/msg/_box_stamped_s.c
[1.242s] -- Up-to-date: /home/basile/Documents/3a/guerledan/Guerledan-projet-gonio/ros2_ws/install/interval_analysis_interfaces/local/lib/python3.10/dist-packages/interval_analysis_interfaces/msg/_box_stamped.py
[1.242s] -- Up-to-date: /home/basile/Documents/3a/guerledan/Guerledan-projet-gonio/ros2_ws/install/interval_analysis_interfaces/local/lib/python3.10/dist-packages/interval_analysis_interfaces/msg/_box_list_stamped_s.c
[1.242s] -- Up-to-date: /home/basile/Documents/3a/guerledan/Guerledan-projet-gonio/ros2_ws/install/interval_analysis_interfaces/local/lib/python3.10/dist-packages/interval_analysis_interfaces/msg/_interval_stamped.py
[1.242s] -- Up-to-date: /home/basile/Documents/3a/guerledan/Guerledan-projet-gonio/ros2_ws/install/interval_analysis_interfaces/local/lib/python3.10/dist-packages/interval_analysis_interfaces/msg/_box_list_stamped.py
[1.242s] -- Up-to-date: /home/basile/Documents/3a/guerledan/Guerledan-projet-gonio/ros2_ws/install/interval_analysis_interfaces/local/lib/python3.10/dist-packages/interval_analysis_interfaces/msg/_tube_stamped.py
[1.242s] -- Up-to-date: /home/basile/Documents/3a/guerledan/Guerledan-projet-gonio/ros2_ws/install/interval_analysis_interfaces/local/lib/python3.10/dist-packages/interval_analysis_interfaces/msg/__init__.py
[1.243s] -- Up-to-date: /home/basile/Documents/3a/guerledan/Guerledan-projet-gonio/ros2_ws/install/interval_analysis_interfaces/local/lib/python3.10/dist-packages/interval_analysis_interfaces/msg/_box_s.c
[1.243s] -- Up-to-date: /home/basile/Documents/3a/guerledan/Guerledan-projet-gonio/ros2_ws/install/interval_analysis_interfaces/local/lib/python3.10/dist-packages/interval_analysis_interfaces/msg/_interval_stamped_s.c
[1.243s] -- Up-to-date: /home/basile/Documents/3a/guerledan/Guerledan-projet-gonio/ros2_ws/install/interval_analysis_interfaces/local/lib/python3.10/dist-packages/interval_analysis_interfaces/msg/_tube_s.c
[1.243s] -- Up-to-date: /home/basile/Documents/3a/guerledan/Guerledan-projet-gonio/ros2_ws/install/interval_analysis_interfaces/local/lib/python3.10/dist-packages/interval_analysis_interfaces/interval_analysis_interfaces_s__rosidl_typesupport_introspection_c.cpython-310-x86_64-linux-gnu.so
[1.243s] -- Up-to-date: /home/basile/Documents/3a/guerledan/Guerledan-projet-gonio/ros2_ws/install/interval_analysis_interfaces/local/lib/python3.10/dist-packages/interval_analysis_interfaces/interval_analysis_interfaces_s__rosidl_typesupport_fastrtps_c.cpython-310-x86_64-linux-gnu.so
[1.243s] -- Up-to-date: /home/basile/Documents/3a/guerledan/Guerledan-projet-gonio/ros2_ws/install/interval_analysis_interfaces/local/lib/python3.10/dist-packages/interval_analysis_interfaces/libinterval_analysis_interfaces__rosidl_generator_py.so
[1.243s] -- Up-to-date: /home/basile/Documents/3a/guerledan/Guerledan-projet-gonio/ros2_ws/install/interval_analysis_interfaces/local/lib/python3.10/dist-packages/interval_analysis_interfaces/_interval_analysis_interfaces_s.ep.rosidl_typesupport_introspection_c.c
[1.243s] -- Up-to-date: /home/basile/Documents/3a/guerledan/Guerledan-projet-gonio/ros2_ws/install/interval_analysis_interfaces/local/lib/python3.10/dist-packages/interval_analysis_interfaces/_interval_analysis_interfaces_s.ep.rosidl_typesupport_c.c
[1.243s] -- Up-to-date: /home/basile/Documents/3a/guerledan/Guerledan-projet-gonio/ros2_ws/install/interval_analysis_interfaces/local/lib/python3.10/dist-packages/interval_analysis_interfaces/__init__.py
[1.243s] -- Up-to-date: /home/basile/Documents/3a/guerledan/Guerledan-projet-gonio/ros2_ws/install/interval_analysis_interfaces/local/lib/python3.10/dist-packages/interval_analysis_interfaces/interval_analysis_interfaces_s__rosidl_typesupport_c.cpython-310-x86_64-linux-gnu.so
[1.309s] Listing '/home/basile/Documents/3a/guerledan/Guerledan-projet-gonio/ros2_ws/install/interval_analysis_interfaces/local/lib/python3.10/dist-packages/interval_analysis_interfaces'...
[1.309s] Listing '/home/basile/Documents/3a/guerledan/Guerledan-projet-gonio/ros2_ws/install/interval_analysis_interfaces/local/lib/python3.10/dist-packages/interval_analysis_interfaces/msg'...
[1.319s] -- Up-to-date: /home/basile/Documents/3a/guerledan/Guerledan-projet-gonio/ros2_ws/install/interval_analysis_interfaces/local/lib/python3.10/dist-packages/interval_analysis_interfaces/interval_analysis_interfaces_s__rosidl_typesupport_fastrtps_c.cpython-310-x86_64-linux-gnu.so
[1.319s] -- Up-to-date: /home/basile/Documents/3a/guerledan/Guerledan-projet-gonio/ros2_ws/install/interval_analysis_interfaces/local/lib/python3.10/dist-packages/interval_analysis_interfaces/interval_analysis_interfaces_s__rosidl_typesupport_introspection_c.cpython-310-x86_64-linux-gnu.so
[1.320s] -- Up-to-date: /home/basile/Documents/3a/guerledan/Guerledan-projet-gonio/ros2_ws/install/interval_analysis_interfaces/local/lib/python3.10/dist-packages/interval_analysis_interfaces/interval_analysis_interfaces_s__rosidl_typesupport_c.cpython-310-x86_64-linux-gnu.so
[1.321s] -- Up-to-date: /home/basile/Documents/3a/guerledan/Guerledan-projet-gonio/ros2_ws/install/interval_analysis_interfaces/lib/libinterval_analysis_interfaces__rosidl_generator_py.so
[1.322s] -- Up-to-date: /home/basile/Documents/3a/guerledan/Guerledan-projet-gonio/ros2_ws/install/interval_analysis_interfaces/share/interval_analysis_interfaces/msg/Interval.idl
[1.322s] -- Up-to-date: /home/basile/Documents/3a/guerledan/Guerledan-projet-gonio/ros2_ws/install/interval_analysis_interfaces/share/interval_analysis_interfaces/msg/IntervalStamped.idl
[1.322s] -- Up-to-date: /home/basile/Documents/3a/guerledan/Guerledan-projet-gonio/ros2_ws/install/interval_analysis_interfaces/share/interval_analysis_interfaces/msg/Box.idl
[1.322s] -- Up-to-date: /home/basile/Documents/3a/guerledan/Guerledan-projet-gonio/ros2_ws/install/interval_analysis_interfaces/share/interval_analysis_interfaces/msg/BoxStamped.idl
[1.322s] -- Up-to-date: /home/basile/Documents/3a/guerledan/Guerledan-projet-gonio/ros2_ws/install/interval_analysis_interfaces/share/interval_analysis_interfaces/msg/Tube.idl
[1.322s] -- Up-to-date: /home/basile/Documents/3a/guerledan/Guerledan-projet-gonio/ros2_ws/install/interval_analysis_interfaces/share/interval_analysis_interfaces/msg/TubeStamped.idl
[1.323s] -- Up-to-date: /home/basile/Documents/3a/guerledan/Guerledan-projet-gonio/ros2_ws/install/interval_analysis_interfaces/share/interval_analysis_interfaces/msg/BoxListStamped.idl
[1.323s] -- Up-to-date: /home/basile/Documents/3a/guerledan/Guerledan-projet-gonio/ros2_ws/install/interval_analysis_interfaces/share/interval_analysis_interfaces/msg/Interval.msg
[1.323s] -- Up-to-date: /home/basile/Documents/3a/guerledan/Guerledan-projet-gonio/ros2_ws/install/interval_analysis_interfaces/share/interval_analysis_interfaces/msg/IntervalStamped.msg
[1.323s] -- Up-to-date: /home/basile/Documents/3a/guerledan/Guerledan-projet-gonio/ros2_ws/install/interval_analysis_interfaces/share/interval_analysis_interfaces/msg/Box.msg
[1.323s] -- Up-to-date: /home/basile/Documents/3a/guerledan/Guerledan-projet-gonio/ros2_ws/install/interval_analysis_interfaces/share/interval_analysis_interfaces/msg/BoxStamped.msg
[1.323s] -- Up-to-date: /home/basile/Documents/3a/guerledan/Guerledan-projet-gonio/ros2_ws/install/interval_analysis_interfaces/share/interval_analysis_interfaces/msg/Tube.msg
[1.323s] -- Up-to-date: /home/basile/Documents/3a/guerledan/Guerledan-projet-gonio/ros2_ws/install/interval_analysis_interfaces/share/interval_analysis_interfaces/msg/TubeStamped.msg
[1.323s] -- Up-to-date: /home/basile/Documents/3a/guerledan/Guerledan-projet-gonio/ros2_ws/install/interval_analysis_interfaces/share/interval_analysis_interfaces/msg/BoxListStamped.msg
[1.324s] -- Up-to-date: /home/basile/Documents/3a/guerledan/Guerledan-projet-gonio/ros2_ws/install/interval_analysis_interfaces/share/ament_index/resource_index/package_run_dependencies/interval_analysis_interfaces
[1.324s] -- Up-to-date: /home/basile/Documents/3a/guerledan/Guerledan-projet-gonio/ros2_ws/install/interval_analysis_interfaces/share/ament_index/resource_index/parent_prefix_path/interval_analysis_interfaces
[1.324s] -- Up-to-date: /home/basile/Documents/3a/guerledan/Guerledan-projet-gonio/ros2_ws/install/interval_analysis_interfaces/share/interval_analysis_interfaces/environment/ament_prefix_path.sh
[1.324s] -- Up-to-date: /home/basile/Documents/3a/guerledan/Guerledan-projet-gonio/ros2_ws/install/interval_analysis_interfaces/share/interval_analysis_interfaces/environment/ament_prefix_path.dsv
[1.324s] -- Up-to-date: /home/basile/Documents/3a/guerledan/Guerledan-projet-gonio/ros2_ws/install/interval_analysis_interfaces/share/interval_analysis_interfaces/environment/path.sh
[1.324s] -- Up-to-date: /home/basile/Documents/3a/guerledan/Guerledan-projet-gonio/ros2_ws/install/interval_analysis_interfaces/share/interval_analysis_interfaces/environment/path.dsv
[1.324s] -- Up-to-date: /home/basile/Documents/3a/guerledan/Guerledan-projet-gonio/ros2_ws/install/interval_analysis_interfaces/share/interval_analysis_interfaces/local_setup.bash
[1.324s] -- Up-to-date: /home/basile/Documents/3a/guerledan/Guerledan-projet-gonio/ros2_ws/install/interval_analysis_interfaces/share/interval_analysis_interfaces/local_setup.sh
[1.325s] -- Up-to-date: /home/basile/Documents/3a/guerledan/Guerledan-projet-gonio/ros2_ws/install/interval_analysis_interfaces/share/interval_analysis_interfaces/local_setup.zsh
[1.325s] -- Up-to-date: /home/basile/Documents/3a/guerledan/Guerledan-projet-gonio/ros2_ws/install/interval_analysis_interfaces/share/interval_analysis_interfaces/local_setup.dsv
[1.325s] -- Installing: /home/basile/Documents/3a/guerledan/Guerledan-projet-gonio/ros2_ws/install/interval_analysis_interfaces/share/interval_analysis_interfaces/package.dsv
[1.325s] -- Up-to-date: /home/basile/Documents/3a/guerledan/Guerledan-projet-gonio/ros2_ws/install/interval_analysis_interfaces/share/ament_index/resource_index/packages/interval_analysis_interfaces
[1.325s] -- Up-to-date: /home/basile/Documents/3a/guerledan/Guerledan-projet-gonio/ros2_ws/install/interval_analysis_interfaces/share/interval_analysis_interfaces/cmake/export_interval_analysis_interfaces__rosidl_generator_cExport.cmake
[1.325s] -- Up-to-date: /home/basile/Documents/3a/guerledan/Guerledan-projet-gonio/ros2_ws/install/interval_analysis_interfaces/share/interval_analysis_interfaces/cmake/export_interval_analysis_interfaces__rosidl_generator_cExport-noconfig.cmake
[1.325s] -- Up-to-date: /home/basile/Documents/3a/guerledan/Guerledan-projet-gonio/ros2_ws/install/interval_analysis_interfaces/share/interval_analysis_interfaces/cmake/export_interval_analysis_interfaces__rosidl_typesupport_fastrtps_cExport.cmake
[1.326s] -- Up-to-date: /home/basile/Documents/3a/guerledan/Guerledan-projet-gonio/ros2_ws/install/interval_analysis_interfaces/share/interval_analysis_interfaces/cmake/export_interval_analysis_interfaces__rosidl_typesupport_fastrtps_cExport-noconfig.cmake
[1.326s] -- Up-to-date: /home/basile/Documents/3a/guerledan/Guerledan-projet-gonio/ros2_ws/install/interval_analysis_interfaces/share/interval_analysis_interfaces/cmake/export_interval_analysis_interfaces__rosidl_generator_cppExport.cmake
[1.326s] -- Up-to-date: /home/basile/Documents/3a/guerledan/Guerledan-projet-gonio/ros2_ws/install/interval_analysis_interfaces/share/interval_analysis_interfaces/cmake/export_interval_analysis_interfaces__rosidl_typesupport_fastrtps_cppExport.cmake
[1.326s] -- Up-to-date: /home/basile/Documents/3a/guerledan/Guerledan-projet-gonio/ros2_ws/install/interval_analysis_interfaces/share/interval_analysis_interfaces/cmake/export_interval_analysis_interfaces__rosidl_typesupport_fastrtps_cppExport-noconfig.cmake
[1.326s] -- Up-to-date: /home/basile/Documents/3a/guerledan/Guerledan-projet-gonio/ros2_ws/install/interval_analysis_interfaces/share/interval_analysis_interfaces/cmake/interval_analysis_interfaces__rosidl_typesupport_introspection_cExport.cmake
[1.326s] -- Up-to-date: /home/basile/Documents/3a/guerledan/Guerledan-projet-gonio/ros2_ws/install/interval_analysis_interfaces/share/interval_analysis_interfaces/cmake/interval_analysis_interfaces__rosidl_typesupport_introspection_cExport-noconfig.cmake
[1.326s] -- Up-to-date: /home/basile/Documents/3a/guerledan/Guerledan-projet-gonio/ros2_ws/install/interval_analysis_interfaces/share/interval_analysis_interfaces/cmake/interval_analysis_interfaces__rosidl_typesupport_cExport.cmake
[1.326s] -- Up-to-date: /home/basile/Documents/3a/guerledan/Guerledan-projet-gonio/ros2_ws/install/interval_analysis_interfaces/share/interval_analysis_interfaces/cmake/interval_analysis_interfaces__rosidl_typesupport_cExport-noconfig.cmake
[1.326s] -- Up-to-date: /home/basile/Documents/3a/guerledan/Guerledan-projet-gonio/ros2_ws/install/interval_analysis_interfaces/share/interval_analysis_interfaces/cmake/interval_analysis_interfaces__rosidl_typesupport_introspection_cppExport.cmake
[1.327s] -- Up-to-date: /home/basile/Documents/3a/guerledan/Guerledan-projet-gonio/ros2_ws/install/interval_analysis_interfaces/share/interval_analysis_interfaces/cmake/interval_analysis_interfaces__rosidl_typesupport_introspection_cppExport-noconfig.cmake
[1.327s] -- Up-to-date: /home/basile/Documents/3a/guerledan/Guerledan-projet-gonio/ros2_ws/install/interval_analysis_interfaces/share/interval_analysis_interfaces/cmake/interval_analysis_interfaces__rosidl_typesupport_cppExport.cmake
[1.327s] -- Up-to-date: /home/basile/Documents/3a/guerledan/Guerledan-projet-gonio/ros2_ws/install/interval_analysis_interfaces/share/interval_analysis_interfaces/cmake/interval_analysis_interfaces__rosidl_typesupport_cppExport-noconfig.cmake
[1.327s] -- Up-to-date: /home/basile/Documents/3a/guerledan/Guerledan-projet-gonio/ros2_ws/install/interval_analysis_interfaces/share/interval_analysis_interfaces/cmake/export_interval_analysis_interfaces__rosidl_generator_pyExport.cmake
[1.327s] -- Up-to-date: /home/basile/Documents/3a/guerledan/Guerledan-projet-gonio/ros2_ws/install/interval_analysis_interfaces/share/interval_analysis_interfaces/cmake/export_interval_analysis_interfaces__rosidl_generator_pyExport-noconfig.cmake
[1.327s] -- Up-to-date: /home/basile/Documents/3a/guerledan/Guerledan-projet-gonio/ros2_ws/install/interval_analysis_interfaces/share/interval_analysis_interfaces/cmake/rosidl_cmake-extras.cmake
[1.327s] -- Up-to-date: /home/basile/Documents/3a/guerledan/Guerledan-projet-gonio/ros2_ws/install/interval_analysis_interfaces/share/interval_analysis_interfaces/cmake/ament_cmake_export_dependencies-extras.cmake
[1.327s] -- Up-to-date: /home/basile/Documents/3a/guerledan/Guerledan-projet-gonio/ros2_ws/install/interval_analysis_interfaces/share/interval_analysis_interfaces/cmake/ament_cmake_export_include_directories-extras.cmake
[1.328s] -- Up-to-date: /home/basile/Documents/3a/guerledan/Guerledan-projet-gonio/ros2_ws/install/interval_analysis_interfaces/share/interval_analysis_interfaces/cmake/ament_cmake_export_libraries-extras.cmake
[1.328s] -- Up-to-date: /home/basile/Documents/3a/guerledan/Guerledan-projet-gonio/ros2_ws/install/interval_analysis_interfaces/share/interval_analysis_interfaces/cmake/ament_cmake_export_targets-extras.cmake
[1.328s] -- Up-to-date: /home/basile/Documents/3a/guerledan/Guerledan-projet-gonio/ros2_ws/install/interval_analysis_interfaces/share/interval_analysis_interfaces/cmake/rosidl_cmake_export_typesupport_targets-extras.cmake
[1.328s] -- Up-to-date: /home/basile/Documents/3a/guerledan/Guerledan-projet-gonio/ros2_ws/install/interval_analysis_interfaces/share/interval_analysis_interfaces/cmake/rosidl_cmake_export_typesupport_libraries-extras.cmake
[1.328s] -- Up-to-date: /home/basile/Documents/3a/guerledan/Guerledan-projet-gonio/ros2_ws/install/interval_analysis_interfaces/share/interval_analysis_interfaces/cmake/interval_analysis_interfacesConfig.cmake
[1.328s] -- Up-to-date: /home/basile/Documents/3a/guerledan/Guerledan-projet-gonio/ros2_ws/install/interval_analysis_interfaces/share/interval_analysis_interfaces/cmake/interval_analysis_interfacesConfig-version.cmake
[1.328s] -- Up-to-date: /home/basile/Documents/3a/guerledan/Guerledan-projet-gonio/ros2_ws/install/interval_analysis_interfaces/share/interval_analysis_interfaces/package.xml
[1.332s] Invoked command in '/home/basile/Documents/3a/guerledan/Guerledan-projet-gonio/ros2_ws/build/interval_analysis_interfaces' returned '0': CMAKE_PREFIX_PATH=${CMAKE_PREFIX_PATH}:/home/basile/Documents/3a/guerledan/Guerledan-projet-gonio/ros2_ws/install/interval_contractor:/home/basile/Documents/3a/guerledan/Guerledan-projet-gonio/ros2_ws/install/interval_analysis_examples:/home/basile/Documents/3a/guerledan/Guerledan-projet-gonio/ros2_ws/install/gonio_python_simu_ros:/home/basile/Documents/3a/guerledan/Guerledan-projet-gonio/ros2_ws/install/get_intervals:/home/basile/Documents/ros2_ws/install/interval_analysis_examples:/home/basile/Documents/s4/workspaceros/install/my_package:/opt/ros/humble /usr/bin/cmake --install /home/basile/Documents/3a/guerledan/Guerledan-projet-gonio/ros2_ws/build/interval_analysis_interfaces
