running egg_info
creating ../../build/gonio_python_simu_ros/gonio_python_simu_ros.egg-info
writing ../../build/gonio_python_simu_ros/gonio_python_simu_ros.egg-info/PKG-INFO
writing dependency_links to ../../build/gonio_python_simu_ros/gonio_python_simu_ros.egg-info/dependency_links.txt
writing entry points to ../../build/gonio_python_simu_ros/gonio_python_simu_ros.egg-info/entry_points.txt
writing requirements to ../../build/gonio_python_simu_ros/gonio_python_simu_ros.egg-info/requires.txt
writing top-level names to ../../build/gonio_python_simu_ros/gonio_python_simu_ros.egg-info/top_level.txt
writing manifest file '../../build/gonio_python_simu_ros/gonio_python_simu_ros.egg-info/SOURCES.txt'
reading manifest file '../../build/gonio_python_simu_ros/gonio_python_simu_ros.egg-info/SOURCES.txt'
writing manifest file '../../build/gonio_python_simu_ros/gonio_python_simu_ros.egg-info/SOURCES.txt'
running build
running build_py
creating /home/basile/Documents/3a/guerledan/Guerledan-projet-gonio/ros2_ws/build/gonio_python_simu_ros/build
creating /home/basile/Documents/3a/guerledan/Guerledan-projet-gonio/ros2_ws/build/gonio_python_simu_ros/build/lib
creating /home/basile/Documents/3a/guerledan/Guerledan-projet-gonio/ros2_ws/build/gonio_python_simu_ros/build/lib/gonio_python_simu_ros
copying gonio_python_simu_ros/__init__.py -> /home/basile/Documents/3a/guerledan/Guerledan-projet-gonio/ros2_ws/build/gonio_python_simu_ros/build/lib/gonio_python_simu_ros
copying gonio_python_simu_ros/simu.py -> /home/basile/Documents/3a/guerledan/Guerledan-projet-gonio/ros2_ws/build/gonio_python_simu_ros/build/lib/gonio_python_simu_ros
copying gonio_python_simu_ros/boat.py -> /home/basile/Documents/3a/guerledan/Guerledan-projet-gonio/ros2_ws/build/gonio_python_simu_ros/build/lib/gonio_python_simu_ros
copying gonio_python_simu_ros/buoy.py -> /home/basile/Documents/3a/guerledan/Guerledan-projet-gonio/ros2_ws/build/gonio_python_simu_ros/build/lib/gonio_python_simu_ros
copying gonio_python_simu_ros/calcul_tools.py -> /home/basile/Documents/3a/guerledan/Guerledan-projet-gonio/ros2_ws/build/gonio_python_simu_ros/build/lib/gonio_python_simu_ros
copying gonio_python_simu_ros/draw.py -> /home/basile/Documents/3a/guerledan/Guerledan-projet-gonio/ros2_ws/build/gonio_python_simu_ros/build/lib/gonio_python_simu_ros
copying gonio_python_simu_ros/potential_fields.py -> /home/basile/Documents/3a/guerledan/Guerledan-projet-gonio/ros2_ws/build/gonio_python_simu_ros/build/lib/gonio_python_simu_ros
copying gonio_python_simu_ros/sea_object.py -> /home/basile/Documents/3a/guerledan/Guerledan-projet-gonio/ros2_ws/build/gonio_python_simu_ros/build/lib/gonio_python_simu_ros
copying gonio_python_simu_ros/gonio_python_simu_ros_node.py -> /home/basile/Documents/3a/guerledan/Guerledan-projet-gonio/ros2_ws/build/gonio_python_simu_ros/build/lib/gonio_python_simu_ros
running install
running install_lib
creating /home/basile/Documents/3a/guerledan/Guerledan-projet-gonio/ros2_ws/install/gonio_python_simu_ros/lib/python3.10/site-packages/gonio_python_simu_ros
copying /home/basile/Documents/3a/guerledan/Guerledan-projet-gonio/ros2_ws/build/gonio_python_simu_ros/build/lib/gonio_python_simu_ros/gonio_python_simu_ros_node.py -> /home/basile/Documents/3a/guerledan/Guerledan-projet-gonio/ros2_ws/install/gonio_python_simu_ros/lib/python3.10/site-packages/gonio_python_simu_ros
copying /home/basile/Documents/3a/guerledan/Guerledan-projet-gonio/ros2_ws/build/gonio_python_simu_ros/build/lib/gonio_python_simu_ros/sea_object.py -> /home/basile/Documents/3a/guerledan/Guerledan-projet-gonio/ros2_ws/install/gonio_python_simu_ros/lib/python3.10/site-packages/gonio_python_simu_ros
copying /home/basile/Documents/3a/guerledan/Guerledan-projet-gonio/ros2_ws/build/gonio_python_simu_ros/build/lib/gonio_python_simu_ros/calcul_tools.py -> /home/basile/Documents/3a/guerledan/Guerledan-projet-gonio/ros2_ws/install/gonio_python_simu_ros/lib/python3.10/site-packages/gonio_python_simu_ros
copying /home/basile/Documents/3a/guerledan/Guerledan-projet-gonio/ros2_ws/build/gonio_python_simu_ros/build/lib/gonio_python_simu_ros/boat.py -> /home/basile/Documents/3a/guerledan/Guerledan-projet-gonio/ros2_ws/install/gonio_python_simu_ros/lib/python3.10/site-packages/gonio_python_simu_ros
copying /home/basile/Documents/3a/guerledan/Guerledan-projet-gonio/ros2_ws/build/gonio_python_simu_ros/build/lib/gonio_python_simu_ros/potential_fields.py -> /home/basile/Documents/3a/guerledan/Guerledan-projet-gonio/ros2_ws/install/gonio_python_simu_ros/lib/python3.10/site-packages/gonio_python_simu_ros
copying /home/basile/Documents/3a/guerledan/Guerledan-projet-gonio/ros2_ws/build/gonio_python_simu_ros/build/lib/gonio_python_simu_ros/__init__.py -> /home/basile/Documents/3a/guerledan/Guerledan-projet-gonio/ros2_ws/install/gonio_python_simu_ros/lib/python3.10/site-packages/gonio_python_simu_ros
copying /home/basile/Documents/3a/guerledan/Guerledan-projet-gonio/ros2_ws/build/gonio_python_simu_ros/build/lib/gonio_python_simu_ros/simu.py -> /home/basile/Documents/3a/guerledan/Guerledan-projet-gonio/ros2_ws/install/gonio_python_simu_ros/lib/python3.10/site-packages/gonio_python_simu_ros
copying /home/basile/Documents/3a/guerledan/Guerledan-projet-gonio/ros2_ws/build/gonio_python_simu_ros/build/lib/gonio_python_simu_ros/buoy.py -> /home/basile/Documents/3a/guerledan/Guerledan-projet-gonio/ros2_ws/install/gonio_python_simu_ros/lib/python3.10/site-packages/gonio_python_simu_ros
copying /home/basile/Documents/3a/guerledan/Guerledan-projet-gonio/ros2_ws/build/gonio_python_simu_ros/build/lib/gonio_python_simu_ros/draw.py -> /home/basile/Documents/3a/guerledan/Guerledan-projet-gonio/ros2_ws/install/gonio_python_simu_ros/lib/python3.10/site-packages/gonio_python_simu_ros
byte-compiling /home/basile/Documents/3a/guerledan/Guerledan-projet-gonio/ros2_ws/install/gonio_python_simu_ros/lib/python3.10/site-packages/gonio_python_simu_ros/gonio_python_simu_ros_node.py to gonio_python_simu_ros_node.cpython-310.pyc
byte-compiling /home/basile/Documents/3a/guerledan/Guerledan-projet-gonio/ros2_ws/install/gonio_python_simu_ros/lib/python3.10/site-packages/gonio_python_simu_ros/sea_object.py to sea_object.cpython-310.pyc
byte-compiling /home/basile/Documents/3a/guerledan/Guerledan-projet-gonio/ros2_ws/install/gonio_python_simu_ros/lib/python3.10/site-packages/gonio_python_simu_ros/calcul_tools.py to calcul_tools.cpython-310.pyc
byte-compiling /home/basile/Documents/3a/guerledan/Guerledan-projet-gonio/ros2_ws/install/gonio_python_simu_ros/lib/python3.10/site-packages/gonio_python_simu_ros/boat.py to boat.cpython-310.pyc
byte-compiling /home/basile/Documents/3a/guerledan/Guerledan-projet-gonio/ros2_ws/install/gonio_python_simu_ros/lib/python3.10/site-packages/gonio_python_simu_ros/potential_fields.py to potential_fields.cpython-310.pyc
byte-compiling /home/basile/Documents/3a/guerledan/Guerledan-projet-gonio/ros2_ws/install/gonio_python_simu_ros/lib/python3.10/site-packages/gonio_python_simu_ros/__init__.py to __init__.cpython-310.pyc
byte-compiling /home/basile/Documents/3a/guerledan/Guerledan-projet-gonio/ros2_ws/install/gonio_python_simu_ros/lib/python3.10/site-packages/gonio_python_simu_ros/simu.py to simu.cpython-310.pyc
byte-compiling /home/basile/Documents/3a/guerledan/Guerledan-projet-gonio/ros2_ws/install/gonio_python_simu_ros/lib/python3.10/site-packages/gonio_python_simu_ros/buoy.py to buoy.cpython-310.pyc
byte-compiling /home/basile/Documents/3a/guerledan/Guerledan-projet-gonio/ros2_ws/install/gonio_python_simu_ros/lib/python3.10/site-packages/gonio_python_simu_ros/draw.py to draw.cpython-310.pyc
running install_data
creating /home/basile/Documents/3a/guerledan/Guerledan-projet-gonio/ros2_ws/install/gonio_python_simu_ros/share/ament_index
creating /home/basile/Documents/3a/guerledan/Guerledan-projet-gonio/ros2_ws/install/gonio_python_simu_ros/share/ament_index/resource_index
creating /home/basile/Documents/3a/guerledan/Guerledan-projet-gonio/ros2_ws/install/gonio_python_simu_ros/share/ament_index/resource_index/packages
copying resource/gonio_python_simu_ros -> /home/basile/Documents/3a/guerledan/Guerledan-projet-gonio/ros2_ws/install/gonio_python_simu_ros/share/ament_index/resource_index/packages
copying package.xml -> /home/basile/Documents/3a/guerledan/Guerledan-projet-gonio/ros2_ws/install/gonio_python_simu_ros/share/gonio_python_simu_ros
running install_egg_info
Copying ../../build/gonio_python_simu_ros/gonio_python_simu_ros.egg-info to /home/basile/Documents/3a/guerledan/Guerledan-projet-gonio/ros2_ws/install/gonio_python_simu_ros/lib/python3.10/site-packages/gonio_python_simu_ros-0.0.0-py3.10.egg-info
running install_scripts
Installing gonio_python_simu_ros_node script to /home/basile/Documents/3a/guerledan/Guerledan-projet-gonio/ros2_ws/install/gonio_python_simu_ros/lib/gonio_python_simu_ros
writing list of installed files to '/home/basile/Documents/3a/guerledan/Guerledan-projet-gonio/ros2_ws/build/gonio_python_simu_ros/install.log'
