[1.002s] Invoking command in '/home/basile/Documents/3a/guerledan/Guerledan-projet-gonio/ros2_ws/src/interval_analysis_examples': PYTHONPATH=/home/basile/Documents/3a/guerledan/Guerledan-projet-gonio/ros2_ws/build/interval_analysis_examples/prefix_override:/usr/lib/python3/dist-packages/colcon_core/task/python/colcon_distutils_commands:/home/basile/Documents/3a/guerledan/Guerledan-projet-gonio/ros2_ws/install/interval_analysis_examples/lib/python3.10/site-packages:${PYTHONPATH} /usr/bin/python3 -W ignore:setup.py install is deprecated setup.py egg_info --egg-base ../../build/interval_analysis_examples build --build-base /home/basile/Documents/3a/guerledan/Guerledan-projet-gonio/ros2_ws/build/interval_analysis_examples/build install --record /home/basile/Documents/3a/guerledan/Guerledan-projet-gonio/ros2_ws/build/interval_analysis_examples/install.log --single-version-externally-managed install_data
[1.175s] running egg_info
[1.175s] writing ../../build/interval_analysis_examples/interval_analysis_examples.egg-info/PKG-INFO
[1.176s] writing dependency_links to ../../build/interval_analysis_examples/interval_analysis_examples.egg-info/dependency_links.txt
[1.176s] writing entry points to ../../build/interval_analysis_examples/interval_analysis_examples.egg-info/entry_points.txt
[1.176s] writing requirements to ../../build/interval_analysis_examples/interval_analysis_examples.egg-info/requires.txt
[1.176s] writing top-level names to ../../build/interval_analysis_examples/interval_analysis_examples.egg-info/top_level.txt
[1.177s] reading manifest file '../../build/interval_analysis_examples/interval_analysis_examples.egg-info/SOURCES.txt'
[1.178s] writing manifest file '../../build/interval_analysis_examples/interval_analysis_examples.egg-info/SOURCES.txt'
[1.178s] running build
[1.178s] running build_py
[1.178s] running install
[1.179s] running install_lib
[1.180s] running install_data
[1.180s] running install_egg_info
[1.182s] removing '/home/basile/Documents/3a/guerledan/Guerledan-projet-gonio/ros2_ws/install/interval_analysis_examples/lib/python3.10/site-packages/interval_analysis_examples-0.0.0-py3.10.egg-info' (and everything under it)
[1.182s] Copying ../../build/interval_analysis_examples/interval_analysis_examples.egg-info to /home/basile/Documents/3a/guerledan/Guerledan-projet-gonio/ros2_ws/install/interval_analysis_examples/lib/python3.10/site-packages/interval_analysis_examples-0.0.0-py3.10.egg-info
[1.182s] running install_scripts
[1.199s] Installing publisher_node script to /home/basile/Documents/3a/guerledan/Guerledan-projet-gonio/ros2_ws/install/interval_analysis_examples/lib/interval_analysis_examples
[1.200s] Installing subscriber_node script to /home/basile/Documents/3a/guerledan/Guerledan-projet-gonio/ros2_ws/install/interval_analysis_examples/lib/interval_analysis_examples
[1.200s] writing list of installed files to '/home/basile/Documents/3a/guerledan/Guerledan-projet-gonio/ros2_ws/build/interval_analysis_examples/install.log'
[1.234s] Invoked command in '/home/basile/Documents/3a/guerledan/Guerledan-projet-gonio/ros2_ws/src/interval_analysis_examples' returned '0': PYTHONPATH=/home/basile/Documents/3a/guerledan/Guerledan-projet-gonio/ros2_ws/build/interval_analysis_examples/prefix_override:/usr/lib/python3/dist-packages/colcon_core/task/python/colcon_distutils_commands:/home/basile/Documents/3a/guerledan/Guerledan-projet-gonio/ros2_ws/install/interval_analysis_examples/lib/python3.10/site-packages:${PYTHONPATH} /usr/bin/python3 -W ignore:setup.py install is deprecated setup.py egg_info --egg-base ../../build/interval_analysis_examples build --build-base /home/basile/Documents/3a/guerledan/Guerledan-projet-gonio/ros2_ws/build/interval_analysis_examples/build install --record /home/basile/Documents/3a/guerledan/Guerledan-projet-gonio/ros2_ws/build/interval_analysis_examples/install.log --single-version-externally-managed install_data
