[2.273s] Invoking command in '/home/basile/Documents/3a/guerledan/Guerledan-projet-gonio/ros2_ws/src/interval_analysis_examples': PYTHONPATH=/home/basile/Documents/3a/guerledan/Guerledan-projet-gonio/ros2_ws/build/interval_analysis_examples/prefix_override:/usr/lib/python3/dist-packages/colcon_core/task/python/colcon_distutils_commands:/home/basile/Documents/3a/guerledan/Guerledan-projet-gonio/ros2_ws/install/interval_analysis_examples/lib/python3.10/site-packages:${PYTHONPATH} /usr/bin/python3 -W ignore:setup.py install is deprecated setup.py egg_info --egg-base ../../build/interval_analysis_examples build --build-base /home/basile/Documents/3a/guerledan/Guerledan-projet-gonio/ros2_ws/build/interval_analysis_examples/build install --record /home/basile/Documents/3a/guerledan/Guerledan-projet-gonio/ros2_ws/build/interval_analysis_examples/install.log --single-version-externally-managed install_data
[3.007s] running egg_info
[3.007s] writing ../../build/interval_analysis_examples/interval_analysis_examples.egg-info/PKG-INFO
[3.007s] writing dependency_links to ../../build/interval_analysis_examples/interval_analysis_examples.egg-info/dependency_links.txt
[3.008s] writing entry points to ../../build/interval_analysis_examples/interval_analysis_examples.egg-info/entry_points.txt
[3.008s] writing requirements to ../../build/interval_analysis_examples/interval_analysis_examples.egg-info/requires.txt
[3.008s] writing top-level names to ../../build/interval_analysis_examples/interval_analysis_examples.egg-info/top_level.txt
[3.009s] reading manifest file '../../build/interval_analysis_examples/interval_analysis_examples.egg-info/SOURCES.txt'
[3.010s] writing manifest file '../../build/interval_analysis_examples/interval_analysis_examples.egg-info/SOURCES.txt'
[3.010s] running build
[3.010s] running build_py
[3.010s] running install
[3.010s] running install_lib
[3.011s] running install_data
[3.011s] running install_egg_info
[3.013s] removing '/home/basile/Documents/3a/guerledan/Guerledan-projet-gonio/ros2_ws/install/interval_analysis_examples/lib/python3.10/site-packages/interval_analysis_examples-0.0.0-py3.10.egg-info' (and everything under it)
[3.013s] Copying ../../build/interval_analysis_examples/interval_analysis_examples.egg-info to /home/basile/Documents/3a/guerledan/Guerledan-projet-gonio/ros2_ws/install/interval_analysis_examples/lib/python3.10/site-packages/interval_analysis_examples-0.0.0-py3.10.egg-info
[3.013s] running install_scripts
[3.027s] Installing publisher_node script to /home/basile/Documents/3a/guerledan/Guerledan-projet-gonio/ros2_ws/install/interval_analysis_examples/lib/interval_analysis_examples
[3.028s] Installing subscriber_node script to /home/basile/Documents/3a/guerledan/Guerledan-projet-gonio/ros2_ws/install/interval_analysis_examples/lib/interval_analysis_examples
[3.028s] writing list of installed files to '/home/basile/Documents/3a/guerledan/Guerledan-projet-gonio/ros2_ws/build/interval_analysis_examples/install.log'
[3.047s] Invoked command in '/home/basile/Documents/3a/guerledan/Guerledan-projet-gonio/ros2_ws/src/interval_analysis_examples' returned '0': PYTHONPATH=/home/basile/Documents/3a/guerledan/Guerledan-projet-gonio/ros2_ws/build/interval_analysis_examples/prefix_override:/usr/lib/python3/dist-packages/colcon_core/task/python/colcon_distutils_commands:/home/basile/Documents/3a/guerledan/Guerledan-projet-gonio/ros2_ws/install/interval_analysis_examples/lib/python3.10/site-packages:${PYTHONPATH} /usr/bin/python3 -W ignore:setup.py install is deprecated setup.py egg_info --egg-base ../../build/interval_analysis_examples build --build-base /home/basile/Documents/3a/guerledan/Guerledan-projet-gonio/ros2_ws/build/interval_analysis_examples/build install --record /home/basile/Documents/3a/guerledan/Guerledan-projet-gonio/ros2_ws/build/interval_analysis_examples/install.log --single-version-externally-managed install_data
